[3.750s] Invoking command in '/home/user1/ros2_ws/src/examples/rclpy/executors': PYTHONPATH=/home/user1/ros2_ws/build/examples_rclpy_executors/prefix_override:/usr/lib/python3/dist-packages/colcon_core/task/python/colcon_distutils_commands:/home/user1/ros2_ws/install/examples_rclpy_executors/lib/python3.8/site-packages:${PYTHONPATH} /usr/bin/python3 -W ignore:setup.py install is deprecated setup.py egg_info --egg-base ../../../../build/examples_rclpy_executors build --build-base /home/user1/ros2_ws/build/examples_rclpy_executors/build install --record /home/user1/ros2_ws/build/examples_rclpy_executors/install.log --install-scripts $base/lib/examples_rclpy_executors --single-version-externally-managed install_data
[4.995s] running egg_info
[5.005s] writing ../../../../build/examples_rclpy_executors/examples_rclpy_executors.egg-info/PKG-INFO
[5.008s] writing dependency_links to ../../../../build/examples_rclpy_executors/examples_rclpy_executors.egg-info/dependency_links.txt
[5.009s] writing entry points to ../../../../build/examples_rclpy_executors/examples_rclpy_executors.egg-info/entry_points.txt
[5.011s] writing requirements to ../../../../build/examples_rclpy_executors/examples_rclpy_executors.egg-info/requires.txt
[5.012s] writing top-level names to ../../../../build/examples_rclpy_executors/examples_rclpy_executors.egg-info/top_level.txt
[5.151s] reading manifest file '../../../../build/examples_rclpy_executors/examples_rclpy_executors.egg-info/SOURCES.txt'
[5.155s] writing manifest file '../../../../build/examples_rclpy_executors/examples_rclpy_executors.egg-info/SOURCES.txt'
[5.156s] running build
[5.157s] running build_py
[5.161s] running install
[5.164s] running install_lib
[5.175s] running install_data
[5.176s] running install_egg_info
[5.181s] removing '/home/user1/ros2_ws/install/examples_rclpy_executors/lib/python3.8/site-packages/examples_rclpy_executors-0.9.4-py3.8.egg-info' (and everything under it)
[5.183s] Copying ../../../../build/examples_rclpy_executors/examples_rclpy_executors.egg-info to /home/user1/ros2_ws/install/examples_rclpy_executors/lib/python3.8/site-packages/examples_rclpy_executors-0.9.4-py3.8.egg-info
[5.198s] running install_scripts
[5.271s] Installing callback_group script to /home/user1/ros2_ws/install/examples_rclpy_executors/lib/examples_rclpy_executors
[5.273s] Installing composed script to /home/user1/ros2_ws/install/examples_rclpy_executors/lib/examples_rclpy_executors
[5.274s] Installing custom_callback_group script to /home/user1/ros2_ws/install/examples_rclpy_executors/lib/examples_rclpy_executors
[5.275s] Installing custom_executor script to /home/user1/ros2_ws/install/examples_rclpy_executors/lib/examples_rclpy_executors
[5.276s] Installing listener script to /home/user1/ros2_ws/install/examples_rclpy_executors/lib/examples_rclpy_executors
[5.277s] Installing talker script to /home/user1/ros2_ws/install/examples_rclpy_executors/lib/examples_rclpy_executors
[5.278s] writing list of installed files to '/home/user1/ros2_ws/build/examples_rclpy_executors/install.log'
[5.332s] Invoked command in '/home/user1/ros2_ws/src/examples/rclpy/executors' returned '0': PYTHONPATH=/home/user1/ros2_ws/build/examples_rclpy_executors/prefix_override:/usr/lib/python3/dist-packages/colcon_core/task/python/colcon_distutils_commands:/home/user1/ros2_ws/install/examples_rclpy_executors/lib/python3.8/site-packages:${PYTHONPATH} /usr/bin/python3 -W ignore:setup.py install is deprecated setup.py egg_info --egg-base ../../../../build/examples_rclpy_executors build --build-base /home/user1/ros2_ws/build/examples_rclpy_executors/build install --record /home/user1/ros2_ws/build/examples_rclpy_executors/install.log --install-scripts $base/lib/examples_rclpy_executors --single-version-externally-managed install_data
