[2.584s] Invoking command in '/home/user1/ros2_ws/build/examples_rclpy_minimal_action_client': PYTHONPATH=/home/user1/ros2_ws/build/examples_rclpy_minimal_action_client/prefix_override:/usr/lib/python3/dist-packages/colcon_core/task/python/colcon_distutils_commands:/home/user1/ros2_ws/install/examples_rclpy_minimal_action_client/lib/python3.8/site-packages:${PYTHONPATH} /usr/bin/python3 -W ignore:setup.py install is deprecated setup.py develop --editable --build-directory /home/user1/ros2_ws/build/examples_rclpy_minimal_action_client/build --no-deps symlink_data
[3.613s] running develop
[4.144s] running egg_info
[4.144s] creating examples_rclpy_minimal_action_client.egg-info
[4.144s] writing examples_rclpy_minimal_action_client.egg-info/PKG-INFO
[4.145s] writing dependency_links to examples_rclpy_minimal_action_client.egg-info/dependency_links.txt
[4.146s] writing entry points to examples_rclpy_minimal_action_client.egg-info/entry_points.txt
[4.147s] writing requirements to examples_rclpy_minimal_action_client.egg-info/requires.txt
[4.147s] writing top-level names to examples_rclpy_minimal_action_client.egg-info/top_level.txt
[4.156s] writing manifest file 'examples_rclpy_minimal_action_client.egg-info/SOURCES.txt'
[4.283s] reading manifest file 'examples_rclpy_minimal_action_client.egg-info/SOURCES.txt'
[4.285s] writing manifest file 'examples_rclpy_minimal_action_client.egg-info/SOURCES.txt'
[4.425s] running build_ext
[4.427s] Creating /home/user1/ros2_ws/install/examples_rclpy_minimal_action_client/lib/python3.8/site-packages/site.py
[4.437s] Creating /home/user1/ros2_ws/install/examples_rclpy_minimal_action_client/lib/python3.8/site-packages/examples-rclpy-minimal-action-client.egg-link (link to .)
[4.441s] Installing client script to /home/user1/ros2_ws/install/examples_rclpy_minimal_action_client/lib/examples_rclpy_minimal_action_client
[4.441s] Installing client_cancel script to /home/user1/ros2_ws/install/examples_rclpy_minimal_action_client/lib/examples_rclpy_minimal_action_client
[4.442s] Installing client_not_composable script to /home/user1/ros2_ws/install/examples_rclpy_minimal_action_client/lib/examples_rclpy_minimal_action_client
[4.443s] 
[4.443s] Installed /home/user1/ros2_ws/build/examples_rclpy_minimal_action_client
[4.444s] running symlink_data
[4.444s] creating /home/user1/ros2_ws/install/examples_rclpy_minimal_action_client/share/ament_index
[4.445s] creating /home/user1/ros2_ws/install/examples_rclpy_minimal_action_client/share/ament_index/resource_index
[4.445s] creating /home/user1/ros2_ws/install/examples_rclpy_minimal_action_client/share/ament_index/resource_index/packages
[4.446s] symbolically linking /home/user1/ros2_ws/build/examples_rclpy_minimal_action_client/resource/examples_rclpy_minimal_action_client -> /home/user1/ros2_ws/install/examples_rclpy_minimal_action_client/share/ament_index/resource_index/packages
[4.447s] symbolically linking /home/user1/ros2_ws/build/examples_rclpy_minimal_action_client/package.xml -> /home/user1/ros2_ws/install/examples_rclpy_minimal_action_client/share/examples_rclpy_minimal_action_client
[4.662s] Invoked command in '/home/user1/ros2_ws/build/examples_rclpy_minimal_action_client' returned '0': PYTHONPATH=/home/user1/ros2_ws/build/examples_rclpy_minimal_action_client/prefix_override:/usr/lib/python3/dist-packages/colcon_core/task/python/colcon_distutils_commands:/home/user1/ros2_ws/install/examples_rclpy_minimal_action_client/lib/python3.8/site-packages:${PYTHONPATH} /usr/bin/python3 -W ignore:setup.py install is deprecated setup.py develop --editable --build-directory /home/user1/ros2_ws/build/examples_rclpy_minimal_action_client/build --no-deps symlink_data
