[0.021s] Invoking command in '/home/user1/ros2_ws/build/examples_rclcpp_minimal_composition': CMAKE_PREFIX_PATH=/opt/ros/foxy /usr/bin/cmake --build /home/user1/ros2_ws/build/examples_rclcpp_minimal_composition -- -j2 -l2
[0.134s] [ 33%] Built target composition_nodes
[0.202s] [ 55%] Built target composition_subscriber
[0.215s] [ 77%] Built target composition_composed
[0.258s] [100%] Built target composition_publisher
[0.277s] Invoked command in '/home/user1/ros2_ws/build/examples_rclcpp_minimal_composition' returned '0': CMAKE_PREFIX_PATH=/opt/ros/foxy /usr/bin/cmake --build /home/user1/ros2_ws/build/examples_rclcpp_minimal_composition -- -j2 -l2
[0.371s] Invoking command in '/home/user1/ros2_ws/build/examples_rclcpp_minimal_composition': CMAKE_PREFIX_PATH=/opt/ros/foxy /usr/bin/cmake --install /home/user1/ros2_ws/build/examples_rclcpp_minimal_composition
[0.391s] -- Install configuration: ""
[0.394s] -- Execute custom install script
[0.394s] -- Up-to-date symlink: /home/user1/ros2_ws/install/examples_rclcpp_minimal_composition/share/examples_rclcpp_minimal_composition/environment/library_path.sh
[0.395s] -- Up-to-date symlink: /home/user1/ros2_ws/install/examples_rclcpp_minimal_composition/share/examples_rclcpp_minimal_composition/environment/library_path.dsv
[0.395s] -- Up-to-date symlink: /home/user1/ros2_ws/install/examples_rclcpp_minimal_composition/lib/libcomposition_nodes.so
[0.396s] -- Up-to-date symlink: /home/user1/ros2_ws/install/examples_rclcpp_minimal_composition/lib/examples_rclcpp_minimal_composition/composition_publisher
[0.402s] -- Up-to-date symlink: /home/user1/ros2_ws/install/examples_rclcpp_minimal_composition/lib/examples_rclcpp_minimal_composition/composition_subscriber
[0.402s] -- Up-to-date symlink: /home/user1/ros2_ws/install/examples_rclcpp_minimal_composition/lib/examples_rclcpp_minimal_composition/composition_composed
[0.402s] -- Up-to-date symlink: /home/user1/ros2_ws/install/examples_rclcpp_minimal_composition/share/ament_index/resource_index/package_run_dependencies/examples_rclcpp_minimal_composition
[0.403s] -- Up-to-date symlink: /home/user1/ros2_ws/install/examples_rclcpp_minimal_composition/share/ament_index/resource_index/parent_prefix_path/examples_rclcpp_minimal_composition
[0.403s] -- Up-to-date symlink: /home/user1/ros2_ws/install/examples_rclcpp_minimal_composition/share/examples_rclcpp_minimal_composition/environment/ament_prefix_path.sh
[0.404s] -- Up-to-date symlink: /home/user1/ros2_ws/install/examples_rclcpp_minimal_composition/share/examples_rclcpp_minimal_composition/environment/ament_prefix_path.dsv
[0.404s] -- Up-to-date symlink: /home/user1/ros2_ws/install/examples_rclcpp_minimal_composition/share/examples_rclcpp_minimal_composition/environment/path.sh
[0.404s] -- Up-to-date symlink: /home/user1/ros2_ws/install/examples_rclcpp_minimal_composition/share/examples_rclcpp_minimal_composition/environment/path.dsv
[0.405s] -- Up-to-date symlink: /home/user1/ros2_ws/install/examples_rclcpp_minimal_composition/share/examples_rclcpp_minimal_composition/local_setup.bash
[0.406s] -- Up-to-date symlink: /home/user1/ros2_ws/install/examples_rclcpp_minimal_composition/share/examples_rclcpp_minimal_composition/local_setup.sh
[0.406s] -- Up-to-date symlink: /home/user1/ros2_ws/install/examples_rclcpp_minimal_composition/share/examples_rclcpp_minimal_composition/local_setup.zsh
[0.407s] -- Up-to-date symlink: /home/user1/ros2_ws/install/examples_rclcpp_minimal_composition/share/examples_rclcpp_minimal_composition/local_setup.dsv
[0.407s] -- Symlinking: /home/user1/ros2_ws/install/examples_rclcpp_minimal_composition/share/examples_rclcpp_minimal_composition/package.dsv
[0.438s] -- Up-to-date symlink: /home/user1/ros2_ws/install/examples_rclcpp_minimal_composition/share/ament_index/resource_index/packages/examples_rclcpp_minimal_composition
[0.438s] -- Up-to-date symlink: /home/user1/ros2_ws/install/examples_rclcpp_minimal_composition/share/examples_rclcpp_minimal_composition/cmake/examples_rclcpp_minimal_compositionConfig.cmake
[0.438s] -- Up-to-date symlink: /home/user1/ros2_ws/install/examples_rclcpp_minimal_composition/share/examples_rclcpp_minimal_composition/cmake/examples_rclcpp_minimal_compositionConfig-version.cmake
[0.438s] -- Up-to-date symlink: /home/user1/ros2_ws/install/examples_rclcpp_minimal_composition/share/examples_rclcpp_minimal_composition/package.xml
[0.441s] Invoked command in '/home/user1/ros2_ws/build/examples_rclcpp_minimal_composition' returned '0': CMAKE_PREFIX_PATH=/opt/ros/foxy /usr/bin/cmake --install /home/user1/ros2_ws/build/examples_rclcpp_minimal_composition
