[0.155s] Invoking command in '/home/user1/ros2_ws/build/action_tutorials_interfaces': CMAKE_PREFIX_PATH=${CMAKE_PREFIX_PATH}:/home/user1/ros2_ws/install/py_srvcli:/home/user1/ros2_ws/install/python_parameters:/home/user1/ros2_ws/install/py_pubsub:/home/user1/ros2_ws/install/my_package:/home/user1/ros2_ws/install/examples_rclpy_minimal_subscriber:/home/user1/ros2_ws/install/examples_rclpy_minimal_service:/home/user1/ros2_ws/install/examples_rclpy_minimal_publisher:/home/user1/ros2_ws/install/examples_rclpy_minimal_client:/home/user1/ros2_ws/install/examples_rclpy_minimal_action_server:/home/user1/ros2_ws/install/examples_rclpy_minimal_action_client:/home/user1/ros2_ws/install/examples_rclpy_executors:/opt/ros/foxy /usr/bin/cmake /home/user1/ros2_ws/src/action_tutorials_interfaces -DCMAKE_INSTALL_PREFIX=/home/user1/ros2_ws/install/action_tutorials_interfaces
[1.003s] -- The C compiler identification is GNU 9.4.0
[1.769s] -- The CXX compiler identification is GNU 9.4.0
[1.808s] -- Check for working C compiler: /usr/bin/cc
[2.273s] -- Check for working C compiler: /usr/bin/cc -- works
[2.273s] -- Detecting C compiler ABI info
[2.710s] -- Detecting C compiler ABI info - done
[2.743s] -- Detecting C compile features
[2.746s] -- Detecting C compile features - done
[2.755s] -- Check for working CXX compiler: /usr/bin/c++
[3.310s] -- Check for working CXX compiler: /usr/bin/c++ -- works
[3.314s] -- Detecting CXX compiler ABI info
[3.797s] -- Detecting CXX compiler ABI info - done
[3.828s] -- Detecting CXX compile features
[3.831s] -- Detecting CXX compile features - done
[3.876s] -- Found ament_cmake: 0.9.12 (/opt/ros/foxy/share/ament_cmake/cmake)
[4.079s] -- Found PythonInterp: /usr/bin/python3 (found suitable version "3.8.10", minimum required is "3") 
[4.080s] -- Using PYTHON_EXECUTABLE: /usr/bin/python3
[5.186s] -- Found ament_lint_auto: 0.9.8 (/opt/ros/foxy/share/ament_lint_auto/cmake)
[5.800s] -- Found rosidl_default_generators: 1.0.1 (/opt/ros/foxy/share/rosidl_default_generators/cmake)
[5.843s] -- Using all available rosidl_typesupport_c: rosidl_typesupport_fastrtps_c;rosidl_typesupport_introspection_c
[5.915s] -- Found rosidl_adapter: 1.3.1 (/opt/ros/foxy/share/rosidl_adapter/cmake)
[7.000s] -- Found OpenSSL: /usr/lib/x86_64-linux-gnu/libcrypto.so (found version "1.1.1f")  
[7.223s] -- Found FastRTPS: /opt/ros/foxy/include  
[7.820s] -- Using all available rosidl_typesupport_cpp: rosidl_typesupport_fastrtps_cpp;rosidl_typesupport_introspection_cpp
[8.205s] -- Found PythonInterp: /usr/bin/python3 (found version "3.8.10") 
[8.983s] -- Found ament_cmake_ros: 0.9.2 (/opt/ros/foxy/share/ament_cmake_ros/cmake)
[9.541s] -- Using all available rosidl_typesupport_c: rosidl_typesupport_fastrtps_c;rosidl_typesupport_introspection_c
[9.656s] -- Using all available rosidl_typesupport_cpp: rosidl_typesupport_fastrtps_cpp;rosidl_typesupport_introspection_cpp
[9.813s] -- Found PythonInterp: /usr/bin/python3 (found suitable version "3.8.10", minimum required is "3.5") 
[9.838s] -- Found python_cmake_module: 0.8.1 (/opt/ros/foxy/share/python_cmake_module/cmake)
[10.008s] -- Found PythonLibs: /usr/lib/x86_64-linux-gnu/libpython3.8.so (found suitable version "3.8.10", minimum required is "3.5") 
[10.009s] -- Using PYTHON_EXECUTABLE: /usr/bin/python3
[10.009s] -- Using PYTHON_INCLUDE_DIRS: /usr/include/python3.8
[10.009s] -- Using PYTHON_LIBRARIES: /usr/lib/x86_64-linux-gnu/libpython3.8.so
[10.095s] -- Found PythonExtra: .so  
[10.408s] -- Added test 'copyright' to check source files copyright and LICENSE
[10.452s] -- Added test 'lint_cmake' to check CMake code style
[10.479s] -- Added test 'xmllint' to check XML markup files
[10.537s] -- Configuring done
[10.990s] -- Generating done
[11.001s] -- Build files have been written to: /home/user1/ros2_ws/build/action_tutorials_interfaces
[11.027s] Invoked command in '/home/user1/ros2_ws/build/action_tutorials_interfaces' returned '0': CMAKE_PREFIX_PATH=${CMAKE_PREFIX_PATH}:/home/user1/ros2_ws/install/py_srvcli:/home/user1/ros2_ws/install/python_parameters:/home/user1/ros2_ws/install/py_pubsub:/home/user1/ros2_ws/install/my_package:/home/user1/ros2_ws/install/examples_rclpy_minimal_subscriber:/home/user1/ros2_ws/install/examples_rclpy_minimal_service:/home/user1/ros2_ws/install/examples_rclpy_minimal_publisher:/home/user1/ros2_ws/install/examples_rclpy_minimal_client:/home/user1/ros2_ws/install/examples_rclpy_minimal_action_server:/home/user1/ros2_ws/install/examples_rclpy_minimal_action_client:/home/user1/ros2_ws/install/examples_rclpy_executors:/opt/ros/foxy /usr/bin/cmake /home/user1/ros2_ws/src/action_tutorials_interfaces -DCMAKE_INSTALL_PREFIX=/home/user1/ros2_ws/install/action_tutorials_interfaces
[11.057s] Invoking command in '/home/user1/ros2_ws/build/action_tutorials_interfaces': CMAKE_PREFIX_PATH=${CMAKE_PREFIX_PATH}:/home/user1/ros2_ws/install/py_srvcli:/home/user1/ros2_ws/install/python_parameters:/home/user1/ros2_ws/install/py_pubsub:/home/user1/ros2_ws/install/my_package:/home/user1/ros2_ws/install/examples_rclpy_minimal_subscriber:/home/user1/ros2_ws/install/examples_rclpy_minimal_service:/home/user1/ros2_ws/install/examples_rclpy_minimal_publisher:/home/user1/ros2_ws/install/examples_rclpy_minimal_client:/home/user1/ros2_ws/install/examples_rclpy_minimal_action_server:/home/user1/ros2_ws/install/examples_rclpy_minimal_action_client:/home/user1/ros2_ws/install/examples_rclpy_executors:/opt/ros/foxy /usr/bin/cmake --build /home/user1/ros2_ws/build/action_tutorials_interfaces -- -j2 -l2
[11.337s] [35m[1mScanning dependencies of target action_tutorials_interfaces__cpp[0m
[11.399s] [  3%] [34m[1mGenerating C code for ROS interfaces[0m
[11.441s] [  6%] [34m[1mGenerating C++ code for ROS interfaces[0m
[13.001s] [35m[1mScanning dependencies of target action_tutorials_interfaces__rosidl_generator_c[0m
[13.077s] [  6%] Built target action_tutorials_interfaces__cpp
[13.146s] [  9%] [32mBuilding C object CMakeFiles/action_tutorials_interfaces__rosidl_generator_c.dir/rosidl_generator_c/action_tutorials_interfaces/action/detail/fibonacci__functions.c.o[0m
[13.177s] [ 12%] [34m[1mGenerating C++ introspection for ROS interfaces[0m
[13.857s] [ 16%] [32m[1mLinking C shared library libaction_tutorials_interfaces__rosidl_generator_c.so[0m
[14.284s] [ 16%] Built target action_tutorials_interfaces__rosidl_generator_c
[14.380s] [ 19%] [34m[1mGenerating C++ type support for eProsima Fast-RTPS[0m
[14.408s] [35m[1mScanning dependencies of target action_tutorials_interfaces__rosidl_typesupport_introspection_cpp[0m
[14.593s] [ 22%] [32mBuilding CXX object CMakeFiles/action_tutorials_interfaces__rosidl_typesupport_introspection_cpp.dir/rosidl_typesupport_introspection_cpp/action_tutorials_interfaces/action/detail/fibonacci__type_support.cpp.o[0m
[15.803s] [35m[1mScanning dependencies of target action_tutorials_interfaces__rosidl_typesupport_fastrtps_cpp[0m
[15.926s] [ 25%] [32mBuilding CXX object CMakeFiles/action_tutorials_interfaces__rosidl_typesupport_fastrtps_cpp.dir/rosidl_typesupport_fastrtps_cpp/action_tutorials_interfaces/action/detail/dds_fastrtps/fibonacci__type_support.cpp.o[0m
[16.943s] [ 29%] [32m[1mLinking CXX shared library libaction_tutorials_interfaces__rosidl_typesupport_introspection_cpp.so[0m
[17.356s] [ 29%] Built target action_tutorials_interfaces__rosidl_typesupport_introspection_cpp
[17.460s] [ 32%] [34m[1mGenerating C++ type support dispatch for ROS interfaces[0m
[18.200s] [35m[1mScanning dependencies of target action_tutorials_interfaces__rosidl_typesupport_cpp[0m
[18.289s] [ 35%] [32mBuilding CXX object CMakeFiles/action_tutorials_interfaces__rosidl_typesupport_cpp.dir/rosidl_typesupport_cpp/action_tutorials_interfaces/action/fibonacci__type_support.cpp.o[0m
[18.292s] [ 38%] [32m[1mLinking CXX shared library libaction_tutorials_interfaces__rosidl_typesupport_fastrtps_cpp.so[0m
[18.986s] [ 38%] Built target action_tutorials_interfaces__rosidl_typesupport_fastrtps_cpp
[19.091s] [ 41%] [34m[1mGenerating C introspection for ROS interfaces[0m
[19.739s] [ 45%] [32m[1mLinking CXX shared library libaction_tutorials_interfaces__rosidl_typesupport_cpp.so[0m
[20.041s] [35m[1mScanning dependencies of target action_tutorials_interfaces__rosidl_typesupport_introspection_c[0m
[20.129s] [ 48%] [32mBuilding C object CMakeFiles/action_tutorials_interfaces__rosidl_typesupport_introspection_c.dir/rosidl_typesupport_introspection_c/action_tutorials_interfaces/action/detail/fibonacci__type_support.c.o[0m
[20.271s] [ 48%] Built target action_tutorials_interfaces__rosidl_typesupport_cpp
[20.330s] [ 51%] [34m[1mGenerating C type support dispatch for ROS interfaces[0m
[20.514s] [ 54%] [32m[1mLinking C shared library libaction_tutorials_interfaces__rosidl_typesupport_introspection_c.so[0m
[20.888s] [ 54%] Built target action_tutorials_interfaces__rosidl_typesupport_introspection_c
[21.043s] [ 58%] [34m[1mGenerating C type support for eProsima Fast-RTPS[0m
[21.146s] [35m[1mScanning dependencies of target action_tutorials_interfaces__rosidl_typesupport_c[0m
[21.285s] [ 61%] [32mBuilding CXX object CMakeFiles/action_tutorials_interfaces__rosidl_typesupport_c.dir/rosidl_typesupport_c/action_tutorials_interfaces/action/fibonacci__type_support.cpp.o[0m
[21.523s] [ 64%] [32m[1mLinking CXX shared library libaction_tutorials_interfaces__rosidl_typesupport_c.so[0m
[22.029s] [ 64%] Built target action_tutorials_interfaces__rosidl_typesupport_c
[22.175s] [35m[1mScanning dependencies of target action_tutorials_interfaces__rosidl_typesupport_fastrtps_c[0m
[22.307s] [ 67%] [32mBuilding CXX object CMakeFiles/action_tutorials_interfaces__rosidl_typesupport_fastrtps_c.dir/rosidl_typesupport_fastrtps_c/action_tutorials_interfaces/action/detail/fibonacci__type_support_c.cpp.o[0m
[23.306s] [ 70%] [32m[1mLinking CXX shared library libaction_tutorials_interfaces__rosidl_typesupport_fastrtps_c.so[0m
[23.891s] [ 70%] Built target action_tutorials_interfaces__rosidl_typesupport_fastrtps_c
[23.956s] [35m[1mScanning dependencies of target action_tutorials_interfaces[0m
[24.010s] [ 70%] Built target action_tutorials_interfaces
[24.084s] [35m[1mScanning dependencies of target action_tutorials_interfaces__py[0m
[24.143s] [ 74%] [34m[1mGenerating Python code for ROS interfaces[0m
[26.236s] [ 74%] Built target action_tutorials_interfaces__py
[26.297s] [35m[1mScanning dependencies of target action_tutorials_interfaces__python[0m
[26.469s] [ 77%] [32mBuilding C object CMakeFiles/action_tutorials_interfaces__python.dir/rosidl_generator_py/action_tutorials_interfaces/action/_fibonacci_s.c.o[0m
[27.104s] [ 80%] [32m[1mLinking C shared library rosidl_generator_py/action_tutorials_interfaces/libaction_tutorials_interfaces__python.so[0m
[27.362s] [ 80%] Built target action_tutorials_interfaces__python
[27.442s] [35m[1mScanning dependencies of target action_tutorials_interfaces__rosidl_typesupport_c__pyext[0m
[27.487s] [35m[1mScanning dependencies of target action_tutorials_interfaces__rosidl_typesupport_fastrtps_c__pyext[0m
[27.623s] [ 83%] [32mBuilding C object CMakeFiles/action_tutorials_interfaces__rosidl_typesupport_c__pyext.dir/rosidl_generator_py/action_tutorials_interfaces/_action_tutorials_interfaces_s.ep.rosidl_typesupport_c.c.o[0m
[27.725s] [ 87%] [32mBuilding C object CMakeFiles/action_tutorials_interfaces__rosidl_typesupport_fastrtps_c__pyext.dir/rosidl_generator_py/action_tutorials_interfaces/_action_tutorials_interfaces_s.ep.rosidl_typesupport_fastrtps_c.c.o[0m
[28.252s] [ 90%] [32m[1mLinking C shared library rosidl_generator_py/action_tutorials_interfaces/action_tutorials_interfaces_s__rosidl_typesupport_c.cpython-38-x86_64-linux-gnu.so[0m
[28.322s] [ 93%] [32m[1mLinking CXX shared library rosidl_generator_py/action_tutorials_interfaces/action_tutorials_interfaces_s__rosidl_typesupport_fastrtps_c.cpython-38-x86_64-linux-gnu.so[0m
[28.686s] [ 93%] Built target action_tutorials_interfaces__rosidl_typesupport_c__pyext
[28.784s] [ 93%] Built target action_tutorials_interfaces__rosidl_typesupport_fastrtps_c__pyext
[28.797s] [35m[1mScanning dependencies of target action_tutorials_interfaces__rosidl_typesupport_introspection_c__pyext[0m
[28.917s] [ 96%] [32mBuilding C object CMakeFiles/action_tutorials_interfaces__rosidl_typesupport_introspection_c__pyext.dir/rosidl_generator_py/action_tutorials_interfaces/_action_tutorials_interfaces_s.ep.rosidl_typesupport_introspection_c.c.o[0m
[29.250s] [100%] [32m[1mLinking C shared library rosidl_generator_py/action_tutorials_interfaces/action_tutorials_interfaces_s__rosidl_typesupport_introspection_c.cpython-38-x86_64-linux-gnu.so[0m
[29.517s] [100%] Built target action_tutorials_interfaces__rosidl_typesupport_introspection_c__pyext
[29.588s] Invoked command in '/home/user1/ros2_ws/build/action_tutorials_interfaces' returned '0': CMAKE_PREFIX_PATH=${CMAKE_PREFIX_PATH}:/home/user1/ros2_ws/install/py_srvcli:/home/user1/ros2_ws/install/python_parameters:/home/user1/ros2_ws/install/py_pubsub:/home/user1/ros2_ws/install/my_package:/home/user1/ros2_ws/install/examples_rclpy_minimal_subscriber:/home/user1/ros2_ws/install/examples_rclpy_minimal_service:/home/user1/ros2_ws/install/examples_rclpy_minimal_publisher:/home/user1/ros2_ws/install/examples_rclpy_minimal_client:/home/user1/ros2_ws/install/examples_rclpy_minimal_action_server:/home/user1/ros2_ws/install/examples_rclpy_minimal_action_client:/home/user1/ros2_ws/install/examples_rclpy_executors:/opt/ros/foxy /usr/bin/cmake --build /home/user1/ros2_ws/build/action_tutorials_interfaces -- -j2 -l2
[30.216s] Invoking command in '/home/user1/ros2_ws/build/action_tutorials_interfaces': CMAKE_PREFIX_PATH=${CMAKE_PREFIX_PATH}:/home/user1/ros2_ws/install/py_srvcli:/home/user1/ros2_ws/install/python_parameters:/home/user1/ros2_ws/install/py_pubsub:/home/user1/ros2_ws/install/my_package:/home/user1/ros2_ws/install/examples_rclpy_minimal_subscriber:/home/user1/ros2_ws/install/examples_rclpy_minimal_service:/home/user1/ros2_ws/install/examples_rclpy_minimal_publisher:/home/user1/ros2_ws/install/examples_rclpy_minimal_client:/home/user1/ros2_ws/install/examples_rclpy_minimal_action_server:/home/user1/ros2_ws/install/examples_rclpy_minimal_action_client:/home/user1/ros2_ws/install/examples_rclpy_executors:/opt/ros/foxy /usr/bin/cmake --install /home/user1/ros2_ws/build/action_tutorials_interfaces
[30.266s] -- Install configuration: ""
[30.267s] -- Installing: /home/user1/ros2_ws/install/action_tutorials_interfaces/share/ament_index/resource_index/rosidl_interfaces/action_tutorials_interfaces
[30.267s] -- Installing: /home/user1/ros2_ws/install/action_tutorials_interfaces/include/action_tutorials_interfaces
[30.269s] -- Installing: /home/user1/ros2_ws/install/action_tutorials_interfaces/include/action_tutorials_interfaces/action
[30.269s] -- Installing: /home/user1/ros2_ws/install/action_tutorials_interfaces/include/action_tutorials_interfaces/action/detail
[30.269s] -- Installing: /home/user1/ros2_ws/install/action_tutorials_interfaces/include/action_tutorials_interfaces/action/detail/fibonacci__functions.h
[30.270s] -- Installing: /home/user1/ros2_ws/install/action_tutorials_interfaces/include/action_tutorials_interfaces/action/detail/fibonacci__type_support.h
[30.271s] -- Installing: /home/user1/ros2_ws/install/action_tutorials_interfaces/include/action_tutorials_interfaces/action/detail/fibonacci__struct.h
[30.272s] -- Installing: /home/user1/ros2_ws/install/action_tutorials_interfaces/include/action_tutorials_interfaces/action/detail/fibonacci__functions.c
[30.273s] -- Installing: /home/user1/ros2_ws/install/action_tutorials_interfaces/include/action_tutorials_interfaces/action/fibonacci.h
[30.273s] -- Installing: /home/user1/ros2_ws/install/action_tutorials_interfaces/include/action_tutorials_interfaces/msg
[30.274s] -- Installing: /home/user1/ros2_ws/install/action_tutorials_interfaces/include/action_tutorials_interfaces/msg/rosidl_generator_c__visibility_control.h
[30.275s] -- Installing: /home/user1/ros2_ws/install/action_tutorials_interfaces/share/action_tutorials_interfaces/environment/library_path.sh
[30.275s] -- Installing: /home/user1/ros2_ws/install/action_tutorials_interfaces/share/action_tutorials_interfaces/environment/library_path.dsv
[30.276s] -- Installing: /home/user1/ros2_ws/install/action_tutorials_interfaces/lib/libaction_tutorials_interfaces__rosidl_generator_c.so
[30.282s] -- Set runtime path of "/home/user1/ros2_ws/install/action_tutorials_interfaces/lib/libaction_tutorials_interfaces__rosidl_generator_c.so" to ""
[30.283s] -- Up-to-date: /home/user1/ros2_ws/install/action_tutorials_interfaces/include/action_tutorials_interfaces
[30.284s] -- Up-to-date: /home/user1/ros2_ws/install/action_tutorials_interfaces/include/action_tutorials_interfaces/action
[30.285s] -- Up-to-date: /home/user1/ros2_ws/install/action_tutorials_interfaces/include/action_tutorials_interfaces/action/detail
[30.286s] -- Installing: /home/user1/ros2_ws/install/action_tutorials_interfaces/include/action_tutorials_interfaces/action/detail/fibonacci__rosidl_typesupport_fastrtps_c.h
[30.286s] -- Up-to-date: /home/user1/ros2_ws/install/action_tutorials_interfaces/include/action_tutorials_interfaces/msg
[30.287s] -- Installing: /home/user1/ros2_ws/install/action_tutorials_interfaces/include/action_tutorials_interfaces/msg/rosidl_typesupport_fastrtps_c__visibility_control.h
[30.287s] -- Installing: /home/user1/ros2_ws/install/action_tutorials_interfaces/lib/libaction_tutorials_interfaces__rosidl_typesupport_fastrtps_c.so
[30.291s] -- Set runtime path of "/home/user1/ros2_ws/install/action_tutorials_interfaces/lib/libaction_tutorials_interfaces__rosidl_typesupport_fastrtps_c.so" to ""
[30.292s] -- Up-to-date: /home/user1/ros2_ws/install/action_tutorials_interfaces/include/action_tutorials_interfaces
[30.293s] -- Up-to-date: /home/user1/ros2_ws/install/action_tutorials_interfaces/include/action_tutorials_interfaces/action
[30.294s] -- Up-to-date: /home/user1/ros2_ws/install/action_tutorials_interfaces/include/action_tutorials_interfaces/action/detail
[30.294s] -- Installing: /home/user1/ros2_ws/install/action_tutorials_interfaces/include/action_tutorials_interfaces/action/detail/fibonacci__rosidl_typesupport_fastrtps_cpp.hpp
[30.295s] -- Installing: /home/user1/ros2_ws/install/action_tutorials_interfaces/include/action_tutorials_interfaces/action/detail/dds_fastrtps
[30.295s] -- Up-to-date: /home/user1/ros2_ws/install/action_tutorials_interfaces/include/action_tutorials_interfaces/msg
[30.296s] -- Installing: /home/user1/ros2_ws/install/action_tutorials_interfaces/include/action_tutorials_interfaces/msg/rosidl_typesupport_fastrtps_cpp__visibility_control.h
[30.297s] -- Installing: /home/user1/ros2_ws/install/action_tutorials_interfaces/lib/libaction_tutorials_interfaces__rosidl_typesupport_fastrtps_cpp.so
[30.301s] -- Set runtime path of "/home/user1/ros2_ws/install/action_tutorials_interfaces/lib/libaction_tutorials_interfaces__rosidl_typesupport_fastrtps_cpp.so" to ""
[30.302s] -- Up-to-date: /home/user1/ros2_ws/install/action_tutorials_interfaces/include/action_tutorials_interfaces
[30.303s] -- Up-to-date: /home/user1/ros2_ws/install/action_tutorials_interfaces/include/action_tutorials_interfaces/action
[30.303s] -- Up-to-date: /home/user1/ros2_ws/install/action_tutorials_interfaces/include/action_tutorials_interfaces/action/detail
[30.303s] -- Installing: /home/user1/ros2_ws/install/action_tutorials_interfaces/include/action_tutorials_interfaces/action/detail/fibonacci__type_support.c
[30.304s] -- Installing: /home/user1/ros2_ws/install/action_tutorials_interfaces/include/action_tutorials_interfaces/action/detail/fibonacci__rosidl_typesupport_introspection_c.h
[30.305s] -- Up-to-date: /home/user1/ros2_ws/install/action_tutorials_interfaces/include/action_tutorials_interfaces/msg
[30.305s] -- Installing: /home/user1/ros2_ws/install/action_tutorials_interfaces/include/action_tutorials_interfaces/msg/rosidl_typesupport_introspection_c__visibility_control.h
[30.307s] -- Installing: /home/user1/ros2_ws/install/action_tutorials_interfaces/lib/libaction_tutorials_interfaces__rosidl_typesupport_introspection_c.so
[30.312s] -- Set runtime path of "/home/user1/ros2_ws/install/action_tutorials_interfaces/lib/libaction_tutorials_interfaces__rosidl_typesupport_introspection_c.so" to ""
[30.314s] -- Installing: /home/user1/ros2_ws/install/action_tutorials_interfaces/lib/libaction_tutorials_interfaces__rosidl_typesupport_c.so
[30.320s] -- Set runtime path of "/home/user1/ros2_ws/install/action_tutorials_interfaces/lib/libaction_tutorials_interfaces__rosidl_typesupport_c.so" to ""
[30.321s] -- Up-to-date: /home/user1/ros2_ws/install/action_tutorials_interfaces/include/action_tutorials_interfaces
[30.322s] -- Up-to-date: /home/user1/ros2_ws/install/action_tutorials_interfaces/include/action_tutorials_interfaces/action
[30.322s] -- Up-to-date: /home/user1/ros2_ws/install/action_tutorials_interfaces/include/action_tutorials_interfaces/action/detail
[30.323s] -- Installing: /home/user1/ros2_ws/install/action_tutorials_interfaces/include/action_tutorials_interfaces/action/detail/fibonacci__traits.hpp
[30.324s] -- Installing: /home/user1/ros2_ws/install/action_tutorials_interfaces/include/action_tutorials_interfaces/action/detail/fibonacci__type_support.hpp
[30.325s] -- Installing: /home/user1/ros2_ws/install/action_tutorials_interfaces/include/action_tutorials_interfaces/action/detail/fibonacci__struct.hpp
[30.326s] -- Installing: /home/user1/ros2_ws/install/action_tutorials_interfaces/include/action_tutorials_interfaces/action/detail/fibonacci__builder.hpp
[30.327s] -- Installing: /home/user1/ros2_ws/install/action_tutorials_interfaces/include/action_tutorials_interfaces/action/fibonacci.hpp
[30.328s] -- Up-to-date: /home/user1/ros2_ws/install/action_tutorials_interfaces/include/action_tutorials_interfaces/msg
[30.329s] -- Installing: /home/user1/ros2_ws/install/action_tutorials_interfaces/include/action_tutorials_interfaces/msg/rosidl_generator_cpp__visibility_control.hpp
[30.330s] -- Up-to-date: /home/user1/ros2_ws/install/action_tutorials_interfaces/include/action_tutorials_interfaces
[30.330s] -- Up-to-date: /home/user1/ros2_ws/install/action_tutorials_interfaces/include/action_tutorials_interfaces/action
[30.331s] -- Up-to-date: /home/user1/ros2_ws/install/action_tutorials_interfaces/include/action_tutorials_interfaces/action/detail
[30.331s] -- Installing: /home/user1/ros2_ws/install/action_tutorials_interfaces/include/action_tutorials_interfaces/action/detail/fibonacci__rosidl_typesupport_introspection_cpp.hpp
[30.332s] -- Installing: /home/user1/ros2_ws/install/action_tutorials_interfaces/include/action_tutorials_interfaces/action/detail/fibonacci__type_support.cpp
[30.334s] -- Installing: /home/user1/ros2_ws/install/action_tutorials_interfaces/lib/libaction_tutorials_interfaces__rosidl_typesupport_introspection_cpp.so
[30.339s] -- Set runtime path of "/home/user1/ros2_ws/install/action_tutorials_interfaces/lib/libaction_tutorials_interfaces__rosidl_typesupport_introspection_cpp.so" to ""
[30.340s] -- Installing: /home/user1/ros2_ws/install/action_tutorials_interfaces/lib/libaction_tutorials_interfaces__rosidl_typesupport_cpp.so
[30.344s] -- Set runtime path of "/home/user1/ros2_ws/install/action_tutorials_interfaces/lib/libaction_tutorials_interfaces__rosidl_typesupport_cpp.so" to ""
[30.344s] -- Installing: /home/user1/ros2_ws/install/action_tutorials_interfaces/share/action_tutorials_interfaces/environment/pythonpath.sh
[30.345s] -- Installing: /home/user1/ros2_ws/install/action_tutorials_interfaces/share/action_tutorials_interfaces/environment/pythonpath.dsv
[30.346s] -- Installing: /home/user1/ros2_ws/install/action_tutorials_interfaces/lib/python3.8/site-packages/action_tutorials_interfaces/__init__.py
[30.464s] Compiling '/home/user1/ros2_ws/install/action_tutorials_interfaces/lib/python3.8/site-packages/action_tutorials_interfaces/__init__.py'...
[30.479s] -- Installing: /home/user1/ros2_ws/install/action_tutorials_interfaces/lib/python3.8/site-packages/action_tutorials_interfaces/action
[30.480s] -- Installing: /home/user1/ros2_ws/install/action_tutorials_interfaces/lib/python3.8/site-packages/action_tutorials_interfaces/action/_fibonacci_s.c
[30.480s] -- Installing: /home/user1/ros2_ws/install/action_tutorials_interfaces/lib/python3.8/site-packages/action_tutorials_interfaces/action/__init__.py
[30.480s] -- Installing: /home/user1/ros2_ws/install/action_tutorials_interfaces/lib/python3.8/site-packages/action_tutorials_interfaces/action/_fibonacci.py
[30.480s] -- Installing: /home/user1/ros2_ws/install/action_tutorials_interfaces/lib/python3.8/site-packages/action_tutorials_interfaces/action_tutorials_interfaces_s__rosidl_typesupport_fastrtps_c.cpython-38-x86_64-linux-gnu.so
[30.481s] -- Set runtime path of "/home/user1/ros2_ws/install/action_tutorials_interfaces/lib/python3.8/site-packages/action_tutorials_interfaces/action_tutorials_interfaces_s__rosidl_typesupport_fastrtps_c.cpython-38-x86_64-linux-gnu.so" to ""
[30.481s] -- Installing: /home/user1/ros2_ws/install/action_tutorials_interfaces/lib/python3.8/site-packages/action_tutorials_interfaces/action_tutorials_interfaces_s__rosidl_typesupport_introspection_c.cpython-38-x86_64-linux-gnu.so
[30.492s] -- Set runtime path of "/home/user1/ros2_ws/install/action_tutorials_interfaces/lib/python3.8/site-packages/action_tutorials_interfaces/action_tutorials_interfaces_s__rosidl_typesupport_introspection_c.cpython-38-x86_64-linux-gnu.so" to ""
[30.493s] -- Installing: /home/user1/ros2_ws/install/action_tutorials_interfaces/lib/python3.8/site-packages/action_tutorials_interfaces/action_tutorials_interfaces_s__rosidl_typesupport_c.cpython-38-x86_64-linux-gnu.so
[30.498s] -- Set runtime path of "/home/user1/ros2_ws/install/action_tutorials_interfaces/lib/python3.8/site-packages/action_tutorials_interfaces/action_tutorials_interfaces_s__rosidl_typesupport_c.cpython-38-x86_64-linux-gnu.so" to ""
[30.499s] -- Installing: /home/user1/ros2_ws/install/action_tutorials_interfaces/lib/libaction_tutorials_interfaces__python.so
[30.505s] -- Set runtime path of "/home/user1/ros2_ws/install/action_tutorials_interfaces/lib/libaction_tutorials_interfaces__python.so" to ""
[30.506s] -- Installing: /home/user1/ros2_ws/install/action_tutorials_interfaces/share/action_tutorials_interfaces/action/Fibonacci.idl
[30.507s] -- Installing: /home/user1/ros2_ws/install/action_tutorials_interfaces/share/action_tutorials_interfaces/action/Fibonacci.action
[30.509s] -- Installing: /home/user1/ros2_ws/install/action_tutorials_interfaces/share/ament_index/resource_index/package_run_dependencies/action_tutorials_interfaces
[30.511s] -- Installing: /home/user1/ros2_ws/install/action_tutorials_interfaces/share/ament_index/resource_index/parent_prefix_path/action_tutorials_interfaces
[30.512s] -- Installing: /home/user1/ros2_ws/install/action_tutorials_interfaces/share/action_tutorials_interfaces/environment/ament_prefix_path.sh
[30.514s] -- Installing: /home/user1/ros2_ws/install/action_tutorials_interfaces/share/action_tutorials_interfaces/environment/ament_prefix_path.dsv
[30.516s] -- Installing: /home/user1/ros2_ws/install/action_tutorials_interfaces/share/action_tutorials_interfaces/environment/path.sh
[30.518s] -- Installing: /home/user1/ros2_ws/install/action_tutorials_interfaces/share/action_tutorials_interfaces/environment/path.dsv
[30.520s] -- Installing: /home/user1/ros2_ws/install/action_tutorials_interfaces/share/action_tutorials_interfaces/local_setup.bash
[30.520s] -- Installing: /home/user1/ros2_ws/install/action_tutorials_interfaces/share/action_tutorials_interfaces/local_setup.sh
[30.532s] -- Installing: /home/user1/ros2_ws/install/action_tutorials_interfaces/share/action_tutorials_interfaces/local_setup.zsh
[30.533s] -- Installing: /home/user1/ros2_ws/install/action_tutorials_interfaces/share/action_tutorials_interfaces/local_setup.dsv
[30.533s] -- Installing: /home/user1/ros2_ws/install/action_tutorials_interfaces/share/action_tutorials_interfaces/package.dsv
[30.534s] -- Installing: /home/user1/ros2_ws/install/action_tutorials_interfaces/share/ament_index/resource_index/packages/action_tutorials_interfaces
[30.551s] -- Installing: /home/user1/ros2_ws/install/action_tutorials_interfaces/share/action_tutorials_interfaces/cmake/action_tutorials_interfaces__rosidl_generator_cExport.cmake
[30.553s] -- Installing: /home/user1/ros2_ws/install/action_tutorials_interfaces/share/action_tutorials_interfaces/cmake/action_tutorials_interfaces__rosidl_generator_cExport-noconfig.cmake
[30.553s] -- Installing: /home/user1/ros2_ws/install/action_tutorials_interfaces/share/action_tutorials_interfaces/cmake/action_tutorials_interfaces__rosidl_typesupport_introspection_cExport.cmake
[30.553s] -- Installing: /home/user1/ros2_ws/install/action_tutorials_interfaces/share/action_tutorials_interfaces/cmake/action_tutorials_interfaces__rosidl_typesupport_introspection_cExport-noconfig.cmake
[30.554s] -- Installing: /home/user1/ros2_ws/install/action_tutorials_interfaces/share/action_tutorials_interfaces/cmake/action_tutorials_interfaces__rosidl_typesupport_cExport.cmake
[30.554s] -- Installing: /home/user1/ros2_ws/install/action_tutorials_interfaces/share/action_tutorials_interfaces/cmake/action_tutorials_interfaces__rosidl_typesupport_cExport-noconfig.cmake
[30.554s] -- Installing: /home/user1/ros2_ws/install/action_tutorials_interfaces/share/action_tutorials_interfaces/cmake/action_tutorials_interfaces__rosidl_generator_cppExport.cmake
[30.554s] -- Installing: /home/user1/ros2_ws/install/action_tutorials_interfaces/share/action_tutorials_interfaces/cmake/action_tutorials_interfaces__rosidl_typesupport_introspection_cppExport.cmake
[30.555s] -- Installing: /home/user1/ros2_ws/install/action_tutorials_interfaces/share/action_tutorials_interfaces/cmake/action_tutorials_interfaces__rosidl_typesupport_introspection_cppExport-noconfig.cmake
[30.555s] -- Installing: /home/user1/ros2_ws/install/action_tutorials_interfaces/share/action_tutorials_interfaces/cmake/action_tutorials_interfaces__rosidl_typesupport_cppExport.cmake
[30.561s] -- Installing: /home/user1/ros2_ws/install/action_tutorials_interfaces/share/action_tutorials_interfaces/cmake/action_tutorials_interfaces__rosidl_typesupport_cppExport-noconfig.cmake
[30.561s] -- Installing: /home/user1/ros2_ws/install/action_tutorials_interfaces/share/action_tutorials_interfaces/cmake/rosidl_cmake-extras.cmake
[30.561s] -- Installing: /home/user1/ros2_ws/install/action_tutorials_interfaces/share/action_tutorials_interfaces/cmake/ament_cmake_export_dependencies-extras.cmake
[30.562s] -- Installing: /home/user1/ros2_ws/install/action_tutorials_interfaces/share/action_tutorials_interfaces/cmake/ament_cmake_export_libraries-extras.cmake
[30.563s] -- Installing: /home/user1/ros2_ws/install/action_tutorials_interfaces/share/action_tutorials_interfaces/cmake/ament_cmake_export_targets-extras.cmake
[30.564s] -- Installing: /home/user1/ros2_ws/install/action_tutorials_interfaces/share/action_tutorials_interfaces/cmake/ament_cmake_export_include_directories-extras.cmake
[30.566s] -- Installing: /home/user1/ros2_ws/install/action_tutorials_interfaces/share/action_tutorials_interfaces/cmake/rosidl_cmake_export_typesupport_libraries-extras.cmake
[30.567s] -- Installing: /home/user1/ros2_ws/install/action_tutorials_interfaces/share/action_tutorials_interfaces/cmake/rosidl_cmake_export_typesupport_targets-extras.cmake
[30.569s] -- Installing: /home/user1/ros2_ws/install/action_tutorials_interfaces/share/action_tutorials_interfaces/cmake/action_tutorials_interfacesConfig.cmake
[30.570s] -- Installing: /home/user1/ros2_ws/install/action_tutorials_interfaces/share/action_tutorials_interfaces/cmake/action_tutorials_interfacesConfig-version.cmake
[30.572s] -- Installing: /home/user1/ros2_ws/install/action_tutorials_interfaces/share/action_tutorials_interfaces/package.xml
[30.613s] Invoked command in '/home/user1/ros2_ws/build/action_tutorials_interfaces' returned '0': CMAKE_PREFIX_PATH=${CMAKE_PREFIX_PATH}:/home/user1/ros2_ws/install/py_srvcli:/home/user1/ros2_ws/install/python_parameters:/home/user1/ros2_ws/install/py_pubsub:/home/user1/ros2_ws/install/my_package:/home/user1/ros2_ws/install/examples_rclpy_minimal_subscriber:/home/user1/ros2_ws/install/examples_rclpy_minimal_service:/home/user1/ros2_ws/install/examples_rclpy_minimal_publisher:/home/user1/ros2_ws/install/examples_rclpy_minimal_client:/home/user1/ros2_ws/install/examples_rclpy_minimal_action_server:/home/user1/ros2_ws/install/examples_rclpy_minimal_action_client:/home/user1/ros2_ws/install/examples_rclpy_executors:/opt/ros/foxy /usr/bin/cmake --install /home/user1/ros2_ws/build/action_tutorials_interfaces
