[0.888s] Invoking command in '/home/user1/ros2_ws/src/my_package': PYTHONPATH=/home/user1/ros2_ws/build/my_package/prefix_override:/usr/lib/python3/dist-packages/colcon_core/task/python/colcon_distutils_commands:/home/user1/ros2_ws/install/my_package/lib/python3.8/site-packages:${PYTHONPATH} /usr/bin/python3 -W ignore:setup.py install is deprecated setup.py egg_info --egg-base ../../build/my_package build --build-base /home/user1/ros2_ws/build/my_package/build install --record /home/user1/ros2_ws/build/my_package/install.log --install-scripts $base/lib/my_package --single-version-externally-managed install_data
[1.170s] running egg_info
[1.171s] writing ../../build/my_package/my_package.egg-info/PKG-INFO
[1.172s] writing dependency_links to ../../build/my_package/my_package.egg-info/dependency_links.txt
[1.172s] writing entry points to ../../build/my_package/my_package.egg-info/entry_points.txt
[1.172s] writing requirements to ../../build/my_package/my_package.egg-info/requires.txt
[1.172s] writing top-level names to ../../build/my_package/my_package.egg-info/top_level.txt
[1.222s] reading manifest file '../../build/my_package/my_package.egg-info/SOURCES.txt'
[1.223s] writing manifest file '../../build/my_package/my_package.egg-info/SOURCES.txt'
[1.223s] running build
[1.224s] running build_py
[1.224s] running install
[1.225s] running install_lib
[1.227s] running install_data
[1.227s] running install_egg_info
[1.231s] removing '/home/user1/ros2_ws/install/my_package/lib/python3.8/site-packages/my_package-0.0.0-py3.8.egg-info' (and everything under it)
[1.231s] Copying ../../build/my_package/my_package.egg-info to /home/user1/ros2_ws/install/my_package/lib/python3.8/site-packages/my_package-0.0.0-py3.8.egg-info
[1.232s] running install_scripts
[1.253s] Installing my_node script to /home/user1/ros2_ws/install/my_package/lib/my_package
[1.253s] writing list of installed files to '/home/user1/ros2_ws/build/my_package/install.log'
[1.292s] Invoked command in '/home/user1/ros2_ws/src/my_package' returned '0': PYTHONPATH=/home/user1/ros2_ws/build/my_package/prefix_override:/usr/lib/python3/dist-packages/colcon_core/task/python/colcon_distutils_commands:/home/user1/ros2_ws/install/my_package/lib/python3.8/site-packages:${PYTHONPATH} /usr/bin/python3 -W ignore:setup.py install is deprecated setup.py egg_info --egg-base ../../build/my_package build --build-base /home/user1/ros2_ws/build/my_package/build install --record /home/user1/ros2_ws/build/my_package/install.log --install-scripts $base/lib/my_package --single-version-externally-managed install_data
