[0.057s] Invoking command in '/home/user1/ros2_ws/build/examples_rclcpp_minimal_action_client': CMAKE_PREFIX_PATH=/opt/ros/foxy /usr/bin/cmake /home/user1/ros2_ws/src/examples/rclcpp/actions/minimal_action_client -DCMAKE_INSTALL_PREFIX=/home/user1/ros2_ws/install/examples_rclcpp_minimal_action_client
[0.149s] -- Found ament_cmake: 0.9.12 (/opt/ros/foxy/share/ament_cmake/cmake)
[0.191s] -- Using PYTHON_EXECUTABLE: /usr/bin/python3
[0.441s] -- Override CMake install command with custom implementation using symlinks instead of copying resources
[0.482s] -- Found example_interfaces: 0.9.1 (/opt/ros/foxy/share/example_interfaces/cmake)
[0.527s] -- Using all available rosidl_typesupport_c: rosidl_typesupport_fastrtps_c;rosidl_typesupport_introspection_c
[0.536s] -- Found rosidl_adapter: 1.3.1 (/opt/ros/foxy/share/rosidl_adapter/cmake)
[0.742s] -- Using all available rosidl_typesupport_cpp: rosidl_typesupport_fastrtps_cpp;rosidl_typesupport_introspection_cpp
[0.962s] -- Found rclcpp: 2.4.3 (/opt/ros/foxy/share/rclcpp/cmake)
[1.045s] -- Found rmw_implementation_cmake: 1.0.4 (/opt/ros/foxy/share/rmw_implementation_cmake/cmake)
[1.049s] -- Using RMW implementation 'rmw_fastrtps_cpp' as default
[1.287s] -- Found rclcpp_action: 2.4.3 (/opt/ros/foxy/share/rclcpp_action/cmake)
[1.345s] -- Found ament_lint_auto: 0.9.8 (/opt/ros/foxy/share/ament_lint_auto/cmake)
[1.471s] -- Added test 'copyright' to check source files copyright and LICENSE
[1.472s] -- Added test 'cppcheck' to perform static code analysis on C / C++ code
[1.473s] -- Configured cppcheck include dirs: 
[1.473s] -- Configured cppcheck exclude dirs and/or files: 
[1.474s] -- Added test 'cpplint' to check C / C++ code against the Google style
[1.474s] -- Configured cpplint exclude dirs and/or files: 
[1.475s] -- Added test 'lint_cmake' to check CMake code style
[1.477s] -- Added test 'uncrustify' to check C / C++ code style
[1.477s] -- Configured uncrustify additional arguments: 
[1.478s] -- Added test 'xmllint' to check XML markup files
[1.486s] -- Configuring done
[1.539s] -- Generating done
[1.543s] -- Build files have been written to: /home/user1/ros2_ws/build/examples_rclcpp_minimal_action_client
[1.553s] Invoked command in '/home/user1/ros2_ws/build/examples_rclcpp_minimal_action_client' returned '0': CMAKE_PREFIX_PATH=/opt/ros/foxy /usr/bin/cmake /home/user1/ros2_ws/src/examples/rclcpp/actions/minimal_action_client -DCMAKE_INSTALL_PREFIX=/home/user1/ros2_ws/install/examples_rclcpp_minimal_action_client
[1.556s] Invoking command in '/home/user1/ros2_ws/build/examples_rclcpp_minimal_action_client': CMAKE_PREFIX_PATH=/opt/ros/foxy /usr/bin/cmake --build /home/user1/ros2_ws/build/examples_rclcpp_minimal_action_client -- -j2 -l2
[1.726s] [ 25%] Built target action_client_not_composable_with_cancel
[1.726s] [ 50%] Built target action_client_not_composable
[1.795s] [ 75%] Built target action_client_not_composable_with_feedback
[1.805s] [100%] Built target action_client_member_functions
[1.849s] Invoked command in '/home/user1/ros2_ws/build/examples_rclcpp_minimal_action_client' returned '0': CMAKE_PREFIX_PATH=/opt/ros/foxy /usr/bin/cmake --build /home/user1/ros2_ws/build/examples_rclcpp_minimal_action_client -- -j2 -l2
[1.968s] Invoking command in '/home/user1/ros2_ws/build/examples_rclcpp_minimal_action_client': CMAKE_PREFIX_PATH=/opt/ros/foxy /usr/bin/cmake --install /home/user1/ros2_ws/build/examples_rclcpp_minimal_action_client
[1.986s] -- Install configuration: ""
[1.986s] -- Execute custom install script
[1.988s] -- Up-to-date symlink: /home/user1/ros2_ws/install/examples_rclcpp_minimal_action_client/lib/examples_rclcpp_minimal_action_client/action_client_member_functions
[1.989s] -- Up-to-date symlink: /home/user1/ros2_ws/install/examples_rclcpp_minimal_action_client/lib/examples_rclcpp_minimal_action_client/action_client_not_composable
[1.990s] -- Up-to-date symlink: /home/user1/ros2_ws/install/examples_rclcpp_minimal_action_client/lib/examples_rclcpp_minimal_action_client/action_client_not_composable_with_cancel
[1.990s] -- Up-to-date symlink: /home/user1/ros2_ws/install/examples_rclcpp_minimal_action_client/lib/examples_rclcpp_minimal_action_client/action_client_not_composable_with_feedback
[1.991s] -- Up-to-date symlink: /home/user1/ros2_ws/install/examples_rclcpp_minimal_action_client/share/ament_index/resource_index/package_run_dependencies/examples_rclcpp_minimal_action_client
[1.991s] -- Up-to-date symlink: /home/user1/ros2_ws/install/examples_rclcpp_minimal_action_client/share/ament_index/resource_index/parent_prefix_path/examples_rclcpp_minimal_action_client
[1.992s] -- Up-to-date symlink: /home/user1/ros2_ws/install/examples_rclcpp_minimal_action_client/share/examples_rclcpp_minimal_action_client/environment/ament_prefix_path.sh
[1.993s] -- Up-to-date symlink: /home/user1/ros2_ws/install/examples_rclcpp_minimal_action_client/share/examples_rclcpp_minimal_action_client/environment/ament_prefix_path.dsv
[1.994s] -- Up-to-date symlink: /home/user1/ros2_ws/install/examples_rclcpp_minimal_action_client/share/examples_rclcpp_minimal_action_client/environment/path.sh
[1.994s] -- Up-to-date symlink: /home/user1/ros2_ws/install/examples_rclcpp_minimal_action_client/share/examples_rclcpp_minimal_action_client/environment/path.dsv
[1.995s] -- Up-to-date symlink: /home/user1/ros2_ws/install/examples_rclcpp_minimal_action_client/share/examples_rclcpp_minimal_action_client/local_setup.bash
[1.997s] -- Up-to-date symlink: /home/user1/ros2_ws/install/examples_rclcpp_minimal_action_client/share/examples_rclcpp_minimal_action_client/local_setup.sh
[1.998s] -- Up-to-date symlink: /home/user1/ros2_ws/install/examples_rclcpp_minimal_action_client/share/examples_rclcpp_minimal_action_client/local_setup.zsh
[1.999s] -- Up-to-date symlink: /home/user1/ros2_ws/install/examples_rclcpp_minimal_action_client/share/examples_rclcpp_minimal_action_client/local_setup.dsv
[2.000s] -- Symlinking: /home/user1/ros2_ws/install/examples_rclcpp_minimal_action_client/share/examples_rclcpp_minimal_action_client/package.dsv
[2.024s] -- Up-to-date symlink: /home/user1/ros2_ws/install/examples_rclcpp_minimal_action_client/share/ament_index/resource_index/packages/examples_rclcpp_minimal_action_client
[2.024s] -- Up-to-date symlink: /home/user1/ros2_ws/install/examples_rclcpp_minimal_action_client/share/examples_rclcpp_minimal_action_client/cmake/examples_rclcpp_minimal_action_clientConfig.cmake
[2.024s] -- Up-to-date symlink: /home/user1/ros2_ws/install/examples_rclcpp_minimal_action_client/share/examples_rclcpp_minimal_action_client/cmake/examples_rclcpp_minimal_action_clientConfig-version.cmake
[2.024s] -- Up-to-date symlink: /home/user1/ros2_ws/install/examples_rclcpp_minimal_action_client/share/examples_rclcpp_minimal_action_client/package.xml
[2.028s] Invoked command in '/home/user1/ros2_ws/build/examples_rclcpp_minimal_action_client' returned '0': CMAKE_PREFIX_PATH=/opt/ros/foxy /usr/bin/cmake --install /home/user1/ros2_ws/build/examples_rclcpp_minimal_action_client
