[1.056s] Invoking command in '/home/user1/ros2_ws/src/py_srvcli': PYTHONPATH=/home/user1/ros2_ws/build/py_srvcli/prefix_override:/usr/lib/python3/dist-packages/colcon_core/task/python/colcon_distutils_commands:/home/user1/ros2_ws/install/py_srvcli/lib/python3.8/site-packages:${PYTHONPATH} /usr/bin/python3 -W ignore:setup.py install is deprecated setup.py egg_info --egg-base ../../build/py_srvcli build --build-base /home/user1/ros2_ws/build/py_srvcli/build install --record /home/user1/ros2_ws/build/py_srvcli/install.log --install-scripts $base/lib/py_srvcli --single-version-externally-managed install_data
[1.505s] running egg_info
[1.505s] creating ../../build/py_srvcli/py_srvcli.egg-info
[1.505s] writing ../../build/py_srvcli/py_srvcli.egg-info/PKG-INFO
[1.506s] writing dependency_links to ../../build/py_srvcli/py_srvcli.egg-info/dependency_links.txt
[1.506s] writing entry points to ../../build/py_srvcli/py_srvcli.egg-info/entry_points.txt
[1.506s] writing requirements to ../../build/py_srvcli/py_srvcli.egg-info/requires.txt
[1.506s] writing top-level names to ../../build/py_srvcli/py_srvcli.egg-info/top_level.txt
[1.507s] writing manifest file '../../build/py_srvcli/py_srvcli.egg-info/SOURCES.txt'
[1.552s] reading manifest file '../../build/py_srvcli/py_srvcli.egg-info/SOURCES.txt'
[1.553s] writing manifest file '../../build/py_srvcli/py_srvcli.egg-info/SOURCES.txt'
[1.553s] running build
[1.553s] running build_py
[1.553s] creating /home/user1/ros2_ws/build/py_srvcli/build
[1.553s] creating /home/user1/ros2_ws/build/py_srvcli/build/lib
[1.554s] creating /home/user1/ros2_ws/build/py_srvcli/build/lib/py_srvcli
[1.554s] copying py_srvcli/service_member_function.py -> /home/user1/ros2_ws/build/py_srvcli/build/lib/py_srvcli
[1.554s] copying py_srvcli/client_member_function.py -> /home/user1/ros2_ws/build/py_srvcli/build/lib/py_srvcli
[1.554s] copying py_srvcli/__init__.py -> /home/user1/ros2_ws/build/py_srvcli/build/lib/py_srvcli
[1.554s] running install
[1.555s] running install_lib
[1.555s] creating /home/user1/ros2_ws/install/py_srvcli/lib/python3.8/site-packages/py_srvcli
[1.556s] copying /home/user1/ros2_ws/build/py_srvcli/build/lib/py_srvcli/service_member_function.py -> /home/user1/ros2_ws/install/py_srvcli/lib/python3.8/site-packages/py_srvcli
[1.556s] copying /home/user1/ros2_ws/build/py_srvcli/build/lib/py_srvcli/client_member_function.py -> /home/user1/ros2_ws/install/py_srvcli/lib/python3.8/site-packages/py_srvcli
[1.556s] copying /home/user1/ros2_ws/build/py_srvcli/build/lib/py_srvcli/__init__.py -> /home/user1/ros2_ws/install/py_srvcli/lib/python3.8/site-packages/py_srvcli
[1.557s] byte-compiling /home/user1/ros2_ws/install/py_srvcli/lib/python3.8/site-packages/py_srvcli/service_member_function.py to service_member_function.cpython-38.pyc
[1.561s] byte-compiling /home/user1/ros2_ws/install/py_srvcli/lib/python3.8/site-packages/py_srvcli/client_member_function.py to client_member_function.cpython-38.pyc
[1.562s] byte-compiling /home/user1/ros2_ws/install/py_srvcli/lib/python3.8/site-packages/py_srvcli/__init__.py to __init__.cpython-38.pyc
[1.562s] running install_data
[1.562s] creating /home/user1/ros2_ws/install/py_srvcli/share/ament_index
[1.562s] creating /home/user1/ros2_ws/install/py_srvcli/share/ament_index/resource_index
[1.562s] creating /home/user1/ros2_ws/install/py_srvcli/share/ament_index/resource_index/packages
[1.563s] copying resource/py_srvcli -> /home/user1/ros2_ws/install/py_srvcli/share/ament_index/resource_index/packages
[1.563s] copying package.xml -> /home/user1/ros2_ws/install/py_srvcli/share/py_srvcli
[1.563s] running install_egg_info
[1.566s] Copying ../../build/py_srvcli/py_srvcli.egg-info to /home/user1/ros2_ws/install/py_srvcli/lib/python3.8/site-packages/py_srvcli-0.0.0-py3.8.egg-info
[1.567s] running install_scripts
[1.597s] Installing client script to /home/user1/ros2_ws/install/py_srvcli/lib/py_srvcli
[1.597s] Installing service script to /home/user1/ros2_ws/install/py_srvcli/lib/py_srvcli
[1.597s] writing list of installed files to '/home/user1/ros2_ws/build/py_srvcli/install.log'
[1.622s] Invoked command in '/home/user1/ros2_ws/src/py_srvcli' returned '0': PYTHONPATH=/home/user1/ros2_ws/build/py_srvcli/prefix_override:/usr/lib/python3/dist-packages/colcon_core/task/python/colcon_distutils_commands:/home/user1/ros2_ws/install/py_srvcli/lib/python3.8/site-packages:${PYTHONPATH} /usr/bin/python3 -W ignore:setup.py install is deprecated setup.py egg_info --egg-base ../../build/py_srvcli build --build-base /home/user1/ros2_ws/build/py_srvcli/build install --record /home/user1/ros2_ws/build/py_srvcli/install.log --install-scripts $base/lib/py_srvcli --single-version-externally-managed install_data
