[2.829s] Invoking command in '/home/user1/ros2_ws/src/py_pubsub': PYTHONPATH=/home/user1/ros2_ws/build/py_pubsub/prefix_override:/usr/lib/python3/dist-packages/colcon_core/task/python/colcon_distutils_commands:/home/user1/ros2_ws/install/py_pubsub/lib/python3.8/site-packages:${PYTHONPATH} /usr/bin/python3 -W ignore:setup.py install is deprecated setup.py egg_info --egg-base ../../build/py_pubsub build --build-base /home/user1/ros2_ws/build/py_pubsub/build install --record /home/user1/ros2_ws/build/py_pubsub/install.log --install-scripts $base/lib/py_pubsub --single-version-externally-managed install_data
[3.832s] running egg_info
[3.834s] writing ../../build/py_pubsub/py_pubsub.egg-info/PKG-INFO
[3.837s] writing dependency_links to ../../build/py_pubsub/py_pubsub.egg-info/dependency_links.txt
[3.838s] writing entry points to ../../build/py_pubsub/py_pubsub.egg-info/entry_points.txt
[3.839s] writing requirements to ../../build/py_pubsub/py_pubsub.egg-info/requires.txt
[3.840s] writing top-level names to ../../build/py_pubsub/py_pubsub.egg-info/top_level.txt
[3.980s] reading manifest file '../../build/py_pubsub/py_pubsub.egg-info/SOURCES.txt'
[3.987s] writing manifest file '../../build/py_pubsub/py_pubsub.egg-info/SOURCES.txt'
[3.987s] running build
[3.987s] running build_py
[3.987s] copying py_pubsub/subscriber_member_function.py -> /home/user1/ros2_ws/build/py_pubsub/build/lib/py_pubsub
[3.988s] copying py_pubsub/publisher_member_function.py -> /home/user1/ros2_ws/build/py_pubsub/build/lib/py_pubsub
[3.988s] running install
[3.990s] running install_lib
[3.993s] copying /home/user1/ros2_ws/build/py_pubsub/build/lib/py_pubsub/subscriber_member_function.py -> /home/user1/ros2_ws/install/py_pubsub/lib/python3.8/site-packages/py_pubsub
[3.994s] copying /home/user1/ros2_ws/build/py_pubsub/build/lib/py_pubsub/publisher_member_function.py -> /home/user1/ros2_ws/install/py_pubsub/lib/python3.8/site-packages/py_pubsub
[3.996s] byte-compiling /home/user1/ros2_ws/install/py_pubsub/lib/python3.8/site-packages/py_pubsub/subscriber_member_function.py to subscriber_member_function.cpython-38.pyc
[4.001s] byte-compiling /home/user1/ros2_ws/install/py_pubsub/lib/python3.8/site-packages/py_pubsub/publisher_member_function.py to publisher_member_function.cpython-38.pyc
[4.004s] running install_data
[4.004s] running install_egg_info
[4.013s] removing '/home/user1/ros2_ws/install/py_pubsub/lib/python3.8/site-packages/py_pubsub-0.0.0-py3.8.egg-info' (and everything under it)
[4.014s] Copying ../../build/py_pubsub/py_pubsub.egg-info to /home/user1/ros2_ws/install/py_pubsub/lib/python3.8/site-packages/py_pubsub-0.0.0-py3.8.egg-info
[4.018s] running install_scripts
[4.083s] Installing listener script to /home/user1/ros2_ws/install/py_pubsub/lib/py_pubsub
[4.086s] Installing talker script to /home/user1/ros2_ws/install/py_pubsub/lib/py_pubsub
[4.087s] writing list of installed files to '/home/user1/ros2_ws/build/py_pubsub/install.log'
[4.153s] Invoked command in '/home/user1/ros2_ws/src/py_pubsub' returned '0': PYTHONPATH=/home/user1/ros2_ws/build/py_pubsub/prefix_override:/usr/lib/python3/dist-packages/colcon_core/task/python/colcon_distutils_commands:/home/user1/ros2_ws/install/py_pubsub/lib/python3.8/site-packages:${PYTHONPATH} /usr/bin/python3 -W ignore:setup.py install is deprecated setup.py egg_info --egg-base ../../build/py_pubsub build --build-base /home/user1/ros2_ws/build/py_pubsub/build install --record /home/user1/ros2_ws/build/py_pubsub/install.log --install-scripts $base/lib/py_pubsub --single-version-externally-managed install_data
