[1.486s] Invoking command in '/home/user1/ros2_ws/src/examples/rclpy/services/minimal_client': PYTHONPATH=/home/user1/ros2_ws/build/examples_rclpy_minimal_client/prefix_override:/usr/lib/python3/dist-packages/colcon_core/task/python/colcon_distutils_commands:/home/user1/ros2_ws/install/examples_rclpy_minimal_client/lib/python3.8/site-packages:${PYTHONPATH} /usr/bin/python3 -W ignore:setup.py install is deprecated setup.py egg_info --egg-base ../../../../../build/examples_rclpy_minimal_client build --build-base /home/user1/ros2_ws/build/examples_rclpy_minimal_client/build install --record /home/user1/ros2_ws/build/examples_rclpy_minimal_client/install.log --install-scripts $base/lib/examples_rclpy_minimal_client --single-version-externally-managed install_data
[1.814s] running egg_info
[1.815s] writing ../../../../../build/examples_rclpy_minimal_client/examples_rclpy_minimal_client.egg-info/PKG-INFO
[1.817s] writing dependency_links to ../../../../../build/examples_rclpy_minimal_client/examples_rclpy_minimal_client.egg-info/dependency_links.txt
[1.817s] writing entry points to ../../../../../build/examples_rclpy_minimal_client/examples_rclpy_minimal_client.egg-info/entry_points.txt
[1.818s] writing requirements to ../../../../../build/examples_rclpy_minimal_client/examples_rclpy_minimal_client.egg-info/requires.txt
[1.818s] writing top-level names to ../../../../../build/examples_rclpy_minimal_client/examples_rclpy_minimal_client.egg-info/top_level.txt
[1.858s] reading manifest file '../../../../../build/examples_rclpy_minimal_client/examples_rclpy_minimal_client.egg-info/SOURCES.txt'
[1.860s] writing manifest file '../../../../../build/examples_rclpy_minimal_client/examples_rclpy_minimal_client.egg-info/SOURCES.txt'
[1.861s] running build
[1.861s] running build_py
[1.862s] running install
[1.864s] running install_lib
[1.865s] running install_data
[1.866s] running install_egg_info
[1.867s] removing '/home/user1/ros2_ws/install/examples_rclpy_minimal_client/lib/python3.8/site-packages/examples_rclpy_minimal_client-0.9.4-py3.8.egg-info' (and everything under it)
[1.868s] Copying ../../../../../build/examples_rclpy_minimal_client/examples_rclpy_minimal_client.egg-info to /home/user1/ros2_ws/install/examples_rclpy_minimal_client/lib/python3.8/site-packages/examples_rclpy_minimal_client-0.9.4-py3.8.egg-info
[1.869s] running install_scripts
[1.889s] Installing client script to /home/user1/ros2_ws/install/examples_rclpy_minimal_client/lib/examples_rclpy_minimal_client
[1.890s] Installing client_async script to /home/user1/ros2_ws/install/examples_rclpy_minimal_client/lib/examples_rclpy_minimal_client
[1.890s] Installing client_async_callback script to /home/user1/ros2_ws/install/examples_rclpy_minimal_client/lib/examples_rclpy_minimal_client
[1.891s] Installing client_async_member_function script to /home/user1/ros2_ws/install/examples_rclpy_minimal_client/lib/examples_rclpy_minimal_client
[1.892s] writing list of installed files to '/home/user1/ros2_ws/build/examples_rclpy_minimal_client/install.log'
[1.916s] Invoked command in '/home/user1/ros2_ws/src/examples/rclpy/services/minimal_client' returned '0': PYTHONPATH=/home/user1/ros2_ws/build/examples_rclpy_minimal_client/prefix_override:/usr/lib/python3/dist-packages/colcon_core/task/python/colcon_distutils_commands:/home/user1/ros2_ws/install/examples_rclpy_minimal_client/lib/python3.8/site-packages:${PYTHONPATH} /usr/bin/python3 -W ignore:setup.py install is deprecated setup.py egg_info --egg-base ../../../../../build/examples_rclpy_minimal_client build --build-base /home/user1/ros2_ws/build/examples_rclpy_minimal_client/build install --record /home/user1/ros2_ws/build/examples_rclpy_minimal_client/install.log --install-scripts $base/lib/examples_rclpy_minimal_client --single-version-externally-managed install_data
