[1.391s] Invoking command in '/home/user1/ros2_ws/src/examples/rclpy/actions/minimal_action_client': PYTHONPATH=/home/user1/ros2_ws/build/examples_rclpy_minimal_action_client/prefix_override:/usr/lib/python3/dist-packages/colcon_core/task/python/colcon_distutils_commands:/home/user1/ros2_ws/install/examples_rclpy_minimal_action_client/lib/python3.8/site-packages:${PYTHONPATH} /usr/bin/python3 -W ignore:setup.py install is deprecated setup.py egg_info --egg-base ../../../../../build/examples_rclpy_minimal_action_client build --build-base /home/user1/ros2_ws/build/examples_rclpy_minimal_action_client/build install --record /home/user1/ros2_ws/build/examples_rclpy_minimal_action_client/install.log --install-scripts $base/lib/examples_rclpy_minimal_action_client --single-version-externally-managed install_data
[1.673s] running egg_info
[1.674s] creating ../../../../../build/examples_rclpy_minimal_action_client/examples_rclpy_minimal_action_client.egg-info
[1.674s] writing ../../../../../build/examples_rclpy_minimal_action_client/examples_rclpy_minimal_action_client.egg-info/PKG-INFO
[1.674s] writing dependency_links to ../../../../../build/examples_rclpy_minimal_action_client/examples_rclpy_minimal_action_client.egg-info/dependency_links.txt
[1.674s] writing entry points to ../../../../../build/examples_rclpy_minimal_action_client/examples_rclpy_minimal_action_client.egg-info/entry_points.txt
[1.675s] writing requirements to ../../../../../build/examples_rclpy_minimal_action_client/examples_rclpy_minimal_action_client.egg-info/requires.txt
[1.675s] writing top-level names to ../../../../../build/examples_rclpy_minimal_action_client/examples_rclpy_minimal_action_client.egg-info/top_level.txt
[1.677s] writing manifest file '../../../../../build/examples_rclpy_minimal_action_client/examples_rclpy_minimal_action_client.egg-info/SOURCES.txt'
[1.721s] reading manifest file '../../../../../build/examples_rclpy_minimal_action_client/examples_rclpy_minimal_action_client.egg-info/SOURCES.txt'
[1.721s] writing manifest file '../../../../../build/examples_rclpy_minimal_action_client/examples_rclpy_minimal_action_client.egg-info/SOURCES.txt'
[1.722s] running build
[1.722s] running build_py
[1.722s] creating /home/user1/ros2_ws/build/examples_rclpy_minimal_action_client/build
[1.722s] creating /home/user1/ros2_ws/build/examples_rclpy_minimal_action_client/build/lib
[1.722s] creating /home/user1/ros2_ws/build/examples_rclpy_minimal_action_client/build/lib/examples_rclpy_minimal_action_client
[1.723s] copying examples_rclpy_minimal_action_client/client_cancel.py -> /home/user1/ros2_ws/build/examples_rclpy_minimal_action_client/build/lib/examples_rclpy_minimal_action_client
[1.723s] copying examples_rclpy_minimal_action_client/client_not_composable.py -> /home/user1/ros2_ws/build/examples_rclpy_minimal_action_client/build/lib/examples_rclpy_minimal_action_client
[1.723s] copying examples_rclpy_minimal_action_client/client.py -> /home/user1/ros2_ws/build/examples_rclpy_minimal_action_client/build/lib/examples_rclpy_minimal_action_client
[1.723s] copying examples_rclpy_minimal_action_client/__init__.py -> /home/user1/ros2_ws/build/examples_rclpy_minimal_action_client/build/lib/examples_rclpy_minimal_action_client
[1.723s] running install
[1.724s] running install_lib
[1.725s] creating /home/user1/ros2_ws/install/examples_rclpy_minimal_action_client/lib/python3.8/site-packages/examples_rclpy_minimal_action_client
[1.725s] copying /home/user1/ros2_ws/build/examples_rclpy_minimal_action_client/build/lib/examples_rclpy_minimal_action_client/client_cancel.py -> /home/user1/ros2_ws/install/examples_rclpy_minimal_action_client/lib/python3.8/site-packages/examples_rclpy_minimal_action_client
[1.725s] copying /home/user1/ros2_ws/build/examples_rclpy_minimal_action_client/build/lib/examples_rclpy_minimal_action_client/client_not_composable.py -> /home/user1/ros2_ws/install/examples_rclpy_minimal_action_client/lib/python3.8/site-packages/examples_rclpy_minimal_action_client
[1.725s] copying /home/user1/ros2_ws/build/examples_rclpy_minimal_action_client/build/lib/examples_rclpy_minimal_action_client/client.py -> /home/user1/ros2_ws/install/examples_rclpy_minimal_action_client/lib/python3.8/site-packages/examples_rclpy_minimal_action_client
[1.725s] copying /home/user1/ros2_ws/build/examples_rclpy_minimal_action_client/build/lib/examples_rclpy_minimal_action_client/__init__.py -> /home/user1/ros2_ws/install/examples_rclpy_minimal_action_client/lib/python3.8/site-packages/examples_rclpy_minimal_action_client
[1.726s] byte-compiling /home/user1/ros2_ws/install/examples_rclpy_minimal_action_client/lib/python3.8/site-packages/examples_rclpy_minimal_action_client/client_cancel.py to client_cancel.cpython-38.pyc
[1.727s] byte-compiling /home/user1/ros2_ws/install/examples_rclpy_minimal_action_client/lib/python3.8/site-packages/examples_rclpy_minimal_action_client/client_not_composable.py to client_not_composable.cpython-38.pyc
[1.727s] byte-compiling /home/user1/ros2_ws/install/examples_rclpy_minimal_action_client/lib/python3.8/site-packages/examples_rclpy_minimal_action_client/client.py to client.cpython-38.pyc
[1.728s] byte-compiling /home/user1/ros2_ws/install/examples_rclpy_minimal_action_client/lib/python3.8/site-packages/examples_rclpy_minimal_action_client/__init__.py to __init__.cpython-38.pyc
[1.728s] running install_data
[1.728s] creating /home/user1/ros2_ws/install/examples_rclpy_minimal_action_client/share/ament_index
[1.728s] creating /home/user1/ros2_ws/install/examples_rclpy_minimal_action_client/share/ament_index/resource_index
[1.728s] creating /home/user1/ros2_ws/install/examples_rclpy_minimal_action_client/share/ament_index/resource_index/packages
[1.728s] copying resource/examples_rclpy_minimal_action_client -> /home/user1/ros2_ws/install/examples_rclpy_minimal_action_client/share/ament_index/resource_index/packages
[1.728s] copying package.xml -> /home/user1/ros2_ws/install/examples_rclpy_minimal_action_client/share/examples_rclpy_minimal_action_client
[1.728s] running install_egg_info
[1.730s] Copying ../../../../../build/examples_rclpy_minimal_action_client/examples_rclpy_minimal_action_client.egg-info to /home/user1/ros2_ws/install/examples_rclpy_minimal_action_client/lib/python3.8/site-packages/examples_rclpy_minimal_action_client-0.9.4-py3.8.egg-info
[1.732s] running install_scripts
[1.771s] Installing client script to /home/user1/ros2_ws/install/examples_rclpy_minimal_action_client/lib/examples_rclpy_minimal_action_client
[1.771s] Installing client_cancel script to /home/user1/ros2_ws/install/examples_rclpy_minimal_action_client/lib/examples_rclpy_minimal_action_client
[1.771s] Installing client_not_composable script to /home/user1/ros2_ws/install/examples_rclpy_minimal_action_client/lib/examples_rclpy_minimal_action_client
[1.771s] writing list of installed files to '/home/user1/ros2_ws/build/examples_rclpy_minimal_action_client/install.log'
[1.812s] Invoked command in '/home/user1/ros2_ws/src/examples/rclpy/actions/minimal_action_client' returned '0': PYTHONPATH=/home/user1/ros2_ws/build/examples_rclpy_minimal_action_client/prefix_override:/usr/lib/python3/dist-packages/colcon_core/task/python/colcon_distutils_commands:/home/user1/ros2_ws/install/examples_rclpy_minimal_action_client/lib/python3.8/site-packages:${PYTHONPATH} /usr/bin/python3 -W ignore:setup.py install is deprecated setup.py egg_info --egg-base ../../../../../build/examples_rclpy_minimal_action_client build --build-base /home/user1/ros2_ws/build/examples_rclpy_minimal_action_client/build install --record /home/user1/ros2_ws/build/examples_rclpy_minimal_action_client/install.log --install-scripts $base/lib/examples_rclpy_minimal_action_client --single-version-externally-managed install_data
