[0.000000] (-) TimerEvent: {}
[0.000784] (-) JobUnselected: {'identifier': 'examples_rclcpp_minimal_action_client'}
[0.000828] (-) JobUnselected: {'identifier': 'examples_rclcpp_minimal_action_server'}
[0.000868] (-) JobUnselected: {'identifier': 'examples_rclcpp_minimal_client'}
[0.000908] (-) JobUnselected: {'identifier': 'examples_rclcpp_minimal_composition'}
[0.000948] (-) JobUnselected: {'identifier': 'examples_rclcpp_minimal_publisher'}
[0.000985] (-) JobUnselected: {'identifier': 'examples_rclcpp_minimal_service'}
[0.001022] (-) JobUnselected: {'identifier': 'examples_rclcpp_minimal_subscriber'}
[0.001061] (-) JobUnselected: {'identifier': 'examples_rclcpp_minimal_timer'}
[0.001100] (-) JobUnselected: {'identifier': 'examples_rclcpp_multithreaded_executor'}
[0.001137] (-) JobUnselected: {'identifier': 'examples_rclpy_executors'}
[0.001174] (-) JobUnselected: {'identifier': 'examples_rclpy_minimal_action_client'}
[0.001212] (-) JobUnselected: {'identifier': 'examples_rclpy_minimal_action_server'}
[0.001248] (-) JobUnselected: {'identifier': 'examples_rclpy_minimal_client'}
[0.001288] (-) JobUnselected: {'identifier': 'examples_rclpy_minimal_publisher'}
[0.001325] (-) JobUnselected: {'identifier': 'examples_rclpy_minimal_service'}
[0.001365] (-) JobUnselected: {'identifier': 'examples_rclpy_minimal_subscriber'}
[0.001405] (-) JobUnselected: {'identifier': 'more_interfaces'}
[0.001444] (-) JobUnselected: {'identifier': 'my_package'}
[0.001483] (-) JobUnselected: {'identifier': 'py_pubsub'}
[0.001527] (-) JobUnselected: {'identifier': 'py_srvcli'}
[0.001570] (-) JobUnselected: {'identifier': 'turtlesim'}
[0.001612] (python_parameters) JobQueued: {'identifier': 'python_parameters', 'dependencies': OrderedDict()}
[0.001654] (python_parameters) JobStarted: {'identifier': 'python_parameters'}
[0.099234] (-) TimerEvent: {}
[0.199905] (-) TimerEvent: {}
[0.300434] (-) TimerEvent: {}
[0.401044] (-) TimerEvent: {}
[0.501684] (-) TimerEvent: {}
[0.602168] (-) TimerEvent: {}
[0.702690] (-) TimerEvent: {}
[0.803244] (-) TimerEvent: {}
[0.903683] (-) TimerEvent: {}
[1.004071] (-) TimerEvent: {}
[1.104578] (-) TimerEvent: {}
[1.125542] (python_parameters) Command: {'cmd': ['/usr/bin/python3', '-W', 'ignore:setup.py install is deprecated', 'setup.py', 'egg_info', '--egg-base', '../../build/python_parameters', 'build', '--build-base', '/home/user1/ros2_ws/build/python_parameters/build', 'install', '--record', '/home/user1/ros2_ws/build/python_parameters/install.log', '--install-scripts', '$base/lib/python_parameters', '--single-version-externally-managed', 'install_data'], 'cwd': '/home/user1/ros2_ws/src/python_parameters', 'env': {'GJS_DEBUG_TOPICS': 'JS ERROR;JS LOG', 'USER': 'user1', 'SSH_AGENT_PID': '1201', 'XDG_SESSION_TYPE': 'x11', 'SHLVL': '1', 'LD_LIBRARY_PATH': '/home/user1/ros2_ws/install/tutorial_interfaces/lib:/home/user1/ros2_ws/install/turtlesim/lib:/home/user1/ros2_ws/install/examples_rclcpp_minimal_composition/lib:/opt/ros/foxy/opt/yaml_cpp_vendor/lib:/opt/ros/foxy/opt/rviz_ogre_vendor/lib:/opt/ros/foxy/lib/x86_64-linux-gnu:/opt/ros/foxy/lib', 'HOME': '/home/user1', 'OLDPWD': '/home/user1/ros2_ws/src', 'DESKTOP_SESSION': 'ubuntu', 'ROS_PYTHON_VERSION': '3', 'GNOME_SHELL_SESSION_MODE': 'ubuntu', 'GTK_MODULES': 'gail:atk-bridge', 'MANAGERPID': '1020', 'DBUS_SESSION_BUS_ADDRESS': 'unix:path=/run/user/1000/bus', 'COLORTERM': 'truecolor', '_colcon_cd_root': '/opt/ros/foxy/', 'IM_CONFIG_PHASE': '1', 'COLCON_PREFIX_PATH': '/home/user1/ros2_ws/install', 'ROS_DISTRO': 'foxy', 'LOGNAME': 'user1', 'JOURNAL_STREAM': '8:48897', '_': '/usr/bin/colcon', 'ROS_VERSION': '2', 'XDG_SESSION_CLASS': 'user', 'USERNAME': 'user1', 'TERM': 'xterm-256color', 'GNOME_DESKTOP_SESSION_ID': 'this-is-deprecated', 'ROS_LOCALHOST_ONLY': '1', 'WINDOWPATH': '2', 'PATH': '/opt/ros/foxy/bin:/usr/local/sbin:/usr/local/bin:/usr/sbin:/usr/bin:/sbin:/bin:/usr/games:/usr/local/games:/snap/bin', 'SESSION_MANAGER': 'local/ubuntu:@/tmp/.ICE-unix/1245,unix/ubuntu:/tmp/.ICE-unix/1245', 'INVOCATION_ID': '979b6178db1f460894b54547d8dcb147', 'XDG_MENU_PREFIX': 'gnome-', 'GNOME_TERMINAL_SCREEN': '/org/gnome/Terminal/screen/2bc38c41_83e8_4277_8a20_fa33f02598b2', 'XDG_RUNTIME_DIR': '/run/user/1000', 'DISPLAY': ':0', 'LANG': 'en_US.UTF-8', 'XDG_CURRENT_DESKTOP': 'ubuntu:GNOME', 'XMODIFIERS': '@im=ibus', 'XDG_SESSION_DESKTOP': 'ubuntu', 'XAUTHORITY': '/run/user/1000/gdm/Xauthority', 'GNOME_TERMINAL_SERVICE': ':1.64', 'SSH_AUTH_SOCK': '/run/user/1000/keyring/ssh', 'ROS_DOMAIN_ID': '1', 'AMENT_PREFIX_PATH': '/home/user1/ros2_ws/install/py_srvcli:/home/user1/ros2_ws/install/tutorial_interfaces:/home/user1/ros2_ws/install/turtlesim:/home/user1/ros2_ws/install/py_pubsub:/home/user1/ros2_ws/install/my_package:/home/user1/ros2_ws/install/examples_rclpy_minimal_subscriber:/home/user1/ros2_ws/install/examples_rclpy_minimal_service:/home/user1/ros2_ws/install/examples_rclpy_minimal_publisher:/home/user1/ros2_ws/install/examples_rclpy_minimal_client:/home/user1/ros2_ws/install/examples_rclpy_minimal_action_server:/home/user1/ros2_ws/install/examples_rclpy_minimal_action_client:/home/user1/ros2_ws/install/examples_rclpy_executors:/home/user1/ros2_ws/install/examples_rclcpp_multithreaded_executor:/home/user1/ros2_ws/install/examples_rclcpp_minimal_timer:/home/user1/ros2_ws/install/examples_rclcpp_minimal_subscriber:/home/user1/ros2_ws/install/examples_rclcpp_minimal_service:/home/user1/ros2_ws/install/examples_rclcpp_minimal_publisher:/home/user1/ros2_ws/install/examples_rclcpp_minimal_composition:/home/user1/ros2_ws/install/examples_rclcpp_minimal_client:/home/user1/ros2_ws/install/examples_rclcpp_minimal_action_server:/home/user1/ros2_ws/install/examples_rclcpp_minimal_action_client:/opt/ros/foxy', 'SHELL': '/bin/bash', 'QT_ACCESSIBILITY': '1', 'GDMSESSION': 'ubuntu', 'GPG_AGENT_INFO': '/run/user/1000/gnupg/S.gpg-agent:0:1', 'GJS_DEBUG_OUTPUT': 'stderr', 'QT_IM_MODULE': 'ibus', 'PWD': '/home/user1/ros2_ws/build/python_parameters', 'LC_ALL': 'en_US.UTF-8', 'XDG_CONFIG_DIRS': '/etc/xdg/xdg-ubuntu:/etc/xdg', 'XDG_DATA_DIRS': '/usr/share/ubuntu:/usr/local/share/:/usr/share/:/var/lib/snapd/desktop', 'PYTHONPATH': '/home/user1/ros2_ws/build/python_parameters/prefix_override:/usr/lib/python3/dist-packages/colcon_core/task/python/colcon_distutils_commands:/home/user1/ros2_ws/install/python_parameters/lib/python3.8/site-packages:/home/user1/ros2_ws/install/py_srvcli/lib/python3.8/site-packages:/home/user1/ros2_ws/install/tutorial_interfaces/lib/python3.8/site-packages:/home/user1/ros2_ws/install/turtlesim/lib/python3.8/site-packages:/home/user1/ros2_ws/install/py_pubsub/lib/python3.8/site-packages:/home/user1/ros2_ws/install/my_package/lib/python3.8/site-packages:/home/user1/ros2_ws/install/examples_rclpy_minimal_subscriber/lib/python3.8/site-packages:/home/user1/ros2_ws/install/examples_rclpy_minimal_service/lib/python3.8/site-packages:/home/user1/ros2_ws/install/examples_rclpy_minimal_publisher/lib/python3.8/site-packages:/home/user1/ros2_ws/install/examples_rclpy_minimal_client/lib/python3.8/site-packages:/home/user1/ros2_ws/install/examples_rclpy_minimal_action_server/lib/python3.8/site-packages:/home/user1/ros2_ws/install/examples_rclpy_minimal_action_client/lib/python3.8/site-packages:/home/user1/ros2_ws/install/examples_rclpy_executors/lib/python3.8/site-packages:/opt/ros/foxy/lib/python3.8/site-packages', 'COLCON': '1', 'VTE_VERSION': '6003', 'CMAKE_PREFIX_PATH': '/home/user1/ros2_ws/install/tutorial_interfaces:/home/user1/ros2_ws/install/turtlesim:/home/user1/ros2_ws/install/examples_rclcpp_multithreaded_executor:/home/user1/ros2_ws/install/examples_rclcpp_minimal_timer:/home/user1/ros2_ws/install/examples_rclcpp_minimal_subscriber:/home/user1/ros2_ws/install/examples_rclcpp_minimal_service:/home/user1/ros2_ws/install/examples_rclcpp_minimal_publisher:/home/user1/ros2_ws/install/examples_rclcpp_minimal_composition:/home/user1/ros2_ws/install/examples_rclcpp_minimal_client:/home/user1/ros2_ws/install/examples_rclcpp_minimal_action_server:/home/user1/ros2_ws/install/examples_rclcpp_minimal_action_client'}, 'shell': False}
[1.204844] (-) TimerEvent: {}
[1.305877] (-) TimerEvent: {}
[1.406671] (-) TimerEvent: {}
[1.507160] (-) TimerEvent: {}
[1.608037] (-) TimerEvent: {}
[1.645287] (python_parameters) StdoutLine: {'line': b'running egg_info\n'}
[1.645995] (python_parameters) StdoutLine: {'line': b'creating ../../build/python_parameters/python_parameters.egg-info\n'}
[1.646547] (python_parameters) StdoutLine: {'line': b'writing ../../build/python_parameters/python_parameters.egg-info/PKG-INFO\n'}
[1.647921] (python_parameters) StdoutLine: {'line': b'writing dependency_links to ../../build/python_parameters/python_parameters.egg-info/dependency_links.txt\n'}
[1.649354] (python_parameters) StdoutLine: {'line': b'writing entry points to ../../build/python_parameters/python_parameters.egg-info/entry_points.txt\n'}
[1.649971] (python_parameters) StdoutLine: {'line': b'writing requirements to ../../build/python_parameters/python_parameters.egg-info/requires.txt\n'}
[1.650586] (python_parameters) StdoutLine: {'line': b'writing top-level names to ../../build/python_parameters/python_parameters.egg-info/top_level.txt\n'}
[1.663349] (python_parameters) StdoutLine: {'line': b"writing manifest file '../../build/python_parameters/python_parameters.egg-info/SOURCES.txt'\n"}
[1.708270] (-) TimerEvent: {}
[1.739556] (python_parameters) StdoutLine: {'line': b"reading manifest file '../../build/python_parameters/python_parameters.egg-info/SOURCES.txt'\n"}
[1.742055] (python_parameters) StdoutLine: {'line': b"writing manifest file '../../build/python_parameters/python_parameters.egg-info/SOURCES.txt'\n"}
[1.744950] (python_parameters) StdoutLine: {'line': b'running build\n'}
[1.745300] (python_parameters) StdoutLine: {'line': b'running build_py\n'}
[1.745513] (python_parameters) StdoutLine: {'line': b'creating /home/user1/ros2_ws/build/python_parameters/build\n'}
[1.745709] (python_parameters) StdoutLine: {'line': b'creating /home/user1/ros2_ws/build/python_parameters/build/lib\n'}
[1.745907] (python_parameters) StdoutLine: {'line': b'creating /home/user1/ros2_ws/build/python_parameters/build/lib/python_parameters\n'}
[1.746193] (python_parameters) StdoutLine: {'line': b'copying python_parameters/python_parameters_node.py -> /home/user1/ros2_ws/build/python_parameters/build/lib/python_parameters\n'}
[1.746439] (python_parameters) StdoutLine: {'line': b'copying python_parameters/__init__.py -> /home/user1/ros2_ws/build/python_parameters/build/lib/python_parameters\n'}
[1.746654] (python_parameters) StdoutLine: {'line': b'running install\n'}
[1.747587] (python_parameters) StdoutLine: {'line': b'running install_lib\n'}
[1.751866] (python_parameters) StdoutLine: {'line': b'creating /home/user1/ros2_ws/install/python_parameters/lib/python3.8/site-packages/python_parameters\n'}
[1.752346] (python_parameters) StdoutLine: {'line': b'copying /home/user1/ros2_ws/build/python_parameters/build/lib/python_parameters/python_parameters_node.py -> /home/user1/ros2_ws/install/python_parameters/lib/python3.8/site-packages/python_parameters\n'}
[1.752957] (python_parameters) StdoutLine: {'line': b'copying /home/user1/ros2_ws/build/python_parameters/build/lib/python_parameters/__init__.py -> /home/user1/ros2_ws/install/python_parameters/lib/python3.8/site-packages/python_parameters\n'}
[1.755355] (python_parameters) StdoutLine: {'line': b'byte-compiling /home/user1/ros2_ws/install/python_parameters/lib/python3.8/site-packages/python_parameters/python_parameters_node.py to python_parameters_node.cpython-38.pyc\n'}
[1.760282] (python_parameters) StdoutLine: {'line': b'byte-compiling /home/user1/ros2_ws/install/python_parameters/lib/python3.8/site-packages/python_parameters/__init__.py to __init__.cpython-38.pyc\n'}
[1.760753] (python_parameters) StdoutLine: {'line': b'running install_data\n'}
[1.761383] (python_parameters) StdoutLine: {'line': b'creating /home/user1/ros2_ws/install/python_parameters/share/ament_index\n'}
[1.761726] (python_parameters) StdoutLine: {'line': b'creating /home/user1/ros2_ws/install/python_parameters/share/ament_index/resource_index\n'}
[1.761961] (python_parameters) StdoutLine: {'line': b'creating /home/user1/ros2_ws/install/python_parameters/share/ament_index/resource_index/packages\n'}
[1.762282] (python_parameters) StdoutLine: {'line': b'copying resource/python_parameters -> /home/user1/ros2_ws/install/python_parameters/share/ament_index/resource_index/packages\n'}
[1.762506] (python_parameters) StdoutLine: {'line': b'copying package.xml -> /home/user1/ros2_ws/install/python_parameters/share/python_parameters\n'}
[1.762722] (python_parameters) StdoutLine: {'line': b'running install_egg_info\n'}
[1.765684] (python_parameters) StdoutLine: {'line': b'Copying ../../build/python_parameters/python_parameters.egg-info to /home/user1/ros2_ws/install/python_parameters/lib/python3.8/site-packages/python_parameters-0.0.0-py3.8.egg-info\n'}
[1.768968] (python_parameters) StdoutLine: {'line': b'running install_scripts\n'}
[1.808496] (-) TimerEvent: {}
[1.816982] (python_parameters) StdoutLine: {'line': b'Installing minimal_param_node script to /home/user1/ros2_ws/install/python_parameters/lib/python_parameters\n'}
[1.817583] (python_parameters) StdoutLine: {'line': b"writing list of installed files to '/home/user1/ros2_ws/build/python_parameters/install.log'\n"}
[1.855202] (python_parameters) CommandEnded: {'returncode': 0}
[1.878371] (python_parameters) JobEnded: {'identifier': 'python_parameters', 'rc': 0}
[1.880714] (-) EventReactorShutdown: {}
