[2.563s] Invoking command in '/home/user1/ros2_ws/src/examples/rclpy/actions/minimal_action_client': PYTHONPATH=/home/user1/ros2_ws/build/examples_rclpy_minimal_action_client/prefix_override:/usr/lib/python3/dist-packages/colcon_core/task/python/colcon_distutils_commands:/home/user1/ros2_ws/install/examples_rclpy_minimal_action_client/lib/python3.8/site-packages:${PYTHONPATH} /usr/bin/python3 -W ignore:setup.py install is deprecated setup.py egg_info --egg-base ../../../../../build/examples_rclpy_minimal_action_client build --build-base /home/user1/ros2_ws/build/examples_rclpy_minimal_action_client/build install --record /home/user1/ros2_ws/build/examples_rclpy_minimal_action_client/install.log --install-scripts $base/lib/examples_rclpy_minimal_action_client --single-version-externally-managed install_data
[3.249s] running egg_info
[3.251s] writing ../../../../../build/examples_rclpy_minimal_action_client/examples_rclpy_minimal_action_client.egg-info/PKG-INFO
[3.265s] writing dependency_links to ../../../../../build/examples_rclpy_minimal_action_client/examples_rclpy_minimal_action_client.egg-info/dependency_links.txt
[3.268s] writing entry points to ../../../../../build/examples_rclpy_minimal_action_client/examples_rclpy_minimal_action_client.egg-info/entry_points.txt
[3.270s] writing requirements to ../../../../../build/examples_rclpy_minimal_action_client/examples_rclpy_minimal_action_client.egg-info/requires.txt
[3.273s] writing top-level names to ../../../../../build/examples_rclpy_minimal_action_client/examples_rclpy_minimal_action_client.egg-info/top_level.txt
[3.350s] reading manifest file '../../../../../build/examples_rclpy_minimal_action_client/examples_rclpy_minimal_action_client.egg-info/SOURCES.txt'
[3.353s] writing manifest file '../../../../../build/examples_rclpy_minimal_action_client/examples_rclpy_minimal_action_client.egg-info/SOURCES.txt'
[3.354s] running build
[3.355s] running build_py
[3.359s] running install
[3.363s] running install_lib
[3.370s] running install_data
[3.371s] running install_egg_info
[3.377s] removing '/home/user1/ros2_ws/install/examples_rclpy_minimal_action_client/lib/python3.8/site-packages/examples_rclpy_minimal_action_client-0.9.4-py3.8.egg-info' (and everything under it)
[3.378s] Copying ../../../../../build/examples_rclpy_minimal_action_client/examples_rclpy_minimal_action_client.egg-info to /home/user1/ros2_ws/install/examples_rclpy_minimal_action_client/lib/python3.8/site-packages/examples_rclpy_minimal_action_client-0.9.4-py3.8.egg-info
[3.384s] running install_scripts
[3.431s] Installing client script to /home/user1/ros2_ws/install/examples_rclpy_minimal_action_client/lib/examples_rclpy_minimal_action_client
[3.434s] Installing client_cancel script to /home/user1/ros2_ws/install/examples_rclpy_minimal_action_client/lib/examples_rclpy_minimal_action_client
[3.436s] Installing client_not_composable script to /home/user1/ros2_ws/install/examples_rclpy_minimal_action_client/lib/examples_rclpy_minimal_action_client
[3.438s] writing list of installed files to '/home/user1/ros2_ws/build/examples_rclpy_minimal_action_client/install.log'
[3.479s] Invoked command in '/home/user1/ros2_ws/src/examples/rclpy/actions/minimal_action_client' returned '0': PYTHONPATH=/home/user1/ros2_ws/build/examples_rclpy_minimal_action_client/prefix_override:/usr/lib/python3/dist-packages/colcon_core/task/python/colcon_distutils_commands:/home/user1/ros2_ws/install/examples_rclpy_minimal_action_client/lib/python3.8/site-packages:${PYTHONPATH} /usr/bin/python3 -W ignore:setup.py install is deprecated setup.py egg_info --egg-base ../../../../../build/examples_rclpy_minimal_action_client build --build-base /home/user1/ros2_ws/build/examples_rclpy_minimal_action_client/build install --record /home/user1/ros2_ws/build/examples_rclpy_minimal_action_client/install.log --install-scripts $base/lib/examples_rclpy_minimal_action_client --single-version-externally-managed install_data
