[0.038s] Invoking command in '/home/user1/ros2_ws/build/turtlesim': CMAKE_PREFIX_PATH=/opt/ros/foxy /usr/bin/cmake /home/user1/ros2_ws/src/ros_tutorials/turtlesim -DCMAKE_INSTALL_PREFIX=/home/user1/ros2_ws/install/turtlesim
[0.340s] -- The C compiler identification is GNU 9.4.0
[0.727s] -- The CXX compiler identification is GNU 9.4.0
[0.740s] -- Check for working C compiler: /usr/bin/cc
[0.884s] -- Check for working C compiler: /usr/bin/cc -- works
[0.888s] -- Detecting C compiler ABI info
[1.003s] -- Detecting C compiler ABI info - done
[1.014s] -- Detecting C compile features
[1.016s] -- Detecting C compile features - done
[1.020s] -- Check for working CXX compiler: /usr/bin/c++
[1.163s] -- Check for working CXX compiler: /usr/bin/c++ -- works
[1.164s] -- Detecting CXX compiler ABI info
[1.293s] -- Detecting CXX compiler ABI info - done
[1.318s] -- Detecting CXX compile features
[1.319s] -- Detecting CXX compile features - done
[1.324s] -- Found ament_cmake: 0.9.12 (/opt/ros/foxy/share/ament_cmake/cmake)
[1.355s] -- Found PythonInterp: /usr/bin/python3 (found suitable version "3.8.10", minimum required is "3") 
[1.356s] -- Using PYTHON_EXECUTABLE: /usr/bin/python3
[1.584s] -- Found ament_index_cpp: 1.1.0 (/opt/ros/foxy/share/ament_index_cpp/cmake)
[1.589s] -- Found geometry_msgs: 2.0.5 (/opt/ros/foxy/share/geometry_msgs/cmake)
[1.624s] -- Using all available rosidl_typesupport_c: rosidl_typesupport_fastrtps_c;rosidl_typesupport_introspection_c
[1.636s] -- Found rosidl_adapter: 1.3.1 (/opt/ros/foxy/share/rosidl_adapter/cmake)
[1.883s] -- Found OpenSSL: /usr/lib/x86_64-linux-gnu/libcrypto.so (found version "1.1.1f")  
[1.921s] -- Found FastRTPS: /opt/ros/foxy/include  
[2.037s] -- Using all available rosidl_typesupport_cpp: rosidl_typesupport_fastrtps_cpp;rosidl_typesupport_introspection_cpp
[2.257s] -- Found rclcpp: 2.4.3 (/opt/ros/foxy/share/rclcpp/cmake)
[2.322s] -- Found rmw_implementation_cmake: 1.0.4 (/opt/ros/foxy/share/rmw_implementation_cmake/cmake)
[2.326s] -- Using RMW implementation 'rmw_fastrtps_cpp' as default
[2.329s] -- Looking for pthread.h
[2.494s] -- Looking for pthread.h - found
[2.494s] -- Performing Test CMAKE_HAVE_LIBC_PTHREAD
[2.623s] -- Performing Test CMAKE_HAVE_LIBC_PTHREAD - Failed
[2.623s] -- Looking for pthread_create in pthreads
[2.724s] -- Looking for pthread_create in pthreads - not found
[2.724s] -- Looking for pthread_create in pthread
[2.876s] -- Looking for pthread_create in pthread - found
[2.879s] -- Found Threads: TRUE  
[3.080s] -- Found rclcpp_action: 2.4.3 (/opt/ros/foxy/share/rclcpp_action/cmake)
[3.182s] -- Found rosidl_default_generators: 1.0.1 (/opt/ros/foxy/share/rosidl_default_generators/cmake)
[3.207s] -- Found std_srvs: 2.0.5 (/opt/ros/foxy/share/std_srvs/cmake)
[3.266s] -- Found PythonInterp: /usr/bin/python3 (found version "3.8.10") 
[3.613s] -- Found ament_cmake_ros: 0.9.2 (/opt/ros/foxy/share/ament_cmake_ros/cmake)
[3.866s] -- Using all available rosidl_typesupport_c: rosidl_typesupport_fastrtps_c;rosidl_typesupport_introspection_c
[3.914s] -- Using all available rosidl_typesupport_cpp: rosidl_typesupport_fastrtps_cpp;rosidl_typesupport_introspection_cpp
[3.951s] -- Found PythonInterp: /usr/bin/python3 (found suitable version "3.8.10", minimum required is "3.5") 
[3.953s] -- Found python_cmake_module: 0.8.1 (/opt/ros/foxy/share/python_cmake_module/cmake)
[4.007s] -- Found PythonLibs: /usr/lib/x86_64-linux-gnu/libpython3.8.so (found suitable version "3.8.10", minimum required is "3.5") 
[4.007s] -- Using PYTHON_EXECUTABLE: /usr/bin/python3
[4.008s] -- Using PYTHON_INCLUDE_DIRS: /usr/include/python3.8
[4.008s] -- Using PYTHON_LIBRARIES: /usr/lib/x86_64-linux-gnu/libpython3.8.so
[4.040s] -- Found PythonExtra: .so  
[4.217s] -- Configuring done
[4.378s] -- Generating done
[4.384s] -- Build files have been written to: /home/user1/ros2_ws/build/turtlesim
[4.408s] Invoked command in '/home/user1/ros2_ws/build/turtlesim' returned '0': CMAKE_PREFIX_PATH=/opt/ros/foxy /usr/bin/cmake /home/user1/ros2_ws/src/ros_tutorials/turtlesim -DCMAKE_INSTALL_PREFIX=/home/user1/ros2_ws/install/turtlesim
[4.409s] Invoking command in '/home/user1/ros2_ws/build/turtlesim': CMAKE_PREFIX_PATH=/opt/ros/foxy /usr/bin/cmake --build /home/user1/ros2_ws/build/turtlesim -- -j2 -l2
[4.482s] [  1%] [34m[1mGenerating C code for ROS interfaces[0m
[4.482s] [35m[1mScanning dependencies of target turtlesim__cpp[0m
[4.501s] [  2%] [34m[1mGenerating C++ code for ROS interfaces[0m
[6.069s] [  2%] Built target turtlesim__cpp
[6.099s] [  3%] [34m[1mGenerating C++ type support dispatch for ROS interfaces[0m
[6.307s] [35m[1mScanning dependencies of target turtlesim__rosidl_generator_c[0m
[6.344s] [  4%] [32mBuilding C object CMakeFiles/turtlesim__rosidl_generator_c.dir/rosidl_generator_c/turtlesim/action/detail/rotate_absolute__functions.c.o[0m
[6.543s] [  5%] [32mBuilding C object CMakeFiles/turtlesim__rosidl_generator_c.dir/rosidl_generator_c/turtlesim/msg/detail/color__functions.c.o[0m
[6.615s] [  6%] [32mBuilding C object CMakeFiles/turtlesim__rosidl_generator_c.dir/rosidl_generator_c/turtlesim/msg/detail/pose__functions.c.o[0m
[6.691s] [  7%] [32mBuilding C object CMakeFiles/turtlesim__rosidl_generator_c.dir/rosidl_generator_c/turtlesim/srv/detail/kill__functions.c.o[0m
[6.780s] [  8%] [32mBuilding C object CMakeFiles/turtlesim__rosidl_generator_c.dir/rosidl_generator_c/turtlesim/srv/detail/set_pen__functions.c.o[0m
[6.789s] [35m[1mScanning dependencies of target turtlesim__rosidl_typesupport_cpp[0m
[6.854s] [  9%] [32mBuilding CXX object CMakeFiles/turtlesim__rosidl_typesupport_cpp.dir/rosidl_typesupport_cpp/turtlesim/action/rotate_absolute__type_support.cpp.o[0m
[6.872s] [ 10%] [32mBuilding C object CMakeFiles/turtlesim__rosidl_generator_c.dir/rosidl_generator_c/turtlesim/srv/detail/spawn__functions.c.o[0m
[6.977s] [ 11%] [32mBuilding C object CMakeFiles/turtlesim__rosidl_generator_c.dir/rosidl_generator_c/turtlesim/srv/detail/teleport_absolute__functions.c.o[0m
[7.068s] [ 12%] [32mBuilding C object CMakeFiles/turtlesim__rosidl_generator_c.dir/rosidl_generator_c/turtlesim/srv/detail/teleport_relative__functions.c.o[0m
[7.158s] [ 13%] [32m[1mLinking C shared library libturtlesim__rosidl_generator_c.so[0m
[7.284s] [ 13%] Built target turtlesim__rosidl_generator_c
[7.325s] [ 14%] [34m[1mGenerating C++ introspection for ROS interfaces[0m
[7.632s] [ 15%] [32mBuilding CXX object CMakeFiles/turtlesim__rosidl_typesupport_cpp.dir/rosidl_typesupport_cpp/turtlesim/msg/color__type_support.cpp.o[0m
[8.002s] [ 16%] [32mBuilding CXX object CMakeFiles/turtlesim__rosidl_typesupport_cpp.dir/rosidl_typesupport_cpp/turtlesim/msg/pose__type_support.cpp.o[0m
[8.349s] [35m[1mScanning dependencies of target turtlesim__rosidl_typesupport_introspection_cpp[0m
[8.376s] [ 17%] [32mBuilding CXX object CMakeFiles/turtlesim__rosidl_typesupport_cpp.dir/rosidl_typesupport_cpp/turtlesim/srv/kill__type_support.cpp.o[0m
[8.392s] [ 18%] [32mBuilding CXX object CMakeFiles/turtlesim__rosidl_typesupport_introspection_cpp.dir/rosidl_typesupport_introspection_cpp/turtlesim/action/detail/rotate_absolute__type_support.cpp.o[0m
[8.832s] [ 19%] [32mBuilding CXX object CMakeFiles/turtlesim__rosidl_typesupport_cpp.dir/rosidl_typesupport_cpp/turtlesim/srv/set_pen__type_support.cpp.o[0m
[8.929s] [ 20%] [32mBuilding CXX object CMakeFiles/turtlesim__rosidl_typesupport_introspection_cpp.dir/rosidl_typesupport_introspection_cpp/turtlesim/msg/detail/color__type_support.cpp.o[0m
[9.261s] [ 21%] [32mBuilding CXX object CMakeFiles/turtlesim__rosidl_typesupport_cpp.dir/rosidl_typesupport_cpp/turtlesim/srv/spawn__type_support.cpp.o[0m
[9.376s] [ 22%] [32mBuilding CXX object CMakeFiles/turtlesim__rosidl_typesupport_introspection_cpp.dir/rosidl_typesupport_introspection_cpp/turtlesim/msg/detail/pose__type_support.cpp.o[0m
[9.632s] [ 23%] [32mBuilding CXX object CMakeFiles/turtlesim__rosidl_typesupport_cpp.dir/rosidl_typesupport_cpp/turtlesim/srv/teleport_absolute__type_support.cpp.o[0m
[9.766s] [ 24%] [32mBuilding CXX object CMakeFiles/turtlesim__rosidl_typesupport_introspection_cpp.dir/rosidl_typesupport_introspection_cpp/turtlesim/srv/detail/kill__type_support.cpp.o[0m
[10.031s] [ 25%] [32mBuilding CXX object CMakeFiles/turtlesim__rosidl_typesupport_cpp.dir/rosidl_typesupport_cpp/turtlesim/srv/teleport_relative__type_support.cpp.o[0m
[10.200s] [ 26%] [32mBuilding CXX object CMakeFiles/turtlesim__rosidl_typesupport_introspection_cpp.dir/rosidl_typesupport_introspection_cpp/turtlesim/srv/detail/set_pen__type_support.cpp.o[0m
[10.400s] [ 27%] [32m[1mLinking CXX shared library libturtlesim__rosidl_typesupport_cpp.so[0m
[10.472s] [ 27%] Built target turtlesim__rosidl_typesupport_cpp
[10.489s] [ 28%] [34m[1mGenerating C++ type support for eProsima Fast-RTPS[0m
[10.595s] [ 29%] [32mBuilding CXX object CMakeFiles/turtlesim__rosidl_typesupport_introspection_cpp.dir/rosidl_typesupport_introspection_cpp/turtlesim/srv/detail/spawn__type_support.cpp.o[0m
[11.111s] [ 30%] [32mBuilding CXX object CMakeFiles/turtlesim__rosidl_typesupport_introspection_cpp.dir/rosidl_typesupport_introspection_cpp/turtlesim/srv/detail/teleport_absolute__type_support.cpp.o[0m
[11.531s] [ 31%] [32mBuilding CXX object CMakeFiles/turtlesim__rosidl_typesupport_introspection_cpp.dir/rosidl_typesupport_introspection_cpp/turtlesim/srv/detail/teleport_relative__type_support.cpp.o[0m
[11.887s] [ 32%] [32m[1mLinking CXX shared library libturtlesim__rosidl_typesupport_introspection_cpp.so[0m
[11.911s] [35m[1mScanning dependencies of target turtlesim__rosidl_typesupport_fastrtps_cpp[0m
[12.024s] [ 33%] [32mBuilding CXX object CMakeFiles/turtlesim__rosidl_typesupport_fastrtps_cpp.dir/rosidl_typesupport_fastrtps_cpp/turtlesim/action/detail/dds_fastrtps/rotate_absolute__type_support.cpp.o[0m
[12.036s] [ 33%] Built target turtlesim__rosidl_typesupport_introspection_cpp
[12.054s] [ 34%] [34m[1mGenerating C introspection for ROS interfaces[0m
[12.933s] [ 35%] [32mBuilding CXX object CMakeFiles/turtlesim__rosidl_typesupport_fastrtps_cpp.dir/rosidl_typesupport_fastrtps_cpp/turtlesim/msg/detail/dds_fastrtps/color__type_support.cpp.o[0m
[13.390s] [35m[1mScanning dependencies of target turtlesim__rosidl_typesupport_introspection_c[0m
[13.421s] [ 36%] [32mBuilding CXX object CMakeFiles/turtlesim__rosidl_typesupport_fastrtps_cpp.dir/rosidl_typesupport_fastrtps_cpp/turtlesim/msg/detail/dds_fastrtps/pose__type_support.cpp.o[0m
[13.433s] [ 37%] [32mBuilding C object CMakeFiles/turtlesim__rosidl_typesupport_introspection_c.dir/rosidl_typesupport_introspection_c/turtlesim/action/detail/rotate_absolute__type_support.c.o[0m
[13.508s] [ 38%] [32mBuilding C object CMakeFiles/turtlesim__rosidl_typesupport_introspection_c.dir/rosidl_typesupport_introspection_c/turtlesim/msg/detail/color__type_support.c.o[0m
[13.554s] [ 39%] [32mBuilding C object CMakeFiles/turtlesim__rosidl_typesupport_introspection_c.dir/rosidl_typesupport_introspection_c/turtlesim/msg/detail/pose__type_support.c.o[0m
[13.616s] [ 40%] [32mBuilding C object CMakeFiles/turtlesim__rosidl_typesupport_introspection_c.dir/rosidl_typesupport_introspection_c/turtlesim/srv/detail/kill__type_support.c.o[0m
[13.670s] [ 41%] [32mBuilding C object CMakeFiles/turtlesim__rosidl_typesupport_introspection_c.dir/rosidl_typesupport_introspection_c/turtlesim/srv/detail/set_pen__type_support.c.o[0m
[13.730s] [ 42%] [32mBuilding C object CMakeFiles/turtlesim__rosidl_typesupport_introspection_c.dir/rosidl_typesupport_introspection_c/turtlesim/srv/detail/spawn__type_support.c.o[0m
[13.793s] [ 43%] [32mBuilding C object CMakeFiles/turtlesim__rosidl_typesupport_introspection_c.dir/rosidl_typesupport_introspection_c/turtlesim/srv/detail/teleport_absolute__type_support.c.o[0m
[13.854s] [ 44%] [32mBuilding C object CMakeFiles/turtlesim__rosidl_typesupport_introspection_c.dir/rosidl_typesupport_introspection_c/turtlesim/srv/detail/teleport_relative__type_support.c.o[0m
[13.911s] [ 45%] [32m[1mLinking C shared library libturtlesim__rosidl_typesupport_introspection_c.so[0m
[13.943s] [ 46%] [32mBuilding CXX object CMakeFiles/turtlesim__rosidl_typesupport_fastrtps_cpp.dir/rosidl_typesupport_fastrtps_cpp/turtlesim/srv/detail/dds_fastrtps/kill__type_support.cpp.o[0m
[14.029s] [ 46%] Built target turtlesim__rosidl_typesupport_introspection_c
[14.055s] [ 47%] [32mBuilding CXX object CMakeFiles/turtlesim__rosidl_typesupport_fastrtps_cpp.dir/rosidl_typesupport_fastrtps_cpp/turtlesim/srv/detail/dds_fastrtps/set_pen__type_support.cpp.o[0m
[14.679s] [ 48%] [32mBuilding CXX object CMakeFiles/turtlesim__rosidl_typesupport_fastrtps_cpp.dir/rosidl_typesupport_fastrtps_cpp/turtlesim/srv/detail/dds_fastrtps/spawn__type_support.cpp.o[0m
[14.765s] [ 49%] [34m[1mGenerating C type support dispatch for ROS interfaces[0m
[15.188s] [ 50%] [32mBuilding CXX object CMakeFiles/turtlesim__rosidl_typesupport_fastrtps_cpp.dir/rosidl_typesupport_fastrtps_cpp/turtlesim/srv/detail/dds_fastrtps/teleport_absolute__type_support.cpp.o[0m
[15.464s] [35m[1mScanning dependencies of target turtlesim__rosidl_typesupport_c[0m
[15.519s] [ 51%] [32mBuilding CXX object CMakeFiles/turtlesim__rosidl_typesupport_c.dir/rosidl_typesupport_c/turtlesim/action/rotate_absolute__type_support.cpp.o[0m
[15.599s] [ 52%] [32mBuilding CXX object CMakeFiles/turtlesim__rosidl_typesupport_c.dir/rosidl_typesupport_c/turtlesim/msg/color__type_support.cpp.o[0m
[15.641s] [ 53%] [32mBuilding CXX object CMakeFiles/turtlesim__rosidl_typesupport_c.dir/rosidl_typesupport_c/turtlesim/msg/pose__type_support.cpp.o[0m
[15.692s] [ 54%] [32mBuilding CXX object CMakeFiles/turtlesim__rosidl_typesupport_c.dir/rosidl_typesupport_c/turtlesim/srv/kill__type_support.cpp.o[0m
[15.749s] [ 55%] [32mBuilding CXX object CMakeFiles/turtlesim__rosidl_typesupport_c.dir/rosidl_typesupport_c/turtlesim/srv/set_pen__type_support.cpp.o[0m
[15.757s] [ 56%] [32mBuilding CXX object CMakeFiles/turtlesim__rosidl_typesupport_fastrtps_cpp.dir/rosidl_typesupport_fastrtps_cpp/turtlesim/srv/detail/dds_fastrtps/teleport_relative__type_support.cpp.o[0m
[15.806s] [ 57%] [32mBuilding CXX object CMakeFiles/turtlesim__rosidl_typesupport_c.dir/rosidl_typesupport_c/turtlesim/srv/spawn__type_support.cpp.o[0m
[15.873s] [ 58%] [32mBuilding CXX object CMakeFiles/turtlesim__rosidl_typesupport_c.dir/rosidl_typesupport_c/turtlesim/srv/teleport_absolute__type_support.cpp.o[0m
[15.982s] [ 59%] [32mBuilding CXX object CMakeFiles/turtlesim__rosidl_typesupport_c.dir/rosidl_typesupport_c/turtlesim/srv/teleport_relative__type_support.cpp.o[0m
[16.041s] [ 60%] [32m[1mLinking CXX shared library libturtlesim__rosidl_typesupport_c.so[0m
[16.112s] [ 60%] Built target turtlesim__rosidl_typesupport_c
[16.344s] [ 61%] [32m[1mLinking CXX shared library libturtlesim__rosidl_typesupport_fastrtps_cpp.so[0m
[16.517s] [ 61%] Built target turtlesim__rosidl_typesupport_fastrtps_cpp
[16.537s] [ 62%] [34m[1mGenerating C type support for eProsima Fast-RTPS[0m
[17.722s] [35m[1mScanning dependencies of target turtlesim__rosidl_typesupport_fastrtps_c[0m
[17.779s] [ 63%] [32mBuilding CXX object CMakeFiles/turtlesim__rosidl_typesupport_fastrtps_c.dir/rosidl_typesupport_fastrtps_c/turtlesim/msg/detail/color__type_support_c.cpp.o[0m
[17.788s] [ 64%] [32mBuilding CXX object CMakeFiles/turtlesim__rosidl_typesupport_fastrtps_c.dir/rosidl_typesupport_fastrtps_c/turtlesim/action/detail/rotate_absolute__type_support_c.cpp.o[0m
[18.231s] [ 65%] [32mBuilding CXX object CMakeFiles/turtlesim__rosidl_typesupport_fastrtps_c.dir/rosidl_typesupport_fastrtps_c/turtlesim/msg/detail/pose__type_support_c.cpp.o[0m
[18.358s] [ 66%] [32mBuilding CXX object CMakeFiles/turtlesim__rosidl_typesupport_fastrtps_c.dir/rosidl_typesupport_fastrtps_c/turtlesim/srv/detail/kill__type_support_c.cpp.o[0m
[18.722s] [ 67%] [32mBuilding CXX object CMakeFiles/turtlesim__rosidl_typesupport_fastrtps_c.dir/rosidl_typesupport_fastrtps_c/turtlesim/srv/detail/set_pen__type_support_c.cpp.o[0m
[18.873s] [ 68%] [32mBuilding CXX object CMakeFiles/turtlesim__rosidl_typesupport_fastrtps_c.dir/rosidl_typesupport_fastrtps_c/turtlesim/srv/detail/spawn__type_support_c.cpp.o[0m
[19.220s] [ 69%] [32mBuilding CXX object CMakeFiles/turtlesim__rosidl_typesupport_fastrtps_c.dir/rosidl_typesupport_fastrtps_c/turtlesim/srv/detail/teleport_absolute__type_support_c.cpp.o[0m
[19.352s] [ 70%] [32mBuilding CXX object CMakeFiles/turtlesim__rosidl_typesupport_fastrtps_c.dir/rosidl_typesupport_fastrtps_c/turtlesim/srv/detail/teleport_relative__type_support_c.cpp.o[0m
[19.832s] [ 71%] [32m[1mLinking CXX shared library libturtlesim__rosidl_typesupport_fastrtps_c.so[0m
[19.980s] [ 71%] Built target turtlesim__rosidl_typesupport_fastrtps_c
[20.001s] [35m[1mScanning dependencies of target turtlesim[0m
[20.018s] [ 71%] Built target turtlesim
[20.034s] [35m[1mScanning dependencies of target draw_square[0m
[20.035s] [35m[1mScanning dependencies of target mimic[0m
[20.213s] [ 72%] [32mBuilding CXX object CMakeFiles/mimic.dir/tutorials/mimic.cpp.o[0m
[20.214s] [ 73%] [32mBuilding CXX object CMakeFiles/draw_square.dir/tutorials/draw_square.cpp.o[0m
[29.807s] [ 74%] [32m[1mLinking CXX executable mimic[0m
[30.422s] [ 74%] Built target mimic
[30.445s] [35m[1mScanning dependencies of target turtlesim__py[0m
[30.461s] [ 75%] [34m[1mGenerating Python code for ROS interfaces[0m
[30.784s] [ 76%] [32m[1mLinking CXX executable draw_square[0m
[31.248s] [ 76%] Built target draw_square
[31.262s] [35m[1mScanning dependencies of target turtle_teleop_key[0m
[31.345s] [ 77%] [32mBuilding CXX object CMakeFiles/turtle_teleop_key.dir/tutorials/teleop_turtle_key.cpp.o[0m
[33.647s] [ 77%] Built target turtlesim__py
[33.666s] [ 78%] [34m[1mGenerating include/turtlesim/moc_turtle_frame.cpp[0m
[33.855s] [35m[1mScanning dependencies of target turtlesim_node[0m
[34.033s] [ 79%] [32mBuilding CXX object CMakeFiles/turtlesim_node.dir/src/turtlesim.cpp.o[0m
[37.185s] [ 80%] [32m[1mLinking CXX executable turtle_teleop_key[0m
[37.484s] [ 80%] Built target turtle_teleop_key
[37.499s] [ 81%] [32mBuilding CXX object CMakeFiles/turtlesim_node.dir/src/turtle.cpp.o[0m
[37.907s] [ 82%] [32mBuilding CXX object CMakeFiles/turtlesim_node.dir/src/turtle_frame.cpp.o[0m
[50.225s] [ 83%] [32mBuilding CXX object CMakeFiles/turtlesim_node.dir/include/turtlesim/moc_turtle_frame.cpp.o[0m
[50.357s] [35m[1mScanning dependencies of target turtlesim__python[0m
[50.468s] [ 84%] [32mBuilding C object CMakeFiles/turtlesim__python.dir/rosidl_generator_py/turtlesim/action/_rotate_absolute_s.c.o[0m
[50.676s] [ 85%] [32mBuilding C object CMakeFiles/turtlesim__python.dir/rosidl_generator_py/turtlesim/msg/_color_s.c.o[0m
[50.812s] [ 86%] [32mBuilding C object CMakeFiles/turtlesim__python.dir/rosidl_generator_py/turtlesim/msg/_pose_s.c.o[0m
[50.954s] [ 87%] [32mBuilding C object CMakeFiles/turtlesim__python.dir/rosidl_generator_py/turtlesim/srv/_kill_s.c.o[0m
[51.105s] [ 88%] [32mBuilding C object CMakeFiles/turtlesim__python.dir/rosidl_generator_py/turtlesim/srv/_set_pen_s.c.o[0m
[51.241s] [ 89%] [32mBuilding C object CMakeFiles/turtlesim__python.dir/rosidl_generator_py/turtlesim/srv/_spawn_s.c.o[0m
[51.364s] [ 90%] [32mBuilding C object CMakeFiles/turtlesim__python.dir/rosidl_generator_py/turtlesim/srv/_teleport_absolute_s.c.o[0m
[51.510s] [ 91%] [32mBuilding C object CMakeFiles/turtlesim__python.dir/rosidl_generator_py/turtlesim/srv/_teleport_relative_s.c.o[0m
[51.640s] [ 92%] [32m[1mLinking C shared library rosidl_generator_py/turtlesim/libturtlesim__python.so[0m
[51.782s] [ 92%] Built target turtlesim__python
[51.811s] [35m[1mScanning dependencies of target turtlesim__rosidl_typesupport_introspection_c__pyext[0m
[51.860s] [ 93%] [32mBuilding C object CMakeFiles/turtlesim__rosidl_typesupport_introspection_c__pyext.dir/rosidl_generator_py/turtlesim/_turtlesim_s.ep.rosidl_typesupport_introspection_c.c.o[0m
[52.078s] [ 94%] [32m[1mLinking C shared library rosidl_generator_py/turtlesim/turtlesim_s__rosidl_typesupport_introspection_c.cpython-38-x86_64-linux-gnu.so[0m
[52.148s] [ 94%] Built target turtlesim__rosidl_typesupport_introspection_c__pyext
[52.166s] [35m[1mScanning dependencies of target turtlesim__rosidl_typesupport_fastrtps_c__pyext[0m
[52.208s] [ 95%] [32mBuilding C object CMakeFiles/turtlesim__rosidl_typesupport_fastrtps_c__pyext.dir/rosidl_generator_py/turtlesim/_turtlesim_s.ep.rosidl_typesupport_fastrtps_c.c.o[0m
[52.432s] [ 96%] [32m[1mLinking CXX shared library rosidl_generator_py/turtlesim/turtlesim_s__rosidl_typesupport_fastrtps_c.cpython-38-x86_64-linux-gnu.so[0m
[52.522s] [ 96%] Built target turtlesim__rosidl_typesupport_fastrtps_c__pyext
[52.539s] [35m[1mScanning dependencies of target turtlesim__rosidl_typesupport_c__pyext[0m
[52.576s] [ 97%] [32mBuilding C object CMakeFiles/turtlesim__rosidl_typesupport_c__pyext.dir/rosidl_generator_py/turtlesim/_turtlesim_s.ep.rosidl_typesupport_c.c.o[0m
[52.785s] [ 98%] [32m[1mLinking C shared library rosidl_generator_py/turtlesim/turtlesim_s__rosidl_typesupport_c.cpython-38-x86_64-linux-gnu.so[0m
[52.858s] [ 98%] Built target turtlesim__rosidl_typesupport_c__pyext
[53.918s] [100%] [32m[1mLinking CXX executable turtlesim_node[0m
[56.188s] [100%] Built target turtlesim_node
[56.208s] Invoked command in '/home/user1/ros2_ws/build/turtlesim' returned '0': CMAKE_PREFIX_PATH=/opt/ros/foxy /usr/bin/cmake --build /home/user1/ros2_ws/build/turtlesim -- -j2 -l2
[56.741s] Invoking command in '/home/user1/ros2_ws/build/turtlesim': CMAKE_PREFIX_PATH=/opt/ros/foxy /usr/bin/cmake --install /home/user1/ros2_ws/build/turtlesim
[56.759s] -- Install configuration: ""
[56.759s] -- Installing: /home/user1/ros2_ws/install/turtlesim/share/ament_index/resource_index/rosidl_interfaces/turtlesim
[56.759s] -- Installing: /home/user1/ros2_ws/install/turtlesim/include/turtlesim
[56.759s] -- Installing: /home/user1/ros2_ws/install/turtlesim/include/turtlesim/srv
[56.759s] -- Installing: /home/user1/ros2_ws/install/turtlesim/include/turtlesim/srv/detail
[56.759s] -- Installing: /home/user1/ros2_ws/install/turtlesim/include/turtlesim/srv/detail/teleport_relative__functions.h
[56.759s] -- Installing: /home/user1/ros2_ws/install/turtlesim/include/turtlesim/srv/detail/teleport_absolute__type_support.h
[56.759s] -- Installing: /home/user1/ros2_ws/install/turtlesim/include/turtlesim/srv/detail/teleport_relative__type_support.h
[56.759s] -- Installing: /home/user1/ros2_ws/install/turtlesim/include/turtlesim/srv/detail/teleport_relative__struct.h
[56.760s] -- Installing: /home/user1/ros2_ws/install/turtlesim/include/turtlesim/srv/detail/teleport_relative__functions.c
[56.760s] -- Installing: /home/user1/ros2_ws/install/turtlesim/include/turtlesim/srv/detail/set_pen__functions.c
[56.760s] -- Installing: /home/user1/ros2_ws/install/turtlesim/include/turtlesim/srv/detail/spawn__type_support.h
[56.760s] -- Installing: /home/user1/ros2_ws/install/turtlesim/include/turtlesim/srv/detail/kill__struct.h
[56.760s] -- Installing: /home/user1/ros2_ws/install/turtlesim/include/turtlesim/srv/detail/spawn__struct.h
[56.761s] -- Installing: /home/user1/ros2_ws/install/turtlesim/include/turtlesim/srv/detail/teleport_absolute__functions.c
[56.761s] -- Installing: /home/user1/ros2_ws/install/turtlesim/include/turtlesim/srv/detail/kill__functions.h
[56.761s] -- Installing: /home/user1/ros2_ws/install/turtlesim/include/turtlesim/srv/detail/spawn__functions.h
[56.761s] -- Installing: /home/user1/ros2_ws/install/turtlesim/include/turtlesim/srv/detail/teleport_absolute__struct.h
[56.761s] -- Installing: /home/user1/ros2_ws/install/turtlesim/include/turtlesim/srv/detail/set_pen__struct.h
[56.761s] -- Installing: /home/user1/ros2_ws/install/turtlesim/include/turtlesim/srv/detail/teleport_absolute__functions.h
[56.762s] -- Installing: /home/user1/ros2_ws/install/turtlesim/include/turtlesim/srv/detail/kill__functions.c
[56.762s] -- Installing: /home/user1/ros2_ws/install/turtlesim/include/turtlesim/srv/detail/set_pen__type_support.h
[56.762s] -- Installing: /home/user1/ros2_ws/install/turtlesim/include/turtlesim/srv/detail/kill__type_support.h
[56.762s] -- Installing: /home/user1/ros2_ws/install/turtlesim/include/turtlesim/srv/detail/spawn__functions.c
[56.762s] -- Installing: /home/user1/ros2_ws/install/turtlesim/include/turtlesim/srv/detail/set_pen__functions.h
[56.762s] -- Installing: /home/user1/ros2_ws/install/turtlesim/include/turtlesim/srv/spawn.h
[56.762s] -- Installing: /home/user1/ros2_ws/install/turtlesim/include/turtlesim/srv/kill.h
[56.762s] -- Installing: /home/user1/ros2_ws/install/turtlesim/include/turtlesim/srv/set_pen.h
[56.762s] -- Installing: /home/user1/ros2_ws/install/turtlesim/include/turtlesim/srv/teleport_absolute.h
[56.762s] -- Installing: /home/user1/ros2_ws/install/turtlesim/include/turtlesim/srv/teleport_relative.h
[56.762s] -- Installing: /home/user1/ros2_ws/install/turtlesim/include/turtlesim/action
[56.762s] -- Installing: /home/user1/ros2_ws/install/turtlesim/include/turtlesim/action/detail
[56.762s] -- Installing: /home/user1/ros2_ws/install/turtlesim/include/turtlesim/action/detail/rotate_absolute__functions.h
[56.763s] -- Installing: /home/user1/ros2_ws/install/turtlesim/include/turtlesim/action/detail/rotate_absolute__functions.c
[56.763s] -- Installing: /home/user1/ros2_ws/install/turtlesim/include/turtlesim/action/detail/rotate_absolute__type_support.h
[56.763s] -- Installing: /home/user1/ros2_ws/install/turtlesim/include/turtlesim/action/detail/rotate_absolute__struct.h
[56.763s] -- Installing: /home/user1/ros2_ws/install/turtlesim/include/turtlesim/action/rotate_absolute.h
[56.763s] -- Installing: /home/user1/ros2_ws/install/turtlesim/include/turtlesim/msg
[56.763s] -- Installing: /home/user1/ros2_ws/install/turtlesim/include/turtlesim/msg/detail
[56.763s] -- Installing: /home/user1/ros2_ws/install/turtlesim/include/turtlesim/msg/detail/pose__functions.c
[56.763s] -- Installing: /home/user1/ros2_ws/install/turtlesim/include/turtlesim/msg/detail/pose__type_support.h
[56.763s] -- Installing: /home/user1/ros2_ws/install/turtlesim/include/turtlesim/msg/detail/color__struct.h
[56.763s] -- Installing: /home/user1/ros2_ws/install/turtlesim/include/turtlesim/msg/detail/color__functions.h
[56.763s] -- Installing: /home/user1/ros2_ws/install/turtlesim/include/turtlesim/msg/detail/pose__struct.h
[56.763s] -- Installing: /home/user1/ros2_ws/install/turtlesim/include/turtlesim/msg/detail/color__type_support.h
[56.763s] -- Installing: /home/user1/ros2_ws/install/turtlesim/include/turtlesim/msg/detail/color__functions.c
[56.763s] -- Installing: /home/user1/ros2_ws/install/turtlesim/include/turtlesim/msg/detail/pose__functions.h
[56.763s] -- Installing: /home/user1/ros2_ws/install/turtlesim/include/turtlesim/msg/rosidl_generator_c__visibility_control.h
[56.763s] -- Installing: /home/user1/ros2_ws/install/turtlesim/include/turtlesim/msg/pose.h
[56.764s] -- Installing: /home/user1/ros2_ws/install/turtlesim/include/turtlesim/msg/color.h
[56.764s] -- Installing: /home/user1/ros2_ws/install/turtlesim/share/turtlesim/environment/library_path.sh
[56.764s] -- Installing: /home/user1/ros2_ws/install/turtlesim/share/turtlesim/environment/library_path.dsv
[56.764s] -- Installing: /home/user1/ros2_ws/install/turtlesim/lib/libturtlesim__rosidl_generator_c.so
[56.764s] -- Set runtime path of "/home/user1/ros2_ws/install/turtlesim/lib/libturtlesim__rosidl_generator_c.so" to ""
[56.764s] -- Up-to-date: /home/user1/ros2_ws/install/turtlesim/include/turtlesim
[56.765s] -- Up-to-date: /home/user1/ros2_ws/install/turtlesim/include/turtlesim/srv
[56.765s] -- Up-to-date: /home/user1/ros2_ws/install/turtlesim/include/turtlesim/srv/detail
[56.765s] -- Installing: /home/user1/ros2_ws/install/turtlesim/include/turtlesim/srv/detail/teleport_relative__rosidl_typesupport_fastrtps_c.h
[56.765s] -- Installing: /home/user1/ros2_ws/install/turtlesim/include/turtlesim/srv/detail/kill__rosidl_typesupport_fastrtps_c.h
[56.765s] -- Installing: /home/user1/ros2_ws/install/turtlesim/include/turtlesim/srv/detail/teleport_absolute__rosidl_typesupport_fastrtps_c.h
[56.766s] -- Installing: /home/user1/ros2_ws/install/turtlesim/include/turtlesim/srv/detail/spawn__rosidl_typesupport_fastrtps_c.h
[56.766s] -- Installing: /home/user1/ros2_ws/install/turtlesim/include/turtlesim/srv/detail/set_pen__rosidl_typesupport_fastrtps_c.h
[56.766s] -- Up-to-date: /home/user1/ros2_ws/install/turtlesim/include/turtlesim/action
[56.766s] -- Up-to-date: /home/user1/ros2_ws/install/turtlesim/include/turtlesim/action/detail
[56.766s] -- Installing: /home/user1/ros2_ws/install/turtlesim/include/turtlesim/action/detail/rotate_absolute__rosidl_typesupport_fastrtps_c.h
[56.766s] -- Up-to-date: /home/user1/ros2_ws/install/turtlesim/include/turtlesim/msg
[56.767s] -- Up-to-date: /home/user1/ros2_ws/install/turtlesim/include/turtlesim/msg/detail
[56.767s] -- Installing: /home/user1/ros2_ws/install/turtlesim/include/turtlesim/msg/detail/pose__rosidl_typesupport_fastrtps_c.h
[56.767s] -- Installing: /home/user1/ros2_ws/install/turtlesim/include/turtlesim/msg/detail/color__rosidl_typesupport_fastrtps_c.h
[56.767s] -- Installing: /home/user1/ros2_ws/install/turtlesim/include/turtlesim/msg/rosidl_typesupport_fastrtps_c__visibility_control.h
[56.767s] -- Installing: /home/user1/ros2_ws/install/turtlesim/lib/libturtlesim__rosidl_typesupport_fastrtps_c.so
[56.768s] -- Set runtime path of "/home/user1/ros2_ws/install/turtlesim/lib/libturtlesim__rosidl_typesupport_fastrtps_c.so" to ""
[56.768s] -- Up-to-date: /home/user1/ros2_ws/install/turtlesim/include/turtlesim
[56.768s] -- Up-to-date: /home/user1/ros2_ws/install/turtlesim/include/turtlesim/srv
[56.768s] -- Up-to-date: /home/user1/ros2_ws/install/turtlesim/include/turtlesim/srv/detail
[56.768s] -- Installing: /home/user1/ros2_ws/install/turtlesim/include/turtlesim/srv/detail/spawn__rosidl_typesupport_fastrtps_cpp.hpp
[56.768s] -- Installing: /home/user1/ros2_ws/install/turtlesim/include/turtlesim/srv/detail/kill__rosidl_typesupport_fastrtps_cpp.hpp
[56.768s] -- Installing: /home/user1/ros2_ws/install/turtlesim/include/turtlesim/srv/detail/set_pen__rosidl_typesupport_fastrtps_cpp.hpp
[56.768s] -- Installing: /home/user1/ros2_ws/install/turtlesim/include/turtlesim/srv/detail/teleport_absolute__rosidl_typesupport_fastrtps_cpp.hpp
[56.769s] -- Installing: /home/user1/ros2_ws/install/turtlesim/include/turtlesim/srv/detail/teleport_relative__rosidl_typesupport_fastrtps_cpp.hpp
[56.769s] -- Installing: /home/user1/ros2_ws/install/turtlesim/include/turtlesim/srv/detail/dds_fastrtps
[56.769s] -- Up-to-date: /home/user1/ros2_ws/install/turtlesim/include/turtlesim/action
[56.769s] -- Up-to-date: /home/user1/ros2_ws/install/turtlesim/include/turtlesim/action/detail
[56.769s] -- Installing: /home/user1/ros2_ws/install/turtlesim/include/turtlesim/action/detail/rotate_absolute__rosidl_typesupport_fastrtps_cpp.hpp
[56.769s] -- Installing: /home/user1/ros2_ws/install/turtlesim/include/turtlesim/action/detail/dds_fastrtps
[56.769s] -- Up-to-date: /home/user1/ros2_ws/install/turtlesim/include/turtlesim/msg
[56.769s] -- Up-to-date: /home/user1/ros2_ws/install/turtlesim/include/turtlesim/msg/detail
[56.769s] -- Installing: /home/user1/ros2_ws/install/turtlesim/include/turtlesim/msg/detail/color__rosidl_typesupport_fastrtps_cpp.hpp
[56.769s] -- Installing: /home/user1/ros2_ws/install/turtlesim/include/turtlesim/msg/detail/pose__rosidl_typesupport_fastrtps_cpp.hpp
[56.770s] -- Installing: /home/user1/ros2_ws/install/turtlesim/include/turtlesim/msg/detail/dds_fastrtps
[56.770s] -- Installing: /home/user1/ros2_ws/install/turtlesim/include/turtlesim/msg/rosidl_typesupport_fastrtps_cpp__visibility_control.h
[56.770s] -- Installing: /home/user1/ros2_ws/install/turtlesim/lib/libturtlesim__rosidl_typesupport_fastrtps_cpp.so
[56.771s] -- Set runtime path of "/home/user1/ros2_ws/install/turtlesim/lib/libturtlesim__rosidl_typesupport_fastrtps_cpp.so" to ""
[56.771s] -- Up-to-date: /home/user1/ros2_ws/install/turtlesim/include/turtlesim
[56.771s] -- Up-to-date: /home/user1/ros2_ws/install/turtlesim/include/turtlesim/srv
[56.771s] -- Up-to-date: /home/user1/ros2_ws/install/turtlesim/include/turtlesim/srv/detail
[56.771s] -- Installing: /home/user1/ros2_ws/install/turtlesim/include/turtlesim/srv/detail/spawn__type_support.c
[56.771s] -- Installing: /home/user1/ros2_ws/install/turtlesim/include/turtlesim/srv/detail/teleport_relative__rosidl_typesupport_introspection_c.h
[56.771s] -- Installing: /home/user1/ros2_ws/install/turtlesim/include/turtlesim/srv/detail/spawn__rosidl_typesupport_introspection_c.h
[56.771s] -- Installing: /home/user1/ros2_ws/install/turtlesim/include/turtlesim/srv/detail/kill__type_support.c
[56.772s] -- Installing: /home/user1/ros2_ws/install/turtlesim/include/turtlesim/srv/detail/teleport_absolute__type_support.c
[56.772s] -- Installing: /home/user1/ros2_ws/install/turtlesim/include/turtlesim/srv/detail/set_pen__type_support.c
[56.772s] -- Installing: /home/user1/ros2_ws/install/turtlesim/include/turtlesim/srv/detail/teleport_relative__type_support.c
[56.772s] -- Installing: /home/user1/ros2_ws/install/turtlesim/include/turtlesim/srv/detail/set_pen__rosidl_typesupport_introspection_c.h
[56.772s] -- Installing: /home/user1/ros2_ws/install/turtlesim/include/turtlesim/srv/detail/teleport_absolute__rosidl_typesupport_introspection_c.h
[56.772s] -- Installing: /home/user1/ros2_ws/install/turtlesim/include/turtlesim/srv/detail/kill__rosidl_typesupport_introspection_c.h
[56.773s] -- Up-to-date: /home/user1/ros2_ws/install/turtlesim/include/turtlesim/action
[56.773s] -- Up-to-date: /home/user1/ros2_ws/install/turtlesim/include/turtlesim/action/detail
[56.773s] -- Installing: /home/user1/ros2_ws/install/turtlesim/include/turtlesim/action/detail/rotate_absolute__type_support.c
[56.773s] -- Installing: /home/user1/ros2_ws/install/turtlesim/include/turtlesim/action/detail/rotate_absolute__rosidl_typesupport_introspection_c.h
[56.773s] -- Up-to-date: /home/user1/ros2_ws/install/turtlesim/include/turtlesim/msg
[56.773s] -- Up-to-date: /home/user1/ros2_ws/install/turtlesim/include/turtlesim/msg/detail
[56.773s] -- Installing: /home/user1/ros2_ws/install/turtlesim/include/turtlesim/msg/detail/color__rosidl_typesupport_introspection_c.h
[56.773s] -- Installing: /home/user1/ros2_ws/install/turtlesim/include/turtlesim/msg/detail/color__type_support.c
[56.773s] -- Installing: /home/user1/ros2_ws/install/turtlesim/include/turtlesim/msg/detail/pose__type_support.c
[56.774s] -- Installing: /home/user1/ros2_ws/install/turtlesim/include/turtlesim/msg/detail/pose__rosidl_typesupport_introspection_c.h
[56.774s] -- Installing: /home/user1/ros2_ws/install/turtlesim/include/turtlesim/msg/rosidl_typesupport_introspection_c__visibility_control.h
[56.774s] -- Installing: /home/user1/ros2_ws/install/turtlesim/lib/libturtlesim__rosidl_typesupport_introspection_c.so
[56.775s] -- Set runtime path of "/home/user1/ros2_ws/install/turtlesim/lib/libturtlesim__rosidl_typesupport_introspection_c.so" to ""
[56.775s] -- Installing: /home/user1/ros2_ws/install/turtlesim/lib/libturtlesim__rosidl_typesupport_c.so
[56.776s] -- Set runtime path of "/home/user1/ros2_ws/install/turtlesim/lib/libturtlesim__rosidl_typesupport_c.so" to ""
[56.776s] -- Up-to-date: /home/user1/ros2_ws/install/turtlesim/include/turtlesim
[56.776s] -- Up-to-date: /home/user1/ros2_ws/install/turtlesim/include/turtlesim/srv
[56.776s] -- Installing: /home/user1/ros2_ws/install/turtlesim/include/turtlesim/srv/spawn.hpp
[56.776s] -- Up-to-date: /home/user1/ros2_ws/install/turtlesim/include/turtlesim/srv/detail
[56.776s] -- Installing: /home/user1/ros2_ws/install/turtlesim/include/turtlesim/srv/detail/kill__traits.hpp
[56.776s] -- Installing: /home/user1/ros2_ws/install/turtlesim/include/turtlesim/srv/detail/spawn__struct.hpp
[56.776s] -- Installing: /home/user1/ros2_ws/install/turtlesim/include/turtlesim/srv/detail/spawn__type_support.hpp
[56.776s] -- Installing: /home/user1/ros2_ws/install/turtlesim/include/turtlesim/srv/detail/set_pen__type_support.hpp
[56.777s] -- Installing: /home/user1/ros2_ws/install/turtlesim/include/turtlesim/srv/detail/teleport_relative__type_support.hpp
[56.777s] -- Installing: /home/user1/ros2_ws/install/turtlesim/include/turtlesim/srv/detail/teleport_relative__struct.hpp
[56.777s] -- Installing: /home/user1/ros2_ws/install/turtlesim/include/turtlesim/srv/detail/spawn__traits.hpp
[56.777s] -- Installing: /home/user1/ros2_ws/install/turtlesim/include/turtlesim/srv/detail/kill__builder.hpp
[56.777s] -- Installing: /home/user1/ros2_ws/install/turtlesim/include/turtlesim/srv/detail/teleport_absolute__struct.hpp
[56.777s] -- Installing: /home/user1/ros2_ws/install/turtlesim/include/turtlesim/srv/detail/teleport_relative__builder.hpp
[56.778s] -- Installing: /home/user1/ros2_ws/install/turtlesim/include/turtlesim/srv/detail/set_pen__traits.hpp
[56.778s] -- Installing: /home/user1/ros2_ws/install/turtlesim/include/turtlesim/srv/detail/kill__struct.hpp
[56.778s] -- Installing: /home/user1/ros2_ws/install/turtlesim/include/turtlesim/srv/detail/teleport_absolute__builder.hpp
[56.778s] -- Installing: /home/user1/ros2_ws/install/turtlesim/include/turtlesim/srv/detail/teleport_absolute__type_support.hpp
[56.778s] -- Installing: /home/user1/ros2_ws/install/turtlesim/include/turtlesim/srv/detail/set_pen__builder.hpp
[56.778s] -- Installing: /home/user1/ros2_ws/install/turtlesim/include/turtlesim/srv/detail/kill__type_support.hpp
[56.778s] -- Installing: /home/user1/ros2_ws/install/turtlesim/include/turtlesim/srv/detail/teleport_absolute__traits.hpp
[56.779s] -- Installing: /home/user1/ros2_ws/install/turtlesim/include/turtlesim/srv/detail/teleport_relative__traits.hpp
[56.779s] -- Installing: /home/user1/ros2_ws/install/turtlesim/include/turtlesim/srv/detail/spawn__builder.hpp
[56.779s] -- Installing: /home/user1/ros2_ws/install/turtlesim/include/turtlesim/srv/detail/set_pen__struct.hpp
[56.779s] -- Installing: /home/user1/ros2_ws/install/turtlesim/include/turtlesim/srv/teleport_absolute.hpp
[56.779s] -- Installing: /home/user1/ros2_ws/install/turtlesim/include/turtlesim/srv/kill.hpp
[56.779s] -- Installing: /home/user1/ros2_ws/install/turtlesim/include/turtlesim/srv/set_pen.hpp
[56.779s] -- Installing: /home/user1/ros2_ws/install/turtlesim/include/turtlesim/srv/teleport_relative.hpp
[56.780s] -- Up-to-date: /home/user1/ros2_ws/install/turtlesim/include/turtlesim/action
[56.780s] -- Installing: /home/user1/ros2_ws/install/turtlesim/include/turtlesim/action/rotate_absolute.hpp
[56.780s] -- Up-to-date: /home/user1/ros2_ws/install/turtlesim/include/turtlesim/action/detail
[56.780s] -- Installing: /home/user1/ros2_ws/install/turtlesim/include/turtlesim/action/detail/rotate_absolute__traits.hpp
[56.780s] -- Installing: /home/user1/ros2_ws/install/turtlesim/include/turtlesim/action/detail/rotate_absolute__type_support.hpp
[56.780s] -- Installing: /home/user1/ros2_ws/install/turtlesim/include/turtlesim/action/detail/rotate_absolute__builder.hpp
[56.780s] -- Installing: /home/user1/ros2_ws/install/turtlesim/include/turtlesim/action/detail/rotate_absolute__struct.hpp
[56.780s] -- Up-to-date: /home/user1/ros2_ws/install/turtlesim/include/turtlesim/msg
[56.780s] -- Up-to-date: /home/user1/ros2_ws/install/turtlesim/include/turtlesim/msg/detail
[56.781s] -- Installing: /home/user1/ros2_ws/install/turtlesim/include/turtlesim/msg/detail/pose__struct.hpp
[56.781s] -- Installing: /home/user1/ros2_ws/install/turtlesim/include/turtlesim/msg/detail/pose__builder.hpp
[56.781s] -- Installing: /home/user1/ros2_ws/install/turtlesim/include/turtlesim/msg/detail/pose__traits.hpp
[56.781s] -- Installing: /home/user1/ros2_ws/install/turtlesim/include/turtlesim/msg/detail/color__builder.hpp
[56.781s] -- Installing: /home/user1/ros2_ws/install/turtlesim/include/turtlesim/msg/detail/color__type_support.hpp
[56.781s] -- Installing: /home/user1/ros2_ws/install/turtlesim/include/turtlesim/msg/detail/color__traits.hpp
[56.781s] -- Installing: /home/user1/ros2_ws/install/turtlesim/include/turtlesim/msg/detail/color__struct.hpp
[56.782s] -- Installing: /home/user1/ros2_ws/install/turtlesim/include/turtlesim/msg/detail/pose__type_support.hpp
[56.782s] -- Installing: /home/user1/ros2_ws/install/turtlesim/include/turtlesim/msg/pose.hpp
[56.782s] -- Installing: /home/user1/ros2_ws/install/turtlesim/include/turtlesim/msg/color.hpp
[56.782s] -- Installing: /home/user1/ros2_ws/install/turtlesim/include/turtlesim/msg/rosidl_generator_cpp__visibility_control.hpp
[56.782s] -- Up-to-date: /home/user1/ros2_ws/install/turtlesim/include/turtlesim
[56.782s] -- Up-to-date: /home/user1/ros2_ws/install/turtlesim/include/turtlesim/srv
[56.782s] -- Up-to-date: /home/user1/ros2_ws/install/turtlesim/include/turtlesim/srv/detail
[56.782s] -- Installing: /home/user1/ros2_ws/install/turtlesim/include/turtlesim/srv/detail/teleport_absolute__rosidl_typesupport_introspection_cpp.hpp
[56.783s] -- Installing: /home/user1/ros2_ws/install/turtlesim/include/turtlesim/srv/detail/set_pen__type_support.cpp
[56.783s] -- Installing: /home/user1/ros2_ws/install/turtlesim/include/turtlesim/srv/detail/spawn__rosidl_typesupport_introspection_cpp.hpp
[56.783s] -- Installing: /home/user1/ros2_ws/install/turtlesim/include/turtlesim/srv/detail/set_pen__rosidl_typesupport_introspection_cpp.hpp
[56.783s] -- Installing: /home/user1/ros2_ws/install/turtlesim/include/turtlesim/srv/detail/teleport_absolute__type_support.cpp
[56.783s] -- Installing: /home/user1/ros2_ws/install/turtlesim/include/turtlesim/srv/detail/kill__type_support.cpp
[56.783s] -- Installing: /home/user1/ros2_ws/install/turtlesim/include/turtlesim/srv/detail/teleport_relative__type_support.cpp
[56.783s] -- Installing: /home/user1/ros2_ws/install/turtlesim/include/turtlesim/srv/detail/spawn__type_support.cpp
[56.784s] -- Installing: /home/user1/ros2_ws/install/turtlesim/include/turtlesim/srv/detail/kill__rosidl_typesupport_introspection_cpp.hpp
[56.784s] -- Installing: /home/user1/ros2_ws/install/turtlesim/include/turtlesim/srv/detail/teleport_relative__rosidl_typesupport_introspection_cpp.hpp
[56.784s] -- Up-to-date: /home/user1/ros2_ws/install/turtlesim/include/turtlesim/action
[56.784s] -- Up-to-date: /home/user1/ros2_ws/install/turtlesim/include/turtlesim/action/detail
[56.784s] -- Installing: /home/user1/ros2_ws/install/turtlesim/include/turtlesim/action/detail/rotate_absolute__rosidl_typesupport_introspection_cpp.hpp
[56.784s] -- Installing: /home/user1/ros2_ws/install/turtlesim/include/turtlesim/action/detail/rotate_absolute__type_support.cpp
[56.784s] -- Up-to-date: /home/user1/ros2_ws/install/turtlesim/include/turtlesim/msg
[56.785s] -- Up-to-date: /home/user1/ros2_ws/install/turtlesim/include/turtlesim/msg/detail
[56.785s] -- Installing: /home/user1/ros2_ws/install/turtlesim/include/turtlesim/msg/detail/pose__type_support.cpp
[56.785s] -- Installing: /home/user1/ros2_ws/install/turtlesim/include/turtlesim/msg/detail/color__rosidl_typesupport_introspection_cpp.hpp
[56.785s] -- Installing: /home/user1/ros2_ws/install/turtlesim/include/turtlesim/msg/detail/color__type_support.cpp
[56.785s] -- Installing: /home/user1/ros2_ws/install/turtlesim/include/turtlesim/msg/detail/pose__rosidl_typesupport_introspection_cpp.hpp
[56.785s] -- Installing: /home/user1/ros2_ws/install/turtlesim/lib/libturtlesim__rosidl_typesupport_introspection_cpp.so
[56.786s] -- Set runtime path of "/home/user1/ros2_ws/install/turtlesim/lib/libturtlesim__rosidl_typesupport_introspection_cpp.so" to ""
[56.786s] -- Installing: /home/user1/ros2_ws/install/turtlesim/lib/libturtlesim__rosidl_typesupport_cpp.so
[56.787s] -- Set runtime path of "/home/user1/ros2_ws/install/turtlesim/lib/libturtlesim__rosidl_typesupport_cpp.so" to ""
[56.787s] -- Installing: /home/user1/ros2_ws/install/turtlesim/share/turtlesim/environment/pythonpath.sh
[56.787s] -- Installing: /home/user1/ros2_ws/install/turtlesim/share/turtlesim/environment/pythonpath.dsv
[56.787s] -- Installing: /home/user1/ros2_ws/install/turtlesim/lib/python3.8/site-packages/turtlesim/__init__.py
[56.826s] Compiling '/home/user1/ros2_ws/install/turtlesim/lib/python3.8/site-packages/turtlesim/__init__.py'...
[56.832s] -- Installing: /home/user1/ros2_ws/install/turtlesim/lib/python3.8/site-packages/turtlesim/action
[56.832s] -- Installing: /home/user1/ros2_ws/install/turtlesim/lib/python3.8/site-packages/turtlesim/action/_rotate_absolute.py
[56.832s] -- Installing: /home/user1/ros2_ws/install/turtlesim/lib/python3.8/site-packages/turtlesim/action/_rotate_absolute_s.c
[56.832s] -- Installing: /home/user1/ros2_ws/install/turtlesim/lib/python3.8/site-packages/turtlesim/action/__init__.py
[56.832s] -- Installing: /home/user1/ros2_ws/install/turtlesim/lib/python3.8/site-packages/turtlesim/msg
[56.833s] -- Installing: /home/user1/ros2_ws/install/turtlesim/lib/python3.8/site-packages/turtlesim/msg/_color.py
[56.833s] -- Installing: /home/user1/ros2_ws/install/turtlesim/lib/python3.8/site-packages/turtlesim/msg/_pose.py
[56.833s] -- Installing: /home/user1/ros2_ws/install/turtlesim/lib/python3.8/site-packages/turtlesim/msg/__init__.py
[56.833s] -- Installing: /home/user1/ros2_ws/install/turtlesim/lib/python3.8/site-packages/turtlesim/msg/_pose_s.c
[56.833s] -- Installing: /home/user1/ros2_ws/install/turtlesim/lib/python3.8/site-packages/turtlesim/msg/_color_s.c
[56.833s] -- Installing: /home/user1/ros2_ws/install/turtlesim/lib/python3.8/site-packages/turtlesim/srv
[56.833s] -- Installing: /home/user1/ros2_ws/install/turtlesim/lib/python3.8/site-packages/turtlesim/srv/_kill.py
[56.833s] -- Installing: /home/user1/ros2_ws/install/turtlesim/lib/python3.8/site-packages/turtlesim/srv/_set_pen_s.c
[56.833s] -- Installing: /home/user1/ros2_ws/install/turtlesim/lib/python3.8/site-packages/turtlesim/srv/_teleport_absolute.py
[56.834s] -- Installing: /home/user1/ros2_ws/install/turtlesim/lib/python3.8/site-packages/turtlesim/srv/_teleport_relative_s.c
[56.834s] -- Installing: /home/user1/ros2_ws/install/turtlesim/lib/python3.8/site-packages/turtlesim/srv/_teleport_absolute_s.c
[56.834s] -- Installing: /home/user1/ros2_ws/install/turtlesim/lib/python3.8/site-packages/turtlesim/srv/_teleport_relative.py
[56.834s] -- Installing: /home/user1/ros2_ws/install/turtlesim/lib/python3.8/site-packages/turtlesim/srv/_spawn.py
[56.834s] -- Installing: /home/user1/ros2_ws/install/turtlesim/lib/python3.8/site-packages/turtlesim/srv/_kill_s.c
[56.834s] -- Installing: /home/user1/ros2_ws/install/turtlesim/lib/python3.8/site-packages/turtlesim/srv/_set_pen.py
[56.835s] -- Installing: /home/user1/ros2_ws/install/turtlesim/lib/python3.8/site-packages/turtlesim/srv/_spawn_s.c
[56.835s] -- Installing: /home/user1/ros2_ws/install/turtlesim/lib/python3.8/site-packages/turtlesim/srv/__init__.py
[56.835s] -- Installing: /home/user1/ros2_ws/install/turtlesim/lib/python3.8/site-packages/turtlesim/turtlesim_s__rosidl_typesupport_fastrtps_c.cpython-38-x86_64-linux-gnu.so
[56.836s] -- Set runtime path of "/home/user1/ros2_ws/install/turtlesim/lib/python3.8/site-packages/turtlesim/turtlesim_s__rosidl_typesupport_fastrtps_c.cpython-38-x86_64-linux-gnu.so" to ""
[56.836s] -- Installing: /home/user1/ros2_ws/install/turtlesim/lib/python3.8/site-packages/turtlesim/turtlesim_s__rosidl_typesupport_introspection_c.cpython-38-x86_64-linux-gnu.so
[56.837s] -- Set runtime path of "/home/user1/ros2_ws/install/turtlesim/lib/python3.8/site-packages/turtlesim/turtlesim_s__rosidl_typesupport_introspection_c.cpython-38-x86_64-linux-gnu.so" to ""
[56.837s] -- Installing: /home/user1/ros2_ws/install/turtlesim/lib/python3.8/site-packages/turtlesim/turtlesim_s__rosidl_typesupport_c.cpython-38-x86_64-linux-gnu.so
[56.838s] -- Set runtime path of "/home/user1/ros2_ws/install/turtlesim/lib/python3.8/site-packages/turtlesim/turtlesim_s__rosidl_typesupport_c.cpython-38-x86_64-linux-gnu.so" to ""
[56.838s] -- Installing: /home/user1/ros2_ws/install/turtlesim/lib/libturtlesim__python.so
[56.839s] -- Set runtime path of "/home/user1/ros2_ws/install/turtlesim/lib/libturtlesim__python.so" to ""
[56.839s] -- Installing: /home/user1/ros2_ws/install/turtlesim/share/turtlesim/action/RotateAbsolute.idl
[56.839s] -- Installing: /home/user1/ros2_ws/install/turtlesim/share/turtlesim/msg/Color.idl
[56.839s] -- Installing: /home/user1/ros2_ws/install/turtlesim/share/turtlesim/msg/Pose.idl
[56.840s] -- Installing: /home/user1/ros2_ws/install/turtlesim/share/turtlesim/srv/Kill.idl
[56.840s] -- Installing: /home/user1/ros2_ws/install/turtlesim/share/turtlesim/srv/SetPen.idl
[56.840s] -- Installing: /home/user1/ros2_ws/install/turtlesim/share/turtlesim/srv/Spawn.idl
[56.840s] -- Installing: /home/user1/ros2_ws/install/turtlesim/share/turtlesim/srv/TeleportAbsolute.idl
[56.840s] -- Installing: /home/user1/ros2_ws/install/turtlesim/share/turtlesim/srv/TeleportRelative.idl
[56.841s] -- Installing: /home/user1/ros2_ws/install/turtlesim/share/turtlesim/action/RotateAbsolute.action
[56.841s] -- Installing: /home/user1/ros2_ws/install/turtlesim/share/turtlesim/msg/Color.msg
[56.841s] -- Installing: /home/user1/ros2_ws/install/turtlesim/share/turtlesim/msg/Pose.msg
[56.841s] -- Installing: /home/user1/ros2_ws/install/turtlesim/share/turtlesim/srv/Kill.srv
[56.841s] -- Installing: /home/user1/ros2_ws/install/turtlesim/share/turtlesim/srv/Kill_Request.msg
[56.842s] -- Installing: /home/user1/ros2_ws/install/turtlesim/share/turtlesim/srv/Kill_Response.msg
[56.842s] -- Installing: /home/user1/ros2_ws/install/turtlesim/share/turtlesim/srv/SetPen.srv
[56.842s] -- Installing: /home/user1/ros2_ws/install/turtlesim/share/turtlesim/srv/SetPen_Request.msg
[56.842s] -- Installing: /home/user1/ros2_ws/install/turtlesim/share/turtlesim/srv/SetPen_Response.msg
[56.843s] -- Installing: /home/user1/ros2_ws/install/turtlesim/share/turtlesim/srv/Spawn.srv
[56.843s] -- Installing: /home/user1/ros2_ws/install/turtlesim/share/turtlesim/srv/Spawn_Request.msg
[56.843s] -- Installing: /home/user1/ros2_ws/install/turtlesim/share/turtlesim/srv/Spawn_Response.msg
[56.843s] -- Installing: /home/user1/ros2_ws/install/turtlesim/share/turtlesim/srv/TeleportAbsolute.srv
[56.843s] -- Installing: /home/user1/ros2_ws/install/turtlesim/share/turtlesim/srv/TeleportAbsolute_Request.msg
[56.844s] -- Installing: /home/user1/ros2_ws/install/turtlesim/share/turtlesim/srv/TeleportAbsolute_Response.msg
[56.844s] -- Installing: /home/user1/ros2_ws/install/turtlesim/share/turtlesim/srv/TeleportRelative.srv
[56.844s] -- Installing: /home/user1/ros2_ws/install/turtlesim/share/turtlesim/srv/TeleportRelative_Request.msg
[56.844s] -- Installing: /home/user1/ros2_ws/install/turtlesim/share/turtlesim/srv/TeleportRelative_Response.msg
[56.845s] -- Installing: /home/user1/ros2_ws/install/turtlesim/lib/turtlesim/turtlesim_node
[56.850s] -- Set runtime path of "/home/user1/ros2_ws/install/turtlesim/lib/turtlesim/turtlesim_node" to ""
[56.850s] -- Installing: /home/user1/ros2_ws/install/turtlesim/lib/turtlesim/turtle_teleop_key
[56.853s] -- Set runtime path of "/home/user1/ros2_ws/install/turtlesim/lib/turtlesim/turtle_teleop_key" to ""
[56.853s] -- Installing: /home/user1/ros2_ws/install/turtlesim/lib/turtlesim/draw_square
[56.857s] -- Set runtime path of "/home/user1/ros2_ws/install/turtlesim/lib/turtlesim/draw_square" to ""
[56.857s] -- Installing: /home/user1/ros2_ws/install/turtlesim/lib/turtlesim/mimic
[56.860s] -- Set runtime path of "/home/user1/ros2_ws/install/turtlesim/lib/turtlesim/mimic" to ""
[56.860s] -- Installing: /home/user1/ros2_ws/install/turtlesim/share/turtlesim/images
[56.860s] -- Installing: /home/user1/ros2_ws/install/turtlesim/share/turtlesim/images/ardent.png
[56.861s] -- Installing: /home/user1/ros2_ws/install/turtlesim/share/turtlesim/images/dashing.png
[56.861s] -- Installing: /home/user1/ros2_ws/install/turtlesim/share/turtlesim/images/bouncy.png
[56.861s] -- Installing: /home/user1/ros2_ws/install/turtlesim/share/turtlesim/images/crystal.png
[56.861s] -- Installing: /home/user1/ros2_ws/install/turtlesim/share/turtlesim/images/foxy.png
[56.861s] -- Installing: /home/user1/ros2_ws/install/turtlesim/share/turtlesim/images/eloquent.png
[56.861s] -- Installing: /home/user1/ros2_ws/install/turtlesim/share/turtlesim/launch
[56.861s] -- Installing: /home/user1/ros2_ws/install/turtlesim/share/turtlesim/launch/multisim.launch.py
[56.862s] -- Installing: /home/user1/ros2_ws/install/turtlesim/share/ament_index/resource_index/package_run_dependencies/turtlesim
[56.862s] -- Installing: /home/user1/ros2_ws/install/turtlesim/share/ament_index/resource_index/parent_prefix_path/turtlesim
[56.862s] -- Installing: /home/user1/ros2_ws/install/turtlesim/share/turtlesim/environment/ament_prefix_path.sh
[56.863s] -- Installing: /home/user1/ros2_ws/install/turtlesim/share/turtlesim/environment/ament_prefix_path.dsv
[56.863s] -- Installing: /home/user1/ros2_ws/install/turtlesim/share/turtlesim/environment/path.sh
[56.863s] -- Installing: /home/user1/ros2_ws/install/turtlesim/share/turtlesim/environment/path.dsv
[56.863s] -- Installing: /home/user1/ros2_ws/install/turtlesim/share/turtlesim/local_setup.bash
[56.864s] -- Installing: /home/user1/ros2_ws/install/turtlesim/share/turtlesim/local_setup.sh
[56.864s] -- Installing: /home/user1/ros2_ws/install/turtlesim/share/turtlesim/local_setup.zsh
[56.864s] -- Installing: /home/user1/ros2_ws/install/turtlesim/share/turtlesim/local_setup.dsv
[56.864s] -- Installing: /home/user1/ros2_ws/install/turtlesim/share/turtlesim/package.dsv
[56.864s] -- Installing: /home/user1/ros2_ws/install/turtlesim/share/ament_index/resource_index/packages/turtlesim
[56.865s] -- Installing: /home/user1/ros2_ws/install/turtlesim/share/turtlesim/cmake/turtlesim__rosidl_generator_cExport.cmake
[56.865s] -- Installing: /home/user1/ros2_ws/install/turtlesim/share/turtlesim/cmake/turtlesim__rosidl_generator_cExport-noconfig.cmake
[56.865s] -- Installing: /home/user1/ros2_ws/install/turtlesim/share/turtlesim/cmake/turtlesim__rosidl_typesupport_introspection_cExport.cmake
[56.865s] -- Installing: /home/user1/ros2_ws/install/turtlesim/share/turtlesim/cmake/turtlesim__rosidl_typesupport_introspection_cExport-noconfig.cmake
[56.865s] -- Installing: /home/user1/ros2_ws/install/turtlesim/share/turtlesim/cmake/turtlesim__rosidl_typesupport_cExport.cmake
[56.865s] -- Installing: /home/user1/ros2_ws/install/turtlesim/share/turtlesim/cmake/turtlesim__rosidl_typesupport_cExport-noconfig.cmake
[56.866s] -- Installing: /home/user1/ros2_ws/install/turtlesim/share/turtlesim/cmake/turtlesim__rosidl_generator_cppExport.cmake
[56.866s] -- Installing: /home/user1/ros2_ws/install/turtlesim/share/turtlesim/cmake/turtlesim__rosidl_typesupport_introspection_cppExport.cmake
[56.866s] -- Installing: /home/user1/ros2_ws/install/turtlesim/share/turtlesim/cmake/turtlesim__rosidl_typesupport_introspection_cppExport-noconfig.cmake
[56.866s] -- Installing: /home/user1/ros2_ws/install/turtlesim/share/turtlesim/cmake/turtlesim__rosidl_typesupport_cppExport.cmake
[56.866s] -- Installing: /home/user1/ros2_ws/install/turtlesim/share/turtlesim/cmake/turtlesim__rosidl_typesupport_cppExport-noconfig.cmake
[56.867s] -- Installing: /home/user1/ros2_ws/install/turtlesim/share/turtlesim/cmake/rosidl_cmake-extras.cmake
[56.867s] -- Installing: /home/user1/ros2_ws/install/turtlesim/share/turtlesim/cmake/ament_cmake_export_dependencies-extras.cmake
[56.867s] -- Installing: /home/user1/ros2_ws/install/turtlesim/share/turtlesim/cmake/ament_cmake_export_libraries-extras.cmake
[56.867s] -- Installing: /home/user1/ros2_ws/install/turtlesim/share/turtlesim/cmake/ament_cmake_export_targets-extras.cmake
[56.867s] -- Installing: /home/user1/ros2_ws/install/turtlesim/share/turtlesim/cmake/ament_cmake_export_include_directories-extras.cmake
[56.867s] -- Installing: /home/user1/ros2_ws/install/turtlesim/share/turtlesim/cmake/rosidl_cmake_export_typesupport_libraries-extras.cmake
[56.867s] -- Installing: /home/user1/ros2_ws/install/turtlesim/share/turtlesim/cmake/rosidl_cmake_export_typesupport_targets-extras.cmake
[56.868s] -- Installing: /home/user1/ros2_ws/install/turtlesim/share/turtlesim/cmake/turtlesimConfig.cmake
[56.868s] -- Installing: /home/user1/ros2_ws/install/turtlesim/share/turtlesim/cmake/turtlesimConfig-version.cmake
[56.868s] -- Installing: /home/user1/ros2_ws/install/turtlesim/share/turtlesim/package.xml
[56.872s] Invoked command in '/home/user1/ros2_ws/build/turtlesim' returned '0': CMAKE_PREFIX_PATH=/opt/ros/foxy /usr/bin/cmake --install /home/user1/ros2_ws/build/turtlesim
