[0.043s] Invoking command in '/home/user1/ros2_ws/build/examples_rclcpp_multithreaded_executor': CMAKE_PREFIX_PATH=${CMAKE_PREFIX_PATH}:/home/user1/ros2_ws/install/examples_rclpy_minimal_subscriber:/home/user1/ros2_ws/install/examples_rclpy_minimal_service:/home/user1/ros2_ws/install/examples_rclpy_minimal_publisher:/home/user1/ros2_ws/install/examples_rclpy_minimal_client:/home/user1/ros2_ws/install/examples_rclpy_minimal_action_server:/home/user1/ros2_ws/install/examples_rclpy_minimal_action_client:/home/user1/ros2_ws/install/examples_rclpy_executors:/opt/ros/foxy /usr/bin/cmake --build /home/user1/ros2_ws/build/examples_rclcpp_multithreaded_executor -- -j2 -l2
[0.185s] [100%] Built target multithreaded_executor
[0.486s] Invoked command in '/home/user1/ros2_ws/build/examples_rclcpp_multithreaded_executor' returned '0': CMAKE_PREFIX_PATH=${CMAKE_PREFIX_PATH}:/home/user1/ros2_ws/install/examples_rclpy_minimal_subscriber:/home/user1/ros2_ws/install/examples_rclpy_minimal_service:/home/user1/ros2_ws/install/examples_rclpy_minimal_publisher:/home/user1/ros2_ws/install/examples_rclpy_minimal_client:/home/user1/ros2_ws/install/examples_rclpy_minimal_action_server:/home/user1/ros2_ws/install/examples_rclpy_minimal_action_client:/home/user1/ros2_ws/install/examples_rclpy_executors:/opt/ros/foxy /usr/bin/cmake --build /home/user1/ros2_ws/build/examples_rclcpp_multithreaded_executor -- -j2 -l2
[0.587s] Invoking command in '/home/user1/ros2_ws/build/examples_rclcpp_multithreaded_executor': CMAKE_PREFIX_PATH=${CMAKE_PREFIX_PATH}:/home/user1/ros2_ws/install/examples_rclpy_minimal_subscriber:/home/user1/ros2_ws/install/examples_rclpy_minimal_service:/home/user1/ros2_ws/install/examples_rclpy_minimal_publisher:/home/user1/ros2_ws/install/examples_rclpy_minimal_client:/home/user1/ros2_ws/install/examples_rclpy_minimal_action_server:/home/user1/ros2_ws/install/examples_rclpy_minimal_action_client:/home/user1/ros2_ws/install/examples_rclpy_executors:/opt/ros/foxy /usr/bin/cmake --install /home/user1/ros2_ws/build/examples_rclcpp_multithreaded_executor
[0.605s] -- Install configuration: ""
[0.606s] -- Execute custom install script
[0.608s] -- Up-to-date symlink: /home/user1/ros2_ws/install/examples_rclcpp_multithreaded_executor/lib/examples_rclcpp_multithreaded_executor/multithreaded_executor
[0.608s] -- Up-to-date symlink: /home/user1/ros2_ws/install/examples_rclcpp_multithreaded_executor/share/ament_index/resource_index/package_run_dependencies/examples_rclcpp_multithreaded_executor
[0.609s] -- Up-to-date symlink: /home/user1/ros2_ws/install/examples_rclcpp_multithreaded_executor/share/ament_index/resource_index/parent_prefix_path/examples_rclcpp_multithreaded_executor
[0.620s] -- Up-to-date symlink: /home/user1/ros2_ws/install/examples_rclcpp_multithreaded_executor/share/examples_rclcpp_multithreaded_executor/environment/ament_prefix_path.sh
[0.621s] -- Up-to-date symlink: /home/user1/ros2_ws/install/examples_rclcpp_multithreaded_executor/share/examples_rclcpp_multithreaded_executor/environment/ament_prefix_path.dsv
[0.621s] -- Up-to-date symlink: /home/user1/ros2_ws/install/examples_rclcpp_multithreaded_executor/share/examples_rclcpp_multithreaded_executor/environment/path.sh
[0.622s] -- Up-to-date symlink: /home/user1/ros2_ws/install/examples_rclcpp_multithreaded_executor/share/examples_rclcpp_multithreaded_executor/environment/path.dsv
[0.622s] -- Up-to-date symlink: /home/user1/ros2_ws/install/examples_rclcpp_multithreaded_executor/share/examples_rclcpp_multithreaded_executor/local_setup.bash
[0.624s] -- Up-to-date symlink: /home/user1/ros2_ws/install/examples_rclcpp_multithreaded_executor/share/examples_rclcpp_multithreaded_executor/local_setup.sh
[0.624s] -- Up-to-date symlink: /home/user1/ros2_ws/install/examples_rclcpp_multithreaded_executor/share/examples_rclcpp_multithreaded_executor/local_setup.zsh
[0.624s] -- Up-to-date symlink: /home/user1/ros2_ws/install/examples_rclcpp_multithreaded_executor/share/examples_rclcpp_multithreaded_executor/local_setup.dsv
[0.625s] -- Symlinking: /home/user1/ros2_ws/install/examples_rclcpp_multithreaded_executor/share/examples_rclcpp_multithreaded_executor/package.dsv
[0.642s] -- Up-to-date symlink: /home/user1/ros2_ws/install/examples_rclcpp_multithreaded_executor/share/ament_index/resource_index/packages/examples_rclcpp_multithreaded_executor
[0.642s] -- Up-to-date symlink: /home/user1/ros2_ws/install/examples_rclcpp_multithreaded_executor/share/examples_rclcpp_multithreaded_executor/cmake/examples_rclcpp_multithreaded_executorConfig.cmake
[0.643s] -- Up-to-date symlink: /home/user1/ros2_ws/install/examples_rclcpp_multithreaded_executor/share/examples_rclcpp_multithreaded_executor/cmake/examples_rclcpp_multithreaded_executorConfig-version.cmake
[0.643s] -- Up-to-date symlink: /home/user1/ros2_ws/install/examples_rclcpp_multithreaded_executor/share/examples_rclcpp_multithreaded_executor/package.xml
[0.647s] Invoked command in '/home/user1/ros2_ws/build/examples_rclcpp_multithreaded_executor' returned '0': CMAKE_PREFIX_PATH=${CMAKE_PREFIX_PATH}:/home/user1/ros2_ws/install/examples_rclpy_minimal_subscriber:/home/user1/ros2_ws/install/examples_rclpy_minimal_service:/home/user1/ros2_ws/install/examples_rclpy_minimal_publisher:/home/user1/ros2_ws/install/examples_rclpy_minimal_client:/home/user1/ros2_ws/install/examples_rclpy_minimal_action_server:/home/user1/ros2_ws/install/examples_rclpy_minimal_action_client:/home/user1/ros2_ws/install/examples_rclpy_executors:/opt/ros/foxy /usr/bin/cmake --install /home/user1/ros2_ws/build/examples_rclcpp_multithreaded_executor
