[1.137s] Invoking command in '/home/user1/ros2_ws/src/examples/rclpy/executors': PYTHONPATH=/home/user1/ros2_ws/build/examples_rclpy_executors/prefix_override:/usr/lib/python3/dist-packages/colcon_core/task/python/colcon_distutils_commands:/home/user1/ros2_ws/install/examples_rclpy_executors/lib/python3.8/site-packages:${PYTHONPATH} /usr/bin/python3 -W ignore:setup.py install is deprecated setup.py egg_info --egg-base ../../../../build/examples_rclpy_executors build --build-base /home/user1/ros2_ws/build/examples_rclpy_executors/build install --record /home/user1/ros2_ws/build/examples_rclpy_executors/install.log --install-scripts $base/lib/examples_rclpy_executors --single-version-externally-managed install_data
[1.544s] running egg_info
[1.545s] creating ../../../../build/examples_rclpy_executors/examples_rclpy_executors.egg-info
[1.545s] writing ../../../../build/examples_rclpy_executors/examples_rclpy_executors.egg-info/PKG-INFO
[1.546s] writing dependency_links to ../../../../build/examples_rclpy_executors/examples_rclpy_executors.egg-info/dependency_links.txt
[1.546s] writing entry points to ../../../../build/examples_rclpy_executors/examples_rclpy_executors.egg-info/entry_points.txt
[1.546s] writing requirements to ../../../../build/examples_rclpy_executors/examples_rclpy_executors.egg-info/requires.txt
[1.546s] writing top-level names to ../../../../build/examples_rclpy_executors/examples_rclpy_executors.egg-info/top_level.txt
[1.547s] writing manifest file '../../../../build/examples_rclpy_executors/examples_rclpy_executors.egg-info/SOURCES.txt'
[1.598s] reading manifest file '../../../../build/examples_rclpy_executors/examples_rclpy_executors.egg-info/SOURCES.txt'
[1.598s] writing manifest file '../../../../build/examples_rclpy_executors/examples_rclpy_executors.egg-info/SOURCES.txt'
[1.599s] running build
[1.599s] running build_py
[1.599s] creating /home/user1/ros2_ws/build/examples_rclpy_executors/build
[1.599s] creating /home/user1/ros2_ws/build/examples_rclpy_executors/build/lib
[1.599s] creating /home/user1/ros2_ws/build/examples_rclpy_executors/build/lib/examples_rclpy_executors
[1.599s] copying examples_rclpy_executors/custom_callback_group.py -> /home/user1/ros2_ws/build/examples_rclpy_executors/build/lib/examples_rclpy_executors
[1.599s] copying examples_rclpy_executors/composed.py -> /home/user1/ros2_ws/build/examples_rclpy_executors/build/lib/examples_rclpy_executors
[1.599s] copying examples_rclpy_executors/callback_group.py -> /home/user1/ros2_ws/build/examples_rclpy_executors/build/lib/examples_rclpy_executors
[1.599s] copying examples_rclpy_executors/listener.py -> /home/user1/ros2_ws/build/examples_rclpy_executors/build/lib/examples_rclpy_executors
[1.599s] copying examples_rclpy_executors/talker.py -> /home/user1/ros2_ws/build/examples_rclpy_executors/build/lib/examples_rclpy_executors
[1.599s] copying examples_rclpy_executors/__init__.py -> /home/user1/ros2_ws/build/examples_rclpy_executors/build/lib/examples_rclpy_executors
[1.600s] copying examples_rclpy_executors/custom_executor.py -> /home/user1/ros2_ws/build/examples_rclpy_executors/build/lib/examples_rclpy_executors
[1.600s] running install
[1.601s] running install_lib
[1.602s] creating /home/user1/ros2_ws/install/examples_rclpy_executors/lib/python3.8/site-packages/examples_rclpy_executors
[1.602s] copying /home/user1/ros2_ws/build/examples_rclpy_executors/build/lib/examples_rclpy_executors/custom_callback_group.py -> /home/user1/ros2_ws/install/examples_rclpy_executors/lib/python3.8/site-packages/examples_rclpy_executors
[1.602s] copying /home/user1/ros2_ws/build/examples_rclpy_executors/build/lib/examples_rclpy_executors/composed.py -> /home/user1/ros2_ws/install/examples_rclpy_executors/lib/python3.8/site-packages/examples_rclpy_executors
[1.602s] copying /home/user1/ros2_ws/build/examples_rclpy_executors/build/lib/examples_rclpy_executors/callback_group.py -> /home/user1/ros2_ws/install/examples_rclpy_executors/lib/python3.8/site-packages/examples_rclpy_executors
[1.602s] copying /home/user1/ros2_ws/build/examples_rclpy_executors/build/lib/examples_rclpy_executors/listener.py -> /home/user1/ros2_ws/install/examples_rclpy_executors/lib/python3.8/site-packages/examples_rclpy_executors
[1.602s] copying /home/user1/ros2_ws/build/examples_rclpy_executors/build/lib/examples_rclpy_executors/talker.py -> /home/user1/ros2_ws/install/examples_rclpy_executors/lib/python3.8/site-packages/examples_rclpy_executors
[1.602s] copying /home/user1/ros2_ws/build/examples_rclpy_executors/build/lib/examples_rclpy_executors/__init__.py -> /home/user1/ros2_ws/install/examples_rclpy_executors/lib/python3.8/site-packages/examples_rclpy_executors
[1.602s] copying /home/user1/ros2_ws/build/examples_rclpy_executors/build/lib/examples_rclpy_executors/custom_executor.py -> /home/user1/ros2_ws/install/examples_rclpy_executors/lib/python3.8/site-packages/examples_rclpy_executors
[1.603s] byte-compiling /home/user1/ros2_ws/install/examples_rclpy_executors/lib/python3.8/site-packages/examples_rclpy_executors/custom_callback_group.py to custom_callback_group.cpython-38.pyc
[1.605s] byte-compiling /home/user1/ros2_ws/install/examples_rclpy_executors/lib/python3.8/site-packages/examples_rclpy_executors/composed.py to composed.cpython-38.pyc
[1.605s] byte-compiling /home/user1/ros2_ws/install/examples_rclpy_executors/lib/python3.8/site-packages/examples_rclpy_executors/callback_group.py to callback_group.cpython-38.pyc
[1.606s] byte-compiling /home/user1/ros2_ws/install/examples_rclpy_executors/lib/python3.8/site-packages/examples_rclpy_executors/listener.py to listener.cpython-38.pyc
[1.606s] byte-compiling /home/user1/ros2_ws/install/examples_rclpy_executors/lib/python3.8/site-packages/examples_rclpy_executors/talker.py to talker.cpython-38.pyc
[1.607s] byte-compiling /home/user1/ros2_ws/install/examples_rclpy_executors/lib/python3.8/site-packages/examples_rclpy_executors/__init__.py to __init__.cpython-38.pyc
[1.607s] byte-compiling /home/user1/ros2_ws/install/examples_rclpy_executors/lib/python3.8/site-packages/examples_rclpy_executors/custom_executor.py to custom_executor.cpython-38.pyc
[1.608s] running install_data
[1.608s] creating /home/user1/ros2_ws/install/examples_rclpy_executors/share/ament_index
[1.609s] creating /home/user1/ros2_ws/install/examples_rclpy_executors/share/ament_index/resource_index
[1.609s] creating /home/user1/ros2_ws/install/examples_rclpy_executors/share/ament_index/resource_index/packages
[1.609s] copying resource/examples_rclpy_executors -> /home/user1/ros2_ws/install/examples_rclpy_executors/share/ament_index/resource_index/packages
[1.609s] copying package.xml -> /home/user1/ros2_ws/install/examples_rclpy_executors/share/examples_rclpy_executors
[1.609s] running install_egg_info
[1.611s] Copying ../../../../build/examples_rclpy_executors/examples_rclpy_executors.egg-info to /home/user1/ros2_ws/install/examples_rclpy_executors/lib/python3.8/site-packages/examples_rclpy_executors-0.9.4-py3.8.egg-info
[1.612s] running install_scripts
[1.636s] Installing callback_group script to /home/user1/ros2_ws/install/examples_rclpy_executors/lib/examples_rclpy_executors
[1.636s] Installing composed script to /home/user1/ros2_ws/install/examples_rclpy_executors/lib/examples_rclpy_executors
[1.636s] Installing custom_callback_group script to /home/user1/ros2_ws/install/examples_rclpy_executors/lib/examples_rclpy_executors
[1.637s] Installing custom_executor script to /home/user1/ros2_ws/install/examples_rclpy_executors/lib/examples_rclpy_executors
[1.637s] Installing listener script to /home/user1/ros2_ws/install/examples_rclpy_executors/lib/examples_rclpy_executors
[1.637s] Installing talker script to /home/user1/ros2_ws/install/examples_rclpy_executors/lib/examples_rclpy_executors
[1.637s] writing list of installed files to '/home/user1/ros2_ws/build/examples_rclpy_executors/install.log'
[1.667s] Invoked command in '/home/user1/ros2_ws/src/examples/rclpy/executors' returned '0': PYTHONPATH=/home/user1/ros2_ws/build/examples_rclpy_executors/prefix_override:/usr/lib/python3/dist-packages/colcon_core/task/python/colcon_distutils_commands:/home/user1/ros2_ws/install/examples_rclpy_executors/lib/python3.8/site-packages:${PYTHONPATH} /usr/bin/python3 -W ignore:setup.py install is deprecated setup.py egg_info --egg-base ../../../../build/examples_rclpy_executors build --build-base /home/user1/ros2_ws/build/examples_rclpy_executors/build install --record /home/user1/ros2_ws/build/examples_rclpy_executors/install.log --install-scripts $base/lib/examples_rclpy_executors --single-version-externally-managed install_data
