[0.023s] Invoking command in '/home/user1/ros2_ws/build/more_interfaces': CMAKE_PREFIX_PATH=${CMAKE_PREFIX_PATH}:/home/user1/ros2_ws/install/py_srvcli:/home/user1/ros2_ws/install/py_pubsub:/home/user1/ros2_ws/install/my_package:/home/user1/ros2_ws/install/examples_rclpy_minimal_subscriber:/home/user1/ros2_ws/install/examples_rclpy_minimal_service:/home/user1/ros2_ws/install/examples_rclpy_minimal_publisher:/home/user1/ros2_ws/install/examples_rclpy_minimal_client:/home/user1/ros2_ws/install/examples_rclpy_minimal_action_server:/home/user1/ros2_ws/install/examples_rclpy_minimal_action_client:/home/user1/ros2_ws/install/examples_rclpy_executors:/opt/ros/foxy /usr/bin/cmake /home/user1/ros2_ws/src/more_interfaces -DCMAKE_INSTALL_PREFIX=/home/user1/ros2_ws/install/more_interfaces
[0.537s] -- The C compiler identification is GNU 9.4.0
[0.923s] -- The CXX compiler identification is GNU 9.4.0
[0.948s] -- Check for working C compiler: /usr/bin/cc
[1.160s] -- Check for working C compiler: /usr/bin/cc -- works
[1.165s] -- Detecting C compiler ABI info
[1.301s] -- Detecting C compiler ABI info - done
[1.335s] -- Detecting C compile features
[1.337s] -- Detecting C compile features - done
[1.348s] -- Check for working CXX compiler: /usr/bin/c++
[1.537s] -- Check for working CXX compiler: /usr/bin/c++ -- works
[1.541s] -- Detecting CXX compiler ABI info
[1.712s] -- Detecting CXX compiler ABI info - done
[1.722s] -- Detecting CXX compile features
[1.722s] -- Detecting CXX compile features - done
[1.746s] -- Found ament_cmake: 0.9.12 (/opt/ros/foxy/share/ament_cmake/cmake)
[1.833s] -- Found PythonInterp: /usr/bin/python3 (found suitable version "3.8.10", minimum required is "3") 
[1.834s] -- Using PYTHON_EXECUTABLE: /usr/bin/python3
[2.274s] -- Found rosidl_default_generators: 1.0.1 (/opt/ros/foxy/share/rosidl_default_generators/cmake)
[2.296s] -- Using all available rosidl_typesupport_c: rosidl_typesupport_fastrtps_c;rosidl_typesupport_introspection_c
[2.331s] -- Found rosidl_adapter: 1.3.1 (/opt/ros/foxy/share/rosidl_adapter/cmake)
[2.620s] -- Found OpenSSL: /usr/lib/x86_64-linux-gnu/libcrypto.so (found version "1.1.1f")  
[2.694s] -- Found FastRTPS: /opt/ros/foxy/include  
[2.892s] -- Using all available rosidl_typesupport_cpp: rosidl_typesupport_fastrtps_cpp;rosidl_typesupport_introspection_cpp
[3.005s] -- Found PythonInterp: /usr/bin/python3 (found version "3.8.10") 
[3.206s] -- Found ament_cmake_ros: 0.9.2 (/opt/ros/foxy/share/ament_cmake_ros/cmake)
[3.351s] -- Using all available rosidl_typesupport_c: rosidl_typesupport_fastrtps_c;rosidl_typesupport_introspection_c
[3.365s] -- Using all available rosidl_typesupport_cpp: rosidl_typesupport_fastrtps_cpp;rosidl_typesupport_introspection_cpp
[3.393s] -- Found PythonInterp: /usr/bin/python3 (found suitable version "3.8.10", minimum required is "3.5") 
[3.399s] -- Found python_cmake_module: 0.8.1 (/opt/ros/foxy/share/python_cmake_module/cmake)
[3.445s] -- Found PythonLibs: /usr/lib/x86_64-linux-gnu/libpython3.8.so (found suitable version "3.8.10", minimum required is "3.5") 
[3.445s] -- Using PYTHON_EXECUTABLE: /usr/bin/python3
[3.445s] -- Using PYTHON_INCLUDE_DIRS: /usr/include/python3.8
[3.445s] -- Using PYTHON_LIBRARIES: /usr/lib/x86_64-linux-gnu/libpython3.8.so
[3.471s] -- Found PythonExtra: .so  
[3.544s] -- Found rclcpp: 2.4.3 (/opt/ros/foxy/share/rclcpp/cmake)
[3.676s] -- Found rmw_implementation_cmake: 1.0.4 (/opt/ros/foxy/share/rmw_implementation_cmake/cmake)
[3.681s] -- Using RMW implementation 'rmw_fastrtps_cpp' as default
[3.684s] -- Looking for pthread.h
[3.794s] -- Looking for pthread.h - found
[3.794s] -- Performing Test CMAKE_HAVE_LIBC_PTHREAD
[3.902s] -- Performing Test CMAKE_HAVE_LIBC_PTHREAD - Failed
[3.902s] -- Looking for pthread_create in pthreads
[4.009s] -- Looking for pthread_create in pthreads - not found
[4.009s] -- Looking for pthread_create in pthread
[4.159s] -- Looking for pthread_create in pthread - found
[4.160s] -- Found Threads: TRUE  
[4.413s] -- Found ament_lint_auto: 0.9.8 (/opt/ros/foxy/share/ament_lint_auto/cmake)
[4.500s] -- Added test 'copyright' to check source files copyright and LICENSE
[4.502s] -- Added test 'cppcheck' to perform static code analysis on C / C++ code
[4.503s] -- Configured cppcheck include dirs: 
[4.503s] -- Configured cppcheck exclude dirs and/or files: 
[4.505s] -- Added test 'cpplint' to check C / C++ code against the Google style
[4.505s] -- Configured cpplint exclude dirs and/or files: 
[4.507s] -- Added test 'lint_cmake' to check CMake code style
[4.510s] -- Added test 'uncrustify' to check C / C++ code style
[4.511s] -- Configured uncrustify additional arguments: 
[4.514s] -- Added test 'xmllint' to check XML markup files
[4.524s] -- Configuring done
[4.586s] -- Generating done
[4.590s] -- Build files have been written to: /home/user1/ros2_ws/build/more_interfaces
[4.603s] Invoked command in '/home/user1/ros2_ws/build/more_interfaces' returned '0': CMAKE_PREFIX_PATH=${CMAKE_PREFIX_PATH}:/home/user1/ros2_ws/install/py_srvcli:/home/user1/ros2_ws/install/py_pubsub:/home/user1/ros2_ws/install/my_package:/home/user1/ros2_ws/install/examples_rclpy_minimal_subscriber:/home/user1/ros2_ws/install/examples_rclpy_minimal_service:/home/user1/ros2_ws/install/examples_rclpy_minimal_publisher:/home/user1/ros2_ws/install/examples_rclpy_minimal_client:/home/user1/ros2_ws/install/examples_rclpy_minimal_action_server:/home/user1/ros2_ws/install/examples_rclpy_minimal_action_client:/home/user1/ros2_ws/install/examples_rclpy_executors:/opt/ros/foxy /usr/bin/cmake /home/user1/ros2_ws/src/more_interfaces -DCMAKE_INSTALL_PREFIX=/home/user1/ros2_ws/install/more_interfaces
[4.608s] Invoking command in '/home/user1/ros2_ws/build/more_interfaces': CMAKE_PREFIX_PATH=${CMAKE_PREFIX_PATH}:/home/user1/ros2_ws/install/py_srvcli:/home/user1/ros2_ws/install/py_pubsub:/home/user1/ros2_ws/install/my_package:/home/user1/ros2_ws/install/examples_rclpy_minimal_subscriber:/home/user1/ros2_ws/install/examples_rclpy_minimal_service:/home/user1/ros2_ws/install/examples_rclpy_minimal_publisher:/home/user1/ros2_ws/install/examples_rclpy_minimal_client:/home/user1/ros2_ws/install/examples_rclpy_minimal_action_server:/home/user1/ros2_ws/install/examples_rclpy_minimal_action_client:/home/user1/ros2_ws/install/examples_rclpy_executors:/opt/ros/foxy /usr/bin/cmake --build /home/user1/ros2_ws/build/more_interfaces -- -j2 -l2
[4.701s] [35m[1mScanning dependencies of target more_interfaces__cpp[0m
[4.705s] [  3%] [34m[1mGenerating C code for ROS interfaces[0m
[4.722s] [  6%] [34m[1mGenerating C++ code for ROS interfaces[0m
[5.112s] [  6%] Built target more_interfaces__cpp
[5.138s] [  9%] [34m[1mGenerating C++ introspection for ROS interfaces[0m
[5.140s] [35m[1mScanning dependencies of target more_interfaces__rosidl_generator_c[0m
[5.170s] [ 12%] [32mBuilding C object CMakeFiles/more_interfaces__rosidl_generator_c.dir/rosidl_generator_c/more_interfaces/msg/detail/address_book__functions.c.o[0m
[5.271s] [ 15%] [32m[1mLinking C shared library libmore_interfaces__rosidl_generator_c.so[0m
[5.337s] [ 15%] Built target more_interfaces__rosidl_generator_c
[5.364s] [ 18%] [34m[1mGenerating C++ type support dispatch for ROS interfaces[0m
[5.494s] [35m[1mScanning dependencies of target more_interfaces__rosidl_typesupport_introspection_cpp[0m
[5.566s] [ 21%] [32mBuilding CXX object CMakeFiles/more_interfaces__rosidl_typesupport_introspection_cpp.dir/rosidl_typesupport_introspection_cpp/more_interfaces/msg/detail/address_book__type_support.cpp.o[0m
[5.661s] [35m[1mScanning dependencies of target more_interfaces__rosidl_typesupport_cpp[0m
[5.688s] [ 24%] [32mBuilding CXX object CMakeFiles/more_interfaces__rosidl_typesupport_cpp.dir/rosidl_typesupport_cpp/more_interfaces/msg/address_book__type_support.cpp.o[0m
[6.201s] [ 27%] [32m[1mLinking CXX shared library libmore_interfaces__rosidl_typesupport_introspection_cpp.so[0m
[6.260s] [ 30%] [32m[1mLinking CXX shared library libmore_interfaces__rosidl_typesupport_cpp.so[0m
[6.302s] [ 30%] Built target more_interfaces__rosidl_typesupport_introspection_cpp
[6.318s] [ 33%] [34m[1mGenerating C type support dispatch for ROS interfaces[0m
[6.336s] [ 33%] Built target more_interfaces__rosidl_typesupport_cpp
[6.357s] [ 36%] [34m[1mGenerating C++ type support for eProsima Fast-RTPS[0m
[6.596s] [35m[1mScanning dependencies of target more_interfaces__rosidl_typesupport_c[0m
[6.619s] [ 39%] [32mBuilding CXX object CMakeFiles/more_interfaces__rosidl_typesupport_c.dir/rosidl_typesupport_c/more_interfaces/msg/address_book__type_support.cpp.o[0m
[6.667s] [35m[1mScanning dependencies of target more_interfaces__rosidl_typesupport_fastrtps_cpp[0m
[6.674s] [ 42%] [32m[1mLinking CXX shared library libmore_interfaces__rosidl_typesupport_c.so[0m
[6.704s] [ 45%] [32mBuilding CXX object CMakeFiles/more_interfaces__rosidl_typesupport_fastrtps_cpp.dir/rosidl_typesupport_fastrtps_cpp/more_interfaces/msg/detail/dds_fastrtps/address_book__type_support.cpp.o[0m
[6.738s] [ 45%] Built target more_interfaces__rosidl_typesupport_c
[6.755s] [ 48%] [34m[1mGenerating C introspection for ROS interfaces[0m
[7.051s] [35m[1mScanning dependencies of target more_interfaces__rosidl_typesupport_introspection_c[0m
[7.073s] [ 51%] [32mBuilding C object CMakeFiles/more_interfaces__rosidl_typesupport_introspection_c.dir/rosidl_typesupport_introspection_c/more_interfaces/msg/detail/address_book__type_support.c.o[0m
[7.127s] [ 54%] [32m[1mLinking C shared library libmore_interfaces__rosidl_typesupport_introspection_c.so[0m
[7.182s] [ 54%] Built target more_interfaces__rosidl_typesupport_introspection_c
[7.299s] [ 57%] [32m[1mLinking CXX shared library libmore_interfaces__rosidl_typesupport_fastrtps_cpp.so[0m
[7.451s] [ 57%] Built target more_interfaces__rosidl_typesupport_fastrtps_cpp
[7.471s] [ 60%] [34m[1mGenerating C type support for eProsima Fast-RTPS[0m
[7.808s] [35m[1mScanning dependencies of target more_interfaces__rosidl_typesupport_fastrtps_c[0m
[7.832s] [ 63%] [32mBuilding CXX object CMakeFiles/more_interfaces__rosidl_typesupport_fastrtps_c.dir/rosidl_typesupport_fastrtps_c/more_interfaces/msg/detail/address_book__type_support_c.cpp.o[0m
[8.344s] [ 66%] [32m[1mLinking CXX shared library libmore_interfaces__rosidl_typesupport_fastrtps_c.so[0m
[8.485s] [ 66%] Built target more_interfaces__rosidl_typesupport_fastrtps_c
[8.507s] [35m[1mScanning dependencies of target more_interfaces[0m
[8.524s] [ 66%] Built target more_interfaces
[8.552s] [35m[1mScanning dependencies of target more_interfaces__py[0m
[8.553s] [35m[1mScanning dependencies of target publish_address_book[0m
[8.585s] [ 69%] [34m[1mGenerating Python code for ROS interfaces[0m
[8.774s] [ 72%] [32mBuilding CXX object CMakeFiles/publish_address_book.dir/src/publish_address_book.cpp.o[0m
[9.449s] [ 72%] Built target more_interfaces__py
[9.475s] [35m[1mScanning dependencies of target more_interfaces__python[0m
[9.557s] [ 75%] [32mBuilding C object CMakeFiles/more_interfaces__python.dir/rosidl_generator_py/more_interfaces/msg/_address_book_s.c.o[0m
[9.751s] [ 78%] [32m[1mLinking C shared library rosidl_generator_py/more_interfaces/libmore_interfaces__python.so[0m
[9.831s] [ 78%] Built target more_interfaces__python
[9.867s] [35m[1mScanning dependencies of target more_interfaces__rosidl_typesupport_c__pyext[0m
[9.904s] [ 81%] [32mBuilding C object CMakeFiles/more_interfaces__rosidl_typesupport_c__pyext.dir/rosidl_generator_py/more_interfaces/_more_interfaces_s.ep.rosidl_typesupport_c.c.o[0m
[10.043s] [ 84%] [32m[1mLinking C shared library rosidl_generator_py/more_interfaces/more_interfaces_s__rosidl_typesupport_c.cpython-38-x86_64-linux-gnu.so[0m
[10.133s] [ 84%] Built target more_interfaces__rosidl_typesupport_c__pyext
[10.151s] [35m[1mScanning dependencies of target more_interfaces__rosidl_typesupport_introspection_c__pyext[0m
[10.196s] [ 87%] [32mBuilding C object CMakeFiles/more_interfaces__rosidl_typesupport_introspection_c__pyext.dir/rosidl_generator_py/more_interfaces/_more_interfaces_s.ep.rosidl_typesupport_introspection_c.c.o[0m
[10.356s] [ 90%] [32m[1mLinking C shared library rosidl_generator_py/more_interfaces/more_interfaces_s__rosidl_typesupport_introspection_c.cpython-38-x86_64-linux-gnu.so[0m
[10.416s] [ 90%] Built target more_interfaces__rosidl_typesupport_introspection_c__pyext
[10.436s] [35m[1mScanning dependencies of target more_interfaces__rosidl_typesupport_fastrtps_c__pyext[0m
[10.465s] [ 93%] [32mBuilding C object CMakeFiles/more_interfaces__rosidl_typesupport_fastrtps_c__pyext.dir/rosidl_generator_py/more_interfaces/_more_interfaces_s.ep.rosidl_typesupport_fastrtps_c.c.o[0m
[10.613s] [ 96%] [32m[1mLinking CXX shared library rosidl_generator_py/more_interfaces/more_interfaces_s__rosidl_typesupport_fastrtps_c.cpython-38-x86_64-linux-gnu.so[0m
[10.732s] [ 96%] Built target more_interfaces__rosidl_typesupport_fastrtps_c__pyext
[15.119s] [100%] [32m[1mLinking CXX executable publish_address_book[0m
[15.371s] [100%] Built target publish_address_book
[15.386s] Invoked command in '/home/user1/ros2_ws/build/more_interfaces' returned '0': CMAKE_PREFIX_PATH=${CMAKE_PREFIX_PATH}:/home/user1/ros2_ws/install/py_srvcli:/home/user1/ros2_ws/install/py_pubsub:/home/user1/ros2_ws/install/my_package:/home/user1/ros2_ws/install/examples_rclpy_minimal_subscriber:/home/user1/ros2_ws/install/examples_rclpy_minimal_service:/home/user1/ros2_ws/install/examples_rclpy_minimal_publisher:/home/user1/ros2_ws/install/examples_rclpy_minimal_client:/home/user1/ros2_ws/install/examples_rclpy_minimal_action_server:/home/user1/ros2_ws/install/examples_rclpy_minimal_action_client:/home/user1/ros2_ws/install/examples_rclpy_executors:/opt/ros/foxy /usr/bin/cmake --build /home/user1/ros2_ws/build/more_interfaces -- -j2 -l2
[15.527s] Invoking command in '/home/user1/ros2_ws/build/more_interfaces': CMAKE_PREFIX_PATH=${CMAKE_PREFIX_PATH}:/home/user1/ros2_ws/install/py_srvcli:/home/user1/ros2_ws/install/py_pubsub:/home/user1/ros2_ws/install/my_package:/home/user1/ros2_ws/install/examples_rclpy_minimal_subscriber:/home/user1/ros2_ws/install/examples_rclpy_minimal_service:/home/user1/ros2_ws/install/examples_rclpy_minimal_publisher:/home/user1/ros2_ws/install/examples_rclpy_minimal_client:/home/user1/ros2_ws/install/examples_rclpy_minimal_action_server:/home/user1/ros2_ws/install/examples_rclpy_minimal_action_client:/home/user1/ros2_ws/install/examples_rclpy_executors:/opt/ros/foxy /usr/bin/cmake --install /home/user1/ros2_ws/build/more_interfaces
[15.544s] -- Install configuration: ""
[15.544s] -- Installing: /home/user1/ros2_ws/install/more_interfaces/share/ament_index/resource_index/rosidl_interfaces/more_interfaces
[15.544s] -- Installing: /home/user1/ros2_ws/install/more_interfaces/include/more_interfaces
[15.545s] -- Installing: /home/user1/ros2_ws/install/more_interfaces/include/more_interfaces/msg
[15.545s] -- Installing: /home/user1/ros2_ws/install/more_interfaces/include/more_interfaces/msg/detail
[15.545s] -- Installing: /home/user1/ros2_ws/install/more_interfaces/include/more_interfaces/msg/detail/address_book__struct.h
[15.545s] -- Installing: /home/user1/ros2_ws/install/more_interfaces/include/more_interfaces/msg/detail/address_book__type_support.h
[15.546s] -- Installing: /home/user1/ros2_ws/install/more_interfaces/include/more_interfaces/msg/detail/address_book__functions.c
[15.546s] -- Installing: /home/user1/ros2_ws/install/more_interfaces/include/more_interfaces/msg/detail/address_book__functions.h
[15.546s] -- Installing: /home/user1/ros2_ws/install/more_interfaces/include/more_interfaces/msg/rosidl_generator_c__visibility_control.h
[15.546s] -- Installing: /home/user1/ros2_ws/install/more_interfaces/include/more_interfaces/msg/address_book.h
[15.546s] -- Installing: /home/user1/ros2_ws/install/more_interfaces/share/more_interfaces/environment/library_path.sh
[15.546s] -- Installing: /home/user1/ros2_ws/install/more_interfaces/share/more_interfaces/environment/library_path.dsv
[15.547s] -- Installing: /home/user1/ros2_ws/install/more_interfaces/lib/libmore_interfaces__rosidl_generator_c.so
[15.547s] -- Set runtime path of "/home/user1/ros2_ws/install/more_interfaces/lib/libmore_interfaces__rosidl_generator_c.so" to ""
[15.547s] -- Up-to-date: /home/user1/ros2_ws/install/more_interfaces/include/more_interfaces
[15.547s] -- Up-to-date: /home/user1/ros2_ws/install/more_interfaces/include/more_interfaces/msg
[15.548s] -- Up-to-date: /home/user1/ros2_ws/install/more_interfaces/include/more_interfaces/msg/detail
[15.548s] -- Installing: /home/user1/ros2_ws/install/more_interfaces/include/more_interfaces/msg/detail/address_book__rosidl_typesupport_fastrtps_c.h
[15.548s] -- Installing: /home/user1/ros2_ws/install/more_interfaces/include/more_interfaces/msg/rosidl_typesupport_fastrtps_c__visibility_control.h
[15.548s] -- Installing: /home/user1/ros2_ws/install/more_interfaces/lib/libmore_interfaces__rosidl_typesupport_fastrtps_c.so
[15.549s] -- Set runtime path of "/home/user1/ros2_ws/install/more_interfaces/lib/libmore_interfaces__rosidl_typesupport_fastrtps_c.so" to ""
[15.549s] -- Up-to-date: /home/user1/ros2_ws/install/more_interfaces/include/more_interfaces
[15.549s] -- Up-to-date: /home/user1/ros2_ws/install/more_interfaces/include/more_interfaces/msg
[15.549s] -- Up-to-date: /home/user1/ros2_ws/install/more_interfaces/include/more_interfaces/msg/detail
[15.549s] -- Installing: /home/user1/ros2_ws/install/more_interfaces/include/more_interfaces/msg/detail/address_book__rosidl_typesupport_fastrtps_cpp.hpp
[15.549s] -- Installing: /home/user1/ros2_ws/install/more_interfaces/include/more_interfaces/msg/detail/dds_fastrtps
[15.549s] -- Installing: /home/user1/ros2_ws/install/more_interfaces/include/more_interfaces/msg/rosidl_typesupport_fastrtps_cpp__visibility_control.h
[15.549s] -- Installing: /home/user1/ros2_ws/install/more_interfaces/lib/libmore_interfaces__rosidl_typesupport_fastrtps_cpp.so
[15.550s] -- Set runtime path of "/home/user1/ros2_ws/install/more_interfaces/lib/libmore_interfaces__rosidl_typesupport_fastrtps_cpp.so" to ""
[15.550s] -- Up-to-date: /home/user1/ros2_ws/install/more_interfaces/include/more_interfaces
[15.550s] -- Up-to-date: /home/user1/ros2_ws/install/more_interfaces/include/more_interfaces/msg
[15.551s] -- Up-to-date: /home/user1/ros2_ws/install/more_interfaces/include/more_interfaces/msg/detail
[15.551s] -- Installing: /home/user1/ros2_ws/install/more_interfaces/include/more_interfaces/msg/detail/address_book__rosidl_typesupport_introspection_c.h
[15.551s] -- Installing: /home/user1/ros2_ws/install/more_interfaces/include/more_interfaces/msg/detail/address_book__type_support.c
[15.551s] -- Installing: /home/user1/ros2_ws/install/more_interfaces/include/more_interfaces/msg/rosidl_typesupport_introspection_c__visibility_control.h
[15.551s] -- Installing: /home/user1/ros2_ws/install/more_interfaces/lib/libmore_interfaces__rosidl_typesupport_introspection_c.so
[15.552s] -- Set runtime path of "/home/user1/ros2_ws/install/more_interfaces/lib/libmore_interfaces__rosidl_typesupport_introspection_c.so" to ""
[15.552s] -- Installing: /home/user1/ros2_ws/install/more_interfaces/lib/libmore_interfaces__rosidl_typesupport_c.so
[15.552s] -- Set runtime path of "/home/user1/ros2_ws/install/more_interfaces/lib/libmore_interfaces__rosidl_typesupport_c.so" to ""
[15.553s] -- Up-to-date: /home/user1/ros2_ws/install/more_interfaces/include/more_interfaces
[15.553s] -- Up-to-date: /home/user1/ros2_ws/install/more_interfaces/include/more_interfaces/msg
[15.553s] -- Up-to-date: /home/user1/ros2_ws/install/more_interfaces/include/more_interfaces/msg/detail
[15.553s] -- Installing: /home/user1/ros2_ws/install/more_interfaces/include/more_interfaces/msg/detail/address_book__builder.hpp
[15.553s] -- Installing: /home/user1/ros2_ws/install/more_interfaces/include/more_interfaces/msg/detail/address_book__traits.hpp
[15.553s] -- Installing: /home/user1/ros2_ws/install/more_interfaces/include/more_interfaces/msg/detail/address_book__struct.hpp
[15.553s] -- Installing: /home/user1/ros2_ws/install/more_interfaces/include/more_interfaces/msg/detail/address_book__type_support.hpp
[15.553s] -- Installing: /home/user1/ros2_ws/install/more_interfaces/include/more_interfaces/msg/address_book.hpp
[15.553s] -- Installing: /home/user1/ros2_ws/install/more_interfaces/include/more_interfaces/msg/rosidl_generator_cpp__visibility_control.hpp
[15.554s] -- Up-to-date: /home/user1/ros2_ws/install/more_interfaces/include/more_interfaces
[15.554s] -- Up-to-date: /home/user1/ros2_ws/install/more_interfaces/include/more_interfaces/msg
[15.554s] -- Up-to-date: /home/user1/ros2_ws/install/more_interfaces/include/more_interfaces/msg/detail
[15.554s] -- Installing: /home/user1/ros2_ws/install/more_interfaces/include/more_interfaces/msg/detail/address_book__type_support.cpp
[15.554s] -- Installing: /home/user1/ros2_ws/install/more_interfaces/include/more_interfaces/msg/detail/address_book__rosidl_typesupport_introspection_cpp.hpp
[15.554s] -- Installing: /home/user1/ros2_ws/install/more_interfaces/lib/libmore_interfaces__rosidl_typesupport_introspection_cpp.so
[15.555s] -- Set runtime path of "/home/user1/ros2_ws/install/more_interfaces/lib/libmore_interfaces__rosidl_typesupport_introspection_cpp.so" to ""
[15.555s] -- Installing: /home/user1/ros2_ws/install/more_interfaces/lib/libmore_interfaces__rosidl_typesupport_cpp.so
[15.555s] -- Set runtime path of "/home/user1/ros2_ws/install/more_interfaces/lib/libmore_interfaces__rosidl_typesupport_cpp.so" to ""
[15.556s] -- Installing: /home/user1/ros2_ws/install/more_interfaces/share/more_interfaces/environment/pythonpath.sh
[15.556s] -- Installing: /home/user1/ros2_ws/install/more_interfaces/share/more_interfaces/environment/pythonpath.dsv
[15.556s] -- Installing: /home/user1/ros2_ws/install/more_interfaces/lib/python3.8/site-packages/more_interfaces/__init__.py
[15.639s] Compiling '/home/user1/ros2_ws/install/more_interfaces/lib/python3.8/site-packages/more_interfaces/__init__.py'...
[15.650s] -- Installing: /home/user1/ros2_ws/install/more_interfaces/lib/python3.8/site-packages/more_interfaces/msg
[15.651s] -- Installing: /home/user1/ros2_ws/install/more_interfaces/lib/python3.8/site-packages/more_interfaces/msg/_address_book.py
[15.651s] -- Installing: /home/user1/ros2_ws/install/more_interfaces/lib/python3.8/site-packages/more_interfaces/msg/_address_book_s.c
[15.651s] -- Installing: /home/user1/ros2_ws/install/more_interfaces/lib/python3.8/site-packages/more_interfaces/msg/__init__.py
[15.651s] -- Installing: /home/user1/ros2_ws/install/more_interfaces/lib/python3.8/site-packages/more_interfaces/more_interfaces_s__rosidl_typesupport_fastrtps_c.cpython-38-x86_64-linux-gnu.so
[15.652s] -- Set runtime path of "/home/user1/ros2_ws/install/more_interfaces/lib/python3.8/site-packages/more_interfaces/more_interfaces_s__rosidl_typesupport_fastrtps_c.cpython-38-x86_64-linux-gnu.so" to ""
[15.652s] -- Installing: /home/user1/ros2_ws/install/more_interfaces/lib/python3.8/site-packages/more_interfaces/more_interfaces_s__rosidl_typesupport_introspection_c.cpython-38-x86_64-linux-gnu.so
[15.653s] -- Set runtime path of "/home/user1/ros2_ws/install/more_interfaces/lib/python3.8/site-packages/more_interfaces/more_interfaces_s__rosidl_typesupport_introspection_c.cpython-38-x86_64-linux-gnu.so" to ""
[15.654s] -- Installing: /home/user1/ros2_ws/install/more_interfaces/lib/python3.8/site-packages/more_interfaces/more_interfaces_s__rosidl_typesupport_c.cpython-38-x86_64-linux-gnu.so
[15.655s] -- Set runtime path of "/home/user1/ros2_ws/install/more_interfaces/lib/python3.8/site-packages/more_interfaces/more_interfaces_s__rosidl_typesupport_c.cpython-38-x86_64-linux-gnu.so" to ""
[15.655s] -- Installing: /home/user1/ros2_ws/install/more_interfaces/lib/libmore_interfaces__python.so
[15.657s] -- Set runtime path of "/home/user1/ros2_ws/install/more_interfaces/lib/libmore_interfaces__python.so" to ""
[15.657s] -- Installing: /home/user1/ros2_ws/install/more_interfaces/share/more_interfaces/msg/AddressBook.idl
[15.657s] -- Installing: /home/user1/ros2_ws/install/more_interfaces/share/more_interfaces/msg/AddressBook.msg
[15.658s] -- Installing: /home/user1/ros2_ws/install/more_interfaces/lib/more_interfaces/publish_address_book
[15.661s] -- Set runtime path of "/home/user1/ros2_ws/install/more_interfaces/lib/more_interfaces/publish_address_book" to ""
[15.662s] -- Installing: /home/user1/ros2_ws/install/more_interfaces/share/ament_index/resource_index/package_run_dependencies/more_interfaces
[15.662s] -- Installing: /home/user1/ros2_ws/install/more_interfaces/share/ament_index/resource_index/parent_prefix_path/more_interfaces
[15.663s] -- Installing: /home/user1/ros2_ws/install/more_interfaces/share/more_interfaces/environment/ament_prefix_path.sh
[15.663s] -- Installing: /home/user1/ros2_ws/install/more_interfaces/share/more_interfaces/environment/ament_prefix_path.dsv
[15.664s] -- Installing: /home/user1/ros2_ws/install/more_interfaces/share/more_interfaces/environment/path.sh
[15.664s] -- Installing: /home/user1/ros2_ws/install/more_interfaces/share/more_interfaces/environment/path.dsv
[15.665s] -- Installing: /home/user1/ros2_ws/install/more_interfaces/share/more_interfaces/local_setup.bash
[15.665s] -- Installing: /home/user1/ros2_ws/install/more_interfaces/share/more_interfaces/local_setup.sh
[15.665s] -- Installing: /home/user1/ros2_ws/install/more_interfaces/share/more_interfaces/local_setup.zsh
[15.666s] -- Installing: /home/user1/ros2_ws/install/more_interfaces/share/more_interfaces/local_setup.dsv
[15.667s] -- Installing: /home/user1/ros2_ws/install/more_interfaces/share/more_interfaces/package.dsv
[15.667s] -- Installing: /home/user1/ros2_ws/install/more_interfaces/share/ament_index/resource_index/packages/more_interfaces
[15.668s] -- Installing: /home/user1/ros2_ws/install/more_interfaces/share/more_interfaces/cmake/more_interfaces__rosidl_generator_cExport.cmake
[15.668s] -- Installing: /home/user1/ros2_ws/install/more_interfaces/share/more_interfaces/cmake/more_interfaces__rosidl_generator_cExport-noconfig.cmake
[15.669s] -- Installing: /home/user1/ros2_ws/install/more_interfaces/share/more_interfaces/cmake/more_interfaces__rosidl_typesupport_introspection_cExport.cmake
[15.670s] -- Installing: /home/user1/ros2_ws/install/more_interfaces/share/more_interfaces/cmake/more_interfaces__rosidl_typesupport_introspection_cExport-noconfig.cmake
[15.671s] -- Installing: /home/user1/ros2_ws/install/more_interfaces/share/more_interfaces/cmake/more_interfaces__rosidl_typesupport_cExport.cmake
[15.671s] -- Installing: /home/user1/ros2_ws/install/more_interfaces/share/more_interfaces/cmake/more_interfaces__rosidl_typesupport_cExport-noconfig.cmake
[15.672s] -- Installing: /home/user1/ros2_ws/install/more_interfaces/share/more_interfaces/cmake/more_interfaces__rosidl_generator_cppExport.cmake
[15.672s] -- Installing: /home/user1/ros2_ws/install/more_interfaces/share/more_interfaces/cmake/more_interfaces__rosidl_typesupport_introspection_cppExport.cmake
[15.673s] -- Installing: /home/user1/ros2_ws/install/more_interfaces/share/more_interfaces/cmake/more_interfaces__rosidl_typesupport_introspection_cppExport-noconfig.cmake
[15.673s] -- Installing: /home/user1/ros2_ws/install/more_interfaces/share/more_interfaces/cmake/more_interfaces__rosidl_typesupport_cppExport.cmake
[15.674s] -- Installing: /home/user1/ros2_ws/install/more_interfaces/share/more_interfaces/cmake/more_interfaces__rosidl_typesupport_cppExport-noconfig.cmake
[15.674s] -- Installing: /home/user1/ros2_ws/install/more_interfaces/share/more_interfaces/cmake/rosidl_cmake-extras.cmake
[15.675s] -- Installing: /home/user1/ros2_ws/install/more_interfaces/share/more_interfaces/cmake/ament_cmake_export_dependencies-extras.cmake
[15.675s] -- Installing: /home/user1/ros2_ws/install/more_interfaces/share/more_interfaces/cmake/ament_cmake_export_libraries-extras.cmake
[15.676s] -- Installing: /home/user1/ros2_ws/install/more_interfaces/share/more_interfaces/cmake/ament_cmake_export_targets-extras.cmake
[15.676s] -- Installing: /home/user1/ros2_ws/install/more_interfaces/share/more_interfaces/cmake/ament_cmake_export_include_directories-extras.cmake
[15.677s] -- Installing: /home/user1/ros2_ws/install/more_interfaces/share/more_interfaces/cmake/rosidl_cmake_export_typesupport_libraries-extras.cmake
[15.677s] -- Installing: /home/user1/ros2_ws/install/more_interfaces/share/more_interfaces/cmake/rosidl_cmake_export_typesupport_targets-extras.cmake
[15.678s] -- Installing: /home/user1/ros2_ws/install/more_interfaces/share/more_interfaces/cmake/more_interfacesConfig.cmake
[15.678s] -- Installing: /home/user1/ros2_ws/install/more_interfaces/share/more_interfaces/cmake/more_interfacesConfig-version.cmake
[15.679s] -- Installing: /home/user1/ros2_ws/install/more_interfaces/share/more_interfaces/package.xml
[15.687s] Invoked command in '/home/user1/ros2_ws/build/more_interfaces' returned '0': CMAKE_PREFIX_PATH=${CMAKE_PREFIX_PATH}:/home/user1/ros2_ws/install/py_srvcli:/home/user1/ros2_ws/install/py_pubsub:/home/user1/ros2_ws/install/my_package:/home/user1/ros2_ws/install/examples_rclpy_minimal_subscriber:/home/user1/ros2_ws/install/examples_rclpy_minimal_service:/home/user1/ros2_ws/install/examples_rclpy_minimal_publisher:/home/user1/ros2_ws/install/examples_rclpy_minimal_client:/home/user1/ros2_ws/install/examples_rclpy_minimal_action_server:/home/user1/ros2_ws/install/examples_rclpy_minimal_action_client:/home/user1/ros2_ws/install/examples_rclpy_executors:/opt/ros/foxy /usr/bin/cmake --install /home/user1/ros2_ws/build/more_interfaces
