[0.091s] Invoking command in '/home/user1/ros2_ws/build/examples_rclcpp_minimal_action_client': CMAKE_PREFIX_PATH=/opt/ros/foxy /usr/bin/cmake /home/user1/ros2_ws/src/examples/rclcpp/actions/minimal_action_client -DAMENT_CMAKE_SYMLINK_INSTALL=1 -DCMAKE_INSTALL_PREFIX=/home/user1/ros2_ws/install/examples_rclcpp_minimal_action_client
[0.881s] -- The C compiler identification is GNU 9.4.0
[1.721s] -- The CXX compiler identification is GNU 9.4.0
[1.742s] -- Check for working C compiler: /usr/bin/cc
[2.065s] -- Check for working C compiler: /usr/bin/cc -- works
[2.068s] -- Detecting C compiler ABI info
[2.415s] -- Detecting C compiler ABI info - done
[2.470s] -- Detecting C compile features
[2.471s] -- Detecting C compile features - done
[2.479s] -- Check for working CXX compiler: /usr/bin/c++
[2.856s] -- Check for working CXX compiler: /usr/bin/c++ -- works
[2.862s] -- Detecting CXX compiler ABI info
[3.239s] -- Detecting CXX compiler ABI info - done
[3.294s] -- Detecting CXX compile features
[3.296s] -- Detecting CXX compile features - done
[3.325s] -- Found ament_cmake: 0.9.12 (/opt/ros/foxy/share/ament_cmake/cmake)
[3.453s] -- Found PythonInterp: /usr/bin/python3 (found suitable version "3.8.10", minimum required is "3") 
[3.453s] -- Using PYTHON_EXECUTABLE: /usr/bin/python3
[4.151s] -- Override CMake install command with custom implementation using symlinks instead of copying resources
[4.311s] -- Found example_interfaces: 0.9.1 (/opt/ros/foxy/share/example_interfaces/cmake)
[4.537s] -- Using all available rosidl_typesupport_c: rosidl_typesupport_fastrtps_c;rosidl_typesupport_introspection_c
[4.582s] -- Found rosidl_adapter: 1.3.1 (/opt/ros/foxy/share/rosidl_adapter/cmake)
[5.080s] -- Found OpenSSL: /usr/lib/x86_64-linux-gnu/libcrypto.so (found version "1.1.1f")  
[5.184s] -- Found FastRTPS: /opt/ros/foxy/include  
[5.616s] -- Using all available rosidl_typesupport_cpp: rosidl_typesupport_fastrtps_cpp;rosidl_typesupport_introspection_cpp
[6.351s] -- Found rclcpp: 2.4.3 (/opt/ros/foxy/share/rclcpp/cmake)
[6.650s] -- Found rmw_implementation_cmake: 1.0.4 (/opt/ros/foxy/share/rmw_implementation_cmake/cmake)
[6.663s] -- Using RMW implementation 'rmw_fastrtps_cpp' as default
[6.674s] -- Looking for pthread.h
[7.065s] -- Looking for pthread.h - found
[7.068s] -- Performing Test CMAKE_HAVE_LIBC_PTHREAD
[7.406s] -- Performing Test CMAKE_HAVE_LIBC_PTHREAD - Failed
[7.406s] -- Looking for pthread_create in pthreads
[7.653s] -- Looking for pthread_create in pthreads - not found
[7.653s] -- Looking for pthread_create in pthread
[7.929s] -- Looking for pthread_create in pthread - found
[7.933s] -- Found Threads: TRUE  
[8.732s] -- Found rclcpp_action: 2.4.3 (/opt/ros/foxy/share/rclcpp_action/cmake)
[8.919s] -- Found ament_lint_auto: 0.9.8 (/opt/ros/foxy/share/ament_lint_auto/cmake)
[9.260s] -- Added test 'copyright' to check source files copyright and LICENSE
[9.267s] -- Added test 'cppcheck' to perform static code analysis on C / C++ code
[9.269s] -- Configured cppcheck include dirs: 
[9.270s] -- Configured cppcheck exclude dirs and/or files: 
[9.276s] -- Added test 'cpplint' to check C / C++ code against the Google style
[9.276s] -- Configured cpplint exclude dirs and/or files: 
[9.281s] -- Added test 'lint_cmake' to check CMake code style
[9.287s] -- Added test 'uncrustify' to check C / C++ code style
[9.289s] -- Configured uncrustify additional arguments: 
[9.292s] -- Added test 'xmllint' to check XML markup files
[9.316s] -- Configuring done
[9.417s] -- Generating done
[9.424s] -- Build files have been written to: /home/user1/ros2_ws/build/examples_rclcpp_minimal_action_client
[9.458s] Invoked command in '/home/user1/ros2_ws/build/examples_rclcpp_minimal_action_client' returned '0': CMAKE_PREFIX_PATH=/opt/ros/foxy /usr/bin/cmake /home/user1/ros2_ws/src/examples/rclcpp/actions/minimal_action_client -DAMENT_CMAKE_SYMLINK_INSTALL=1 -DCMAKE_INSTALL_PREFIX=/home/user1/ros2_ws/install/examples_rclcpp_minimal_action_client
[9.462s] Invoking command in '/home/user1/ros2_ws/build/examples_rclcpp_minimal_action_client': CMAKE_PREFIX_PATH=/opt/ros/foxy /usr/bin/cmake --build /home/user1/ros2_ws/build/examples_rclcpp_minimal_action_client -- -j2 -l2
[9.779s] [35m[1mScanning dependencies of target action_client_not_composable_with_cancel[0m
[9.789s] [35m[1mScanning dependencies of target action_client_not_composable[0m
[10.309s] [ 12%] [32mBuilding CXX object CMakeFiles/action_client_not_composable.dir/not_composable.cpp.o[0m
[10.428s] [ 25%] [32mBuilding CXX object CMakeFiles/action_client_not_composable_with_cancel.dir/not_composable_with_cancel.cpp.o[0m
[48.311s] [ 37%] [32m[1mLinking CXX executable action_client_not_composable[0m
[49.422s] [ 37%] Built target action_client_not_composable
[49.910s] [ 50%] [32m[1mLinking CXX executable action_client_not_composable_with_cancel[0m
[50.688s] [ 50%] Built target action_client_not_composable_with_cancel
[50.736s] [35m[1mScanning dependencies of target action_client_not_composable_with_feedback[0m
[50.980s] [ 62%] [32mBuilding CXX object CMakeFiles/action_client_not_composable_with_feedback.dir/not_composable_with_feedback.cpp.o[0m
[63.050s] [ 75%] [32m[1mLinking CXX executable action_client_not_composable_with_feedback[0m
[63.733s] [ 75%] Built target action_client_not_composable_with_feedback
[63.788s] [35m[1mScanning dependencies of target action_client_member_functions[0m
[63.988s] [ 87%] [32mBuilding CXX object CMakeFiles/action_client_member_functions.dir/member_functions.cpp.o[0m
[76.573s] [100%] [32m[1mLinking CXX executable action_client_member_functions[0m
[77.316s] [100%] Built target action_client_member_functions
[77.372s] Invoked command in '/home/user1/ros2_ws/build/examples_rclcpp_minimal_action_client' returned '0': CMAKE_PREFIX_PATH=/opt/ros/foxy /usr/bin/cmake --build /home/user1/ros2_ws/build/examples_rclcpp_minimal_action_client -- -j2 -l2
[77.573s] Invoking command in '/home/user1/ros2_ws/build/examples_rclcpp_minimal_action_client': CMAKE_PREFIX_PATH=/opt/ros/foxy /usr/bin/cmake --install /home/user1/ros2_ws/build/examples_rclcpp_minimal_action_client
[77.621s] -- Install configuration: ""
[77.623s] -- Execute custom install script
[77.626s] -- Symlinking: /home/user1/ros2_ws/install/examples_rclcpp_minimal_action_client/lib/examples_rclcpp_minimal_action_client/action_client_member_functions
[77.678s] -- Symlinking: /home/user1/ros2_ws/install/examples_rclcpp_minimal_action_client/lib/examples_rclcpp_minimal_action_client/action_client_not_composable
[77.722s] -- Symlinking: /home/user1/ros2_ws/install/examples_rclcpp_minimal_action_client/lib/examples_rclcpp_minimal_action_client/action_client_not_composable_with_cancel
[77.761s] -- Symlinking: /home/user1/ros2_ws/install/examples_rclcpp_minimal_action_client/lib/examples_rclcpp_minimal_action_client/action_client_not_composable_with_feedback
[77.801s] -- Symlinking: /home/user1/ros2_ws/install/examples_rclcpp_minimal_action_client/share/ament_index/resource_index/package_run_dependencies/examples_rclcpp_minimal_action_client
[77.846s] -- Symlinking: /home/user1/ros2_ws/install/examples_rclcpp_minimal_action_client/share/ament_index/resource_index/parent_prefix_path/examples_rclcpp_minimal_action_client
[77.893s] -- Symlinking: /home/user1/ros2_ws/install/examples_rclcpp_minimal_action_client/share/examples_rclcpp_minimal_action_client/environment/ament_prefix_path.sh
[77.930s] -- Symlinking: /home/user1/ros2_ws/install/examples_rclcpp_minimal_action_client/share/examples_rclcpp_minimal_action_client/environment/ament_prefix_path.dsv
[77.977s] -- Symlinking: /home/user1/ros2_ws/install/examples_rclcpp_minimal_action_client/share/examples_rclcpp_minimal_action_client/environment/path.sh
[78.016s] -- Symlinking: /home/user1/ros2_ws/install/examples_rclcpp_minimal_action_client/share/examples_rclcpp_minimal_action_client/environment/path.dsv
[78.056s] -- Symlinking: /home/user1/ros2_ws/install/examples_rclcpp_minimal_action_client/share/examples_rclcpp_minimal_action_client/local_setup.bash
[78.100s] -- Symlinking: /home/user1/ros2_ws/install/examples_rclcpp_minimal_action_client/share/examples_rclcpp_minimal_action_client/local_setup.sh
[78.146s] -- Symlinking: /home/user1/ros2_ws/install/examples_rclcpp_minimal_action_client/share/examples_rclcpp_minimal_action_client/local_setup.zsh
[78.193s] -- Symlinking: /home/user1/ros2_ws/install/examples_rclcpp_minimal_action_client/share/examples_rclcpp_minimal_action_client/local_setup.dsv
[78.236s] -- Symlinking: /home/user1/ros2_ws/install/examples_rclcpp_minimal_action_client/share/examples_rclcpp_minimal_action_client/package.dsv
[78.280s] -- Symlinking: /home/user1/ros2_ws/install/examples_rclcpp_minimal_action_client/share/ament_index/resource_index/packages/examples_rclcpp_minimal_action_client
[78.317s] -- Symlinking: /home/user1/ros2_ws/install/examples_rclcpp_minimal_action_client/share/examples_rclcpp_minimal_action_client/cmake/examples_rclcpp_minimal_action_clientConfig.cmake
[78.354s] -- Symlinking: /home/user1/ros2_ws/install/examples_rclcpp_minimal_action_client/share/examples_rclcpp_minimal_action_client/cmake/examples_rclcpp_minimal_action_clientConfig-version.cmake
[78.407s] -- Symlinking: /home/user1/ros2_ws/install/examples_rclcpp_minimal_action_client/share/examples_rclcpp_minimal_action_client/package.xml
[78.455s] Invoked command in '/home/user1/ros2_ws/build/examples_rclcpp_minimal_action_client' returned '0': CMAKE_PREFIX_PATH=/opt/ros/foxy /usr/bin/cmake --install /home/user1/ros2_ws/build/examples_rclcpp_minimal_action_client
