[3.074s] Invoking command in '/home/user1/ros2_ws/src/my_package': PYTHONPATH=/home/user1/ros2_ws/build/my_package/prefix_override:/usr/lib/python3/dist-packages/colcon_core/task/python/colcon_distutils_commands:/home/user1/ros2_ws/install/my_package/lib/python3.8/site-packages:${PYTHONPATH} /usr/bin/python3 -W ignore:setup.py install is deprecated setup.py egg_info --egg-base ../../build/my_package build --build-base /home/user1/ros2_ws/build/my_package/build install --record /home/user1/ros2_ws/build/my_package/install.log --install-scripts $base/lib/my_package --single-version-externally-managed install_data
[3.800s] running egg_info
[3.802s] writing ../../build/my_package/my_package.egg-info/PKG-INFO
[3.812s] writing dependency_links to ../../build/my_package/my_package.egg-info/dependency_links.txt
[3.813s] writing entry points to ../../build/my_package/my_package.egg-info/entry_points.txt
[3.814s] writing requirements to ../../build/my_package/my_package.egg-info/requires.txt
[3.814s] writing top-level names to ../../build/my_package/my_package.egg-info/top_level.txt
[3.890s] reading manifest file '../../build/my_package/my_package.egg-info/SOURCES.txt'
[3.894s] writing manifest file '../../build/my_package/my_package.egg-info/SOURCES.txt'
[3.895s] running build
[3.895s] running build_py
[3.899s] running install
[3.902s] running install_lib
[3.909s] running install_data
[3.909s] running install_egg_info
[3.915s] removing '/home/user1/ros2_ws/install/my_package/lib/python3.8/site-packages/my_package-0.0.0-py3.8.egg-info' (and everything under it)
[3.916s] Copying ../../build/my_package/my_package.egg-info to /home/user1/ros2_ws/install/my_package/lib/python3.8/site-packages/my_package-0.0.0-py3.8.egg-info
[3.922s] running install_scripts
[3.971s] Installing my_node script to /home/user1/ros2_ws/install/my_package/lib/my_package
[3.975s] writing list of installed files to '/home/user1/ros2_ws/build/my_package/install.log'
[4.062s] Invoked command in '/home/user1/ros2_ws/src/my_package' returned '0': PYTHONPATH=/home/user1/ros2_ws/build/my_package/prefix_override:/usr/lib/python3/dist-packages/colcon_core/task/python/colcon_distutils_commands:/home/user1/ros2_ws/install/my_package/lib/python3.8/site-packages:${PYTHONPATH} /usr/bin/python3 -W ignore:setup.py install is deprecated setup.py egg_info --egg-base ../../build/my_package build --build-base /home/user1/ros2_ws/build/my_package/build install --record /home/user1/ros2_ws/build/my_package/install.log --install-scripts $base/lib/my_package --single-version-externally-managed install_data
