[0.057s] Invoking command in '/home/user1/ros2_ws/build/examples_rclcpp_minimal_client': CMAKE_PREFIX_PATH=/opt/ros/foxy /usr/bin/cmake /home/user1/ros2_ws/src/examples/rclcpp/services/minimal_client -DAMENT_CMAKE_SYMLINK_INSTALL=1 -DCMAKE_INSTALL_PREFIX=/home/user1/ros2_ws/install/examples_rclcpp_minimal_client
[0.331s] -- The C compiler identification is GNU 9.4.0
[0.555s] -- The CXX compiler identification is GNU 9.4.0
[0.570s] -- Check for working C compiler: /usr/bin/cc
[0.861s] -- Check for working C compiler: /usr/bin/cc -- works
[0.864s] -- Detecting C compiler ABI info
[1.211s] -- Detecting C compiler ABI info - done
[1.283s] -- Detecting C compile features
[1.286s] -- Detecting C compile features - done
[1.298s] -- Check for working CXX compiler: /usr/bin/c++
[1.665s] -- Check for working CXX compiler: /usr/bin/c++ -- works
[1.668s] -- Detecting CXX compiler ABI info
[1.961s] -- Detecting CXX compiler ABI info - done
[1.991s] -- Detecting CXX compile features
[1.993s] -- Detecting CXX compile features - done
[2.004s] -- Found ament_cmake: 0.9.12 (/opt/ros/foxy/share/ament_cmake/cmake)
[2.079s] -- Found PythonInterp: /usr/bin/python3 (found suitable version "3.8.10", minimum required is "3") 
[2.080s] -- Using PYTHON_EXECUTABLE: /usr/bin/python3
[2.583s] -- Override CMake install command with custom implementation using symlinks instead of copying resources
[2.652s] -- Found example_interfaces: 0.9.1 (/opt/ros/foxy/share/example_interfaces/cmake)
[2.740s] -- Using all available rosidl_typesupport_c: rosidl_typesupport_fastrtps_c;rosidl_typesupport_introspection_c
[2.749s] -- Found rosidl_adapter: 1.3.1 (/opt/ros/foxy/share/rosidl_adapter/cmake)
[3.089s] -- Found OpenSSL: /usr/lib/x86_64-linux-gnu/libcrypto.so (found version "1.1.1f")  
[3.217s] -- Found FastRTPS: /opt/ros/foxy/include  
[3.577s] -- Using all available rosidl_typesupport_cpp: rosidl_typesupport_fastrtps_cpp;rosidl_typesupport_introspection_cpp
[4.110s] -- Found rclcpp: 2.4.3 (/opt/ros/foxy/share/rclcpp/cmake)
[4.303s] -- Found rmw_implementation_cmake: 1.0.4 (/opt/ros/foxy/share/rmw_implementation_cmake/cmake)
[4.308s] -- Using RMW implementation 'rmw_fastrtps_cpp' as default
[4.312s] -- Looking for pthread.h
[4.639s] -- Looking for pthread.h - found
[4.641s] -- Performing Test CMAKE_HAVE_LIBC_PTHREAD
[4.979s] -- Performing Test CMAKE_HAVE_LIBC_PTHREAD - Failed
[4.981s] -- Looking for pthread_create in pthreads
[5.233s] -- Looking for pthread_create in pthreads - not found
[5.234s] -- Looking for pthread_create in pthread
[5.551s] -- Looking for pthread_create in pthread - found
[5.561s] -- Found Threads: TRUE  
[6.148s] -- Found ament_lint_auto: 0.9.8 (/opt/ros/foxy/share/ament_lint_auto/cmake)
[6.453s] -- Added test 'copyright' to check source files copyright and LICENSE
[6.458s] -- Added test 'cppcheck' to perform static code analysis on C / C++ code
[6.460s] -- Configured cppcheck include dirs: 
[6.460s] -- Configured cppcheck exclude dirs and/or files: 
[6.464s] -- Added test 'cpplint' to check C / C++ code against the Google style
[6.465s] -- Configured cpplint exclude dirs and/or files: 
[6.469s] -- Added test 'lint_cmake' to check CMake code style
[6.473s] -- Added test 'uncrustify' to check C / C++ code style
[6.474s] -- Configured uncrustify additional arguments: 
[6.477s] -- Added test 'xmllint' to check XML markup files
[6.494s] -- Configuring done
[6.538s] -- Generating done
[6.547s] -- Build files have been written to: /home/user1/ros2_ws/build/examples_rclcpp_minimal_client
[6.583s] Invoked command in '/home/user1/ros2_ws/build/examples_rclcpp_minimal_client' returned '0': CMAKE_PREFIX_PATH=/opt/ros/foxy /usr/bin/cmake /home/user1/ros2_ws/src/examples/rclcpp/services/minimal_client -DAMENT_CMAKE_SYMLINK_INSTALL=1 -DCMAKE_INSTALL_PREFIX=/home/user1/ros2_ws/install/examples_rclcpp_minimal_client
[6.588s] Invoking command in '/home/user1/ros2_ws/build/examples_rclcpp_minimal_client': CMAKE_PREFIX_PATH=/opt/ros/foxy /usr/bin/cmake --build /home/user1/ros2_ws/build/examples_rclcpp_minimal_client -- -j2 -l2
[6.784s] [35m[1mScanning dependencies of target client_main[0m
[6.917s] [ 50%] [32mBuilding CXX object CMakeFiles/client_main.dir/main.cpp.o[0m
[15.189s] [100%] [32m[1mLinking CXX executable client_main[0m
[15.767s] [100%] Built target client_main
[15.814s] Invoked command in '/home/user1/ros2_ws/build/examples_rclcpp_minimal_client' returned '0': CMAKE_PREFIX_PATH=/opt/ros/foxy /usr/bin/cmake --build /home/user1/ros2_ws/build/examples_rclcpp_minimal_client -- -j2 -l2
[15.976s] Invoking command in '/home/user1/ros2_ws/build/examples_rclcpp_minimal_client': CMAKE_PREFIX_PATH=/opt/ros/foxy /usr/bin/cmake --install /home/user1/ros2_ws/build/examples_rclcpp_minimal_client
[16.014s] -- Install configuration: ""
[16.016s] -- Execute custom install script
[16.018s] -- Symlinking: /home/user1/ros2_ws/install/examples_rclcpp_minimal_client/lib/examples_rclcpp_minimal_client/client_main
[16.056s] -- Symlinking: /home/user1/ros2_ws/install/examples_rclcpp_minimal_client/share/ament_index/resource_index/package_run_dependencies/examples_rclcpp_minimal_client
[16.101s] -- Symlinking: /home/user1/ros2_ws/install/examples_rclcpp_minimal_client/share/ament_index/resource_index/parent_prefix_path/examples_rclcpp_minimal_client
[16.146s] -- Symlinking: /home/user1/ros2_ws/install/examples_rclcpp_minimal_client/share/examples_rclcpp_minimal_client/environment/ament_prefix_path.sh
[16.183s] -- Symlinking: /home/user1/ros2_ws/install/examples_rclcpp_minimal_client/share/examples_rclcpp_minimal_client/environment/ament_prefix_path.dsv
[16.219s] -- Symlinking: /home/user1/ros2_ws/install/examples_rclcpp_minimal_client/share/examples_rclcpp_minimal_client/environment/path.sh
[16.264s] -- Symlinking: /home/user1/ros2_ws/install/examples_rclcpp_minimal_client/share/examples_rclcpp_minimal_client/environment/path.dsv
[16.305s] -- Symlinking: /home/user1/ros2_ws/install/examples_rclcpp_minimal_client/share/examples_rclcpp_minimal_client/local_setup.bash
[16.360s] -- Symlinking: /home/user1/ros2_ws/install/examples_rclcpp_minimal_client/share/examples_rclcpp_minimal_client/local_setup.sh
[16.399s] -- Symlinking: /home/user1/ros2_ws/install/examples_rclcpp_minimal_client/share/examples_rclcpp_minimal_client/local_setup.zsh
[16.445s] -- Symlinking: /home/user1/ros2_ws/install/examples_rclcpp_minimal_client/share/examples_rclcpp_minimal_client/local_setup.dsv
[16.489s] -- Symlinking: /home/user1/ros2_ws/install/examples_rclcpp_minimal_client/share/examples_rclcpp_minimal_client/package.dsv
[16.523s] -- Symlinking: /home/user1/ros2_ws/install/examples_rclcpp_minimal_client/share/ament_index/resource_index/packages/examples_rclcpp_minimal_client
[16.574s] -- Symlinking: /home/user1/ros2_ws/install/examples_rclcpp_minimal_client/share/examples_rclcpp_minimal_client/cmake/examples_rclcpp_minimal_clientConfig.cmake
[16.609s] -- Symlinking: /home/user1/ros2_ws/install/examples_rclcpp_minimal_client/share/examples_rclcpp_minimal_client/cmake/examples_rclcpp_minimal_clientConfig-version.cmake
[16.647s] -- Symlinking: /home/user1/ros2_ws/install/examples_rclcpp_minimal_client/share/examples_rclcpp_minimal_client/package.xml
[16.691s] Invoked command in '/home/user1/ros2_ws/build/examples_rclcpp_minimal_client' returned '0': CMAKE_PREFIX_PATH=/opt/ros/foxy /usr/bin/cmake --install /home/user1/ros2_ws/build/examples_rclcpp_minimal_client
