[0.039s] Invoking command in '/home/user1/ros2_ws/build/tutorial_interfaces': CMAKE_PREFIX_PATH=${CMAKE_PREFIX_PATH}:/home/user1/install/py_srvcli:/home/user1/install/py_pubsub:/home/user1/install/my_package:/home/user1/install/examples_rclpy_minimal_subscriber:/home/user1/install/examples_rclpy_minimal_service:/home/user1/install/examples_rclpy_minimal_publisher:/home/user1/install/examples_rclpy_minimal_client:/home/user1/install/examples_rclpy_minimal_action_server:/home/user1/install/examples_rclpy_minimal_action_client:/home/user1/install/examples_rclpy_executors:/opt/ros/foxy /usr/bin/cmake /home/user1/ros2_ws/src/tutorial_interfaces -DCMAKE_INSTALL_PREFIX=/home/user1/ros2_ws/install/tutorial_interfaces
[0.193s] -- The C compiler identification is GNU 9.4.0
[0.281s] -- The CXX compiler identification is GNU 9.4.0
[0.291s] -- Check for working C compiler: /usr/bin/cc
[0.415s] -- Check for working C compiler: /usr/bin/cc -- works
[0.415s] -- Detecting C compiler ABI info
[0.603s] -- Detecting C compiler ABI info - done
[0.621s] -- Detecting C compile features
[0.622s] -- Detecting C compile features - done
[0.625s] -- Check for working CXX compiler: /usr/bin/c++
[0.803s] -- Check for working CXX compiler: /usr/bin/c++ -- works
[0.803s] -- Detecting CXX compiler ABI info
[0.935s] -- Detecting CXX compiler ABI info - done
[0.965s] -- Detecting CXX compile features
[0.966s] -- Detecting CXX compile features - done
[0.974s] -- Found ament_cmake: 0.9.12 (/opt/ros/foxy/share/ament_cmake/cmake)
[1.041s] -- Found PythonInterp: /usr/bin/python3 (found suitable version "3.8.10", minimum required is "3") 
[1.041s] -- Using PYTHON_EXECUTABLE: /usr/bin/python3
[1.449s] -- Found geometry_msgs: 2.0.5 (/opt/ros/foxy/share/geometry_msgs/cmake)
[1.514s] -- Using all available rosidl_typesupport_c: rosidl_typesupport_fastrtps_c;rosidl_typesupport_introspection_c
[1.533s] -- Found rosidl_adapter: 1.3.1 (/opt/ros/foxy/share/rosidl_adapter/cmake)
[1.716s] -- Found OpenSSL: /usr/lib/x86_64-linux-gnu/libcrypto.so (found version "1.1.1f")  
[1.801s] -- Found FastRTPS: /opt/ros/foxy/include  
[2.018s] -- Using all available rosidl_typesupport_cpp: rosidl_typesupport_fastrtps_cpp;rosidl_typesupport_introspection_cpp
[2.149s] -- Found rosidl_default_generators: 1.0.1 (/opt/ros/foxy/share/rosidl_default_generators/cmake)
[2.197s] -- Found PythonInterp: /usr/bin/python3 (found version "3.8.10") 
[2.591s] -- Found ament_cmake_ros: 0.9.2 (/opt/ros/foxy/share/ament_cmake_ros/cmake)
[3.239s] -- Using all available rosidl_typesupport_c: rosidl_typesupport_fastrtps_c;rosidl_typesupport_introspection_c
[3.489s] -- Using all available rosidl_typesupport_cpp: rosidl_typesupport_fastrtps_cpp;rosidl_typesupport_introspection_cpp
[3.556s] -- Found PythonInterp: /usr/bin/python3 (found suitable version "3.8.10", minimum required is "3.5") 
[3.565s] -- Found python_cmake_module: 0.8.1 (/opt/ros/foxy/share/python_cmake_module/cmake)
[3.652s] -- Found PythonLibs: /usr/lib/x86_64-linux-gnu/libpython3.8.so (found suitable version "3.8.10", minimum required is "3.5") 
[3.653s] -- Using PYTHON_EXECUTABLE: /usr/bin/python3
[3.653s] -- Using PYTHON_INCLUDE_DIRS: /usr/include/python3.8
[3.653s] -- Using PYTHON_LIBRARIES: /usr/lib/x86_64-linux-gnu/libpython3.8.so
[3.714s] -- Found PythonExtra: .so  
[3.928s] -- Found ament_lint_auto: 0.9.8 (/opt/ros/foxy/share/ament_lint_auto/cmake)
[4.005s] -- Added test 'copyright' to check source files copyright and LICENSE
[4.013s] -- Added test 'lint_cmake' to check CMake code style
[4.017s] -- Added test 'xmllint' to check XML markup files
[4.036s] -- Configuring done
[4.194s] -- Generating done
[4.198s] -- Build files have been written to: /home/user1/ros2_ws/build/tutorial_interfaces
[4.207s] Invoked command in '/home/user1/ros2_ws/build/tutorial_interfaces' returned '0': CMAKE_PREFIX_PATH=${CMAKE_PREFIX_PATH}:/home/user1/install/py_srvcli:/home/user1/install/py_pubsub:/home/user1/install/my_package:/home/user1/install/examples_rclpy_minimal_subscriber:/home/user1/install/examples_rclpy_minimal_service:/home/user1/install/examples_rclpy_minimal_publisher:/home/user1/install/examples_rclpy_minimal_client:/home/user1/install/examples_rclpy_minimal_action_server:/home/user1/install/examples_rclpy_minimal_action_client:/home/user1/install/examples_rclpy_executors:/opt/ros/foxy /usr/bin/cmake /home/user1/ros2_ws/src/tutorial_interfaces -DCMAKE_INSTALL_PREFIX=/home/user1/ros2_ws/install/tutorial_interfaces
[4.209s] Invoking command in '/home/user1/ros2_ws/build/tutorial_interfaces': CMAKE_PREFIX_PATH=${CMAKE_PREFIX_PATH}:/home/user1/install/py_srvcli:/home/user1/install/py_pubsub:/home/user1/install/my_package:/home/user1/install/examples_rclpy_minimal_subscriber:/home/user1/install/examples_rclpy_minimal_service:/home/user1/install/examples_rclpy_minimal_publisher:/home/user1/install/examples_rclpy_minimal_client:/home/user1/install/examples_rclpy_minimal_action_server:/home/user1/install/examples_rclpy_minimal_action_client:/home/user1/install/examples_rclpy_executors:/opt/ros/foxy /usr/bin/cmake --build /home/user1/ros2_ws/build/tutorial_interfaces -- -j2 -l2
[4.309s] [35m[1mScanning dependencies of target tutorial_interfaces__cpp[0m
[4.357s] [  2%] [34m[1mGenerating C++ code for ROS interfaces[0m
[5.295s] [  2%] Built target tutorial_interfaces__cpp
[5.319s] [  4%] [34m[1mGenerating C code for ROS interfaces[0m
[6.057s] [35m[1mScanning dependencies of target tutorial_interfaces__rosidl_generator_c[0m
[6.101s] [  6%] [32mBuilding C object CMakeFiles/tutorial_interfaces__rosidl_generator_c.dir/rosidl_generator_c/tutorial_interfaces/msg/detail/num__functions.c.o[0m
[6.166s] [  8%] [32mBuilding C object CMakeFiles/tutorial_interfaces__rosidl_generator_c.dir/rosidl_generator_c/tutorial_interfaces/msg/detail/sphere__functions.c.o[0m
[6.246s] [ 10%] [32mBuilding C object CMakeFiles/tutorial_interfaces__rosidl_generator_c.dir/rosidl_generator_c/tutorial_interfaces/srv/detail/add_three_ints__functions.c.o[0m
[6.342s] [ 12%] [32m[1mLinking C shared library libtutorial_interfaces__rosidl_generator_c.so[0m
[6.411s] [ 12%] Built target tutorial_interfaces__rosidl_generator_c
[6.430s] [ 14%] [34m[1mGenerating C++ type support dispatch for ROS interfaces[0m
[6.794s] [35m[1mScanning dependencies of target tutorial_interfaces__rosidl_typesupport_cpp[0m
[6.828s] [ 17%] [32mBuilding CXX object CMakeFiles/tutorial_interfaces__rosidl_typesupport_cpp.dir/rosidl_typesupport_cpp/tutorial_interfaces/msg/num__type_support.cpp.o[0m
[7.264s] [ 19%] [32mBuilding CXX object CMakeFiles/tutorial_interfaces__rosidl_typesupport_cpp.dir/rosidl_typesupport_cpp/tutorial_interfaces/msg/sphere__type_support.cpp.o[0m
[7.605s] [ 21%] [32mBuilding CXX object CMakeFiles/tutorial_interfaces__rosidl_typesupport_cpp.dir/rosidl_typesupport_cpp/tutorial_interfaces/srv/add_three_ints__type_support.cpp.o[0m
[8.113s] [ 23%] [32m[1mLinking CXX shared library libtutorial_interfaces__rosidl_typesupport_cpp.so[0m
[8.199s] [ 23%] Built target tutorial_interfaces__rosidl_typesupport_cpp
[8.215s] [ 25%] [34m[1mGenerating C++ type support for eProsima Fast-RTPS[0m
[8.815s] [35m[1mScanning dependencies of target tutorial_interfaces__rosidl_typesupport_fastrtps_cpp[0m
[8.844s] [ 27%] [32mBuilding CXX object CMakeFiles/tutorial_interfaces__rosidl_typesupport_fastrtps_cpp.dir/rosidl_typesupport_fastrtps_cpp/tutorial_interfaces/msg/detail/dds_fastrtps/num__type_support.cpp.o[0m
[9.301s] [ 29%] [32mBuilding CXX object CMakeFiles/tutorial_interfaces__rosidl_typesupport_fastrtps_cpp.dir/rosidl_typesupport_fastrtps_cpp/tutorial_interfaces/msg/detail/dds_fastrtps/sphere__type_support.cpp.o[0m
[9.923s] [ 31%] [32mBuilding CXX object CMakeFiles/tutorial_interfaces__rosidl_typesupport_fastrtps_cpp.dir/rosidl_typesupport_fastrtps_cpp/tutorial_interfaces/srv/detail/dds_fastrtps/add_three_ints__type_support.cpp.o[0m
[10.625s] [ 34%] [32m[1mLinking CXX shared library libtutorial_interfaces__rosidl_typesupport_fastrtps_cpp.so[0m
[10.772s] [ 34%] Built target tutorial_interfaces__rosidl_typesupport_fastrtps_cpp
[10.811s] [ 36%] [34m[1mGenerating C introspection for ROS interfaces[0m
[11.338s] [35m[1mScanning dependencies of target tutorial_interfaces__rosidl_typesupport_introspection_c[0m
[11.363s] [ 38%] [32mBuilding C object CMakeFiles/tutorial_interfaces__rosidl_typesupport_introspection_c.dir/rosidl_typesupport_introspection_c/tutorial_interfaces/msg/detail/num__type_support.c.o[0m
[11.444s] [ 40%] [32mBuilding C object CMakeFiles/tutorial_interfaces__rosidl_typesupport_introspection_c.dir/rosidl_typesupport_introspection_c/tutorial_interfaces/msg/detail/sphere__type_support.c.o[0m
[11.533s] [ 42%] [32mBuilding C object CMakeFiles/tutorial_interfaces__rosidl_typesupport_introspection_c.dir/rosidl_typesupport_introspection_c/tutorial_interfaces/srv/detail/add_three_ints__type_support.c.o[0m
[11.592s] [ 44%] [32m[1mLinking C shared library libtutorial_interfaces__rosidl_typesupport_introspection_c.so[0m
[11.705s] [ 44%] Built target tutorial_interfaces__rosidl_typesupport_introspection_c
[11.739s] [ 46%] [34m[1mGenerating C type support dispatch for ROS interfaces[0m
[12.180s] [35m[1mScanning dependencies of target tutorial_interfaces__rosidl_typesupport_c[0m
[12.202s] [ 48%] [32mBuilding CXX object CMakeFiles/tutorial_interfaces__rosidl_typesupport_c.dir/rosidl_typesupport_c/tutorial_interfaces/msg/num__type_support.cpp.o[0m
[12.251s] [ 51%] [32mBuilding CXX object CMakeFiles/tutorial_interfaces__rosidl_typesupport_c.dir/rosidl_typesupport_c/tutorial_interfaces/msg/sphere__type_support.cpp.o[0m
[12.305s] [ 53%] [32mBuilding CXX object CMakeFiles/tutorial_interfaces__rosidl_typesupport_c.dir/rosidl_typesupport_c/tutorial_interfaces/srv/add_three_ints__type_support.cpp.o[0m
[12.354s] [ 55%] [32m[1mLinking CXX shared library libtutorial_interfaces__rosidl_typesupport_c.so[0m
[12.413s] [ 55%] Built target tutorial_interfaces__rosidl_typesupport_c
[12.433s] [ 57%] [34m[1mGenerating C++ introspection for ROS interfaces[0m
[13.026s] [35m[1mScanning dependencies of target tutorial_interfaces__rosidl_typesupport_introspection_cpp[0m
[13.076s] [ 59%] [32mBuilding CXX object CMakeFiles/tutorial_interfaces__rosidl_typesupport_introspection_cpp.dir/rosidl_typesupport_introspection_cpp/tutorial_interfaces/msg/detail/num__type_support.cpp.o[0m
[13.563s] [ 61%] [32mBuilding CXX object CMakeFiles/tutorial_interfaces__rosidl_typesupport_introspection_cpp.dir/rosidl_typesupport_introspection_cpp/tutorial_interfaces/msg/detail/sphere__type_support.cpp.o[0m
[13.953s] [ 63%] [32mBuilding CXX object CMakeFiles/tutorial_interfaces__rosidl_typesupport_introspection_cpp.dir/rosidl_typesupport_introspection_cpp/tutorial_interfaces/srv/detail/add_three_ints__type_support.cpp.o[0m
[14.342s] [ 65%] [32m[1mLinking CXX shared library libtutorial_interfaces__rosidl_typesupport_introspection_cpp.so[0m
[14.516s] [ 65%] Built target tutorial_interfaces__rosidl_typesupport_introspection_cpp
[14.553s] [ 68%] [34m[1mGenerating C type support for eProsima Fast-RTPS[0m
[15.159s] [35m[1mScanning dependencies of target tutorial_interfaces__rosidl_typesupport_fastrtps_c[0m
[15.205s] [ 70%] [32mBuilding CXX object CMakeFiles/tutorial_interfaces__rosidl_typesupport_fastrtps_c.dir/rosidl_typesupport_fastrtps_c/tutorial_interfaces/msg/detail/num__type_support_c.cpp.o[0m
[15.703s] [ 72%] [32mBuilding CXX object CMakeFiles/tutorial_interfaces__rosidl_typesupport_fastrtps_c.dir/rosidl_typesupport_fastrtps_c/tutorial_interfaces/msg/detail/sphere__type_support_c.cpp.o[0m
[16.241s] [ 74%] [32mBuilding CXX object CMakeFiles/tutorial_interfaces__rosidl_typesupport_fastrtps_c.dir/rosidl_typesupport_fastrtps_c/tutorial_interfaces/srv/detail/add_three_ints__type_support_c.cpp.o[0m
[16.669s] [ 76%] [32m[1mLinking CXX shared library libtutorial_interfaces__rosidl_typesupport_fastrtps_c.so[0m
[16.817s] [ 76%] Built target tutorial_interfaces__rosidl_typesupport_fastrtps_c
[16.836s] [35m[1mScanning dependencies of target tutorial_interfaces[0m
[16.855s] [ 76%] Built target tutorial_interfaces
[16.880s] [35m[1mScanning dependencies of target tutorial_interfaces__py[0m
[16.915s] [ 78%] [34m[1mGenerating Python code for ROS interfaces[0m
[18.144s] [ 78%] Built target tutorial_interfaces__py
[18.165s] [35m[1mScanning dependencies of target tutorial_interfaces__python[0m
[18.201s] [ 80%] [32mBuilding C object CMakeFiles/tutorial_interfaces__python.dir/rosidl_generator_py/tutorial_interfaces/msg/_num_s.c.o[0m
[18.340s] [ 82%] [32mBuilding C object CMakeFiles/tutorial_interfaces__python.dir/rosidl_generator_py/tutorial_interfaces/msg/_sphere_s.c.o[0m
[18.510s] [ 85%] [32mBuilding C object CMakeFiles/tutorial_interfaces__python.dir/rosidl_generator_py/tutorial_interfaces/srv/_add_three_ints_s.c.o[0m
[18.755s] [ 87%] [32m[1mLinking C shared library rosidl_generator_py/tutorial_interfaces/libtutorial_interfaces__python.so[0m
[18.867s] [ 87%] Built target tutorial_interfaces__python
[18.888s] [35m[1mScanning dependencies of target tutorial_interfaces__rosidl_typesupport_c__pyext[0m
[18.922s] [ 89%] [32mBuilding C object CMakeFiles/tutorial_interfaces__rosidl_typesupport_c__pyext.dir/rosidl_generator_py/tutorial_interfaces/_tutorial_interfaces_s.ep.rosidl_typesupport_c.c.o[0m
[19.037s] [ 91%] [32m[1mLinking C shared library rosidl_generator_py/tutorial_interfaces/tutorial_interfaces_s__rosidl_typesupport_c.cpython-38-x86_64-linux-gnu.so[0m
[19.098s] [ 91%] Built target tutorial_interfaces__rosidl_typesupport_c__pyext
[19.118s] [35m[1mScanning dependencies of target tutorial_interfaces__rosidl_typesupport_introspection_c__pyext[0m
[19.159s] [ 93%] [32mBuilding C object CMakeFiles/tutorial_interfaces__rosidl_typesupport_introspection_c__pyext.dir/rosidl_generator_py/tutorial_interfaces/_tutorial_interfaces_s.ep.rosidl_typesupport_introspection_c.c.o[0m
[19.391s] [ 95%] [32m[1mLinking C shared library rosidl_generator_py/tutorial_interfaces/tutorial_interfaces_s__rosidl_typesupport_introspection_c.cpython-38-x86_64-linux-gnu.so[0m
[19.457s] [ 95%] Built target tutorial_interfaces__rosidl_typesupport_introspection_c__pyext
[19.489s] [35m[1mScanning dependencies of target tutorial_interfaces__rosidl_typesupport_fastrtps_c__pyext[0m
[19.524s] [ 97%] [32mBuilding C object CMakeFiles/tutorial_interfaces__rosidl_typesupport_fastrtps_c__pyext.dir/rosidl_generator_py/tutorial_interfaces/_tutorial_interfaces_s.ep.rosidl_typesupport_fastrtps_c.c.o[0m
[19.652s] [100%] [32m[1mLinking CXX shared library rosidl_generator_py/tutorial_interfaces/tutorial_interfaces_s__rosidl_typesupport_fastrtps_c.cpython-38-x86_64-linux-gnu.so[0m
[19.790s] [100%] Built target tutorial_interfaces__rosidl_typesupport_fastrtps_c__pyext
[19.820s] Invoked command in '/home/user1/ros2_ws/build/tutorial_interfaces' returned '0': CMAKE_PREFIX_PATH=${CMAKE_PREFIX_PATH}:/home/user1/install/py_srvcli:/home/user1/install/py_pubsub:/home/user1/install/my_package:/home/user1/install/examples_rclpy_minimal_subscriber:/home/user1/install/examples_rclpy_minimal_service:/home/user1/install/examples_rclpy_minimal_publisher:/home/user1/install/examples_rclpy_minimal_client:/home/user1/install/examples_rclpy_minimal_action_server:/home/user1/install/examples_rclpy_minimal_action_client:/home/user1/install/examples_rclpy_executors:/opt/ros/foxy /usr/bin/cmake --build /home/user1/ros2_ws/build/tutorial_interfaces -- -j2 -l2
[20.140s] Invoking command in '/home/user1/ros2_ws/build/tutorial_interfaces': CMAKE_PREFIX_PATH=${CMAKE_PREFIX_PATH}:/home/user1/install/py_srvcli:/home/user1/install/py_pubsub:/home/user1/install/my_package:/home/user1/install/examples_rclpy_minimal_subscriber:/home/user1/install/examples_rclpy_minimal_service:/home/user1/install/examples_rclpy_minimal_publisher:/home/user1/install/examples_rclpy_minimal_client:/home/user1/install/examples_rclpy_minimal_action_server:/home/user1/install/examples_rclpy_minimal_action_client:/home/user1/install/examples_rclpy_executors:/opt/ros/foxy /usr/bin/cmake --install /home/user1/ros2_ws/build/tutorial_interfaces
[20.177s] -- Install configuration: ""
[20.177s] -- Installing: /home/user1/ros2_ws/install/tutorial_interfaces/share/ament_index/resource_index/rosidl_interfaces/tutorial_interfaces
[20.178s] -- Installing: /home/user1/ros2_ws/install/tutorial_interfaces/include/tutorial_interfaces
[20.179s] -- Installing: /home/user1/ros2_ws/install/tutorial_interfaces/include/tutorial_interfaces/srv
[20.179s] -- Installing: /home/user1/ros2_ws/install/tutorial_interfaces/include/tutorial_interfaces/srv/detail
[20.179s] -- Installing: /home/user1/ros2_ws/install/tutorial_interfaces/include/tutorial_interfaces/srv/detail/add_three_ints__functions.c
[20.180s] -- Installing: /home/user1/ros2_ws/install/tutorial_interfaces/include/tutorial_interfaces/srv/detail/add_three_ints__type_support.h
[20.180s] -- Installing: /home/user1/ros2_ws/install/tutorial_interfaces/include/tutorial_interfaces/srv/detail/add_three_ints__struct.h
[20.181s] -- Installing: /home/user1/ros2_ws/install/tutorial_interfaces/include/tutorial_interfaces/srv/detail/add_three_ints__functions.h
[20.181s] -- Installing: /home/user1/ros2_ws/install/tutorial_interfaces/include/tutorial_interfaces/srv/add_three_ints.h
[20.182s] -- Installing: /home/user1/ros2_ws/install/tutorial_interfaces/include/tutorial_interfaces/msg
[20.182s] -- Installing: /home/user1/ros2_ws/install/tutorial_interfaces/include/tutorial_interfaces/msg/detail
[20.182s] -- Installing: /home/user1/ros2_ws/install/tutorial_interfaces/include/tutorial_interfaces/msg/detail/num__struct.h
[20.185s] -- Installing: /home/user1/ros2_ws/install/tutorial_interfaces/include/tutorial_interfaces/msg/detail/num__functions.h
[20.185s] -- Installing: /home/user1/ros2_ws/install/tutorial_interfaces/include/tutorial_interfaces/msg/detail/sphere__functions.c
[20.185s] -- Installing: /home/user1/ros2_ws/install/tutorial_interfaces/include/tutorial_interfaces/msg/detail/sphere__type_support.h
[20.185s] -- Installing: /home/user1/ros2_ws/install/tutorial_interfaces/include/tutorial_interfaces/msg/detail/num__functions.c
[20.185s] -- Installing: /home/user1/ros2_ws/install/tutorial_interfaces/include/tutorial_interfaces/msg/detail/sphere__functions.h
[20.185s] -- Installing: /home/user1/ros2_ws/install/tutorial_interfaces/include/tutorial_interfaces/msg/detail/sphere__struct.h
[20.186s] -- Installing: /home/user1/ros2_ws/install/tutorial_interfaces/include/tutorial_interfaces/msg/detail/num__type_support.h
[20.186s] -- Installing: /home/user1/ros2_ws/install/tutorial_interfaces/include/tutorial_interfaces/msg/num.h
[20.186s] -- Installing: /home/user1/ros2_ws/install/tutorial_interfaces/include/tutorial_interfaces/msg/rosidl_generator_c__visibility_control.h
[20.186s] -- Installing: /home/user1/ros2_ws/install/tutorial_interfaces/include/tutorial_interfaces/msg/sphere.h
[20.187s] -- Installing: /home/user1/ros2_ws/install/tutorial_interfaces/share/tutorial_interfaces/environment/library_path.sh
[20.187s] -- Installing: /home/user1/ros2_ws/install/tutorial_interfaces/share/tutorial_interfaces/environment/library_path.dsv
[20.188s] -- Installing: /home/user1/ros2_ws/install/tutorial_interfaces/lib/libtutorial_interfaces__rosidl_generator_c.so
[20.189s] -- Set runtime path of "/home/user1/ros2_ws/install/tutorial_interfaces/lib/libtutorial_interfaces__rosidl_generator_c.so" to ""
[20.189s] -- Up-to-date: /home/user1/ros2_ws/install/tutorial_interfaces/include/tutorial_interfaces
[20.189s] -- Up-to-date: /home/user1/ros2_ws/install/tutorial_interfaces/include/tutorial_interfaces/srv
[20.190s] -- Up-to-date: /home/user1/ros2_ws/install/tutorial_interfaces/include/tutorial_interfaces/srv/detail
[20.190s] -- Installing: /home/user1/ros2_ws/install/tutorial_interfaces/include/tutorial_interfaces/srv/detail/add_three_ints__rosidl_typesupport_fastrtps_c.h
[20.190s] -- Up-to-date: /home/user1/ros2_ws/install/tutorial_interfaces/include/tutorial_interfaces/msg
[20.190s] -- Up-to-date: /home/user1/ros2_ws/install/tutorial_interfaces/include/tutorial_interfaces/msg/detail
[20.190s] -- Installing: /home/user1/ros2_ws/install/tutorial_interfaces/include/tutorial_interfaces/msg/detail/num__rosidl_typesupport_fastrtps_c.h
[20.191s] -- Installing: /home/user1/ros2_ws/install/tutorial_interfaces/include/tutorial_interfaces/msg/detail/sphere__rosidl_typesupport_fastrtps_c.h
[20.191s] -- Installing: /home/user1/ros2_ws/install/tutorial_interfaces/include/tutorial_interfaces/msg/rosidl_typesupport_fastrtps_c__visibility_control.h
[20.193s] -- Installing: /home/user1/ros2_ws/install/tutorial_interfaces/lib/libtutorial_interfaces__rosidl_typesupport_fastrtps_c.so
[20.193s] -- Set runtime path of "/home/user1/ros2_ws/install/tutorial_interfaces/lib/libtutorial_interfaces__rosidl_typesupport_fastrtps_c.so" to ""
[20.193s] -- Up-to-date: /home/user1/ros2_ws/install/tutorial_interfaces/include/tutorial_interfaces
[20.193s] -- Up-to-date: /home/user1/ros2_ws/install/tutorial_interfaces/include/tutorial_interfaces/srv
[20.194s] -- Up-to-date: /home/user1/ros2_ws/install/tutorial_interfaces/include/tutorial_interfaces/srv/detail
[20.196s] -- Installing: /home/user1/ros2_ws/install/tutorial_interfaces/include/tutorial_interfaces/srv/detail/add_three_ints__rosidl_typesupport_fastrtps_cpp.hpp
[20.196s] -- Installing: /home/user1/ros2_ws/install/tutorial_interfaces/include/tutorial_interfaces/srv/detail/dds_fastrtps
[20.196s] -- Up-to-date: /home/user1/ros2_ws/install/tutorial_interfaces/include/tutorial_interfaces/msg
[20.196s] -- Up-to-date: /home/user1/ros2_ws/install/tutorial_interfaces/include/tutorial_interfaces/msg/detail
[20.196s] -- Installing: /home/user1/ros2_ws/install/tutorial_interfaces/include/tutorial_interfaces/msg/detail/num__rosidl_typesupport_fastrtps_cpp.hpp
[20.196s] -- Installing: /home/user1/ros2_ws/install/tutorial_interfaces/include/tutorial_interfaces/msg/detail/sphere__rosidl_typesupport_fastrtps_cpp.hpp
[20.196s] -- Installing: /home/user1/ros2_ws/install/tutorial_interfaces/include/tutorial_interfaces/msg/detail/dds_fastrtps
[20.196s] -- Installing: /home/user1/ros2_ws/install/tutorial_interfaces/include/tutorial_interfaces/msg/rosidl_typesupport_fastrtps_cpp__visibility_control.h
[20.196s] -- Installing: /home/user1/ros2_ws/install/tutorial_interfaces/lib/libtutorial_interfaces__rosidl_typesupport_fastrtps_cpp.so
[20.197s] -- Set runtime path of "/home/user1/ros2_ws/install/tutorial_interfaces/lib/libtutorial_interfaces__rosidl_typesupport_fastrtps_cpp.so" to ""
[20.197s] -- Up-to-date: /home/user1/ros2_ws/install/tutorial_interfaces/include/tutorial_interfaces
[20.197s] -- Up-to-date: /home/user1/ros2_ws/install/tutorial_interfaces/include/tutorial_interfaces/srv
[20.198s] -- Up-to-date: /home/user1/ros2_ws/install/tutorial_interfaces/include/tutorial_interfaces/srv/detail
[20.198s] -- Installing: /home/user1/ros2_ws/install/tutorial_interfaces/include/tutorial_interfaces/srv/detail/add_three_ints__type_support.c
[20.198s] -- Installing: /home/user1/ros2_ws/install/tutorial_interfaces/include/tutorial_interfaces/srv/detail/add_three_ints__rosidl_typesupport_introspection_c.h
[20.198s] -- Up-to-date: /home/user1/ros2_ws/install/tutorial_interfaces/include/tutorial_interfaces/msg
[20.199s] -- Up-to-date: /home/user1/ros2_ws/install/tutorial_interfaces/include/tutorial_interfaces/msg/detail
[20.199s] -- Installing: /home/user1/ros2_ws/install/tutorial_interfaces/include/tutorial_interfaces/msg/detail/sphere__rosidl_typesupport_introspection_c.h
[20.203s] -- Installing: /home/user1/ros2_ws/install/tutorial_interfaces/include/tutorial_interfaces/msg/detail/num__type_support.c
[20.203s] -- Installing: /home/user1/ros2_ws/install/tutorial_interfaces/include/tutorial_interfaces/msg/detail/sphere__type_support.c
[20.203s] -- Installing: /home/user1/ros2_ws/install/tutorial_interfaces/include/tutorial_interfaces/msg/detail/num__rosidl_typesupport_introspection_c.h
[20.203s] -- Installing: /home/user1/ros2_ws/install/tutorial_interfaces/include/tutorial_interfaces/msg/rosidl_typesupport_introspection_c__visibility_control.h
[20.203s] -- Installing: /home/user1/ros2_ws/install/tutorial_interfaces/lib/libtutorial_interfaces__rosidl_typesupport_introspection_c.so
[20.203s] -- Set runtime path of "/home/user1/ros2_ws/install/tutorial_interfaces/lib/libtutorial_interfaces__rosidl_typesupport_introspection_c.so" to ""
[20.204s] -- Installing: /home/user1/ros2_ws/install/tutorial_interfaces/lib/libtutorial_interfaces__rosidl_typesupport_c.so
[20.204s] -- Set runtime path of "/home/user1/ros2_ws/install/tutorial_interfaces/lib/libtutorial_interfaces__rosidl_typesupport_c.so" to ""
[20.204s] -- Up-to-date: /home/user1/ros2_ws/install/tutorial_interfaces/include/tutorial_interfaces
[20.204s] -- Up-to-date: /home/user1/ros2_ws/install/tutorial_interfaces/include/tutorial_interfaces/srv
[20.204s] -- Up-to-date: /home/user1/ros2_ws/install/tutorial_interfaces/include/tutorial_interfaces/srv/detail
[20.204s] -- Installing: /home/user1/ros2_ws/install/tutorial_interfaces/include/tutorial_interfaces/srv/detail/add_three_ints__builder.hpp
[20.205s] -- Installing: /home/user1/ros2_ws/install/tutorial_interfaces/include/tutorial_interfaces/srv/detail/add_three_ints__traits.hpp
[20.205s] -- Installing: /home/user1/ros2_ws/install/tutorial_interfaces/include/tutorial_interfaces/srv/detail/add_three_ints__struct.hpp
[20.205s] -- Installing: /home/user1/ros2_ws/install/tutorial_interfaces/include/tutorial_interfaces/srv/detail/add_three_ints__type_support.hpp
[20.205s] -- Installing: /home/user1/ros2_ws/install/tutorial_interfaces/include/tutorial_interfaces/srv/add_three_ints.hpp
[20.205s] -- Up-to-date: /home/user1/ros2_ws/install/tutorial_interfaces/include/tutorial_interfaces/msg
[20.206s] -- Up-to-date: /home/user1/ros2_ws/install/tutorial_interfaces/include/tutorial_interfaces/msg/detail
[20.206s] -- Installing: /home/user1/ros2_ws/install/tutorial_interfaces/include/tutorial_interfaces/msg/detail/num__builder.hpp
[20.206s] -- Installing: /home/user1/ros2_ws/install/tutorial_interfaces/include/tutorial_interfaces/msg/detail/num__struct.hpp
[20.206s] -- Installing: /home/user1/ros2_ws/install/tutorial_interfaces/include/tutorial_interfaces/msg/detail/sphere__type_support.hpp
[20.207s] -- Installing: /home/user1/ros2_ws/install/tutorial_interfaces/include/tutorial_interfaces/msg/detail/num__traits.hpp
[20.207s] -- Installing: /home/user1/ros2_ws/install/tutorial_interfaces/include/tutorial_interfaces/msg/detail/num__type_support.hpp
[20.208s] -- Installing: /home/user1/ros2_ws/install/tutorial_interfaces/include/tutorial_interfaces/msg/detail/sphere__builder.hpp
[20.211s] -- Installing: /home/user1/ros2_ws/install/tutorial_interfaces/include/tutorial_interfaces/msg/detail/sphere__traits.hpp
[20.211s] -- Installing: /home/user1/ros2_ws/install/tutorial_interfaces/include/tutorial_interfaces/msg/detail/sphere__struct.hpp
[20.211s] -- Installing: /home/user1/ros2_ws/install/tutorial_interfaces/include/tutorial_interfaces/msg/num.hpp
[20.211s] -- Installing: /home/user1/ros2_ws/install/tutorial_interfaces/include/tutorial_interfaces/msg/rosidl_generator_cpp__visibility_control.hpp
[20.212s] -- Installing: /home/user1/ros2_ws/install/tutorial_interfaces/include/tutorial_interfaces/msg/sphere.hpp
[20.212s] -- Up-to-date: /home/user1/ros2_ws/install/tutorial_interfaces/include/tutorial_interfaces
[20.212s] -- Up-to-date: /home/user1/ros2_ws/install/tutorial_interfaces/include/tutorial_interfaces/srv
[20.212s] -- Up-to-date: /home/user1/ros2_ws/install/tutorial_interfaces/include/tutorial_interfaces/srv/detail
[20.212s] -- Installing: /home/user1/ros2_ws/install/tutorial_interfaces/include/tutorial_interfaces/srv/detail/add_three_ints__type_support.cpp
[20.212s] -- Installing: /home/user1/ros2_ws/install/tutorial_interfaces/include/tutorial_interfaces/srv/detail/add_three_ints__rosidl_typesupport_introspection_cpp.hpp
[20.212s] -- Up-to-date: /home/user1/ros2_ws/install/tutorial_interfaces/include/tutorial_interfaces/msg
[20.212s] -- Up-to-date: /home/user1/ros2_ws/install/tutorial_interfaces/include/tutorial_interfaces/msg/detail
[20.212s] -- Installing: /home/user1/ros2_ws/install/tutorial_interfaces/include/tutorial_interfaces/msg/detail/sphere__rosidl_typesupport_introspection_cpp.hpp
[20.213s] -- Installing: /home/user1/ros2_ws/install/tutorial_interfaces/include/tutorial_interfaces/msg/detail/sphere__type_support.cpp
[20.213s] -- Installing: /home/user1/ros2_ws/install/tutorial_interfaces/include/tutorial_interfaces/msg/detail/num__rosidl_typesupport_introspection_cpp.hpp
[20.213s] -- Installing: /home/user1/ros2_ws/install/tutorial_interfaces/include/tutorial_interfaces/msg/detail/num__type_support.cpp
[20.213s] -- Installing: /home/user1/ros2_ws/install/tutorial_interfaces/lib/libtutorial_interfaces__rosidl_typesupport_introspection_cpp.so
[20.213s] -- Set runtime path of "/home/user1/ros2_ws/install/tutorial_interfaces/lib/libtutorial_interfaces__rosidl_typesupport_introspection_cpp.so" to ""
[20.213s] -- Installing: /home/user1/ros2_ws/install/tutorial_interfaces/lib/libtutorial_interfaces__rosidl_typesupport_cpp.so
[20.217s] -- Set runtime path of "/home/user1/ros2_ws/install/tutorial_interfaces/lib/libtutorial_interfaces__rosidl_typesupport_cpp.so" to ""
[20.217s] -- Installing: /home/user1/ros2_ws/install/tutorial_interfaces/share/tutorial_interfaces/environment/pythonpath.sh
[20.217s] -- Installing: /home/user1/ros2_ws/install/tutorial_interfaces/share/tutorial_interfaces/environment/pythonpath.dsv
[20.218s] -- Installing: /home/user1/ros2_ws/install/tutorial_interfaces/lib/python3.8/site-packages/tutorial_interfaces/__init__.py
[20.311s] Compiling '/home/user1/ros2_ws/install/tutorial_interfaces/lib/python3.8/site-packages/tutorial_interfaces/__init__.py'...
[20.323s] -- Installing: /home/user1/ros2_ws/install/tutorial_interfaces/lib/python3.8/site-packages/tutorial_interfaces/msg
[20.324s] -- Installing: /home/user1/ros2_ws/install/tutorial_interfaces/lib/python3.8/site-packages/tutorial_interfaces/msg/_num_s.c
[20.325s] -- Installing: /home/user1/ros2_ws/install/tutorial_interfaces/lib/python3.8/site-packages/tutorial_interfaces/msg/_sphere.py
[20.325s] -- Installing: /home/user1/ros2_ws/install/tutorial_interfaces/lib/python3.8/site-packages/tutorial_interfaces/msg/_num.py
[20.326s] -- Installing: /home/user1/ros2_ws/install/tutorial_interfaces/lib/python3.8/site-packages/tutorial_interfaces/msg/_sphere_s.c
[20.326s] -- Installing: /home/user1/ros2_ws/install/tutorial_interfaces/lib/python3.8/site-packages/tutorial_interfaces/msg/__init__.py
[20.327s] -- Installing: /home/user1/ros2_ws/install/tutorial_interfaces/lib/python3.8/site-packages/tutorial_interfaces/srv
[20.327s] -- Installing: /home/user1/ros2_ws/install/tutorial_interfaces/lib/python3.8/site-packages/tutorial_interfaces/srv/_add_three_ints_s.c
[20.328s] -- Installing: /home/user1/ros2_ws/install/tutorial_interfaces/lib/python3.8/site-packages/tutorial_interfaces/srv/_add_three_ints.py
[20.328s] -- Installing: /home/user1/ros2_ws/install/tutorial_interfaces/lib/python3.8/site-packages/tutorial_interfaces/srv/__init__.py
[20.329s] -- Installing: /home/user1/ros2_ws/install/tutorial_interfaces/lib/python3.8/site-packages/tutorial_interfaces/tutorial_interfaces_s__rosidl_typesupport_fastrtps_c.cpython-38-x86_64-linux-gnu.so
[20.332s] -- Set runtime path of "/home/user1/ros2_ws/install/tutorial_interfaces/lib/python3.8/site-packages/tutorial_interfaces/tutorial_interfaces_s__rosidl_typesupport_fastrtps_c.cpython-38-x86_64-linux-gnu.so" to ""
[20.333s] -- Installing: /home/user1/ros2_ws/install/tutorial_interfaces/lib/python3.8/site-packages/tutorial_interfaces/tutorial_interfaces_s__rosidl_typesupport_introspection_c.cpython-38-x86_64-linux-gnu.so
[20.335s] -- Set runtime path of "/home/user1/ros2_ws/install/tutorial_interfaces/lib/python3.8/site-packages/tutorial_interfaces/tutorial_interfaces_s__rosidl_typesupport_introspection_c.cpython-38-x86_64-linux-gnu.so" to ""
[20.336s] -- Installing: /home/user1/ros2_ws/install/tutorial_interfaces/lib/python3.8/site-packages/tutorial_interfaces/tutorial_interfaces_s__rosidl_typesupport_c.cpython-38-x86_64-linux-gnu.so
[20.337s] -- Set runtime path of "/home/user1/ros2_ws/install/tutorial_interfaces/lib/python3.8/site-packages/tutorial_interfaces/tutorial_interfaces_s__rosidl_typesupport_c.cpython-38-x86_64-linux-gnu.so" to ""
[20.337s] -- Installing: /home/user1/ros2_ws/install/tutorial_interfaces/lib/libtutorial_interfaces__python.so
[20.338s] -- Set runtime path of "/home/user1/ros2_ws/install/tutorial_interfaces/lib/libtutorial_interfaces__python.so" to ""
[20.338s] -- Installing: /home/user1/ros2_ws/install/tutorial_interfaces/share/tutorial_interfaces/msg/Num.idl
[20.338s] -- Installing: /home/user1/ros2_ws/install/tutorial_interfaces/share/tutorial_interfaces/msg/Sphere.idl
[20.339s] -- Installing: /home/user1/ros2_ws/install/tutorial_interfaces/share/tutorial_interfaces/srv/AddThreeInts.idl
[20.339s] -- Installing: /home/user1/ros2_ws/install/tutorial_interfaces/share/tutorial_interfaces/msg/Num.msg
[20.339s] -- Installing: /home/user1/ros2_ws/install/tutorial_interfaces/share/tutorial_interfaces/msg/Sphere.msg
[20.339s] -- Installing: /home/user1/ros2_ws/install/tutorial_interfaces/share/tutorial_interfaces/srv/AddThreeInts.srv
[20.340s] -- Installing: /home/user1/ros2_ws/install/tutorial_interfaces/share/tutorial_interfaces/srv/AddThreeInts_Request.msg
[20.340s] -- Installing: /home/user1/ros2_ws/install/tutorial_interfaces/share/tutorial_interfaces/srv/AddThreeInts_Response.msg
[20.340s] -- Installing: /home/user1/ros2_ws/install/tutorial_interfaces/share/ament_index/resource_index/package_run_dependencies/tutorial_interfaces
[20.341s] -- Installing: /home/user1/ros2_ws/install/tutorial_interfaces/share/ament_index/resource_index/parent_prefix_path/tutorial_interfaces
[20.341s] -- Installing: /home/user1/ros2_ws/install/tutorial_interfaces/share/tutorial_interfaces/environment/ament_prefix_path.sh
[20.341s] -- Installing: /home/user1/ros2_ws/install/tutorial_interfaces/share/tutorial_interfaces/environment/ament_prefix_path.dsv
[20.342s] -- Installing: /home/user1/ros2_ws/install/tutorial_interfaces/share/tutorial_interfaces/environment/path.sh
[20.342s] -- Installing: /home/user1/ros2_ws/install/tutorial_interfaces/share/tutorial_interfaces/environment/path.dsv
[20.343s] -- Installing: /home/user1/ros2_ws/install/tutorial_interfaces/share/tutorial_interfaces/local_setup.bash
[20.343s] -- Installing: /home/user1/ros2_ws/install/tutorial_interfaces/share/tutorial_interfaces/local_setup.sh
[20.343s] -- Installing: /home/user1/ros2_ws/install/tutorial_interfaces/share/tutorial_interfaces/local_setup.zsh
[20.343s] -- Installing: /home/user1/ros2_ws/install/tutorial_interfaces/share/tutorial_interfaces/local_setup.dsv
[20.344s] -- Installing: /home/user1/ros2_ws/install/tutorial_interfaces/share/tutorial_interfaces/package.dsv
[20.344s] -- Installing: /home/user1/ros2_ws/install/tutorial_interfaces/share/ament_index/resource_index/packages/tutorial_interfaces
[20.344s] -- Installing: /home/user1/ros2_ws/install/tutorial_interfaces/share/tutorial_interfaces/cmake/tutorial_interfaces__rosidl_generator_cExport.cmake
[20.345s] -- Installing: /home/user1/ros2_ws/install/tutorial_interfaces/share/tutorial_interfaces/cmake/tutorial_interfaces__rosidl_generator_cExport-noconfig.cmake
[20.345s] -- Installing: /home/user1/ros2_ws/install/tutorial_interfaces/share/tutorial_interfaces/cmake/tutorial_interfaces__rosidl_typesupport_introspection_cExport.cmake
[20.345s] -- Installing: /home/user1/ros2_ws/install/tutorial_interfaces/share/tutorial_interfaces/cmake/tutorial_interfaces__rosidl_typesupport_introspection_cExport-noconfig.cmake
[20.346s] -- Installing: /home/user1/ros2_ws/install/tutorial_interfaces/share/tutorial_interfaces/cmake/tutorial_interfaces__rosidl_typesupport_cExport.cmake
[20.346s] -- Installing: /home/user1/ros2_ws/install/tutorial_interfaces/share/tutorial_interfaces/cmake/tutorial_interfaces__rosidl_typesupport_cExport-noconfig.cmake
[20.346s] -- Installing: /home/user1/ros2_ws/install/tutorial_interfaces/share/tutorial_interfaces/cmake/tutorial_interfaces__rosidl_generator_cppExport.cmake
[20.347s] -- Installing: /home/user1/ros2_ws/install/tutorial_interfaces/share/tutorial_interfaces/cmake/tutorial_interfaces__rosidl_typesupport_introspection_cppExport.cmake
[20.347s] -- Installing: /home/user1/ros2_ws/install/tutorial_interfaces/share/tutorial_interfaces/cmake/tutorial_interfaces__rosidl_typesupport_introspection_cppExport-noconfig.cmake
[20.348s] -- Installing: /home/user1/ros2_ws/install/tutorial_interfaces/share/tutorial_interfaces/cmake/tutorial_interfaces__rosidl_typesupport_cppExport.cmake
[20.348s] -- Installing: /home/user1/ros2_ws/install/tutorial_interfaces/share/tutorial_interfaces/cmake/tutorial_interfaces__rosidl_typesupport_cppExport-noconfig.cmake
[20.348s] -- Installing: /home/user1/ros2_ws/install/tutorial_interfaces/share/tutorial_interfaces/cmake/rosidl_cmake-extras.cmake
[20.349s] -- Installing: /home/user1/ros2_ws/install/tutorial_interfaces/share/tutorial_interfaces/cmake/ament_cmake_export_dependencies-extras.cmake
[20.349s] -- Installing: /home/user1/ros2_ws/install/tutorial_interfaces/share/tutorial_interfaces/cmake/ament_cmake_export_libraries-extras.cmake
[20.349s] -- Installing: /home/user1/ros2_ws/install/tutorial_interfaces/share/tutorial_interfaces/cmake/ament_cmake_export_targets-extras.cmake
[20.349s] -- Installing: /home/user1/ros2_ws/install/tutorial_interfaces/share/tutorial_interfaces/cmake/ament_cmake_export_include_directories-extras.cmake
[20.349s] -- Installing: /home/user1/ros2_ws/install/tutorial_interfaces/share/tutorial_interfaces/cmake/rosidl_cmake_export_typesupport_libraries-extras.cmake
[20.350s] -- Installing: /home/user1/ros2_ws/install/tutorial_interfaces/share/tutorial_interfaces/cmake/rosidl_cmake_export_typesupport_targets-extras.cmake
[20.350s] -- Installing: /home/user1/ros2_ws/install/tutorial_interfaces/share/tutorial_interfaces/cmake/tutorial_interfacesConfig.cmake
[20.350s] -- Installing: /home/user1/ros2_ws/install/tutorial_interfaces/share/tutorial_interfaces/cmake/tutorial_interfacesConfig-version.cmake
[20.350s] -- Installing: /home/user1/ros2_ws/install/tutorial_interfaces/share/tutorial_interfaces/package.xml
[20.354s] Invoked command in '/home/user1/ros2_ws/build/tutorial_interfaces' returned '0': CMAKE_PREFIX_PATH=${CMAKE_PREFIX_PATH}:/home/user1/install/py_srvcli:/home/user1/install/py_pubsub:/home/user1/install/my_package:/home/user1/install/examples_rclpy_minimal_subscriber:/home/user1/install/examples_rclpy_minimal_service:/home/user1/install/examples_rclpy_minimal_publisher:/home/user1/install/examples_rclpy_minimal_client:/home/user1/install/examples_rclpy_minimal_action_server:/home/user1/install/examples_rclpy_minimal_action_client:/home/user1/install/examples_rclpy_executors:/opt/ros/foxy /usr/bin/cmake --install /home/user1/ros2_ws/build/tutorial_interfaces
