[2.454s] Invoking command in '/home/user1/ros2_ws/build/examples_rclpy_minimal_client': PYTHONPATH=/home/user1/ros2_ws/build/examples_rclpy_minimal_client/prefix_override:/usr/lib/python3/dist-packages/colcon_core/task/python/colcon_distutils_commands:/home/user1/ros2_ws/install/examples_rclpy_minimal_client/lib/python3.8/site-packages:${PYTHONPATH} /usr/bin/python3 -W ignore:setup.py install is deprecated setup.py develop --editable --build-directory /home/user1/ros2_ws/build/examples_rclpy_minimal_client/build --no-deps symlink_data
[3.401s] running develop
[3.928s] running egg_info
[3.928s] creating examples_rclpy_minimal_client.egg-info
[3.929s] writing examples_rclpy_minimal_client.egg-info/PKG-INFO
[3.929s] writing dependency_links to examples_rclpy_minimal_client.egg-info/dependency_links.txt
[3.929s] writing entry points to examples_rclpy_minimal_client.egg-info/entry_points.txt
[3.930s] writing requirements to examples_rclpy_minimal_client.egg-info/requires.txt
[3.930s] writing top-level names to examples_rclpy_minimal_client.egg-info/top_level.txt
[3.936s] writing manifest file 'examples_rclpy_minimal_client.egg-info/SOURCES.txt'
[4.079s] reading manifest file 'examples_rclpy_minimal_client.egg-info/SOURCES.txt'
[4.082s] writing manifest file 'examples_rclpy_minimal_client.egg-info/SOURCES.txt'
[4.236s] running build_ext
[4.237s] Creating /home/user1/ros2_ws/install/examples_rclpy_minimal_client/lib/python3.8/site-packages/site.py
[4.246s] Creating /home/user1/ros2_ws/install/examples_rclpy_minimal_client/lib/python3.8/site-packages/examples-rclpy-minimal-client.egg-link (link to .)
[4.248s] Installing client script to /home/user1/ros2_ws/install/examples_rclpy_minimal_client/lib/examples_rclpy_minimal_client
[4.249s] Installing client_async script to /home/user1/ros2_ws/install/examples_rclpy_minimal_client/lib/examples_rclpy_minimal_client
[4.249s] Installing client_async_callback script to /home/user1/ros2_ws/install/examples_rclpy_minimal_client/lib/examples_rclpy_minimal_client
[4.250s] Installing client_async_member_function script to /home/user1/ros2_ws/install/examples_rclpy_minimal_client/lib/examples_rclpy_minimal_client
[4.250s] 
[4.250s] Installed /home/user1/ros2_ws/build/examples_rclpy_minimal_client
[4.252s] running symlink_data
[4.252s] creating /home/user1/ros2_ws/install/examples_rclpy_minimal_client/share/ament_index
[4.252s] creating /home/user1/ros2_ws/install/examples_rclpy_minimal_client/share/ament_index/resource_index
[4.253s] creating /home/user1/ros2_ws/install/examples_rclpy_minimal_client/share/ament_index/resource_index/packages
[4.253s] symbolically linking /home/user1/ros2_ws/build/examples_rclpy_minimal_client/resource/examples_rclpy_minimal_client -> /home/user1/ros2_ws/install/examples_rclpy_minimal_client/share/ament_index/resource_index/packages
[4.253s] symbolically linking /home/user1/ros2_ws/build/examples_rclpy_minimal_client/package.xml -> /home/user1/ros2_ws/install/examples_rclpy_minimal_client/share/examples_rclpy_minimal_client
[4.456s] Invoked command in '/home/user1/ros2_ws/build/examples_rclpy_minimal_client' returned '0': PYTHONPATH=/home/user1/ros2_ws/build/examples_rclpy_minimal_client/prefix_override:/usr/lib/python3/dist-packages/colcon_core/task/python/colcon_distutils_commands:/home/user1/ros2_ws/install/examples_rclpy_minimal_client/lib/python3.8/site-packages:${PYTHONPATH} /usr/bin/python3 -W ignore:setup.py install is deprecated setup.py develop --editable --build-directory /home/user1/ros2_ws/build/examples_rclpy_minimal_client/build --no-deps symlink_data
