[1.136s] Invoking command in '/home/user1/ros2_ws/src/python_parameters': PYTHONPATH=/home/user1/ros2_ws/build/python_parameters/prefix_override:/usr/lib/python3/dist-packages/colcon_core/task/python/colcon_distutils_commands:/home/user1/ros2_ws/install/python_parameters/lib/python3.8/site-packages:${PYTHONPATH} /usr/bin/python3 -W ignore:setup.py install is deprecated setup.py egg_info --egg-base ../../build/python_parameters build --build-base /home/user1/ros2_ws/build/python_parameters/build install --record /home/user1/ros2_ws/build/python_parameters/install.log --install-scripts $base/lib/python_parameters --single-version-externally-managed install_data
[1.644s] running egg_info
[1.645s] creating ../../build/python_parameters/python_parameters.egg-info
[1.645s] writing ../../build/python_parameters/python_parameters.egg-info/PKG-INFO
[1.646s] writing dependency_links to ../../build/python_parameters/python_parameters.egg-info/dependency_links.txt
[1.648s] writing entry points to ../../build/python_parameters/python_parameters.egg-info/entry_points.txt
[1.649s] writing requirements to ../../build/python_parameters/python_parameters.egg-info/requires.txt
[1.649s] writing top-level names to ../../build/python_parameters/python_parameters.egg-info/top_level.txt
[1.662s] writing manifest file '../../build/python_parameters/python_parameters.egg-info/SOURCES.txt'
[1.738s] reading manifest file '../../build/python_parameters/python_parameters.egg-info/SOURCES.txt'
[1.743s] writing manifest file '../../build/python_parameters/python_parameters.egg-info/SOURCES.txt'
[1.744s] running build
[1.744s] running build_py
[1.744s] creating /home/user1/ros2_ws/build/python_parameters/build
[1.744s] creating /home/user1/ros2_ws/build/python_parameters/build/lib
[1.744s] creating /home/user1/ros2_ws/build/python_parameters/build/lib/python_parameters
[1.745s] copying python_parameters/python_parameters_node.py -> /home/user1/ros2_ws/build/python_parameters/build/lib/python_parameters
[1.745s] copying python_parameters/__init__.py -> /home/user1/ros2_ws/build/python_parameters/build/lib/python_parameters
[1.745s] running install
[1.746s] running install_lib
[1.750s] creating /home/user1/ros2_ws/install/python_parameters/lib/python3.8/site-packages/python_parameters
[1.751s] copying /home/user1/ros2_ws/build/python_parameters/build/lib/python_parameters/python_parameters_node.py -> /home/user1/ros2_ws/install/python_parameters/lib/python3.8/site-packages/python_parameters
[1.751s] copying /home/user1/ros2_ws/build/python_parameters/build/lib/python_parameters/__init__.py -> /home/user1/ros2_ws/install/python_parameters/lib/python3.8/site-packages/python_parameters
[1.754s] byte-compiling /home/user1/ros2_ws/install/python_parameters/lib/python3.8/site-packages/python_parameters/python_parameters_node.py to python_parameters_node.cpython-38.pyc
[1.759s] byte-compiling /home/user1/ros2_ws/install/python_parameters/lib/python3.8/site-packages/python_parameters/__init__.py to __init__.cpython-38.pyc
[1.760s] running install_data
[1.760s] creating /home/user1/ros2_ws/install/python_parameters/share/ament_index
[1.760s] creating /home/user1/ros2_ws/install/python_parameters/share/ament_index/resource_index
[1.761s] creating /home/user1/ros2_ws/install/python_parameters/share/ament_index/resource_index/packages
[1.761s] copying resource/python_parameters -> /home/user1/ros2_ws/install/python_parameters/share/ament_index/resource_index/packages
[1.761s] copying package.xml -> /home/user1/ros2_ws/install/python_parameters/share/python_parameters
[1.761s] running install_egg_info
[1.764s] Copying ../../build/python_parameters/python_parameters.egg-info to /home/user1/ros2_ws/install/python_parameters/lib/python3.8/site-packages/python_parameters-0.0.0-py3.8.egg-info
[1.768s] running install_scripts
[1.816s] Installing minimal_param_node script to /home/user1/ros2_ws/install/python_parameters/lib/python_parameters
[1.816s] writing list of installed files to '/home/user1/ros2_ws/build/python_parameters/install.log'
[1.854s] Invoked command in '/home/user1/ros2_ws/src/python_parameters' returned '0': PYTHONPATH=/home/user1/ros2_ws/build/python_parameters/prefix_override:/usr/lib/python3/dist-packages/colcon_core/task/python/colcon_distutils_commands:/home/user1/ros2_ws/install/python_parameters/lib/python3.8/site-packages:${PYTHONPATH} /usr/bin/python3 -W ignore:setup.py install is deprecated setup.py egg_info --egg-base ../../build/python_parameters build --build-base /home/user1/ros2_ws/build/python_parameters/build install --record /home/user1/ros2_ws/build/python_parameters/install.log --install-scripts $base/lib/python_parameters --single-version-externally-managed install_data
