[0.846s] DEBUG:colcon:Command line arguments: ['/usr/bin/colcon', 'build', '--packages-select', 'tutorial_interfaces']
[0.846s] DEBUG:colcon:Parsed command line arguments: Namespace(allow_overriding=[], ament_cmake_args=None, base_paths=['.'], build_base='build', catkin_cmake_args=None, catkin_skip_building_tests=False, cmake_args=None, cmake_clean_cache=False, cmake_clean_first=False, cmake_force_configure=False, cmake_target=None, cmake_target_skip_unavailable=False, continue_on_error=False, event_handlers=None, executor='parallel', ignore_user_meta=False, install_base='install', log_base=None, log_level=None, main=<bound method BuildVerb.main of <colcon_core.verb.build.BuildVerb object at 0x7fa20e62d1f0>>, merge_install=False, metas=['./colcon.meta'], mixin=None, mixin_files=None, mixin_verb=('build',), packages_above=None, packages_above_and_dependencies=None, packages_above_depth=None, packages_end=None, packages_ignore=None, packages_ignore_regex=None, packages_select=['tutorial_interfaces'], packages_select_build_failed=False, packages_select_by_dep=None, packages_select_regex=None, packages_select_test_failures=False, packages_skip=None, packages_skip_build_finished=False, packages_skip_by_dep=None, packages_skip_regex=None, packages_skip_test_passed=False, packages_skip_up_to=None, packages_start=None, packages_up_to=None, packages_up_to_regex=None, parallel_workers=2, paths=None, symlink_install=False, test_result_base=None, verb_extension=<colcon_core.verb.build.BuildVerb object at 0x7fa20e62d1f0>, verb_name='build', verb_parser=<colcon_mixin.mixin.mixin_argument.MixinArgumentDecorator object at 0x7fa20e62d6d0>)
[1.729s] Level 1:colcon.colcon_core.package_discovery:discover_packages(colcon_meta) check parameters
[1.729s] Level 1:colcon.colcon_core.package_discovery:discover_packages(recursive) check parameters
[1.729s] Level 1:colcon.colcon_core.package_discovery:discover_packages(ignore) check parameters
[1.729s] Level 1:colcon.colcon_core.package_discovery:discover_packages(path) check parameters
[1.729s] Level 1:colcon.colcon_core.package_discovery:discover_packages(colcon_meta) discover
[1.729s] Level 1:colcon.colcon_core.package_discovery:discover_packages(recursive) discover
[1.730s] INFO:colcon.colcon_core.package_discovery:Crawling recursively for packages in '/home/user1/ros2_ws/src/tutorial_interfaces/srv'
[1.730s] Level 1:colcon.colcon_core.package_identification:_identify(.) by extensions ['ignore', 'ignore_ament_install']
[1.731s] Level 1:colcon.colcon_core.package_identification:_identify(.) by extension 'ignore'
[1.731s] Level 1:colcon.colcon_core.package_identification:_identify(.) by extension 'ignore_ament_install'
[1.731s] Level 1:colcon.colcon_core.package_identification:_identify(.) by extensions ['colcon_pkg']
[1.732s] Level 1:colcon.colcon_core.package_identification:_identify(.) by extension 'colcon_pkg'
[1.732s] Level 1:colcon.colcon_core.package_identification:_identify(.) by extensions ['colcon_meta']
[1.732s] Level 1:colcon.colcon_core.package_identification:_identify(.) by extension 'colcon_meta'
[1.732s] Level 1:colcon.colcon_core.package_identification:_identify(.) by extensions ['ros']
[1.732s] Level 1:colcon.colcon_core.package_identification:_identify(.) by extension 'ros'
[1.870s] Level 1:colcon.colcon_core.package_identification:_identify(.) by extensions ['cmake', 'python']
[1.870s] Level 1:colcon.colcon_core.package_identification:_identify(.) by extension 'cmake'
[1.870s] Level 1:colcon.colcon_core.package_identification:_identify(.) by extension 'python'
[1.870s] Level 1:colcon.colcon_core.package_identification:_identify(.) by extensions ['python_setup_py']
[1.870s] Level 1:colcon.colcon_core.package_identification:_identify(.) by extension 'python_setup_py'
[1.871s] Level 1:colcon.colcon_core.package_identification:_identify(build) by extensions ['ignore', 'ignore_ament_install']
[1.871s] Level 1:colcon.colcon_core.package_identification:_identify(build) by extension 'ignore'
[1.871s] Level 1:colcon.colcon_core.package_identification:_identify(build) ignored
[1.872s] Level 1:colcon.colcon_core.package_identification:_identify(install) by extensions ['ignore', 'ignore_ament_install']
[1.872s] Level 1:colcon.colcon_core.package_identification:_identify(install) by extension 'ignore'
[1.872s] Level 1:colcon.colcon_core.package_identification:_identify(install) ignored
[1.873s] Level 1:colcon.colcon_core.package_identification:_identify(log) by extensions ['ignore', 'ignore_ament_install']
[1.874s] Level 1:colcon.colcon_core.package_identification:_identify(log) by extension 'ignore'
[1.874s] Level 1:colcon.colcon_core.package_identification:_identify(log) ignored
[1.874s] Level 1:colcon.colcon_core.package_discovery:discover_packages(recursive) using defaults
[1.874s] Level 1:colcon.colcon_core.package_discovery:discover_packages(ignore) discover
[1.874s] Level 1:colcon.colcon_core.package_discovery:discover_packages(ignore) using defaults
[1.874s] Level 1:colcon.colcon_core.package_discovery:discover_packages(path) discover
[1.874s] Level 1:colcon.colcon_core.package_discovery:discover_packages(path) using defaults
[1.875s] WARNING:colcon.colcon_core.package_selection:ignoring unknown package 'tutorial_interfaces' in --packages-select
[1.950s] Level 1:colcon.colcon_core.package_discovery:discover_packages(prefix_path) check parameters
[1.950s] Level 1:colcon.colcon_core.package_discovery:discover_packages(prefix_path) discover
[1.971s] DEBUG:colcon.colcon_installed_package_information.package_discovery:Found 21 installed packages in /home/user1/ros2_ws/install
[1.988s] DEBUG:colcon.colcon_installed_package_information.package_discovery:Found 21 installed packages in /home/user1/install
[1.996s] DEBUG:colcon.colcon_installed_package_information.package_discovery:Found 263 installed packages in /opt/ros/foxy
[2.005s] Level 1:colcon.colcon_core.package_discovery:discover_packages(prefix_path) using defaults
[2.249s] INFO:colcon.colcon_core.executor:Executing jobs using 'parallel' executor
[2.253s] DEBUG:colcon.colcon_parallel_executor.executor.parallel:run_until_complete
[2.254s] DEBUG:colcon.colcon_parallel_executor.executor.parallel:closing loop
[2.255s] DEBUG:colcon.colcon_parallel_executor.executor.parallel:loop closed
[2.255s] DEBUG:colcon.colcon_parallel_executor.executor.parallel:run_until_complete finished with '0'
[2.255s] DEBUG:colcon.colcon_core.event_reactor:joining thread
[2.308s] INFO:colcon.colcon_core.plugin_system:Skipping extension 'colcon_notification.desktop_notification.terminal_notifier': Not used on non-Darwin systems
[2.308s] INFO:colcon.colcon_core.plugin_system:Skipping extension 'colcon_notification.desktop_notification.win32': Not used on non-Windows systems
[2.308s] INFO:colcon.colcon_notification.desktop_notification:Sending desktop notification using 'notify2'
[2.387s] DEBUG:colcon.colcon_core.event_reactor:joined thread
[2.398s] INFO:colcon.colcon_core.plugin_system:Skipping extension 'colcon_core.shell.bat': Not used on non-Windows systems
[2.399s] INFO:colcon.colcon_core.shell:Creating prefix script '/home/user1/ros2_ws/src/tutorial_interfaces/srv/install/local_setup.ps1'
[2.403s] INFO:colcon.colcon_core.shell:Creating prefix util module '/home/user1/ros2_ws/src/tutorial_interfaces/srv/install/_local_setup_util_ps1.py'
[2.405s] INFO:colcon.colcon_core.shell:Creating prefix chain script '/home/user1/ros2_ws/src/tutorial_interfaces/srv/install/setup.ps1'
[2.417s] INFO:colcon.colcon_core.shell:Creating prefix script '/home/user1/ros2_ws/src/tutorial_interfaces/srv/install/local_setup.sh'
[2.419s] INFO:colcon.colcon_core.shell:Creating prefix util module '/home/user1/ros2_ws/src/tutorial_interfaces/srv/install/_local_setup_util_sh.py'
[2.420s] INFO:colcon.colcon_core.shell:Creating prefix chain script '/home/user1/ros2_ws/src/tutorial_interfaces/srv/install/setup.sh'
[2.430s] INFO:colcon.colcon_core.shell:Creating prefix script '/home/user1/ros2_ws/src/tutorial_interfaces/srv/install/local_setup.bash'
[2.432s] INFO:colcon.colcon_core.shell:Creating prefix chain script '/home/user1/ros2_ws/src/tutorial_interfaces/srv/install/setup.bash'
[2.443s] INFO:colcon.colcon_core.shell:Creating prefix script '/home/user1/ros2_ws/src/tutorial_interfaces/srv/install/local_setup.zsh'
[2.445s] INFO:colcon.colcon_core.shell:Creating prefix chain script '/home/user1/ros2_ws/src/tutorial_interfaces/srv/install/setup.zsh'
