[0.904s] Invoking command in '/home/user1/ros2_ws/src/python_parameters': PYTHONPATH=/home/user1/ros2_ws/build/python_parameters/prefix_override:/usr/lib/python3/dist-packages/colcon_core/task/python/colcon_distutils_commands:/home/user1/ros2_ws/install/python_parameters/lib/python3.8/site-packages:${PYTHONPATH} /usr/bin/python3 -W ignore:setup.py install is deprecated setup.py egg_info --egg-base ../../build/python_parameters build --build-base /home/user1/ros2_ws/build/python_parameters/build install --record /home/user1/ros2_ws/build/python_parameters/install.log --install-scripts $base/lib/python_parameters --single-version-externally-managed install_data
[1.300s] running egg_info
[1.302s] writing ../../build/python_parameters/python_parameters.egg-info/PKG-INFO
[1.304s] writing dependency_links to ../../build/python_parameters/python_parameters.egg-info/dependency_links.txt
[1.305s] writing entry points to ../../build/python_parameters/python_parameters.egg-info/entry_points.txt
[1.308s] writing requirements to ../../build/python_parameters/python_parameters.egg-info/requires.txt
[1.309s] writing top-level names to ../../build/python_parameters/python_parameters.egg-info/top_level.txt
[1.386s] reading manifest file '../../build/python_parameters/python_parameters.egg-info/SOURCES.txt'
[1.389s] writing manifest file '../../build/python_parameters/python_parameters.egg-info/SOURCES.txt'
[1.390s] running build
[1.391s] running build_py
[1.391s] running install
[1.394s] running install_lib
[1.398s] running install_data
[1.398s] copying launch/python_parameters_launch.py -> /home/user1/ros2_ws/install/python_parameters/share/python_parameters
[1.401s] running install_egg_info
[1.405s] removing '/home/user1/ros2_ws/install/python_parameters/lib/python3.8/site-packages/python_parameters-0.0.0-py3.8.egg-info' (and everything under it)
[1.406s] Copying ../../build/python_parameters/python_parameters.egg-info to /home/user1/ros2_ws/install/python_parameters/lib/python3.8/site-packages/python_parameters-0.0.0-py3.8.egg-info
[1.409s] running install_scripts
[1.456s] Installing minimal_param_node script to /home/user1/ros2_ws/install/python_parameters/lib/python_parameters
[1.458s] writing list of installed files to '/home/user1/ros2_ws/build/python_parameters/install.log'
[1.488s] Invoked command in '/home/user1/ros2_ws/src/python_parameters' returned '0': PYTHONPATH=/home/user1/ros2_ws/build/python_parameters/prefix_override:/usr/lib/python3/dist-packages/colcon_core/task/python/colcon_distutils_commands:/home/user1/ros2_ws/install/python_parameters/lib/python3.8/site-packages:${PYTHONPATH} /usr/bin/python3 -W ignore:setup.py install is deprecated setup.py egg_info --egg-base ../../build/python_parameters build --build-base /home/user1/ros2_ws/build/python_parameters/build install --record /home/user1/ros2_ws/build/python_parameters/install.log --install-scripts $base/lib/python_parameters --single-version-externally-managed install_data
