[0.824s] Invoking command in '/home/user1/ros2_ws/build/examples_rclpy_minimal_action_client': PYTHONPATH=/home/user1/ros2_ws/build/examples_rclpy_minimal_action_client/prefix_override:/usr/lib/python3/dist-packages/colcon_core/task/python/colcon_distutils_commands:/home/user1/ros2_ws/install/examples_rclpy_minimal_action_client/lib/python3.8/site-packages:${PYTHONPATH} /usr/bin/python3 -W ignore:setup.py install is deprecated setup.py develop --uninstall --editable --build-directory /home/user1/ros2_ws/build/examples_rclpy_minimal_action_client/build
[1.152s] running develop
[1.308s] Removing /home/user1/ros2_ws/install/examples_rclpy_minimal_action_client/lib/python3.8/site-packages/examples-rclpy-minimal-action-client.egg-link (link to .)
[1.332s] Invoked command in '/home/user1/ros2_ws/build/examples_rclpy_minimal_action_client' returned '0': PYTHONPATH=/home/user1/ros2_ws/build/examples_rclpy_minimal_action_client/prefix_override:/usr/lib/python3/dist-packages/colcon_core/task/python/colcon_distutils_commands:/home/user1/ros2_ws/install/examples_rclpy_minimal_action_client/lib/python3.8/site-packages:${PYTHONPATH} /usr/bin/python3 -W ignore:setup.py install is deprecated setup.py develop --uninstall --editable --build-directory /home/user1/ros2_ws/build/examples_rclpy_minimal_action_client/build
[1.336s] Invoking command in '/home/user1/ros2_ws/src/examples/rclpy/actions/minimal_action_client': PYTHONPATH=/home/user1/ros2_ws/build/examples_rclpy_minimal_action_client/prefix_override:/usr/lib/python3/dist-packages/colcon_core/task/python/colcon_distutils_commands:/home/user1/ros2_ws/install/examples_rclpy_minimal_action_client/lib/python3.8/site-packages:${PYTHONPATH} /usr/bin/python3 -W ignore:setup.py install is deprecated setup.py egg_info --egg-base ../../../../../build/examples_rclpy_minimal_action_client build --build-base /home/user1/ros2_ws/build/examples_rclpy_minimal_action_client/build install --record /home/user1/ros2_ws/build/examples_rclpy_minimal_action_client/install.log --install-scripts $base/lib/examples_rclpy_minimal_action_client --single-version-externally-managed install_data --force
[1.568s] running egg_info
[1.569s] writing ../../../../../build/examples_rclpy_minimal_action_client/examples_rclpy_minimal_action_client.egg-info/PKG-INFO
[1.570s] writing dependency_links to ../../../../../build/examples_rclpy_minimal_action_client/examples_rclpy_minimal_action_client.egg-info/dependency_links.txt
[1.579s] writing entry points to ../../../../../build/examples_rclpy_minimal_action_client/examples_rclpy_minimal_action_client.egg-info/entry_points.txt
[1.580s] writing requirements to ../../../../../build/examples_rclpy_minimal_action_client/examples_rclpy_minimal_action_client.egg-info/requires.txt
[1.581s] writing top-level names to ../../../../../build/examples_rclpy_minimal_action_client/examples_rclpy_minimal_action_client.egg-info/top_level.txt
[1.643s] reading manifest file '../../../../../build/examples_rclpy_minimal_action_client/examples_rclpy_minimal_action_client.egg-info/SOURCES.txt'
[1.646s] writing manifest file '../../../../../build/examples_rclpy_minimal_action_client/examples_rclpy_minimal_action_client.egg-info/SOURCES.txt'
[1.646s] running build
[1.646s] running build_py
[1.647s] creating /home/user1/ros2_ws/build/examples_rclpy_minimal_action_client/build
[1.647s] creating /home/user1/ros2_ws/build/examples_rclpy_minimal_action_client/build/lib
[1.647s] creating /home/user1/ros2_ws/build/examples_rclpy_minimal_action_client/build/lib/examples_rclpy_minimal_action_client
[1.648s] copying examples_rclpy_minimal_action_client/client_cancel.py -> /home/user1/ros2_ws/build/examples_rclpy_minimal_action_client/build/lib/examples_rclpy_minimal_action_client
[1.649s] copying examples_rclpy_minimal_action_client/client_not_composable.py -> /home/user1/ros2_ws/build/examples_rclpy_minimal_action_client/build/lib/examples_rclpy_minimal_action_client
[1.651s] copying examples_rclpy_minimal_action_client/client.py -> /home/user1/ros2_ws/build/examples_rclpy_minimal_action_client/build/lib/examples_rclpy_minimal_action_client
[1.653s] copying examples_rclpy_minimal_action_client/__init__.py -> /home/user1/ros2_ws/build/examples_rclpy_minimal_action_client/build/lib/examples_rclpy_minimal_action_client
[1.653s] running install
[1.655s] running install_lib
[1.657s] creating /home/user1/ros2_ws/install/examples_rclpy_minimal_action_client/lib/python3.8/site-packages/examples_rclpy_minimal_action_client
[1.658s] copying /home/user1/ros2_ws/build/examples_rclpy_minimal_action_client/build/lib/examples_rclpy_minimal_action_client/client_cancel.py -> /home/user1/ros2_ws/install/examples_rclpy_minimal_action_client/lib/python3.8/site-packages/examples_rclpy_minimal_action_client
[1.659s] copying /home/user1/ros2_ws/build/examples_rclpy_minimal_action_client/build/lib/examples_rclpy_minimal_action_client/client_not_composable.py -> /home/user1/ros2_ws/install/examples_rclpy_minimal_action_client/lib/python3.8/site-packages/examples_rclpy_minimal_action_client
[1.659s] copying /home/user1/ros2_ws/build/examples_rclpy_minimal_action_client/build/lib/examples_rclpy_minimal_action_client/client.py -> /home/user1/ros2_ws/install/examples_rclpy_minimal_action_client/lib/python3.8/site-packages/examples_rclpy_minimal_action_client
[1.660s] copying /home/user1/ros2_ws/build/examples_rclpy_minimal_action_client/build/lib/examples_rclpy_minimal_action_client/__init__.py -> /home/user1/ros2_ws/install/examples_rclpy_minimal_action_client/lib/python3.8/site-packages/examples_rclpy_minimal_action_client
[1.661s] byte-compiling /home/user1/ros2_ws/install/examples_rclpy_minimal_action_client/lib/python3.8/site-packages/examples_rclpy_minimal_action_client/client_cancel.py to client_cancel.cpython-38.pyc
[1.663s] byte-compiling /home/user1/ros2_ws/install/examples_rclpy_minimal_action_client/lib/python3.8/site-packages/examples_rclpy_minimal_action_client/client_not_composable.py to client_not_composable.cpython-38.pyc
[1.664s] byte-compiling /home/user1/ros2_ws/install/examples_rclpy_minimal_action_client/lib/python3.8/site-packages/examples_rclpy_minimal_action_client/client.py to client.cpython-38.pyc
[1.672s] byte-compiling /home/user1/ros2_ws/install/examples_rclpy_minimal_action_client/lib/python3.8/site-packages/examples_rclpy_minimal_action_client/__init__.py to __init__.cpython-38.pyc
[1.672s] running install_data
[1.672s] copying resource/examples_rclpy_minimal_action_client -> /home/user1/ros2_ws/install/examples_rclpy_minimal_action_client/share/ament_index/resource_index/packages
[1.672s] copying package.xml -> /home/user1/ros2_ws/install/examples_rclpy_minimal_action_client/share/examples_rclpy_minimal_action_client
[1.673s] running install_egg_info
[1.678s] Copying ../../../../../build/examples_rclpy_minimal_action_client/examples_rclpy_minimal_action_client.egg-info to /home/user1/ros2_ws/install/examples_rclpy_minimal_action_client/lib/python3.8/site-packages/examples_rclpy_minimal_action_client-0.9.4-py3.8.egg-info
[1.681s] running install_scripts
[1.701s] Installing client script to /home/user1/ros2_ws/install/examples_rclpy_minimal_action_client/lib/examples_rclpy_minimal_action_client
[1.702s] Installing client_cancel script to /home/user1/ros2_ws/install/examples_rclpy_minimal_action_client/lib/examples_rclpy_minimal_action_client
[1.702s] Installing client_not_composable script to /home/user1/ros2_ws/install/examples_rclpy_minimal_action_client/lib/examples_rclpy_minimal_action_client
[1.703s] writing list of installed files to '/home/user1/ros2_ws/build/examples_rclpy_minimal_action_client/install.log'
[1.729s] Invoked command in '/home/user1/ros2_ws/src/examples/rclpy/actions/minimal_action_client' returned '0': PYTHONPATH=/home/user1/ros2_ws/build/examples_rclpy_minimal_action_client/prefix_override:/usr/lib/python3/dist-packages/colcon_core/task/python/colcon_distutils_commands:/home/user1/ros2_ws/install/examples_rclpy_minimal_action_client/lib/python3.8/site-packages:${PYTHONPATH} /usr/bin/python3 -W ignore:setup.py install is deprecated setup.py egg_info --egg-base ../../../../../build/examples_rclpy_minimal_action_client build --build-base /home/user1/ros2_ws/build/examples_rclpy_minimal_action_client/build install --record /home/user1/ros2_ws/build/examples_rclpy_minimal_action_client/install.log --install-scripts $base/lib/examples_rclpy_minimal_action_client --single-version-externally-managed install_data --force
