[0.029s] Invoking command in '/home/user1/ros2_ws/build/examples_rclcpp_minimal_timer': CMAKE_PREFIX_PATH=${CMAKE_PREFIX_PATH}:/home/user1/install/py_srvcli:/home/user1/install/py_pubsub:/home/user1/install/my_package:/home/user1/install/examples_rclpy_minimal_subscriber:/home/user1/install/examples_rclpy_minimal_service:/home/user1/install/examples_rclpy_minimal_publisher:/home/user1/install/examples_rclpy_minimal_client:/home/user1/install/examples_rclpy_minimal_action_server:/home/user1/install/examples_rclpy_minimal_action_client:/home/user1/install/examples_rclpy_executors:/opt/ros/foxy /usr/bin/cmake /home/user1/ros2_ws/src/examples/rclcpp/timers/minimal_timer -DCMAKE_INSTALL_PREFIX=/home/user1/ros2_ws/install/examples_rclcpp_minimal_timer
[0.153s] -- The C compiler identification is GNU 9.4.0
[0.234s] -- The CXX compiler identification is GNU 9.4.0
[0.241s] -- Check for working C compiler: /usr/bin/cc
[0.406s] -- Check for working C compiler: /usr/bin/cc -- works
[0.408s] -- Detecting C compiler ABI info
[0.558s] -- Detecting C compiler ABI info - done
[0.568s] -- Detecting C compile features
[0.569s] -- Detecting C compile features - done
[0.572s] -- Check for working CXX compiler: /usr/bin/c++
[0.764s] -- Check for working CXX compiler: /usr/bin/c++ -- works
[0.764s] -- Detecting CXX compiler ABI info
[0.933s] -- Detecting CXX compiler ABI info - done
[0.947s] -- Detecting CXX compile features
[0.948s] -- Detecting CXX compile features - done
[0.955s] -- Found ament_cmake: 0.9.12 (/opt/ros/foxy/share/ament_cmake/cmake)
[1.009s] -- Found PythonInterp: /usr/bin/python3 (found suitable version "3.8.10", minimum required is "3") 
[1.011s] -- Using PYTHON_EXECUTABLE: /usr/bin/python3
[1.336s] -- Found rclcpp: 2.4.3 (/opt/ros/foxy/share/rclcpp/cmake)
[1.427s] -- Using all available rosidl_typesupport_c: rosidl_typesupport_fastrtps_c;rosidl_typesupport_introspection_c
[1.444s] -- Found rosidl_adapter: 1.3.1 (/opt/ros/foxy/share/rosidl_adapter/cmake)
[1.618s] -- Found OpenSSL: /usr/lib/x86_64-linux-gnu/libcrypto.so (found version "1.1.1f")  
[1.670s] -- Found FastRTPS: /opt/ros/foxy/include  
[1.818s] -- Using all available rosidl_typesupport_cpp: rosidl_typesupport_fastrtps_cpp;rosidl_typesupport_introspection_cpp
[1.948s] -- Found rmw_implementation_cmake: 1.0.4 (/opt/ros/foxy/share/rmw_implementation_cmake/cmake)
[1.951s] -- Using RMW implementation 'rmw_fastrtps_cpp' as default
[1.953s] -- Looking for pthread.h
[2.110s] -- Looking for pthread.h - found
[2.110s] -- Performing Test CMAKE_HAVE_LIBC_PTHREAD
[2.253s] -- Performing Test CMAKE_HAVE_LIBC_PTHREAD - Failed
[2.253s] -- Looking for pthread_create in pthreads
[2.349s] -- Looking for pthread_create in pthreads - not found
[2.351s] -- Looking for pthread_create in pthread
[2.488s] -- Looking for pthread_create in pthread - found
[2.488s] -- Found Threads: TRUE  
[2.714s] -- Found ament_lint_auto: 0.9.8 (/opt/ros/foxy/share/ament_lint_auto/cmake)
[2.829s] -- Added test 'copyright' to check source files copyright and LICENSE
[2.831s] -- Added test 'cppcheck' to perform static code analysis on C / C++ code
[2.831s] -- Configured cppcheck include dirs: 
[2.832s] -- Configured cppcheck exclude dirs and/or files: 
[2.834s] -- Added test 'cpplint' to check C / C++ code against the Google style
[2.834s] -- Configured cpplint exclude dirs and/or files: 
[2.835s] -- Added test 'lint_cmake' to check CMake code style
[2.837s] -- Added test 'uncrustify' to check C / C++ code style
[2.837s] -- Configured uncrustify additional arguments: 
[2.838s] -- Added test 'xmllint' to check XML markup files
[2.844s] -- Configuring done
[2.853s] -- Generating done
[2.856s] -- Build files have been written to: /home/user1/ros2_ws/build/examples_rclcpp_minimal_timer
[2.878s] Invoked command in '/home/user1/ros2_ws/build/examples_rclcpp_minimal_timer' returned '0': CMAKE_PREFIX_PATH=${CMAKE_PREFIX_PATH}:/home/user1/install/py_srvcli:/home/user1/install/py_pubsub:/home/user1/install/my_package:/home/user1/install/examples_rclpy_minimal_subscriber:/home/user1/install/examples_rclpy_minimal_service:/home/user1/install/examples_rclpy_minimal_publisher:/home/user1/install/examples_rclpy_minimal_client:/home/user1/install/examples_rclpy_minimal_action_server:/home/user1/install/examples_rclpy_minimal_action_client:/home/user1/install/examples_rclpy_executors:/opt/ros/foxy /usr/bin/cmake /home/user1/ros2_ws/src/examples/rclcpp/timers/minimal_timer -DCMAKE_INSTALL_PREFIX=/home/user1/ros2_ws/install/examples_rclcpp_minimal_timer
[2.879s] Invoking command in '/home/user1/ros2_ws/build/examples_rclcpp_minimal_timer': CMAKE_PREFIX_PATH=${CMAKE_PREFIX_PATH}:/home/user1/install/py_srvcli:/home/user1/install/py_pubsub:/home/user1/install/my_package:/home/user1/install/examples_rclpy_minimal_subscriber:/home/user1/install/examples_rclpy_minimal_service:/home/user1/install/examples_rclpy_minimal_publisher:/home/user1/install/examples_rclpy_minimal_client:/home/user1/install/examples_rclpy_minimal_action_server:/home/user1/install/examples_rclpy_minimal_action_client:/home/user1/install/examples_rclpy_executors:/opt/ros/foxy /usr/bin/cmake --build /home/user1/ros2_ws/build/examples_rclcpp_minimal_timer -- -j2 -l2
[2.957s] [35m[1mScanning dependencies of target timer_member_function[0m
[3.053s] [ 25%] [32mBuilding CXX object CMakeFiles/timer_member_function.dir/member_function.cpp.o[0m
[5.933s] [ 50%] [32m[1mLinking CXX executable timer_member_function[0m
[6.167s] [ 50%] Built target timer_member_function
[6.201s] [35m[1mScanning dependencies of target timer_lambda[0m
[6.287s] [ 75%] [32mBuilding CXX object CMakeFiles/timer_lambda.dir/lambda.cpp.o[0m
[9.158s] [100%] [32m[1mLinking CXX executable timer_lambda[0m
[9.341s] [100%] Built target timer_lambda
[9.363s] Invoked command in '/home/user1/ros2_ws/build/examples_rclcpp_minimal_timer' returned '0': CMAKE_PREFIX_PATH=${CMAKE_PREFIX_PATH}:/home/user1/install/py_srvcli:/home/user1/install/py_pubsub:/home/user1/install/my_package:/home/user1/install/examples_rclpy_minimal_subscriber:/home/user1/install/examples_rclpy_minimal_service:/home/user1/install/examples_rclpy_minimal_publisher:/home/user1/install/examples_rclpy_minimal_client:/home/user1/install/examples_rclpy_minimal_action_server:/home/user1/install/examples_rclpy_minimal_action_client:/home/user1/install/examples_rclpy_executors:/opt/ros/foxy /usr/bin/cmake --build /home/user1/ros2_ws/build/examples_rclcpp_minimal_timer -- -j2 -l2
[9.438s] Invoking command in '/home/user1/ros2_ws/build/examples_rclcpp_minimal_timer': CMAKE_PREFIX_PATH=${CMAKE_PREFIX_PATH}:/home/user1/install/py_srvcli:/home/user1/install/py_pubsub:/home/user1/install/my_package:/home/user1/install/examples_rclpy_minimal_subscriber:/home/user1/install/examples_rclpy_minimal_service:/home/user1/install/examples_rclpy_minimal_publisher:/home/user1/install/examples_rclpy_minimal_client:/home/user1/install/examples_rclpy_minimal_action_server:/home/user1/install/examples_rclpy_minimal_action_client:/home/user1/install/examples_rclpy_executors:/opt/ros/foxy /usr/bin/cmake --install /home/user1/ros2_ws/build/examples_rclcpp_minimal_timer
[9.454s] -- Install configuration: ""
[9.455s] -- Installing: /home/user1/ros2_ws/install/examples_rclcpp_minimal_timer/lib/examples_rclcpp_minimal_timer/timer_lambda
[9.456s] -- Set runtime path of "/home/user1/ros2_ws/install/examples_rclcpp_minimal_timer/lib/examples_rclcpp_minimal_timer/timer_lambda" to ""
[9.456s] -- Installing: /home/user1/ros2_ws/install/examples_rclcpp_minimal_timer/lib/examples_rclcpp_minimal_timer/timer_member_function
[9.457s] -- Set runtime path of "/home/user1/ros2_ws/install/examples_rclcpp_minimal_timer/lib/examples_rclcpp_minimal_timer/timer_member_function" to ""
[9.458s] -- Installing: /home/user1/ros2_ws/install/examples_rclcpp_minimal_timer/share/ament_index/resource_index/package_run_dependencies/examples_rclcpp_minimal_timer
[9.459s] -- Installing: /home/user1/ros2_ws/install/examples_rclcpp_minimal_timer/share/ament_index/resource_index/parent_prefix_path/examples_rclcpp_minimal_timer
[9.460s] -- Installing: /home/user1/ros2_ws/install/examples_rclcpp_minimal_timer/share/examples_rclcpp_minimal_timer/environment/ament_prefix_path.sh
[9.461s] -- Installing: /home/user1/ros2_ws/install/examples_rclcpp_minimal_timer/share/examples_rclcpp_minimal_timer/environment/ament_prefix_path.dsv
[9.462s] -- Installing: /home/user1/ros2_ws/install/examples_rclcpp_minimal_timer/share/examples_rclcpp_minimal_timer/environment/path.sh
[9.462s] -- Installing: /home/user1/ros2_ws/install/examples_rclcpp_minimal_timer/share/examples_rclcpp_minimal_timer/environment/path.dsv
[9.462s] -- Installing: /home/user1/ros2_ws/install/examples_rclcpp_minimal_timer/share/examples_rclcpp_minimal_timer/local_setup.bash
[9.463s] -- Installing: /home/user1/ros2_ws/install/examples_rclcpp_minimal_timer/share/examples_rclcpp_minimal_timer/local_setup.sh
[9.463s] -- Installing: /home/user1/ros2_ws/install/examples_rclcpp_minimal_timer/share/examples_rclcpp_minimal_timer/local_setup.zsh
[9.463s] -- Installing: /home/user1/ros2_ws/install/examples_rclcpp_minimal_timer/share/examples_rclcpp_minimal_timer/local_setup.dsv
[9.464s] -- Installing: /home/user1/ros2_ws/install/examples_rclcpp_minimal_timer/share/examples_rclcpp_minimal_timer/package.dsv
[9.464s] -- Installing: /home/user1/ros2_ws/install/examples_rclcpp_minimal_timer/share/ament_index/resource_index/packages/examples_rclcpp_minimal_timer
[9.465s] -- Installing: /home/user1/ros2_ws/install/examples_rclcpp_minimal_timer/share/examples_rclcpp_minimal_timer/cmake/examples_rclcpp_minimal_timerConfig.cmake
[9.465s] -- Installing: /home/user1/ros2_ws/install/examples_rclcpp_minimal_timer/share/examples_rclcpp_minimal_timer/cmake/examples_rclcpp_minimal_timerConfig-version.cmake
[9.465s] -- Installing: /home/user1/ros2_ws/install/examples_rclcpp_minimal_timer/share/examples_rclcpp_minimal_timer/package.xml
[9.474s] Invoked command in '/home/user1/ros2_ws/build/examples_rclcpp_minimal_timer' returned '0': CMAKE_PREFIX_PATH=${CMAKE_PREFIX_PATH}:/home/user1/install/py_srvcli:/home/user1/install/py_pubsub:/home/user1/install/my_package:/home/user1/install/examples_rclpy_minimal_subscriber:/home/user1/install/examples_rclpy_minimal_service:/home/user1/install/examples_rclpy_minimal_publisher:/home/user1/install/examples_rclpy_minimal_client:/home/user1/install/examples_rclpy_minimal_action_server:/home/user1/install/examples_rclpy_minimal_action_client:/home/user1/install/examples_rclpy_executors:/opt/ros/foxy /usr/bin/cmake --install /home/user1/ros2_ws/build/examples_rclcpp_minimal_timer
