[0.066s] Invoking command in '/home/user1/ros2_ws/build/examples_rclcpp_minimal_composition': CMAKE_PREFIX_PATH=/opt/ros/foxy /usr/bin/cmake /home/user1/ros2_ws/src/examples/rclcpp/composition/minimal_composition -DAMENT_CMAKE_SYMLINK_INSTALL=1 -DCMAKE_INSTALL_PREFIX=/home/user1/ros2_ws/install/examples_rclcpp_minimal_composition
[0.311s] -- The C compiler identification is GNU 9.4.0
[0.563s] -- The CXX compiler identification is GNU 9.4.0
[0.581s] -- Check for working C compiler: /usr/bin/cc
[0.901s] -- Check for working C compiler: /usr/bin/cc -- works
[0.907s] -- Detecting C compiler ABI info
[1.260s] -- Detecting C compiler ABI info - done
[1.301s] -- Detecting C compile features
[1.304s] -- Detecting C compile features - done
[1.318s] -- Check for working CXX compiler: /usr/bin/c++
[1.673s] -- Check for working CXX compiler: /usr/bin/c++ -- works
[1.677s] -- Detecting CXX compiler ABI info
[2.066s] -- Detecting CXX compiler ABI info - done
[2.115s] -- Detecting CXX compile features
[2.119s] -- Detecting CXX compile features - done
[2.128s] -- Found ament_cmake: 0.9.12 (/opt/ros/foxy/share/ament_cmake/cmake)
[2.220s] -- Found PythonInterp: /usr/bin/python3 (found suitable version "3.8.10", minimum required is "3") 
[2.222s] -- Using PYTHON_EXECUTABLE: /usr/bin/python3
[2.907s] -- Override CMake install command with custom implementation using symlinks instead of copying resources
[2.994s] -- Found rclcpp: 2.4.3 (/opt/ros/foxy/share/rclcpp/cmake)
[3.134s] -- Using all available rosidl_typesupport_c: rosidl_typesupport_fastrtps_c;rosidl_typesupport_introspection_c
[3.160s] -- Found rosidl_adapter: 1.3.1 (/opt/ros/foxy/share/rosidl_adapter/cmake)
[3.530s] -- Found OpenSSL: /usr/lib/x86_64-linux-gnu/libcrypto.so (found version "1.1.1f")  
[3.609s] -- Found FastRTPS: /opt/ros/foxy/include  
[3.922s] -- Using all available rosidl_typesupport_cpp: rosidl_typesupport_fastrtps_cpp;rosidl_typesupport_introspection_cpp
[4.154s] -- Found rmw_implementation_cmake: 1.0.4 (/opt/ros/foxy/share/rmw_implementation_cmake/cmake)
[4.164s] -- Using RMW implementation 'rmw_fastrtps_cpp' as default
[4.169s] -- Looking for pthread.h
[4.509s] -- Looking for pthread.h - found
[4.511s] -- Performing Test CMAKE_HAVE_LIBC_PTHREAD
[4.874s] -- Performing Test CMAKE_HAVE_LIBC_PTHREAD - Failed
[4.876s] -- Looking for pthread_create in pthreads
[5.166s] -- Looking for pthread_create in pthreads - not found
[5.167s] -- Looking for pthread_create in pthread
[5.480s] -- Looking for pthread_create in pthread - found
[5.486s] -- Found Threads: TRUE  
[6.204s] -- Found rclcpp_components: 2.4.3 (/opt/ros/foxy/share/rclcpp_components/cmake)
[6.599s] -- Found ament_lint_auto: 0.9.8 (/opt/ros/foxy/share/ament_lint_auto/cmake)
[6.873s] -- Added test 'copyright' to check source files copyright and LICENSE
[6.883s] -- Added test 'cppcheck' to perform static code analysis on C / C++ code
[6.886s] -- Configured cppcheck include dirs: /home/user1/ros2_ws/src/examples/rclcpp/composition/minimal_composition/include
[6.887s] -- Configured cppcheck exclude dirs and/or files: 
[6.895s] -- Added test 'cpplint' to check C / C++ code against the Google style
[6.895s] -- Configured cpplint exclude dirs and/or files: 
[6.900s] -- Added test 'lint_cmake' to check CMake code style
[6.908s] -- Added test 'uncrustify' to check C / C++ code style
[6.909s] -- Configured uncrustify additional arguments: 
[6.912s] -- Added test 'xmllint' to check XML markup files
[6.929s] -- Configuring done
[7.020s] -- Generating done
[7.027s] -- Build files have been written to: /home/user1/ros2_ws/build/examples_rclcpp_minimal_composition
[7.057s] Invoked command in '/home/user1/ros2_ws/build/examples_rclcpp_minimal_composition' returned '0': CMAKE_PREFIX_PATH=/opt/ros/foxy /usr/bin/cmake /home/user1/ros2_ws/src/examples/rclcpp/composition/minimal_composition -DAMENT_CMAKE_SYMLINK_INSTALL=1 -DCMAKE_INSTALL_PREFIX=/home/user1/ros2_ws/install/examples_rclcpp_minimal_composition
[7.063s] Invoking command in '/home/user1/ros2_ws/build/examples_rclcpp_minimal_composition': CMAKE_PREFIX_PATH=/opt/ros/foxy /usr/bin/cmake --build /home/user1/ros2_ws/build/examples_rclcpp_minimal_composition -- -j2 -l2
[7.289s] [35m[1mScanning dependencies of target composition_nodes[0m
[7.531s] [ 11%] [32mBuilding CXX object CMakeFiles/composition_nodes.dir/src/publisher_node.cpp.o[0m
[19.697s] [ 22%] [32mBuilding CXX object CMakeFiles/composition_nodes.dir/src/subscriber_node.cpp.o[0m
[38.596s] [ 33%] [32m[1mLinking CXX shared library libcomposition_nodes.so[0m
[39.806s] [ 33%] Built target composition_nodes
[39.850s] [35m[1mScanning dependencies of target composition_composed[0m
[40.021s] [ 44%] [32mBuilding CXX object CMakeFiles/composition_composed.dir/src/composed.cpp.o[0m
[46.681s] [ 55%] [32m[1mLinking CXX executable composition_composed[0m
[47.299s] [ 55%] Built target composition_composed
[47.342s] [35m[1mScanning dependencies of target composition_subscriber[0m
[47.507s] [ 66%] [32mBuilding CXX object CMakeFiles/composition_subscriber.dir/src/standalone_subscriber.cpp.o[0m
[54.495s] [ 77%] [32m[1mLinking CXX executable composition_subscriber[0m
[55.110s] [ 77%] Built target composition_subscriber
[55.163s] [35m[1mScanning dependencies of target composition_publisher[0m
[55.360s] [ 88%] [32mBuilding CXX object CMakeFiles/composition_publisher.dir/src/standalone_publisher.cpp.o[0m
[62.231s] [100%] [32m[1mLinking CXX executable composition_publisher[0m
[62.900s] [100%] Built target composition_publisher
[62.955s] Invoked command in '/home/user1/ros2_ws/build/examples_rclcpp_minimal_composition' returned '0': CMAKE_PREFIX_PATH=/opt/ros/foxy /usr/bin/cmake --build /home/user1/ros2_ws/build/examples_rclcpp_minimal_composition -- -j2 -l2
[63.201s] Invoking command in '/home/user1/ros2_ws/build/examples_rclcpp_minimal_composition': CMAKE_PREFIX_PATH=/opt/ros/foxy /usr/bin/cmake --install /home/user1/ros2_ws/build/examples_rclcpp_minimal_composition
[63.244s] -- Install configuration: ""
[63.246s] -- Execute custom install script
[63.248s] -- Symlinking: /home/user1/ros2_ws/install/examples_rclcpp_minimal_composition/share/examples_rclcpp_minimal_composition/environment/library_path.sh
[63.307s] -- Symlinking: /home/user1/ros2_ws/install/examples_rclcpp_minimal_composition/share/examples_rclcpp_minimal_composition/environment/library_path.dsv
[63.351s] -- Symlinking: /home/user1/ros2_ws/install/examples_rclcpp_minimal_composition/lib/libcomposition_nodes.so
[63.395s] -- Symlinking: /home/user1/ros2_ws/install/examples_rclcpp_minimal_composition/lib/examples_rclcpp_minimal_composition/composition_publisher
[63.432s] -- Symlinking: /home/user1/ros2_ws/install/examples_rclcpp_minimal_composition/lib/examples_rclcpp_minimal_composition/composition_subscriber
[63.474s] -- Symlinking: /home/user1/ros2_ws/install/examples_rclcpp_minimal_composition/lib/examples_rclcpp_minimal_composition/composition_composed
[63.513s] -- Symlinking: /home/user1/ros2_ws/install/examples_rclcpp_minimal_composition/share/ament_index/resource_index/package_run_dependencies/examples_rclcpp_minimal_composition
[63.558s] -- Symlinking: /home/user1/ros2_ws/install/examples_rclcpp_minimal_composition/share/ament_index/resource_index/parent_prefix_path/examples_rclcpp_minimal_composition
[63.601s] -- Symlinking: /home/user1/ros2_ws/install/examples_rclcpp_minimal_composition/share/examples_rclcpp_minimal_composition/environment/ament_prefix_path.sh
[63.645s] -- Symlinking: /home/user1/ros2_ws/install/examples_rclcpp_minimal_composition/share/examples_rclcpp_minimal_composition/environment/ament_prefix_path.dsv
[63.690s] -- Symlinking: /home/user1/ros2_ws/install/examples_rclcpp_minimal_composition/share/examples_rclcpp_minimal_composition/environment/path.sh
[63.724s] -- Symlinking: /home/user1/ros2_ws/install/examples_rclcpp_minimal_composition/share/examples_rclcpp_minimal_composition/environment/path.dsv
[63.764s] -- Symlinking: /home/user1/ros2_ws/install/examples_rclcpp_minimal_composition/share/examples_rclcpp_minimal_composition/local_setup.bash
[63.791s] -- Symlinking: /home/user1/ros2_ws/install/examples_rclcpp_minimal_composition/share/examples_rclcpp_minimal_composition/local_setup.sh
[63.817s] -- Symlinking: /home/user1/ros2_ws/install/examples_rclcpp_minimal_composition/share/examples_rclcpp_minimal_composition/local_setup.zsh
[63.861s] -- Symlinking: /home/user1/ros2_ws/install/examples_rclcpp_minimal_composition/share/examples_rclcpp_minimal_composition/local_setup.dsv
[63.900s] -- Symlinking: /home/user1/ros2_ws/install/examples_rclcpp_minimal_composition/share/examples_rclcpp_minimal_composition/package.dsv
[63.942s] -- Symlinking: /home/user1/ros2_ws/install/examples_rclcpp_minimal_composition/share/ament_index/resource_index/packages/examples_rclcpp_minimal_composition
[63.987s] -- Symlinking: /home/user1/ros2_ws/install/examples_rclcpp_minimal_composition/share/examples_rclcpp_minimal_composition/cmake/examples_rclcpp_minimal_compositionConfig.cmake
[64.026s] -- Symlinking: /home/user1/ros2_ws/install/examples_rclcpp_minimal_composition/share/examples_rclcpp_minimal_composition/cmake/examples_rclcpp_minimal_compositionConfig-version.cmake
[64.067s] -- Symlinking: /home/user1/ros2_ws/install/examples_rclcpp_minimal_composition/share/examples_rclcpp_minimal_composition/package.xml
[64.107s] Invoked command in '/home/user1/ros2_ws/build/examples_rclcpp_minimal_composition' returned '0': CMAKE_PREFIX_PATH=/opt/ros/foxy /usr/bin/cmake --install /home/user1/ros2_ws/build/examples_rclcpp_minimal_composition
