[0.000000] (-) TimerEvent: {}
[0.000441] (-) JobUnselected: {'identifier': 'examples_rclcpp_minimal_action_client'}
[0.000528] (-) JobUnselected: {'identifier': 'examples_rclcpp_minimal_action_server'}
[0.000592] (-) JobUnselected: {'identifier': 'examples_rclcpp_minimal_client'}
[0.000684] (-) JobUnselected: {'identifier': 'examples_rclcpp_minimal_composition'}
[0.000703] (-) JobUnselected: {'identifier': 'examples_rclcpp_minimal_publisher'}
[0.000718] (-) JobUnselected: {'identifier': 'examples_rclcpp_minimal_service'}
[0.000732] (-) JobUnselected: {'identifier': 'examples_rclcpp_minimal_subscriber'}
[0.000747] (-) JobUnselected: {'identifier': 'examples_rclcpp_minimal_timer'}
[0.000761] (-) JobUnselected: {'identifier': 'examples_rclcpp_multithreaded_executor'}
[0.000781] (-) JobUnselected: {'identifier': 'examples_rclpy_executors'}
[0.000800] (-) JobUnselected: {'identifier': 'examples_rclpy_minimal_action_client'}
[0.000819] (-) JobUnselected: {'identifier': 'examples_rclpy_minimal_action_server'}
[0.000838] (-) JobUnselected: {'identifier': 'examples_rclpy_minimal_client'}
[0.001178] (-) JobUnselected: {'identifier': 'examples_rclpy_minimal_publisher'}
[0.001232] (-) JobUnselected: {'identifier': 'examples_rclpy_minimal_service'}
[0.002089] (-) JobUnselected: {'identifier': 'examples_rclpy_minimal_subscriber'}
[0.002148] (-) JobUnselected: {'identifier': 'more_interfaces'}
[0.002172] (-) JobUnselected: {'identifier': 'my_package'}
[0.002190] (-) JobUnselected: {'identifier': 'py_pubsub'}
[0.002214] (-) JobUnselected: {'identifier': 'py_srvcli'}
[0.002230] (-) JobUnselected: {'identifier': 'turtlesim'}
[0.002255] (python_parameters) JobQueued: {'identifier': 'python_parameters', 'dependencies': OrderedDict()}
[0.002310] (python_parameters) JobStarted: {'identifier': 'python_parameters'}
[0.098600] (-) TimerEvent: {}
[0.199175] (-) TimerEvent: {}
[0.299679] (-) TimerEvent: {}
[0.400072] (-) TimerEvent: {}
[0.500575] (-) TimerEvent: {}
[0.600992] (-) TimerEvent: {}
[0.701477] (-) TimerEvent: {}
[0.801947] (-) TimerEvent: {}
[0.898196] (python_parameters) Command: {'cmd': ['/usr/bin/python3', '-W', 'ignore:setup.py install is deprecated', 'setup.py', 'egg_info', '--egg-base', '../../build/python_parameters', 'build', '--build-base', '/home/user1/ros2_ws/build/python_parameters/build', 'install', '--record', '/home/user1/ros2_ws/build/python_parameters/install.log', '--install-scripts', '$base/lib/python_parameters', '--single-version-externally-managed', 'install_data'], 'cwd': '/home/user1/ros2_ws/src/python_parameters', 'env': {'GJS_DEBUG_TOPICS': 'JS ERROR;JS LOG', 'USER': 'user1', 'SSH_AGENT_PID': '1201', 'XDG_SESSION_TYPE': 'x11', 'SHLVL': '1', 'LD_LIBRARY_PATH': '/home/user1/ros2_ws/install/more_interfaces/lib:/home/user1/ros2_ws/install/tutorial_interfaces/lib:/home/user1/ros2_ws/install/turtlesim/lib:/home/user1/ros2_ws/install/examples_rclcpp_minimal_composition/lib:/opt/ros/foxy/opt/yaml_cpp_vendor/lib:/opt/ros/foxy/opt/rviz_ogre_vendor/lib:/opt/ros/foxy/lib/x86_64-linux-gnu:/opt/ros/foxy/lib', 'HOME': '/home/user1', 'DESKTOP_SESSION': 'ubuntu', 'ROS_PYTHON_VERSION': '3', 'GNOME_SHELL_SESSION_MODE': 'ubuntu', 'GTK_MODULES': 'gail:atk-bridge', 'MANAGERPID': '1020', 'DBUS_SESSION_BUS_ADDRESS': 'unix:path=/run/user/1000/bus', 'COLORTERM': 'truecolor', '_colcon_cd_root': '/opt/ros/foxy/', 'IM_CONFIG_PHASE': '1', 'COLCON_PREFIX_PATH': '/home/user1/ros2_ws/install', 'ROS_DISTRO': 'foxy', 'LOGNAME': 'user1', 'JOURNAL_STREAM': '8:48897', '_': '/usr/bin/colcon', 'ROS_VERSION': '2', 'XDG_SESSION_CLASS': 'user', 'USERNAME': 'user1', 'TERM': 'xterm-256color', 'GNOME_DESKTOP_SESSION_ID': 'this-is-deprecated', 'ROS_LOCALHOST_ONLY': '1', 'WINDOWPATH': '2', 'PATH': '/opt/ros/foxy/bin:/usr/local/sbin:/usr/local/bin:/usr/sbin:/usr/bin:/sbin:/bin:/usr/games:/usr/local/games:/snap/bin', 'SESSION_MANAGER': 'local/ubuntu:@/tmp/.ICE-unix/1245,unix/ubuntu:/tmp/.ICE-unix/1245', 'INVOCATION_ID': '979b6178db1f460894b54547d8dcb147', 'XDG_MENU_PREFIX': 'gnome-', 'GNOME_TERMINAL_SCREEN': '/org/gnome/Terminal/screen/19bf4b64_4402_4950_8bd3_b3fb3a27a09a', 'XDG_RUNTIME_DIR': '/run/user/1000', 'DISPLAY': ':0', 'LANG': 'en_US.UTF-8', 'XDG_CURRENT_DESKTOP': 'ubuntu:GNOME', 'XMODIFIERS': '@im=ibus', 'XDG_SESSION_DESKTOP': 'ubuntu', 'XAUTHORITY': '/run/user/1000/gdm/Xauthority', 'GNOME_TERMINAL_SERVICE': ':1.64', 'SSH_AUTH_SOCK': '/run/user/1000/keyring/ssh', 'ROS_DOMAIN_ID': '1', 'AMENT_PREFIX_PATH': '/home/user1/ros2_ws/install/python_parameters:/home/user1/ros2_ws/install/more_interfaces:/home/user1/ros2_ws/install/py_srvcli:/home/user1/ros2_ws/install/tutorial_interfaces:/home/user1/ros2_ws/install/turtlesim:/home/user1/ros2_ws/install/py_pubsub:/home/user1/ros2_ws/install/my_package:/home/user1/ros2_ws/install/examples_rclpy_minimal_subscriber:/home/user1/ros2_ws/install/examples_rclpy_minimal_service:/home/user1/ros2_ws/install/examples_rclpy_minimal_publisher:/home/user1/ros2_ws/install/examples_rclpy_minimal_client:/home/user1/ros2_ws/install/examples_rclpy_minimal_action_server:/home/user1/ros2_ws/install/examples_rclpy_minimal_action_client:/home/user1/ros2_ws/install/examples_rclpy_executors:/home/user1/ros2_ws/install/examples_rclcpp_multithreaded_executor:/home/user1/ros2_ws/install/examples_rclcpp_minimal_timer:/home/user1/ros2_ws/install/examples_rclcpp_minimal_subscriber:/home/user1/ros2_ws/install/examples_rclcpp_minimal_service:/home/user1/ros2_ws/install/examples_rclcpp_minimal_publisher:/home/user1/ros2_ws/install/examples_rclcpp_minimal_composition:/home/user1/ros2_ws/install/examples_rclcpp_minimal_client:/home/user1/ros2_ws/install/examples_rclcpp_minimal_action_server:/home/user1/ros2_ws/install/examples_rclcpp_minimal_action_client:/opt/ros/foxy', 'SHELL': '/bin/bash', 'QT_ACCESSIBILITY': '1', 'GDMSESSION': 'ubuntu', 'GPG_AGENT_INFO': '/run/user/1000/gnupg/S.gpg-agent:0:1', 'GJS_DEBUG_OUTPUT': 'stderr', 'QT_IM_MODULE': 'ibus', 'PWD': '/home/user1/ros2_ws/build/python_parameters', 'LC_ALL': 'en_US.UTF-8', 'XDG_CONFIG_DIRS': '/etc/xdg/xdg-ubuntu:/etc/xdg', 'XDG_DATA_DIRS': '/usr/share/ubuntu:/usr/local/share/:/usr/share/:/var/lib/snapd/desktop', 'PYTHONPATH': '/home/user1/ros2_ws/build/python_parameters/prefix_override:/usr/lib/python3/dist-packages/colcon_core/task/python/colcon_distutils_commands:/home/user1/ros2_ws/install/python_parameters/lib/python3.8/site-packages:/home/user1/ros2_ws/install/python_parameters/lib/python3.8/site-packages:/home/user1/ros2_ws/install/more_interfaces/lib/python3.8/site-packages:/home/user1/ros2_ws/install/py_srvcli/lib/python3.8/site-packages:/home/user1/ros2_ws/install/tutorial_interfaces/lib/python3.8/site-packages:/home/user1/ros2_ws/install/turtlesim/lib/python3.8/site-packages:/home/user1/ros2_ws/install/py_pubsub/lib/python3.8/site-packages:/home/user1/ros2_ws/install/my_package/lib/python3.8/site-packages:/home/user1/ros2_ws/install/examples_rclpy_minimal_subscriber/lib/python3.8/site-packages:/home/user1/ros2_ws/install/examples_rclpy_minimal_service/lib/python3.8/site-packages:/home/user1/ros2_ws/install/examples_rclpy_minimal_publisher/lib/python3.8/site-packages:/home/user1/ros2_ws/install/examples_rclpy_minimal_client/lib/python3.8/site-packages:/home/user1/ros2_ws/install/examples_rclpy_minimal_action_server/lib/python3.8/site-packages:/home/user1/ros2_ws/install/examples_rclpy_minimal_action_client/lib/python3.8/site-packages:/home/user1/ros2_ws/install/examples_rclpy_executors/lib/python3.8/site-packages:/opt/ros/foxy/lib/python3.8/site-packages', 'COLCON': '1', 'VTE_VERSION': '6003', 'CMAKE_PREFIX_PATH': '/home/user1/ros2_ws/install/more_interfaces:/home/user1/ros2_ws/install/tutorial_interfaces:/home/user1/ros2_ws/install/turtlesim:/home/user1/ros2_ws/install/examples_rclcpp_multithreaded_executor:/home/user1/ros2_ws/install/examples_rclcpp_minimal_timer:/home/user1/ros2_ws/install/examples_rclcpp_minimal_subscriber:/home/user1/ros2_ws/install/examples_rclcpp_minimal_service:/home/user1/ros2_ws/install/examples_rclcpp_minimal_publisher:/home/user1/ros2_ws/install/examples_rclcpp_minimal_composition:/home/user1/ros2_ws/install/examples_rclcpp_minimal_client:/home/user1/ros2_ws/install/examples_rclcpp_minimal_action_server:/home/user1/ros2_ws/install/examples_rclcpp_minimal_action_client'}, 'shell': False}
[0.907164] (-) TimerEvent: {}
[1.007628] (-) TimerEvent: {}
[1.108132] (-) TimerEvent: {}
[1.208538] (-) TimerEvent: {}
[1.301866] (python_parameters) StdoutLine: {'line': b'running egg_info\n'}
[1.304628] (python_parameters) StdoutLine: {'line': b'writing ../../build/python_parameters/python_parameters.egg-info/PKG-INFO\n'}
[1.306437] (python_parameters) StdoutLine: {'line': b'writing dependency_links to ../../build/python_parameters/python_parameters.egg-info/dependency_links.txt\n'}
[1.307853] (python_parameters) StdoutLine: {'line': b'writing entry points to ../../build/python_parameters/python_parameters.egg-info/entry_points.txt\n'}
[1.308891] (-) TimerEvent: {}
[1.309801] (python_parameters) StdoutLine: {'line': b'writing requirements to ../../build/python_parameters/python_parameters.egg-info/requires.txt\n'}
[1.311306] (python_parameters) StdoutLine: {'line': b'writing top-level names to ../../build/python_parameters/python_parameters.egg-info/top_level.txt\n'}
[1.388700] (python_parameters) StdoutLine: {'line': b"reading manifest file '../../build/python_parameters/python_parameters.egg-info/SOURCES.txt'\n"}
[1.391339] (python_parameters) StdoutLine: {'line': b"writing manifest file '../../build/python_parameters/python_parameters.egg-info/SOURCES.txt'\n"}
[1.392346] (python_parameters) StdoutLine: {'line': b'running build\n'}
[1.392899] (python_parameters) StdoutLine: {'line': b'running build_py\n'}
[1.393925] (python_parameters) StdoutLine: {'line': b'running install\n'}
[1.396134] (python_parameters) StdoutLine: {'line': b'running install_lib\n'}
[1.400017] (python_parameters) StdoutLine: {'line': b'running install_data\n'}
[1.400835] (python_parameters) StdoutLine: {'line': b'copying launch/python_parameters_launch.py -> /home/user1/ros2_ws/install/python_parameters/share/python_parameters\n'}
[1.402995] (python_parameters) StdoutLine: {'line': b'running install_egg_info\n'}
[1.407464] (python_parameters) StdoutLine: {'line': b"removing '/home/user1/ros2_ws/install/python_parameters/lib/python3.8/site-packages/python_parameters-0.0.0-py3.8.egg-info' (and everything under it)\n"}
[1.408533] (python_parameters) StdoutLine: {'line': b'Copying ../../build/python_parameters/python_parameters.egg-info to /home/user1/ros2_ws/install/python_parameters/lib/python3.8/site-packages/python_parameters-0.0.0-py3.8.egg-info\n'}
[1.409017] (-) TimerEvent: {}
[1.411693] (python_parameters) StdoutLine: {'line': b'running install_scripts\n'}
[1.458724] (python_parameters) StdoutLine: {'line': b'Installing minimal_param_node script to /home/user1/ros2_ws/install/python_parameters/lib/python_parameters\n'}
[1.460513] (python_parameters) StdoutLine: {'line': b"writing list of installed files to '/home/user1/ros2_ws/build/python_parameters/install.log'\n"}
[1.490236] (python_parameters) CommandEnded: {'returncode': 0}
[1.506798] (python_parameters) JobEnded: {'identifier': 'python_parameters', 'rc': 0}
[1.508891] (-) EventReactorShutdown: {}
