[0.925s] Invoking command in '/home/user1/ros2_ws/src/py_pubsub': PYTHONPATH=/home/user1/ros2_ws/build/py_pubsub/prefix_override:/usr/lib/python3/dist-packages/colcon_core/task/python/colcon_distutils_commands:/home/user1/ros2_ws/install/py_pubsub/lib/python3.8/site-packages:${PYTHONPATH} /usr/bin/python3 -W ignore:setup.py install is deprecated setup.py egg_info --egg-base ../../build/py_pubsub build --build-base /home/user1/ros2_ws/build/py_pubsub/build install --record /home/user1/ros2_ws/build/py_pubsub/install.log --install-scripts $base/lib/py_pubsub --single-version-externally-managed install_data
[1.203s] running egg_info
[1.204s] creating ../../build/py_pubsub/py_pubsub.egg-info
[1.204s] writing ../../build/py_pubsub/py_pubsub.egg-info/PKG-INFO
[1.204s] writing dependency_links to ../../build/py_pubsub/py_pubsub.egg-info/dependency_links.txt
[1.205s] writing entry points to ../../build/py_pubsub/py_pubsub.egg-info/entry_points.txt
[1.205s] writing requirements to ../../build/py_pubsub/py_pubsub.egg-info/requires.txt
[1.205s] writing top-level names to ../../build/py_pubsub/py_pubsub.egg-info/top_level.txt
[1.207s] writing manifest file '../../build/py_pubsub/py_pubsub.egg-info/SOURCES.txt'
[1.257s] reading manifest file '../../build/py_pubsub/py_pubsub.egg-info/SOURCES.txt'
[1.258s] writing manifest file '../../build/py_pubsub/py_pubsub.egg-info/SOURCES.txt'
[1.258s] running build
[1.259s] running build_py
[1.259s] creating /home/user1/ros2_ws/build/py_pubsub/build
[1.259s] creating /home/user1/ros2_ws/build/py_pubsub/build/lib
[1.259s] creating /home/user1/ros2_ws/build/py_pubsub/build/lib/py_pubsub
[1.259s] copying py_pubsub/subscriber_member_function.py -> /home/user1/ros2_ws/build/py_pubsub/build/lib/py_pubsub
[1.260s] copying py_pubsub/publisher_member_function.py -> /home/user1/ros2_ws/build/py_pubsub/build/lib/py_pubsub
[1.260s] copying py_pubsub/__init__.py -> /home/user1/ros2_ws/build/py_pubsub/build/lib/py_pubsub
[1.260s] running install
[1.262s] running install_lib
[1.264s] creating /home/user1/ros2_ws/install/py_pubsub/lib/python3.8/site-packages/py_pubsub
[1.264s] copying /home/user1/ros2_ws/build/py_pubsub/build/lib/py_pubsub/subscriber_member_function.py -> /home/user1/ros2_ws/install/py_pubsub/lib/python3.8/site-packages/py_pubsub
[1.264s] copying /home/user1/ros2_ws/build/py_pubsub/build/lib/py_pubsub/publisher_member_function.py -> /home/user1/ros2_ws/install/py_pubsub/lib/python3.8/site-packages/py_pubsub
[1.264s] copying /home/user1/ros2_ws/build/py_pubsub/build/lib/py_pubsub/__init__.py -> /home/user1/ros2_ws/install/py_pubsub/lib/python3.8/site-packages/py_pubsub
[1.266s] byte-compiling /home/user1/ros2_ws/install/py_pubsub/lib/python3.8/site-packages/py_pubsub/subscriber_member_function.py to subscriber_member_function.cpython-38.pyc
[1.267s] byte-compiling /home/user1/ros2_ws/install/py_pubsub/lib/python3.8/site-packages/py_pubsub/publisher_member_function.py to publisher_member_function.cpython-38.pyc
[1.268s] byte-compiling /home/user1/ros2_ws/install/py_pubsub/lib/python3.8/site-packages/py_pubsub/__init__.py to __init__.cpython-38.pyc
[1.268s] running install_data
[1.268s] creating /home/user1/ros2_ws/install/py_pubsub/share/ament_index
[1.268s] creating /home/user1/ros2_ws/install/py_pubsub/share/ament_index/resource_index
[1.268s] creating /home/user1/ros2_ws/install/py_pubsub/share/ament_index/resource_index/packages
[1.269s] copying resource/py_pubsub -> /home/user1/ros2_ws/install/py_pubsub/share/ament_index/resource_index/packages
[1.269s] copying package.xml -> /home/user1/ros2_ws/install/py_pubsub/share/py_pubsub
[1.269s] running install_egg_info
[1.271s] Copying ../../build/py_pubsub/py_pubsub.egg-info to /home/user1/ros2_ws/install/py_pubsub/lib/python3.8/site-packages/py_pubsub-0.0.0-py3.8.egg-info
[1.272s] running install_scripts
[1.295s] Installing listener script to /home/user1/ros2_ws/install/py_pubsub/lib/py_pubsub
[1.295s] Installing talker script to /home/user1/ros2_ws/install/py_pubsub/lib/py_pubsub
[1.295s] writing list of installed files to '/home/user1/ros2_ws/build/py_pubsub/install.log'
[1.330s] Invoked command in '/home/user1/ros2_ws/src/py_pubsub' returned '0': PYTHONPATH=/home/user1/ros2_ws/build/py_pubsub/prefix_override:/usr/lib/python3/dist-packages/colcon_core/task/python/colcon_distutils_commands:/home/user1/ros2_ws/install/py_pubsub/lib/python3.8/site-packages:${PYTHONPATH} /usr/bin/python3 -W ignore:setup.py install is deprecated setup.py egg_info --egg-base ../../build/py_pubsub build --build-base /home/user1/ros2_ws/build/py_pubsub/build install --record /home/user1/ros2_ws/build/py_pubsub/install.log --install-scripts $base/lib/py_pubsub --single-version-externally-managed install_data
