[0.079s] Invoking command in '/home/user1/ros2_ws/build/examples_rclcpp_minimal_service': CMAKE_PREFIX_PATH=/opt/ros/foxy /usr/bin/cmake /home/user1/ros2_ws/src/examples/rclcpp/services/minimal_service -DAMENT_CMAKE_SYMLINK_INSTALL=1 -DCMAKE_INSTALL_PREFIX=/home/user1/ros2_ws/install/examples_rclcpp_minimal_service
[0.321s] -- The C compiler identification is GNU 9.4.0
[0.558s] -- The CXX compiler identification is GNU 9.4.0
[0.577s] -- Check for working C compiler: /usr/bin/cc
[0.886s] -- Check for working C compiler: /usr/bin/cc -- works
[0.889s] -- Detecting C compiler ABI info
[1.172s] -- Detecting C compiler ABI info - done
[1.228s] -- Detecting C compile features
[1.230s] -- Detecting C compile features - done
[1.238s] -- Check for working CXX compiler: /usr/bin/c++
[1.585s] -- Check for working CXX compiler: /usr/bin/c++ -- works
[1.592s] -- Detecting CXX compiler ABI info
[1.935s] -- Detecting CXX compiler ABI info - done
[1.988s] -- Detecting CXX compile features
[1.991s] -- Detecting CXX compile features - done
[2.004s] -- Found ament_cmake: 0.9.12 (/opt/ros/foxy/share/ament_cmake/cmake)
[2.098s] -- Found PythonInterp: /usr/bin/python3 (found suitable version "3.8.10", minimum required is "3") 
[2.099s] -- Using PYTHON_EXECUTABLE: /usr/bin/python3
[2.748s] -- Override CMake install command with custom implementation using symlinks instead of copying resources
[2.837s] -- Found example_interfaces: 0.9.1 (/opt/ros/foxy/share/example_interfaces/cmake)
[2.939s] -- Using all available rosidl_typesupport_c: rosidl_typesupport_fastrtps_c;rosidl_typesupport_introspection_c
[2.967s] -- Found rosidl_adapter: 1.3.1 (/opt/ros/foxy/share/rosidl_adapter/cmake)
[3.406s] -- Found OpenSSL: /usr/lib/x86_64-linux-gnu/libcrypto.so (found version "1.1.1f")  
[3.521s] -- Found FastRTPS: /opt/ros/foxy/include  
[3.825s] -- Using all available rosidl_typesupport_cpp: rosidl_typesupport_fastrtps_cpp;rosidl_typesupport_introspection_cpp
[4.443s] -- Found rclcpp: 2.4.3 (/opt/ros/foxy/share/rclcpp/cmake)
[4.650s] -- Found rmw_implementation_cmake: 1.0.4 (/opt/ros/foxy/share/rmw_implementation_cmake/cmake)
[4.658s] -- Using RMW implementation 'rmw_fastrtps_cpp' as default
[4.663s] -- Looking for pthread.h
[5.000s] -- Looking for pthread.h - found
[5.002s] -- Performing Test CMAKE_HAVE_LIBC_PTHREAD
[5.355s] -- Performing Test CMAKE_HAVE_LIBC_PTHREAD - Failed
[5.357s] -- Looking for pthread_create in pthreads
[5.670s] -- Looking for pthread_create in pthreads - not found
[5.672s] -- Looking for pthread_create in pthread
[6.002s] -- Looking for pthread_create in pthread - found
[6.005s] -- Found Threads: TRUE  
[6.609s] -- Found ament_lint_auto: 0.9.8 (/opt/ros/foxy/share/ament_lint_auto/cmake)
[6.972s] -- Added test 'copyright' to check source files copyright and LICENSE
[6.977s] -- Added test 'cppcheck' to perform static code analysis on C / C++ code
[6.978s] -- Configured cppcheck include dirs: 
[6.978s] -- Configured cppcheck exclude dirs and/or files: 
[6.982s] -- Added test 'cpplint' to check C / C++ code against the Google style
[6.983s] -- Configured cpplint exclude dirs and/or files: 
[6.986s] -- Added test 'lint_cmake' to check CMake code style
[6.990s] -- Added test 'uncrustify' to check C / C++ code style
[6.991s] -- Configured uncrustify additional arguments: 
[6.994s] -- Added test 'xmllint' to check XML markup files
[7.012s] -- Configuring done
[7.061s] -- Generating done
[7.070s] -- Build files have been written to: /home/user1/ros2_ws/build/examples_rclcpp_minimal_service
[7.091s] Invoked command in '/home/user1/ros2_ws/build/examples_rclcpp_minimal_service' returned '0': CMAKE_PREFIX_PATH=/opt/ros/foxy /usr/bin/cmake /home/user1/ros2_ws/src/examples/rclcpp/services/minimal_service -DAMENT_CMAKE_SYMLINK_INSTALL=1 -DCMAKE_INSTALL_PREFIX=/home/user1/ros2_ws/install/examples_rclcpp_minimal_service
[7.103s] Invoking command in '/home/user1/ros2_ws/build/examples_rclcpp_minimal_service': CMAKE_PREFIX_PATH=/opt/ros/foxy /usr/bin/cmake --build /home/user1/ros2_ws/build/examples_rclcpp_minimal_service -- -j2 -l2
[7.314s] [35m[1mScanning dependencies of target service_main[0m
[7.523s] [ 50%] [32mBuilding CXX object CMakeFiles/service_main.dir/main.cpp.o[0m
[15.642s] [100%] [32m[1mLinking CXX executable service_main[0m
[16.208s] [100%] Built target service_main
[16.259s] Invoked command in '/home/user1/ros2_ws/build/examples_rclcpp_minimal_service' returned '0': CMAKE_PREFIX_PATH=/opt/ros/foxy /usr/bin/cmake --build /home/user1/ros2_ws/build/examples_rclcpp_minimal_service -- -j2 -l2
[16.435s] Invoking command in '/home/user1/ros2_ws/build/examples_rclcpp_minimal_service': CMAKE_PREFIX_PATH=/opt/ros/foxy /usr/bin/cmake --install /home/user1/ros2_ws/build/examples_rclcpp_minimal_service
[16.479s] -- Install configuration: ""
[16.481s] -- Execute custom install script
[16.483s] -- Symlinking: /home/user1/ros2_ws/install/examples_rclcpp_minimal_service/lib/examples_rclcpp_minimal_service/service_main
[16.525s] -- Symlinking: /home/user1/ros2_ws/install/examples_rclcpp_minimal_service/share/ament_index/resource_index/package_run_dependencies/examples_rclcpp_minimal_service
[16.571s] -- Symlinking: /home/user1/ros2_ws/install/examples_rclcpp_minimal_service/share/ament_index/resource_index/parent_prefix_path/examples_rclcpp_minimal_service
[16.607s] -- Symlinking: /home/user1/ros2_ws/install/examples_rclcpp_minimal_service/share/examples_rclcpp_minimal_service/environment/ament_prefix_path.sh
[16.654s] -- Symlinking: /home/user1/ros2_ws/install/examples_rclcpp_minimal_service/share/examples_rclcpp_minimal_service/environment/ament_prefix_path.dsv
[16.695s] -- Symlinking: /home/user1/ros2_ws/install/examples_rclcpp_minimal_service/share/examples_rclcpp_minimal_service/environment/path.sh
[16.739s] -- Symlinking: /home/user1/ros2_ws/install/examples_rclcpp_minimal_service/share/examples_rclcpp_minimal_service/environment/path.dsv
[16.775s] -- Symlinking: /home/user1/ros2_ws/install/examples_rclcpp_minimal_service/share/examples_rclcpp_minimal_service/local_setup.bash
[16.812s] -- Symlinking: /home/user1/ros2_ws/install/examples_rclcpp_minimal_service/share/examples_rclcpp_minimal_service/local_setup.sh
[16.858s] -- Symlinking: /home/user1/ros2_ws/install/examples_rclcpp_minimal_service/share/examples_rclcpp_minimal_service/local_setup.zsh
[16.900s] -- Symlinking: /home/user1/ros2_ws/install/examples_rclcpp_minimal_service/share/examples_rclcpp_minimal_service/local_setup.dsv
[16.949s] -- Symlinking: /home/user1/ros2_ws/install/examples_rclcpp_minimal_service/share/examples_rclcpp_minimal_service/package.dsv
[16.985s] -- Symlinking: /home/user1/ros2_ws/install/examples_rclcpp_minimal_service/share/ament_index/resource_index/packages/examples_rclcpp_minimal_service
[17.023s] -- Symlinking: /home/user1/ros2_ws/install/examples_rclcpp_minimal_service/share/examples_rclcpp_minimal_service/cmake/examples_rclcpp_minimal_serviceConfig.cmake
[17.069s] -- Symlinking: /home/user1/ros2_ws/install/examples_rclcpp_minimal_service/share/examples_rclcpp_minimal_service/cmake/examples_rclcpp_minimal_serviceConfig-version.cmake
[17.112s] -- Symlinking: /home/user1/ros2_ws/install/examples_rclcpp_minimal_service/share/examples_rclcpp_minimal_service/package.xml
[17.163s] Invoked command in '/home/user1/ros2_ws/build/examples_rclcpp_minimal_service' returned '0': CMAKE_PREFIX_PATH=/opt/ros/foxy /usr/bin/cmake --install /home/user1/ros2_ws/build/examples_rclcpp_minimal_service
