[0.039s] Invoking command in '/home/user1/ros2_ws/build/examples_rclcpp_multithreaded_executor': CMAKE_PREFIX_PATH=/opt/ros/foxy /usr/bin/cmake /home/user1/ros2_ws/src/examples/rclcpp/executors/multithreaded_executor -DCMAKE_INSTALL_PREFIX=/home/user1/ros2_ws/install/examples_rclcpp_multithreaded_executor
[0.063s] -- Found ament_cmake: 0.9.12 (/opt/ros/foxy/share/ament_cmake/cmake)
[0.106s] -- Using PYTHON_EXECUTABLE: /usr/bin/python3
[0.381s] -- Override CMake install command with custom implementation using symlinks instead of copying resources
[0.392s] -- Found rclcpp: 2.4.3 (/opt/ros/foxy/share/rclcpp/cmake)
[0.441s] -- Using all available rosidl_typesupport_c: rosidl_typesupport_fastrtps_c;rosidl_typesupport_introspection_c
[0.446s] -- Found rosidl_adapter: 1.3.1 (/opt/ros/foxy/share/rosidl_adapter/cmake)
[0.628s] -- Using all available rosidl_typesupport_cpp: rosidl_typesupport_fastrtps_cpp;rosidl_typesupport_introspection_cpp
[0.705s] -- Found rmw_implementation_cmake: 1.0.4 (/opt/ros/foxy/share/rmw_implementation_cmake/cmake)
[0.707s] -- Using RMW implementation 'rmw_fastrtps_cpp' as default
[0.895s] -- Found ament_lint_auto: 0.9.8 (/opt/ros/foxy/share/ament_lint_auto/cmake)
[1.013s] -- Added test 'copyright' to check source files copyright and LICENSE
[1.014s] -- Added test 'cppcheck' to perform static code analysis on C / C++ code
[1.015s] -- Configured cppcheck include dirs: 
[1.015s] -- Configured cppcheck exclude dirs and/or files: 
[1.016s] -- Added test 'cpplint' to check C / C++ code against the Google style
[1.016s] -- Configured cpplint exclude dirs and/or files: 
[1.017s] -- Added test 'lint_cmake' to check CMake code style
[1.018s] -- Added test 'uncrustify' to check C / C++ code style
[1.019s] -- Configured uncrustify additional arguments: 
[1.019s] -- Added test 'xmllint' to check XML markup files
[1.029s] -- Configuring done
[1.056s] -- Generating done
[1.060s] -- Build files have been written to: /home/user1/ros2_ws/build/examples_rclcpp_multithreaded_executor
[1.073s] Invoked command in '/home/user1/ros2_ws/build/examples_rclcpp_multithreaded_executor' returned '0': CMAKE_PREFIX_PATH=/opt/ros/foxy /usr/bin/cmake /home/user1/ros2_ws/src/examples/rclcpp/executors/multithreaded_executor -DCMAKE_INSTALL_PREFIX=/home/user1/ros2_ws/install/examples_rclcpp_multithreaded_executor
[1.079s] Invoking command in '/home/user1/ros2_ws/build/examples_rclcpp_multithreaded_executor': CMAKE_PREFIX_PATH=/opt/ros/foxy /usr/bin/cmake --build /home/user1/ros2_ws/build/examples_rclcpp_multithreaded_executor -- -j2 -l2
[1.208s] [100%] Built target multithreaded_executor
[1.236s] Invoked command in '/home/user1/ros2_ws/build/examples_rclcpp_multithreaded_executor' returned '0': CMAKE_PREFIX_PATH=/opt/ros/foxy /usr/bin/cmake --build /home/user1/ros2_ws/build/examples_rclcpp_multithreaded_executor -- -j2 -l2
[1.302s] Invoking command in '/home/user1/ros2_ws/build/examples_rclcpp_multithreaded_executor': CMAKE_PREFIX_PATH=/opt/ros/foxy /usr/bin/cmake --install /home/user1/ros2_ws/build/examples_rclcpp_multithreaded_executor
[1.326s] -- Install configuration: ""
[1.327s] -- Execute custom install script
[1.328s] -- Up-to-date symlink: /home/user1/ros2_ws/install/examples_rclcpp_multithreaded_executor/lib/examples_rclcpp_multithreaded_executor/multithreaded_executor
[1.329s] -- Up-to-date symlink: /home/user1/ros2_ws/install/examples_rclcpp_multithreaded_executor/share/ament_index/resource_index/package_run_dependencies/examples_rclcpp_multithreaded_executor
[1.330s] -- Up-to-date symlink: /home/user1/ros2_ws/install/examples_rclcpp_multithreaded_executor/share/ament_index/resource_index/parent_prefix_path/examples_rclcpp_multithreaded_executor
[1.331s] -- Up-to-date symlink: /home/user1/ros2_ws/install/examples_rclcpp_multithreaded_executor/share/examples_rclcpp_multithreaded_executor/environment/ament_prefix_path.sh
[1.332s] -- Up-to-date symlink: /home/user1/ros2_ws/install/examples_rclcpp_multithreaded_executor/share/examples_rclcpp_multithreaded_executor/environment/ament_prefix_path.dsv
[1.333s] -- Up-to-date symlink: /home/user1/ros2_ws/install/examples_rclcpp_multithreaded_executor/share/examples_rclcpp_multithreaded_executor/environment/path.sh
[1.334s] -- Up-to-date symlink: /home/user1/ros2_ws/install/examples_rclcpp_multithreaded_executor/share/examples_rclcpp_multithreaded_executor/environment/path.dsv
[1.335s] -- Up-to-date symlink: /home/user1/ros2_ws/install/examples_rclcpp_multithreaded_executor/share/examples_rclcpp_multithreaded_executor/local_setup.bash
[1.335s] -- Up-to-date symlink: /home/user1/ros2_ws/install/examples_rclcpp_multithreaded_executor/share/examples_rclcpp_multithreaded_executor/local_setup.sh
[1.336s] -- Up-to-date symlink: /home/user1/ros2_ws/install/examples_rclcpp_multithreaded_executor/share/examples_rclcpp_multithreaded_executor/local_setup.zsh
[1.337s] -- Up-to-date symlink: /home/user1/ros2_ws/install/examples_rclcpp_multithreaded_executor/share/examples_rclcpp_multithreaded_executor/local_setup.dsv
[1.337s] -- Symlinking: /home/user1/ros2_ws/install/examples_rclcpp_multithreaded_executor/share/examples_rclcpp_multithreaded_executor/package.dsv
[1.357s] -- Up-to-date symlink: /home/user1/ros2_ws/install/examples_rclcpp_multithreaded_executor/share/ament_index/resource_index/packages/examples_rclcpp_multithreaded_executor
[1.358s] -- Up-to-date symlink: /home/user1/ros2_ws/install/examples_rclcpp_multithreaded_executor/share/examples_rclcpp_multithreaded_executor/cmake/examples_rclcpp_multithreaded_executorConfig.cmake
[1.358s] -- Up-to-date symlink: /home/user1/ros2_ws/install/examples_rclcpp_multithreaded_executor/share/examples_rclcpp_multithreaded_executor/cmake/examples_rclcpp_multithreaded_executorConfig-version.cmake
[1.359s] -- Up-to-date symlink: /home/user1/ros2_ws/install/examples_rclcpp_multithreaded_executor/share/examples_rclcpp_multithreaded_executor/package.xml
[1.364s] Invoked command in '/home/user1/ros2_ws/build/examples_rclcpp_multithreaded_executor' returned '0': CMAKE_PREFIX_PATH=/opt/ros/foxy /usr/bin/cmake --install /home/user1/ros2_ws/build/examples_rclcpp_multithreaded_executor
