[2.453s] Invoking command in '/home/user1/ros2_ws/build/examples_rclpy_minimal_service': PYTHONPATH=/home/user1/ros2_ws/build/examples_rclpy_minimal_service/prefix_override:/usr/lib/python3/dist-packages/colcon_core/task/python/colcon_distutils_commands:/home/user1/ros2_ws/install/examples_rclpy_minimal_service/lib/python3.8/site-packages:${PYTHONPATH} /usr/bin/python3 -W ignore:setup.py install is deprecated setup.py develop --editable --build-directory /home/user1/ros2_ws/build/examples_rclpy_minimal_service/build --no-deps symlink_data
[3.480s] running develop
[3.974s] running egg_info
[3.974s] creating examples_rclpy_minimal_service.egg-info
[3.975s] writing examples_rclpy_minimal_service.egg-info/PKG-INFO
[3.978s] writing dependency_links to examples_rclpy_minimal_service.egg-info/dependency_links.txt
[3.978s] writing entry points to examples_rclpy_minimal_service.egg-info/entry_points.txt
[3.978s] writing requirements to examples_rclpy_minimal_service.egg-info/requires.txt
[3.979s] writing top-level names to examples_rclpy_minimal_service.egg-info/top_level.txt
[3.984s] writing manifest file 'examples_rclpy_minimal_service.egg-info/SOURCES.txt'
[4.101s] reading manifest file 'examples_rclpy_minimal_service.egg-info/SOURCES.txt'
[4.103s] writing manifest file 'examples_rclpy_minimal_service.egg-info/SOURCES.txt'
[4.249s] running build_ext
[4.250s] Creating /home/user1/ros2_ws/install/examples_rclpy_minimal_service/lib/python3.8/site-packages/site.py
[4.259s] Creating /home/user1/ros2_ws/install/examples_rclpy_minimal_service/lib/python3.8/site-packages/examples-rclpy-minimal-service.egg-link (link to .)
[4.262s] Installing service script to /home/user1/ros2_ws/install/examples_rclpy_minimal_service/lib/examples_rclpy_minimal_service
[4.263s] Installing service_member_function script to /home/user1/ros2_ws/install/examples_rclpy_minimal_service/lib/examples_rclpy_minimal_service
[4.263s] 
[4.264s] Installed /home/user1/ros2_ws/build/examples_rclpy_minimal_service
[4.264s] running symlink_data
[4.265s] creating /home/user1/ros2_ws/install/examples_rclpy_minimal_service/share/ament_index
[4.265s] creating /home/user1/ros2_ws/install/examples_rclpy_minimal_service/share/ament_index/resource_index
[4.265s] creating /home/user1/ros2_ws/install/examples_rclpy_minimal_service/share/ament_index/resource_index/packages
[4.266s] symbolically linking /home/user1/ros2_ws/build/examples_rclpy_minimal_service/resource/examples_rclpy_minimal_service -> /home/user1/ros2_ws/install/examples_rclpy_minimal_service/share/ament_index/resource_index/packages
[4.266s] symbolically linking /home/user1/ros2_ws/build/examples_rclpy_minimal_service/package.xml -> /home/user1/ros2_ws/install/examples_rclpy_minimal_service/share/examples_rclpy_minimal_service
[4.365s] Invoked command in '/home/user1/ros2_ws/build/examples_rclpy_minimal_service' returned '0': PYTHONPATH=/home/user1/ros2_ws/build/examples_rclpy_minimal_service/prefix_override:/usr/lib/python3/dist-packages/colcon_core/task/python/colcon_distutils_commands:/home/user1/ros2_ws/install/examples_rclpy_minimal_service/lib/python3.8/site-packages:${PYTHONPATH} /usr/bin/python3 -W ignore:setup.py install is deprecated setup.py develop --editable --build-directory /home/user1/ros2_ws/build/examples_rclpy_minimal_service/build --no-deps symlink_data
