[0.000000] (-) TimerEvent: {}
[0.001001] (-) JobUnselected: {'identifier': 'examples_rclcpp_minimal_action_client'}
[0.001091] (-) JobUnselected: {'identifier': 'examples_rclcpp_minimal_action_server'}
[0.001131] (-) JobUnselected: {'identifier': 'examples_rclcpp_minimal_client'}
[0.001159] (-) JobUnselected: {'identifier': 'examples_rclcpp_minimal_composition'}
[0.001222] (-) JobUnselected: {'identifier': 'examples_rclcpp_minimal_publisher'}
[0.001261] (-) JobUnselected: {'identifier': 'examples_rclcpp_minimal_service'}
[0.001308] (-) JobUnselected: {'identifier': 'examples_rclcpp_minimal_subscriber'}
[0.001355] (-) JobUnselected: {'identifier': 'examples_rclcpp_minimal_timer'}
[0.001410] (-) JobUnselected: {'identifier': 'examples_rclcpp_multithreaded_executor'}
[0.001460] (-) JobUnselected: {'identifier': 'examples_rclpy_executors'}
[0.001512] (-) JobUnselected: {'identifier': 'examples_rclpy_minimal_action_client'}
[0.001545] (-) JobUnselected: {'identifier': 'examples_rclpy_minimal_action_server'}
[0.001577] (-) JobUnselected: {'identifier': 'examples_rclpy_minimal_client'}
[0.001624] (-) JobUnselected: {'identifier': 'examples_rclpy_minimal_publisher'}
[0.001657] (-) JobUnselected: {'identifier': 'examples_rclpy_minimal_service'}
[0.001704] (-) JobUnselected: {'identifier': 'examples_rclpy_minimal_subscriber'}
[0.001736] (-) JobUnselected: {'identifier': 'my_package'}
[0.001770] (-) JobUnselected: {'identifier': 'turtlesim'}
[0.001813] (py_pubsub) JobQueued: {'identifier': 'py_pubsub', 'dependencies': OrderedDict()}
[0.001852] (py_pubsub) JobStarted: {'identifier': 'py_pubsub'}
[0.099344] (-) TimerEvent: {}
[0.200520] (-) TimerEvent: {}
[0.301044] (-) TimerEvent: {}
[0.401607] (-) TimerEvent: {}
[0.502148] (-) TimerEvent: {}
[0.602841] (-) TimerEvent: {}
[0.703535] (-) TimerEvent: {}
[0.803877] (-) TimerEvent: {}
[0.904394] (-) TimerEvent: {}
[0.920142] (py_pubsub) Command: {'cmd': ['/usr/bin/python3', '-W', 'ignore:setup.py install is deprecated', 'setup.py', 'egg_info', '--egg-base', '../../build/py_pubsub', 'build', '--build-base', '/home/user1/ros2_ws/build/py_pubsub/build', 'install', '--record', '/home/user1/ros2_ws/build/py_pubsub/install.log', '--install-scripts', '$base/lib/py_pubsub', '--single-version-externally-managed', 'install_data'], 'cwd': '/home/user1/ros2_ws/src/py_pubsub', 'env': {'GJS_DEBUG_TOPICS': 'JS ERROR;JS LOG', 'USER': 'user1', 'SSH_AGENT_PID': '1160', 'XDG_SESSION_TYPE': 'x11', 'SHLVL': '1', 'LD_LIBRARY_PATH': '/home/user1/ros2_ws/install/turtlesim/lib:/home/user1/ros2_ws/install/examples_rclcpp_minimal_composition/lib:/opt/ros/foxy/opt/yaml_cpp_vendor/lib:/opt/ros/foxy/opt/rviz_ogre_vendor/lib:/opt/ros/foxy/lib/x86_64-linux-gnu:/opt/ros/foxy/lib', 'HOME': '/home/user1', 'OLDPWD': '/home/user1/ros2_ws/src', 'DESKTOP_SESSION': 'ubuntu', 'ROS_PYTHON_VERSION': '3', 'GNOME_SHELL_SESSION_MODE': 'ubuntu', 'GTK_MODULES': 'gail:atk-bridge', 'MANAGERPID': '950', 'DBUS_SESSION_BUS_ADDRESS': 'unix:path=/run/user/1000/bus', 'COLORTERM': 'truecolor', '_colcon_cd_root': '/opt/ros/foxy/', 'IM_CONFIG_PHASE': '1', 'COLCON_PREFIX_PATH': '/home/user1/ros2_ws/install', 'ROS_DISTRO': 'foxy', 'LOGNAME': 'user1', 'JOURNAL_STREAM': '8:44631', '_': '/usr/bin/colcon', 'ROS_VERSION': '2', 'XDG_SESSION_CLASS': 'user', 'USERNAME': 'user1', 'TERM': 'xterm-256color', 'GNOME_DESKTOP_SESSION_ID': 'this-is-deprecated', 'ROS_LOCALHOST_ONLY': '1', 'WINDOWPATH': '2', 'PATH': '/opt/ros/foxy/bin:/usr/local/sbin:/usr/local/bin:/usr/sbin:/usr/bin:/sbin:/bin:/usr/games:/usr/local/games:/snap/bin', 'SESSION_MANAGER': 'local/ubuntu:@/tmp/.ICE-unix/1195,unix/ubuntu:/tmp/.ICE-unix/1195', 'INVOCATION_ID': 'd5266f7609fc4b4f9de06cbe549e72f4', 'XDG_MENU_PREFIX': 'gnome-', 'GNOME_TERMINAL_SCREEN': '/org/gnome/Terminal/screen/83f1144d_2d9a_4114_bc12_a53697df1db5', 'XDG_RUNTIME_DIR': '/run/user/1000', 'DISPLAY': ':0', 'LANG': 'en_US.UTF-8', 'XDG_CURRENT_DESKTOP': 'ubuntu:GNOME', 'XMODIFIERS': '@im=ibus', 'XDG_SESSION_DESKTOP': 'ubuntu', 'XAUTHORITY': '/run/user/1000/gdm/Xauthority', 'GNOME_TERMINAL_SERVICE': ':1.110', 'SSH_AUTH_SOCK': '/run/user/1000/keyring/ssh', 'ROS_DOMAIN_ID': '1', 'AMENT_PREFIX_PATH': '/home/user1/ros2_ws/install/turtlesim:/home/user1/ros2_ws/install/my_package:/home/user1/ros2_ws/install/examples_rclpy_minimal_subscriber:/home/user1/ros2_ws/install/examples_rclpy_minimal_service:/home/user1/ros2_ws/install/examples_rclpy_minimal_publisher:/home/user1/ros2_ws/install/examples_rclpy_minimal_client:/home/user1/ros2_ws/install/examples_rclpy_minimal_action_server:/home/user1/ros2_ws/install/examples_rclpy_minimal_action_client:/home/user1/ros2_ws/install/examples_rclpy_executors:/home/user1/ros2_ws/install/examples_rclcpp_multithreaded_executor:/home/user1/ros2_ws/install/examples_rclcpp_minimal_timer:/home/user1/ros2_ws/install/examples_rclcpp_minimal_subscriber:/home/user1/ros2_ws/install/examples_rclcpp_minimal_service:/home/user1/ros2_ws/install/examples_rclcpp_minimal_publisher:/home/user1/ros2_ws/install/examples_rclcpp_minimal_composition:/home/user1/ros2_ws/install/examples_rclcpp_minimal_client:/home/user1/ros2_ws/install/examples_rclcpp_minimal_action_server:/home/user1/ros2_ws/install/examples_rclcpp_minimal_action_client:/opt/ros/foxy', 'SHELL': '/bin/bash', 'QT_ACCESSIBILITY': '1', 'GDMSESSION': 'ubuntu', 'GPG_AGENT_INFO': '/run/user/1000/gnupg/S.gpg-agent:0:1', 'GJS_DEBUG_OUTPUT': 'stderr', 'QT_IM_MODULE': 'ibus', 'PWD': '/home/user1/ros2_ws/build/py_pubsub', 'LC_ALL': 'en_US.UTF-8', 'XDG_CONFIG_DIRS': '/etc/xdg/xdg-ubuntu:/etc/xdg', 'XDG_DATA_DIRS': '/usr/share/ubuntu:/usr/local/share/:/usr/share/:/var/lib/snapd/desktop', 'PYTHONPATH': '/home/user1/ros2_ws/build/py_pubsub/prefix_override:/usr/lib/python3/dist-packages/colcon_core/task/python/colcon_distutils_commands:/home/user1/ros2_ws/install/py_pubsub/lib/python3.8/site-packages:/home/user1/ros2_ws/install/turtlesim/lib/python3.8/site-packages:/home/user1/ros2_ws/install/my_package/lib/python3.8/site-packages:/home/user1/ros2_ws/install/examples_rclpy_minimal_subscriber/lib/python3.8/site-packages:/home/user1/ros2_ws/install/examples_rclpy_minimal_service/lib/python3.8/site-packages:/home/user1/ros2_ws/install/examples_rclpy_minimal_publisher/lib/python3.8/site-packages:/home/user1/ros2_ws/install/examples_rclpy_minimal_client/lib/python3.8/site-packages:/home/user1/ros2_ws/install/examples_rclpy_minimal_action_server/lib/python3.8/site-packages:/home/user1/ros2_ws/install/examples_rclpy_minimal_action_client/lib/python3.8/site-packages:/home/user1/ros2_ws/install/examples_rclpy_executors/lib/python3.8/site-packages:/opt/ros/foxy/lib/python3.8/site-packages', 'COLCON': '1', 'VTE_VERSION': '6003', 'CMAKE_PREFIX_PATH': '/home/user1/ros2_ws/install/turtlesim:/home/user1/ros2_ws/install/examples_rclcpp_multithreaded_executor:/home/user1/ros2_ws/install/examples_rclcpp_minimal_timer:/home/user1/ros2_ws/install/examples_rclcpp_minimal_subscriber:/home/user1/ros2_ws/install/examples_rclcpp_minimal_service:/home/user1/ros2_ws/install/examples_rclcpp_minimal_publisher:/home/user1/ros2_ws/install/examples_rclcpp_minimal_composition:/home/user1/ros2_ws/install/examples_rclcpp_minimal_client:/home/user1/ros2_ws/install/examples_rclcpp_minimal_action_server:/home/user1/ros2_ws/install/examples_rclcpp_minimal_action_client'}, 'shell': False}
[1.004605] (-) TimerEvent: {}
[1.105310] (-) TimerEvent: {}
[1.204780] (py_pubsub) StdoutLine: {'line': b'running egg_info\n'}
[1.205330] (py_pubsub) StdoutLine: {'line': b'creating ../../build/py_pubsub/py_pubsub.egg-info\n'}
[1.205479] (-) TimerEvent: {}
[1.205702] (py_pubsub) StdoutLine: {'line': b'writing ../../build/py_pubsub/py_pubsub.egg-info/PKG-INFO\n'}
[1.206246] (py_pubsub) StdoutLine: {'line': b'writing dependency_links to ../../build/py_pubsub/py_pubsub.egg-info/dependency_links.txt\n'}
[1.206372] (py_pubsub) StdoutLine: {'line': b'writing entry points to ../../build/py_pubsub/py_pubsub.egg-info/entry_points.txt\n'}
[1.206457] (py_pubsub) StdoutLine: {'line': b'writing requirements to ../../build/py_pubsub/py_pubsub.egg-info/requires.txt\n'}
[1.206535] (py_pubsub) StdoutLine: {'line': b'writing top-level names to ../../build/py_pubsub/py_pubsub.egg-info/top_level.txt\n'}
[1.208347] (py_pubsub) StdoutLine: {'line': b"writing manifest file '../../build/py_pubsub/py_pubsub.egg-info/SOURCES.txt'\n"}
[1.258247] (py_pubsub) StdoutLine: {'line': b"reading manifest file '../../build/py_pubsub/py_pubsub.egg-info/SOURCES.txt'\n"}
[1.259378] (py_pubsub) StdoutLine: {'line': b"writing manifest file '../../build/py_pubsub/py_pubsub.egg-info/SOURCES.txt'\n"}
[1.260130] (py_pubsub) StdoutLine: {'line': b'running build\n'}
[1.260375] (py_pubsub) StdoutLine: {'line': b'running build_py\n'}
[1.260592] (py_pubsub) StdoutLine: {'line': b'creating /home/user1/ros2_ws/build/py_pubsub/build\n'}
[1.260735] (py_pubsub) StdoutLine: {'line': b'creating /home/user1/ros2_ws/build/py_pubsub/build/lib\n'}
[1.260896] (py_pubsub) StdoutLine: {'line': b'creating /home/user1/ros2_ws/build/py_pubsub/build/lib/py_pubsub\n'}
[1.261096] (py_pubsub) StdoutLine: {'line': b'copying py_pubsub/subscriber_member_function.py -> /home/user1/ros2_ws/build/py_pubsub/build/lib/py_pubsub\n'}
[1.261432] (py_pubsub) StdoutLine: {'line': b'copying py_pubsub/publisher_member_function.py -> /home/user1/ros2_ws/build/py_pubsub/build/lib/py_pubsub\n'}
[1.261848] (py_pubsub) StdoutLine: {'line': b'copying py_pubsub/__init__.py -> /home/user1/ros2_ws/build/py_pubsub/build/lib/py_pubsub\n'}
[1.262066] (py_pubsub) StdoutLine: {'line': b'running install\n'}
[1.263894] (py_pubsub) StdoutLine: {'line': b'running install_lib\n'}
[1.265713] (py_pubsub) StdoutLine: {'line': b'creating /home/user1/ros2_ws/install/py_pubsub/lib/python3.8/site-packages/py_pubsub\n'}
[1.265893] (py_pubsub) StdoutLine: {'line': b'copying /home/user1/ros2_ws/build/py_pubsub/build/lib/py_pubsub/subscriber_member_function.py -> /home/user1/ros2_ws/install/py_pubsub/lib/python3.8/site-packages/py_pubsub\n'}
[1.266042] (py_pubsub) StdoutLine: {'line': b'copying /home/user1/ros2_ws/build/py_pubsub/build/lib/py_pubsub/publisher_member_function.py -> /home/user1/ros2_ws/install/py_pubsub/lib/python3.8/site-packages/py_pubsub\n'}
[1.266188] (py_pubsub) StdoutLine: {'line': b'copying /home/user1/ros2_ws/build/py_pubsub/build/lib/py_pubsub/__init__.py -> /home/user1/ros2_ws/install/py_pubsub/lib/python3.8/site-packages/py_pubsub\n'}
[1.267154] (py_pubsub) StdoutLine: {'line': b'byte-compiling /home/user1/ros2_ws/install/py_pubsub/lib/python3.8/site-packages/py_pubsub/subscriber_member_function.py to subscriber_member_function.cpython-38.pyc\n'}
[1.268942] (py_pubsub) StdoutLine: {'line': b'byte-compiling /home/user1/ros2_ws/install/py_pubsub/lib/python3.8/site-packages/py_pubsub/publisher_member_function.py to publisher_member_function.cpython-38.pyc\n'}
[1.269456] (py_pubsub) StdoutLine: {'line': b'byte-compiling /home/user1/ros2_ws/install/py_pubsub/lib/python3.8/site-packages/py_pubsub/__init__.py to __init__.cpython-38.pyc\n'}
[1.269671] (py_pubsub) StdoutLine: {'line': b'running install_data\n'}
[1.269848] (py_pubsub) StdoutLine: {'line': b'creating /home/user1/ros2_ws/install/py_pubsub/share/ament_index\n'}
[1.270037] (py_pubsub) StdoutLine: {'line': b'creating /home/user1/ros2_ws/install/py_pubsub/share/ament_index/resource_index\n'}
[1.270145] (py_pubsub) StdoutLine: {'line': b'creating /home/user1/ros2_ws/install/py_pubsub/share/ament_index/resource_index/packages\n'}
[1.270308] (py_pubsub) StdoutLine: {'line': b'copying resource/py_pubsub -> /home/user1/ros2_ws/install/py_pubsub/share/ament_index/resource_index/packages\n'}
[1.270396] (py_pubsub) StdoutLine: {'line': b'copying package.xml -> /home/user1/ros2_ws/install/py_pubsub/share/py_pubsub\n'}
[1.270485] (py_pubsub) StdoutLine: {'line': b'running install_egg_info\n'}
[1.272612] (py_pubsub) StdoutLine: {'line': b'Copying ../../build/py_pubsub/py_pubsub.egg-info to /home/user1/ros2_ws/install/py_pubsub/lib/python3.8/site-packages/py_pubsub-0.0.0-py3.8.egg-info\n'}
[1.273541] (py_pubsub) StdoutLine: {'line': b'running install_scripts\n'}
[1.296453] (py_pubsub) StdoutLine: {'line': b'Installing listener script to /home/user1/ros2_ws/install/py_pubsub/lib/py_pubsub\n'}
[1.296767] (py_pubsub) StdoutLine: {'line': b'Installing talker script to /home/user1/ros2_ws/install/py_pubsub/lib/py_pubsub\n'}
[1.297115] (py_pubsub) StdoutLine: {'line': b"writing list of installed files to '/home/user1/ros2_ws/build/py_pubsub/install.log'\n"}
[1.305751] (-) TimerEvent: {}
[1.331153] (py_pubsub) CommandEnded: {'returncode': 0}
[1.346164] (py_pubsub) JobEnded: {'identifier': 'py_pubsub', 'rc': 0}
[1.347012] (-) EventReactorShutdown: {}
