[2.568s] Invoking command in '/home/user1/ros2_ws/build/examples_rclpy_minimal_action_server': PYTHONPATH=/home/user1/ros2_ws/build/examples_rclpy_minimal_action_server/prefix_override:/usr/lib/python3/dist-packages/colcon_core/task/python/colcon_distutils_commands:/home/user1/ros2_ws/install/examples_rclpy_minimal_action_server/lib/python3.8/site-packages:${PYTHONPATH} /usr/bin/python3 -W ignore:setup.py install is deprecated setup.py develop --editable --build-directory /home/user1/ros2_ws/build/examples_rclpy_minimal_action_server/build --no-deps symlink_data
[3.483s] running develop
[3.989s] running egg_info
[3.990s] creating examples_rclpy_minimal_action_server.egg-info
[3.992s] writing examples_rclpy_minimal_action_server.egg-info/PKG-INFO
[3.995s] writing dependency_links to examples_rclpy_minimal_action_server.egg-info/dependency_links.txt
[3.997s] writing entry points to examples_rclpy_minimal_action_server.egg-info/entry_points.txt
[3.997s] writing requirements to examples_rclpy_minimal_action_server.egg-info/requires.txt
[3.998s] writing top-level names to examples_rclpy_minimal_action_server.egg-info/top_level.txt
[4.004s] writing manifest file 'examples_rclpy_minimal_action_server.egg-info/SOURCES.txt'
[4.126s] reading manifest file 'examples_rclpy_minimal_action_server.egg-info/SOURCES.txt'
[4.130s] writing manifest file 'examples_rclpy_minimal_action_server.egg-info/SOURCES.txt'
[4.283s] running build_ext
[4.286s] Creating /home/user1/ros2_ws/install/examples_rclpy_minimal_action_server/lib/python3.8/site-packages/site.py
[4.297s] Creating /home/user1/ros2_ws/install/examples_rclpy_minimal_action_server/lib/python3.8/site-packages/examples-rclpy-minimal-action-server.egg-link (link to .)
[4.302s] Installing server script to /home/user1/ros2_ws/install/examples_rclpy_minimal_action_server/lib/examples_rclpy_minimal_action_server
[4.303s] Installing server_defer script to /home/user1/ros2_ws/install/examples_rclpy_minimal_action_server/lib/examples_rclpy_minimal_action_server
[4.304s] Installing server_not_composable script to /home/user1/ros2_ws/install/examples_rclpy_minimal_action_server/lib/examples_rclpy_minimal_action_server
[4.305s] Installing server_queue_goals script to /home/user1/ros2_ws/install/examples_rclpy_minimal_action_server/lib/examples_rclpy_minimal_action_server
[4.306s] Installing server_single_goal script to /home/user1/ros2_ws/install/examples_rclpy_minimal_action_server/lib/examples_rclpy_minimal_action_server
[4.308s] 
[4.308s] Installed /home/user1/ros2_ws/build/examples_rclpy_minimal_action_server
[4.308s] running symlink_data
[4.309s] creating /home/user1/ros2_ws/install/examples_rclpy_minimal_action_server/share/ament_index
[4.309s] creating /home/user1/ros2_ws/install/examples_rclpy_minimal_action_server/share/ament_index/resource_index
[4.310s] creating /home/user1/ros2_ws/install/examples_rclpy_minimal_action_server/share/ament_index/resource_index/packages
[4.310s] symbolically linking /home/user1/ros2_ws/build/examples_rclpy_minimal_action_server/resource/examples_rclpy_minimal_action_server -> /home/user1/ros2_ws/install/examples_rclpy_minimal_action_server/share/ament_index/resource_index/packages
[4.314s] symbolically linking /home/user1/ros2_ws/build/examples_rclpy_minimal_action_server/package.xml -> /home/user1/ros2_ws/install/examples_rclpy_minimal_action_server/share/examples_rclpy_minimal_action_server
[4.415s] Invoked command in '/home/user1/ros2_ws/build/examples_rclpy_minimal_action_server' returned '0': PYTHONPATH=/home/user1/ros2_ws/build/examples_rclpy_minimal_action_server/prefix_override:/usr/lib/python3/dist-packages/colcon_core/task/python/colcon_distutils_commands:/home/user1/ros2_ws/install/examples_rclpy_minimal_action_server/lib/python3.8/site-packages:${PYTHONPATH} /usr/bin/python3 -W ignore:setup.py install is deprecated setup.py develop --editable --build-directory /home/user1/ros2_ws/build/examples_rclpy_minimal_action_server/build --no-deps symlink_data
