[0.000000] (-) TimerEvent: {}
[0.001603] (-) JobUnselected: {'identifier': 'examples_rclcpp_minimal_action_client'}
[0.007630] (-) JobUnselected: {'identifier': 'examples_rclcpp_minimal_action_server'}
[0.007901] (-) JobUnselected: {'identifier': 'examples_rclcpp_minimal_client'}
[0.008116] (-) JobUnselected: {'identifier': 'examples_rclcpp_minimal_composition'}
[0.008298] (-) JobUnselected: {'identifier': 'examples_rclcpp_minimal_publisher'}
[0.008481] (-) JobUnselected: {'identifier': 'examples_rclcpp_minimal_service'}
[0.008714] (-) JobUnselected: {'identifier': 'examples_rclcpp_minimal_subscriber'}
[0.008899] (-) JobUnselected: {'identifier': 'examples_rclcpp_minimal_timer'}
[0.009070] (-) JobUnselected: {'identifier': 'examples_rclcpp_multithreaded_executor'}
[0.009252] (-) JobUnselected: {'identifier': 'examples_rclpy_executors'}
[0.009437] (-) JobUnselected: {'identifier': 'examples_rclpy_minimal_action_client'}
[0.009599] (-) JobUnselected: {'identifier': 'examples_rclpy_minimal_action_server'}
[0.009774] (-) JobUnselected: {'identifier': 'examples_rclpy_minimal_client'}
[0.009948] (-) JobUnselected: {'identifier': 'examples_rclpy_minimal_publisher'}
[0.010119] (-) JobUnselected: {'identifier': 'examples_rclpy_minimal_service'}
[0.010301] (-) JobUnselected: {'identifier': 'examples_rclpy_minimal_subscriber'}
[0.010477] (-) JobUnselected: {'identifier': 'my_package'}
[0.010658] (-) JobUnselected: {'identifier': 'py_srvcli'}
[0.010754] (-) JobUnselected: {'identifier': 'turtlesim'}
[0.010936] (-) JobUnselected: {'identifier': 'tutorial_interfaces'}
[0.011101] (py_pubsub) JobQueued: {'identifier': 'py_pubsub', 'dependencies': OrderedDict()}
[0.011264] (py_pubsub) JobStarted: {'identifier': 'py_pubsub'}
[0.097230] (-) TimerEvent: {}
[0.199001] (-) TimerEvent: {}
[0.299972] (-) TimerEvent: {}
[0.400864] (-) TimerEvent: {}
[0.501713] (-) TimerEvent: {}
[0.602540] (-) TimerEvent: {}
[0.703342] (-) TimerEvent: {}
[0.804074] (-) TimerEvent: {}
[0.904823] (-) TimerEvent: {}
[1.005546] (-) TimerEvent: {}
[1.107854] (-) TimerEvent: {}
[1.213037] (-) TimerEvent: {}
[1.314415] (-) TimerEvent: {}
[1.415270] (-) TimerEvent: {}
[1.516392] (-) TimerEvent: {}
[1.617660] (-) TimerEvent: {}
[1.718417] (-) TimerEvent: {}
[1.819604] (-) TimerEvent: {}
[1.920773] (-) TimerEvent: {}
[2.022072] (-) TimerEvent: {}
[2.123207] (-) TimerEvent: {}
[2.224183] (-) TimerEvent: {}
[2.325254] (-) TimerEvent: {}
[2.426406] (-) TimerEvent: {}
[2.527385] (-) TimerEvent: {}
[2.628236] (-) TimerEvent: {}
[2.729304] (-) TimerEvent: {}
[2.812716] (py_pubsub) Command: {'cmd': ['/usr/bin/python3', '-W', 'ignore:setup.py install is deprecated', 'setup.py', 'egg_info', '--egg-base', '../../build/py_pubsub', 'build', '--build-base', '/home/user1/ros2_ws/build/py_pubsub/build', 'install', '--record', '/home/user1/ros2_ws/build/py_pubsub/install.log', '--install-scripts', '$base/lib/py_pubsub', '--single-version-externally-managed', 'install_data'], 'cwd': '/home/user1/ros2_ws/src/py_pubsub', 'env': {'GJS_DEBUG_TOPICS': 'JS ERROR;JS LOG', 'USER': 'user1', 'SSH_AGENT_PID': '1152', 'XDG_SESSION_TYPE': 'x11', 'SHLVL': '1', 'LD_LIBRARY_PATH': '/home/user1/ros2_ws/install/tutorial_interfaces/lib:/home/user1/ros2_ws/install/turtlesim/lib:/home/user1/ros2_ws/install/examples_rclcpp_minimal_composition/lib:/home/user1/install/tutorial_interfaces/lib:/home/user1/install/turtlesim/lib:/home/user1/install/examples_rclcpp_minimal_composition/lib:/opt/ros/foxy/opt/yaml_cpp_vendor/lib:/opt/ros/foxy/opt/rviz_ogre_vendor/lib:/opt/ros/foxy/lib/x86_64-linux-gnu:/opt/ros/foxy/lib', 'HOME': '/home/user1', 'OLDPWD': '/home/user1', 'DESKTOP_SESSION': 'ubuntu', 'ROS_PYTHON_VERSION': '3', 'GNOME_SHELL_SESSION_MODE': 'ubuntu', 'GTK_MODULES': 'gail:atk-bridge', 'MANAGERPID': '946', 'DBUS_SESSION_BUS_ADDRESS': 'unix:path=/run/user/1000/bus', 'COLORTERM': 'truecolor', '_colcon_cd_root': '/opt/ros/foxy/', 'IM_CONFIG_PHASE': '1', 'COLCON_PREFIX_PATH': '/home/user1/ros2_ws/install:/home/user1/install', 'ROS_DISTRO': 'foxy', 'LOGNAME': 'user1', 'JOURNAL_STREAM': '8:47431', '_': '/usr/bin/colcon', 'ROS_VERSION': '2', 'XDG_SESSION_CLASS': 'user', 'USERNAME': 'user1', 'TERM': 'xterm-256color', 'GNOME_DESKTOP_SESSION_ID': 'this-is-deprecated', 'ROS_LOCALHOST_ONLY': '1', 'WINDOWPATH': '2', 'PATH': '/opt/ros/foxy/bin:/usr/local/sbin:/usr/local/bin:/usr/sbin:/usr/bin:/sbin:/bin:/usr/games:/usr/local/games:/snap/bin', 'SESSION_MANAGER': 'local/ubuntu:@/tmp/.ICE-unix/1187,unix/ubuntu:/tmp/.ICE-unix/1187', 'INVOCATION_ID': '744fcab11b61403b9ca63b24c954e869', 'XDG_MENU_PREFIX': 'gnome-', 'GNOME_TERMINAL_SCREEN': '/org/gnome/Terminal/screen/b3612b36_39ba_45d5_a64d_deb96251d498', 'XDG_RUNTIME_DIR': '/run/user/1000', 'DISPLAY': ':0', 'LANG': 'en_US.UTF-8', 'XDG_CURRENT_DESKTOP': 'ubuntu:GNOME', 'XMODIFIERS': '@im=ibus', 'XDG_SESSION_DESKTOP': 'ubuntu', 'XAUTHORITY': '/run/user/1000/gdm/Xauthority', 'GNOME_TERMINAL_SERVICE': ':1.111', 'SSH_AUTH_SOCK': '/run/user/1000/keyring/ssh', 'ROS_DOMAIN_ID': '1', 'AMENT_PREFIX_PATH': '/home/user1/ros2_ws/install/tutorial_interfaces:/home/user1/ros2_ws/install/turtlesim:/home/user1/ros2_ws/install/py_srvcli:/home/user1/ros2_ws/install/py_pubsub:/home/user1/ros2_ws/install/my_package:/home/user1/ros2_ws/install/examples_rclpy_minimal_subscriber:/home/user1/ros2_ws/install/examples_rclpy_minimal_service:/home/user1/ros2_ws/install/examples_rclpy_minimal_publisher:/home/user1/ros2_ws/install/examples_rclpy_minimal_client:/home/user1/ros2_ws/install/examples_rclpy_minimal_action_server:/home/user1/ros2_ws/install/examples_rclpy_minimal_action_client:/home/user1/ros2_ws/install/examples_rclpy_executors:/home/user1/ros2_ws/install/examples_rclcpp_multithreaded_executor:/home/user1/ros2_ws/install/examples_rclcpp_minimal_timer:/home/user1/ros2_ws/install/examples_rclcpp_minimal_subscriber:/home/user1/ros2_ws/install/examples_rclcpp_minimal_service:/home/user1/ros2_ws/install/examples_rclcpp_minimal_publisher:/home/user1/ros2_ws/install/examples_rclcpp_minimal_composition:/home/user1/ros2_ws/install/examples_rclcpp_minimal_client:/home/user1/ros2_ws/install/examples_rclcpp_minimal_action_server:/home/user1/ros2_ws/install/examples_rclcpp_minimal_action_client:/home/user1/install/tutorial_interfaces:/home/user1/install/turtlesim:/home/user1/install/py_srvcli:/home/user1/install/py_pubsub:/home/user1/install/my_package:/home/user1/install/examples_rclpy_minimal_subscriber:/home/user1/install/examples_rclpy_minimal_service:/home/user1/install/examples_rclpy_minimal_publisher:/home/user1/install/examples_rclpy_minimal_client:/home/user1/install/examples_rclpy_minimal_action_server:/home/user1/install/examples_rclpy_minimal_action_client:/home/user1/install/examples_rclpy_executors:/home/user1/install/examples_rclcpp_multithreaded_executor:/home/user1/install/examples_rclcpp_minimal_timer:/home/user1/install/examples_rclcpp_minimal_subscriber:/home/user1/install/examples_rclcpp_minimal_service:/home/user1/install/examples_rclcpp_minimal_publisher:/home/user1/install/examples_rclcpp_minimal_composition:/home/user1/install/examples_rclcpp_minimal_client:/home/user1/install/examples_rclcpp_minimal_action_server:/home/user1/install/examples_rclcpp_minimal_action_client:/opt/ros/foxy', 'SHELL': '/bin/bash', 'QT_ACCESSIBILITY': '1', 'GDMSESSION': 'ubuntu', 'GPG_AGENT_INFO': '/run/user/1000/gnupg/S.gpg-agent:0:1', 'GJS_DEBUG_OUTPUT': 'stderr', 'QT_IM_MODULE': 'ibus', 'PWD': '/home/user1/ros2_ws/build/py_pubsub', 'LC_ALL': 'en_US.UTF-8', 'XDG_CONFIG_DIRS': '/etc/xdg/xdg-ubuntu:/etc/xdg', 'XDG_DATA_DIRS': '/usr/share/ubuntu:/usr/local/share/:/usr/share/:/var/lib/snapd/desktop', 'PYTHONPATH': '/home/user1/ros2_ws/build/py_pubsub/prefix_override:/usr/lib/python3/dist-packages/colcon_core/task/python/colcon_distutils_commands:/home/user1/ros2_ws/install/py_pubsub/lib/python3.8/site-packages:/home/user1/ros2_ws/install/tutorial_interfaces/lib/python3.8/site-packages:/home/user1/ros2_ws/install/turtlesim/lib/python3.8/site-packages:/home/user1/ros2_ws/install/py_srvcli/lib/python3.8/site-packages:/home/user1/ros2_ws/install/py_pubsub/lib/python3.8/site-packages:/home/user1/ros2_ws/install/my_package/lib/python3.8/site-packages:/home/user1/ros2_ws/install/examples_rclpy_minimal_subscriber/lib/python3.8/site-packages:/home/user1/ros2_ws/install/examples_rclpy_minimal_service/lib/python3.8/site-packages:/home/user1/ros2_ws/install/examples_rclpy_minimal_publisher/lib/python3.8/site-packages:/home/user1/ros2_ws/install/examples_rclpy_minimal_client/lib/python3.8/site-packages:/home/user1/ros2_ws/install/examples_rclpy_minimal_action_server/lib/python3.8/site-packages:/home/user1/ros2_ws/install/examples_rclpy_minimal_action_client/lib/python3.8/site-packages:/home/user1/ros2_ws/install/examples_rclpy_executors/lib/python3.8/site-packages:/home/user1/install/tutorial_interfaces/lib/python3.8/site-packages:/home/user1/install/turtlesim/lib/python3.8/site-packages:/home/user1/install/py_srvcli/lib/python3.8/site-packages:/home/user1/install/py_pubsub/lib/python3.8/site-packages:/home/user1/install/my_package/lib/python3.8/site-packages:/home/user1/install/examples_rclpy_minimal_subscriber/lib/python3.8/site-packages:/home/user1/install/examples_rclpy_minimal_service/lib/python3.8/site-packages:/home/user1/install/examples_rclpy_minimal_publisher/lib/python3.8/site-packages:/home/user1/install/examples_rclpy_minimal_client/lib/python3.8/site-packages:/home/user1/install/examples_rclpy_minimal_action_server/lib/python3.8/site-packages:/home/user1/install/examples_rclpy_minimal_action_client/lib/python3.8/site-packages:/home/user1/install/examples_rclpy_executors/lib/python3.8/site-packages:/opt/ros/foxy/lib/python3.8/site-packages', 'COLCON': '1', 'VTE_VERSION': '6003', 'CMAKE_PREFIX_PATH': '/home/user1/ros2_ws/install/tutorial_interfaces:/home/user1/ros2_ws/install/turtlesim:/home/user1/ros2_ws/install/examples_rclcpp_multithreaded_executor:/home/user1/ros2_ws/install/examples_rclcpp_minimal_timer:/home/user1/ros2_ws/install/examples_rclcpp_minimal_subscriber:/home/user1/ros2_ws/install/examples_rclcpp_minimal_service:/home/user1/ros2_ws/install/examples_rclcpp_minimal_publisher:/home/user1/ros2_ws/install/examples_rclcpp_minimal_composition:/home/user1/ros2_ws/install/examples_rclcpp_minimal_client:/home/user1/ros2_ws/install/examples_rclcpp_minimal_action_server:/home/user1/ros2_ws/install/examples_rclcpp_minimal_action_client:/home/user1/install/tutorial_interfaces:/home/user1/install/turtlesim:/home/user1/install/examples_rclcpp_multithreaded_executor:/home/user1/install/examples_rclcpp_minimal_timer:/home/user1/install/examples_rclcpp_minimal_subscriber:/home/user1/install/examples_rclcpp_minimal_service:/home/user1/install/examples_rclcpp_minimal_publisher:/home/user1/install/examples_rclcpp_minimal_composition:/home/user1/install/examples_rclcpp_minimal_client:/home/user1/install/examples_rclcpp_minimal_action_server:/home/user1/install/examples_rclcpp_minimal_action_client'}, 'shell': False}
[2.844917] (-) TimerEvent: {}
[2.947570] (-) TimerEvent: {}
[3.048953] (-) TimerEvent: {}
[3.150014] (-) TimerEvent: {}
[3.250974] (-) TimerEvent: {}
[3.351779] (-) TimerEvent: {}
[3.452761] (-) TimerEvent: {}
[3.553642] (-) TimerEvent: {}
[3.654400] (-) TimerEvent: {}
[3.755157] (-) TimerEvent: {}
[3.842927] (py_pubsub) StdoutLine: {'line': b'running egg_info\n'}
[3.845530] (py_pubsub) StdoutLine: {'line': b'writing ../../build/py_pubsub/py_pubsub.egg-info/PKG-INFO\n'}
[3.848012] (py_pubsub) StdoutLine: {'line': b'writing dependency_links to ../../build/py_pubsub/py_pubsub.egg-info/dependency_links.txt\n'}
[3.849292] (py_pubsub) StdoutLine: {'line': b'writing entry points to ../../build/py_pubsub/py_pubsub.egg-info/entry_points.txt\n'}
[3.850384] (py_pubsub) StdoutLine: {'line': b'writing requirements to ../../build/py_pubsub/py_pubsub.egg-info/requires.txt\n'}
[3.851181] (py_pubsub) StdoutLine: {'line': b'writing top-level names to ../../build/py_pubsub/py_pubsub.egg-info/top_level.txt\n'}
[3.855428] (-) TimerEvent: {}
[3.956683] (-) TimerEvent: {}
[3.990406] (py_pubsub) StdoutLine: {'line': b"reading manifest file '../../build/py_pubsub/py_pubsub.egg-info/SOURCES.txt'\n"}
[3.994217] (py_pubsub) StdoutLine: {'line': b"writing manifest file '../../build/py_pubsub/py_pubsub.egg-info/SOURCES.txt'\n"}
[3.998241] (py_pubsub) StdoutLine: {'line': b'running build\n'}
[3.998481] (py_pubsub) StdoutLine: {'line': b'running build_py\n'}
[3.998656] (py_pubsub) StdoutLine: {'line': b'copying py_pubsub/subscriber_member_function.py -> /home/user1/ros2_ws/build/py_pubsub/build/lib/py_pubsub\n'}
[3.998845] (py_pubsub) StdoutLine: {'line': b'copying py_pubsub/publisher_member_function.py -> /home/user1/ros2_ws/build/py_pubsub/build/lib/py_pubsub\n'}
[3.999029] (py_pubsub) StdoutLine: {'line': b'running install\n'}
[4.000942] (py_pubsub) StdoutLine: {'line': b'running install_lib\n'}
[4.004199] (py_pubsub) StdoutLine: {'line': b'copying /home/user1/ros2_ws/build/py_pubsub/build/lib/py_pubsub/subscriber_member_function.py -> /home/user1/ros2_ws/install/py_pubsub/lib/python3.8/site-packages/py_pubsub\n'}
[4.004871] (py_pubsub) StdoutLine: {'line': b'copying /home/user1/ros2_ws/build/py_pubsub/build/lib/py_pubsub/publisher_member_function.py -> /home/user1/ros2_ws/install/py_pubsub/lib/python3.8/site-packages/py_pubsub\n'}
[4.007028] (py_pubsub) StdoutLine: {'line': b'byte-compiling /home/user1/ros2_ws/install/py_pubsub/lib/python3.8/site-packages/py_pubsub/subscriber_member_function.py to subscriber_member_function.cpython-38.pyc\n'}
[4.012164] (py_pubsub) StdoutLine: {'line': b'byte-compiling /home/user1/ros2_ws/install/py_pubsub/lib/python3.8/site-packages/py_pubsub/publisher_member_function.py to publisher_member_function.cpython-38.pyc\n'}
[4.014696] (py_pubsub) StdoutLine: {'line': b'running install_data\n'}
[4.015309] (py_pubsub) StdoutLine: {'line': b'running install_egg_info\n'}
[4.023834] (py_pubsub) StdoutLine: {'line': b"removing '/home/user1/ros2_ws/install/py_pubsub/lib/python3.8/site-packages/py_pubsub-0.0.0-py3.8.egg-info' (and everything under it)\n"}
[4.025229] (py_pubsub) StdoutLine: {'line': b'Copying ../../build/py_pubsub/py_pubsub.egg-info to /home/user1/ros2_ws/install/py_pubsub/lib/python3.8/site-packages/py_pubsub-0.0.0-py3.8.egg-info\n'}
[4.028871] (py_pubsub) StdoutLine: {'line': b'running install_scripts\n'}
[4.056978] (-) TimerEvent: {}
[4.093795] (py_pubsub) StdoutLine: {'line': b'Installing listener script to /home/user1/ros2_ws/install/py_pubsub/lib/py_pubsub\n'}
[4.094581] (py_pubsub) StdoutLine: {'line': b'Installing talker script to /home/user1/ros2_ws/install/py_pubsub/lib/py_pubsub\n'}
[4.097879] (py_pubsub) StdoutLine: {'line': b"writing list of installed files to '/home/user1/ros2_ws/build/py_pubsub/install.log'\n"}
[4.157205] (-) TimerEvent: {}
[4.163687] (py_pubsub) CommandEnded: {'returncode': 0}
[4.217146] (py_pubsub) JobEnded: {'identifier': 'py_pubsub', 'rc': 0}
[4.221962] (-) EventReactorShutdown: {}
