[2.528s] Invoking command in '/home/user1/ros2_ws/build/examples_rclpy_minimal_publisher': PYTHONPATH=/home/user1/ros2_ws/build/examples_rclpy_minimal_publisher/prefix_override:/usr/lib/python3/dist-packages/colcon_core/task/python/colcon_distutils_commands:/home/user1/ros2_ws/install/examples_rclpy_minimal_publisher/lib/python3.8/site-packages:${PYTHONPATH} /usr/bin/python3 -W ignore:setup.py install is deprecated setup.py develop --editable --build-directory /home/user1/ros2_ws/build/examples_rclpy_minimal_publisher/build --no-deps symlink_data
[3.466s] running develop
[3.946s] running egg_info
[3.946s] creating examples_rclpy_minimal_publisher.egg-info
[3.946s] writing examples_rclpy_minimal_publisher.egg-info/PKG-INFO
[3.947s] writing dependency_links to examples_rclpy_minimal_publisher.egg-info/dependency_links.txt
[3.947s] writing entry points to examples_rclpy_minimal_publisher.egg-info/entry_points.txt
[3.947s] writing requirements to examples_rclpy_minimal_publisher.egg-info/requires.txt
[3.948s] writing top-level names to examples_rclpy_minimal_publisher.egg-info/top_level.txt
[3.948s] writing manifest file 'examples_rclpy_minimal_publisher.egg-info/SOURCES.txt'
[4.066s] reading manifest file 'examples_rclpy_minimal_publisher.egg-info/SOURCES.txt'
[4.068s] writing manifest file 'examples_rclpy_minimal_publisher.egg-info/SOURCES.txt'
[4.207s] running build_ext
[4.209s] Creating /home/user1/ros2_ws/install/examples_rclpy_minimal_publisher/lib/python3.8/site-packages/site.py
[4.235s] Creating /home/user1/ros2_ws/install/examples_rclpy_minimal_publisher/lib/python3.8/site-packages/examples-rclpy-minimal-publisher.egg-link (link to .)
[4.235s] Installing publisher_local_function script to /home/user1/ros2_ws/install/examples_rclpy_minimal_publisher/lib/examples_rclpy_minimal_publisher
[4.236s] Installing publisher_member_function script to /home/user1/ros2_ws/install/examples_rclpy_minimal_publisher/lib/examples_rclpy_minimal_publisher
[4.236s] Installing publisher_old_school script to /home/user1/ros2_ws/install/examples_rclpy_minimal_publisher/lib/examples_rclpy_minimal_publisher
[4.236s] 
[4.237s] Installed /home/user1/ros2_ws/build/examples_rclpy_minimal_publisher
[4.237s] running symlink_data
[4.237s] creating /home/user1/ros2_ws/install/examples_rclpy_minimal_publisher/share/ament_index
[4.237s] creating /home/user1/ros2_ws/install/examples_rclpy_minimal_publisher/share/ament_index/resource_index
[4.237s] creating /home/user1/ros2_ws/install/examples_rclpy_minimal_publisher/share/ament_index/resource_index/packages
[4.238s] symbolically linking /home/user1/ros2_ws/build/examples_rclpy_minimal_publisher/resource/examples_rclpy_minimal_publisher -> /home/user1/ros2_ws/install/examples_rclpy_minimal_publisher/share/ament_index/resource_index/packages
[4.238s] symbolically linking /home/user1/ros2_ws/build/examples_rclpy_minimal_publisher/package.xml -> /home/user1/ros2_ws/install/examples_rclpy_minimal_publisher/share/examples_rclpy_minimal_publisher
[4.391s] Invoked command in '/home/user1/ros2_ws/build/examples_rclpy_minimal_publisher' returned '0': PYTHONPATH=/home/user1/ros2_ws/build/examples_rclpy_minimal_publisher/prefix_override:/usr/lib/python3/dist-packages/colcon_core/task/python/colcon_distutils_commands:/home/user1/ros2_ws/install/examples_rclpy_minimal_publisher/lib/python3.8/site-packages:${PYTHONPATH} /usr/bin/python3 -W ignore:setup.py install is deprecated setup.py develop --editable --build-directory /home/user1/ros2_ws/build/examples_rclpy_minimal_publisher/build --no-deps symlink_data
