[0.075s] Invoking command in '/home/user1/ros2_ws/build/examples_rclcpp_minimal_composition': CMAKE_PREFIX_PATH=${CMAKE_PREFIX_PATH}:/home/user1/ros2_ws/install/py_srvcli:/home/user1/ros2_ws/install/python_parameters:/home/user1/ros2_ws/install/py_pubsub:/home/user1/ros2_ws/install/my_package:/home/user1/ros2_ws/install/examples_rclpy_minimal_subscriber:/home/user1/ros2_ws/install/examples_rclpy_minimal_service:/home/user1/ros2_ws/install/examples_rclpy_minimal_publisher:/home/user1/ros2_ws/install/examples_rclpy_minimal_client:/home/user1/ros2_ws/install/examples_rclpy_minimal_action_server:/home/user1/ros2_ws/install/examples_rclpy_minimal_action_client:/home/user1/ros2_ws/install/examples_rclpy_executors:/opt/ros/foxy /usr/bin/cmake --build /home/user1/ros2_ws/build/examples_rclcpp_minimal_composition -- -j2 -l2
[0.594s] [ 33%] Built target composition_nodes
[0.895s] [ 55%] Built target composition_subscriber
[0.914s] [ 77%] Built target composition_composed
[1.075s] [100%] Built target composition_publisher
[1.132s] Invoked command in '/home/user1/ros2_ws/build/examples_rclcpp_minimal_composition' returned '0': CMAKE_PREFIX_PATH=${CMAKE_PREFIX_PATH}:/home/user1/ros2_ws/install/py_srvcli:/home/user1/ros2_ws/install/python_parameters:/home/user1/ros2_ws/install/py_pubsub:/home/user1/ros2_ws/install/my_package:/home/user1/ros2_ws/install/examples_rclpy_minimal_subscriber:/home/user1/ros2_ws/install/examples_rclpy_minimal_service:/home/user1/ros2_ws/install/examples_rclpy_minimal_publisher:/home/user1/ros2_ws/install/examples_rclpy_minimal_client:/home/user1/ros2_ws/install/examples_rclpy_minimal_action_server:/home/user1/ros2_ws/install/examples_rclpy_minimal_action_client:/home/user1/ros2_ws/install/examples_rclpy_executors:/opt/ros/foxy /usr/bin/cmake --build /home/user1/ros2_ws/build/examples_rclcpp_minimal_composition -- -j2 -l2
[1.469s] Invoking command in '/home/user1/ros2_ws/build/examples_rclcpp_minimal_composition': CMAKE_PREFIX_PATH=${CMAKE_PREFIX_PATH}:/home/user1/ros2_ws/install/py_srvcli:/home/user1/ros2_ws/install/python_parameters:/home/user1/ros2_ws/install/py_pubsub:/home/user1/ros2_ws/install/my_package:/home/user1/ros2_ws/install/examples_rclpy_minimal_subscriber:/home/user1/ros2_ws/install/examples_rclpy_minimal_service:/home/user1/ros2_ws/install/examples_rclpy_minimal_publisher:/home/user1/ros2_ws/install/examples_rclpy_minimal_client:/home/user1/ros2_ws/install/examples_rclpy_minimal_action_server:/home/user1/ros2_ws/install/examples_rclpy_minimal_action_client:/home/user1/ros2_ws/install/examples_rclpy_executors:/opt/ros/foxy /usr/bin/cmake --install /home/user1/ros2_ws/build/examples_rclcpp_minimal_composition
[1.556s] -- Install configuration: ""
[1.559s] -- Up-to-date: /home/user1/ros2_ws/install/examples_rclcpp_minimal_composition/share/examples_rclcpp_minimal_composition/environment/library_path.sh
[1.560s] -- Up-to-date: /home/user1/ros2_ws/install/examples_rclcpp_minimal_composition/share/examples_rclcpp_minimal_composition/environment/library_path.dsv
[1.569s] -- Up-to-date: /home/user1/ros2_ws/install/examples_rclcpp_minimal_composition/lib/libcomposition_nodes.so
[1.585s] -- Up-to-date: /home/user1/ros2_ws/install/examples_rclcpp_minimal_composition/lib/examples_rclcpp_minimal_composition/composition_publisher
[1.592s] -- Up-to-date: /home/user1/ros2_ws/install/examples_rclcpp_minimal_composition/lib/examples_rclcpp_minimal_composition/composition_subscriber
[1.602s] -- Up-to-date: /home/user1/ros2_ws/install/examples_rclcpp_minimal_composition/lib/examples_rclcpp_minimal_composition/composition_composed
[1.605s] -- Up-to-date: /home/user1/ros2_ws/install/examples_rclcpp_minimal_composition/share/ament_index/resource_index/package_run_dependencies/examples_rclcpp_minimal_composition
[1.607s] -- Up-to-date: /home/user1/ros2_ws/install/examples_rclcpp_minimal_composition/share/ament_index/resource_index/parent_prefix_path/examples_rclcpp_minimal_composition
[1.608s] -- Up-to-date: /home/user1/ros2_ws/install/examples_rclcpp_minimal_composition/share/examples_rclcpp_minimal_composition/environment/ament_prefix_path.sh
[1.610s] -- Up-to-date: /home/user1/ros2_ws/install/examples_rclcpp_minimal_composition/share/examples_rclcpp_minimal_composition/environment/ament_prefix_path.dsv
[1.611s] -- Up-to-date: /home/user1/ros2_ws/install/examples_rclcpp_minimal_composition/share/examples_rclcpp_minimal_composition/environment/path.sh
[1.611s] -- Up-to-date: /home/user1/ros2_ws/install/examples_rclcpp_minimal_composition/share/examples_rclcpp_minimal_composition/environment/path.dsv
[1.612s] -- Up-to-date: /home/user1/ros2_ws/install/examples_rclcpp_minimal_composition/share/examples_rclcpp_minimal_composition/local_setup.bash
[1.613s] -- Up-to-date: /home/user1/ros2_ws/install/examples_rclcpp_minimal_composition/share/examples_rclcpp_minimal_composition/local_setup.sh
[1.614s] -- Up-to-date: /home/user1/ros2_ws/install/examples_rclcpp_minimal_composition/share/examples_rclcpp_minimal_composition/local_setup.zsh
[1.615s] -- Up-to-date: /home/user1/ros2_ws/install/examples_rclcpp_minimal_composition/share/examples_rclcpp_minimal_composition/local_setup.dsv
[1.615s] -- Installing: /home/user1/ros2_ws/install/examples_rclcpp_minimal_composition/share/examples_rclcpp_minimal_composition/package.dsv
[1.618s] -- Up-to-date: /home/user1/ros2_ws/install/examples_rclcpp_minimal_composition/share/ament_index/resource_index/packages/examples_rclcpp_minimal_composition
[1.619s] -- Up-to-date: /home/user1/ros2_ws/install/examples_rclcpp_minimal_composition/share/examples_rclcpp_minimal_composition/cmake/examples_rclcpp_minimal_compositionConfig.cmake
[1.620s] -- Up-to-date: /home/user1/ros2_ws/install/examples_rclcpp_minimal_composition/share/examples_rclcpp_minimal_composition/cmake/examples_rclcpp_minimal_compositionConfig-version.cmake
[1.621s] -- Up-to-date: /home/user1/ros2_ws/install/examples_rclcpp_minimal_composition/share/examples_rclcpp_minimal_composition/package.xml
[1.631s] Invoked command in '/home/user1/ros2_ws/build/examples_rclcpp_minimal_composition' returned '0': CMAKE_PREFIX_PATH=${CMAKE_PREFIX_PATH}:/home/user1/ros2_ws/install/py_srvcli:/home/user1/ros2_ws/install/python_parameters:/home/user1/ros2_ws/install/py_pubsub:/home/user1/ros2_ws/install/my_package:/home/user1/ros2_ws/install/examples_rclpy_minimal_subscriber:/home/user1/ros2_ws/install/examples_rclpy_minimal_service:/home/user1/ros2_ws/install/examples_rclpy_minimal_publisher:/home/user1/ros2_ws/install/examples_rclpy_minimal_client:/home/user1/ros2_ws/install/examples_rclpy_minimal_action_server:/home/user1/ros2_ws/install/examples_rclpy_minimal_action_client:/home/user1/ros2_ws/install/examples_rclpy_executors:/opt/ros/foxy /usr/bin/cmake --install /home/user1/ros2_ws/build/examples_rclcpp_minimal_composition
