[0.076s] Invoking command in '/home/user1/ros2_ws/build/turtlesim': CMAKE_PREFIX_PATH=${CMAKE_PREFIX_PATH}:/home/user1/ros2_ws/install/py_srvcli:/home/user1/ros2_ws/install/python_parameters:/home/user1/ros2_ws/install/py_pubsub:/home/user1/ros2_ws/install/my_package:/home/user1/ros2_ws/install/examples_rclpy_minimal_subscriber:/home/user1/ros2_ws/install/examples_rclpy_minimal_service:/home/user1/ros2_ws/install/examples_rclpy_minimal_publisher:/home/user1/ros2_ws/install/examples_rclpy_minimal_client:/home/user1/ros2_ws/install/examples_rclpy_minimal_action_server:/home/user1/ros2_ws/install/examples_rclpy_minimal_action_client:/home/user1/ros2_ws/install/examples_rclpy_executors:/opt/ros/foxy /usr/bin/cmake --build /home/user1/ros2_ws/build/turtlesim -- -j2 -l2
[0.601s] [  1%] Built target turtlesim__cpp
[0.715s] [ 11%] Built target turtlesim__rosidl_generator_c
[0.791s] [ 21%] Built target turtlesim__rosidl_typesupport_cpp
[1.059s] [ 31%] Built target turtlesim__rosidl_typesupport_introspection_cpp
[1.155s] [ 41%] Built target turtlesim__rosidl_typesupport_fastrtps_cpp
[1.291s] [ 51%] Built target turtlesim__rosidl_typesupport_introspection_c
[1.440s] [ 61%] Built target turtlesim__rosidl_typesupport_c
[1.593s] [ 71%] Built target turtlesim__rosidl_typesupport_fastrtps_c
[1.795s] [ 71%] Built target turtlesim
[1.994s] [ 75%] Built target mimic
[1.995s] [ 75%] Built target draw_square
[2.145s] [ 76%] Built target turtlesim__py
[2.215s] [ 78%] Built target turtle_teleop_key
[2.422s] [ 87%] Built target turtlesim__python
[2.448s] [ 93%] Built target turtlesim_node
[2.627s] [ 95%] Built target turtlesim__rosidl_typesupport_introspection_c__pyext
[2.650s] [ 97%] Built target turtlesim__rosidl_typesupport_fastrtps_c__pyext
[2.779s] [100%] Built target turtlesim__rosidl_typesupport_c__pyext
[2.872s] Invoked command in '/home/user1/ros2_ws/build/turtlesim' returned '0': CMAKE_PREFIX_PATH=${CMAKE_PREFIX_PATH}:/home/user1/ros2_ws/install/py_srvcli:/home/user1/ros2_ws/install/python_parameters:/home/user1/ros2_ws/install/py_pubsub:/home/user1/ros2_ws/install/my_package:/home/user1/ros2_ws/install/examples_rclpy_minimal_subscriber:/home/user1/ros2_ws/install/examples_rclpy_minimal_service:/home/user1/ros2_ws/install/examples_rclpy_minimal_publisher:/home/user1/ros2_ws/install/examples_rclpy_minimal_client:/home/user1/ros2_ws/install/examples_rclpy_minimal_action_server:/home/user1/ros2_ws/install/examples_rclpy_minimal_action_client:/home/user1/ros2_ws/install/examples_rclpy_executors:/opt/ros/foxy /usr/bin/cmake --build /home/user1/ros2_ws/build/turtlesim -- -j2 -l2
[4.999s] Invoking command in '/home/user1/ros2_ws/build/turtlesim': CMAKE_PREFIX_PATH=${CMAKE_PREFIX_PATH}:/home/user1/ros2_ws/install/py_srvcli:/home/user1/ros2_ws/install/python_parameters:/home/user1/ros2_ws/install/py_pubsub:/home/user1/ros2_ws/install/my_package:/home/user1/ros2_ws/install/examples_rclpy_minimal_subscriber:/home/user1/ros2_ws/install/examples_rclpy_minimal_service:/home/user1/ros2_ws/install/examples_rclpy_minimal_publisher:/home/user1/ros2_ws/install/examples_rclpy_minimal_client:/home/user1/ros2_ws/install/examples_rclpy_minimal_action_server:/home/user1/ros2_ws/install/examples_rclpy_minimal_action_client:/home/user1/ros2_ws/install/examples_rclpy_executors:/opt/ros/foxy /usr/bin/cmake --install /home/user1/ros2_ws/build/turtlesim
[5.049s] -- Install configuration: ""
[5.052s] -- Up-to-date: /home/user1/ros2_ws/install/turtlesim/share/ament_index/resource_index/rosidl_interfaces/turtlesim
[5.052s] -- Up-to-date: /home/user1/ros2_ws/install/turtlesim/include/turtlesim
[5.053s] -- Up-to-date: /home/user1/ros2_ws/install/turtlesim/include/turtlesim/srv
[5.054s] -- Up-to-date: /home/user1/ros2_ws/install/turtlesim/include/turtlesim/srv/detail
[5.055s] -- Up-to-date: /home/user1/ros2_ws/install/turtlesim/include/turtlesim/srv/detail/teleport_relative__functions.h
[5.055s] -- Up-to-date: /home/user1/ros2_ws/install/turtlesim/include/turtlesim/srv/detail/teleport_absolute__type_support.h
[5.056s] -- Up-to-date: /home/user1/ros2_ws/install/turtlesim/include/turtlesim/srv/detail/teleport_relative__type_support.h
[5.056s] -- Up-to-date: /home/user1/ros2_ws/install/turtlesim/include/turtlesim/srv/detail/teleport_relative__struct.h
[5.056s] -- Up-to-date: /home/user1/ros2_ws/install/turtlesim/include/turtlesim/srv/detail/teleport_relative__functions.c
[5.056s] -- Up-to-date: /home/user1/ros2_ws/install/turtlesim/include/turtlesim/srv/detail/set_pen__functions.c
[5.057s] -- Up-to-date: /home/user1/ros2_ws/install/turtlesim/include/turtlesim/srv/detail/spawn__type_support.h
[5.058s] -- Up-to-date: /home/user1/ros2_ws/install/turtlesim/include/turtlesim/srv/detail/kill__struct.h
[5.058s] -- Up-to-date: /home/user1/ros2_ws/install/turtlesim/include/turtlesim/srv/detail/spawn__struct.h
[5.058s] -- Up-to-date: /home/user1/ros2_ws/install/turtlesim/include/turtlesim/srv/detail/teleport_absolute__functions.c
[5.059s] -- Up-to-date: /home/user1/ros2_ws/install/turtlesim/include/turtlesim/srv/detail/kill__functions.h
[5.059s] -- Up-to-date: /home/user1/ros2_ws/install/turtlesim/include/turtlesim/srv/detail/spawn__functions.h
[5.059s] -- Up-to-date: /home/user1/ros2_ws/install/turtlesim/include/turtlesim/srv/detail/teleport_absolute__struct.h
[5.059s] -- Up-to-date: /home/user1/ros2_ws/install/turtlesim/include/turtlesim/srv/detail/set_pen__struct.h
[5.060s] -- Up-to-date: /home/user1/ros2_ws/install/turtlesim/include/turtlesim/srv/detail/teleport_absolute__functions.h
[5.061s] -- Up-to-date: /home/user1/ros2_ws/install/turtlesim/include/turtlesim/srv/detail/kill__functions.c
[5.061s] -- Up-to-date: /home/user1/ros2_ws/install/turtlesim/include/turtlesim/srv/detail/set_pen__type_support.h
[5.062s] -- Up-to-date: /home/user1/ros2_ws/install/turtlesim/include/turtlesim/srv/detail/kill__type_support.h
[5.062s] -- Up-to-date: /home/user1/ros2_ws/install/turtlesim/include/turtlesim/srv/detail/spawn__functions.c
[5.063s] -- Up-to-date: /home/user1/ros2_ws/install/turtlesim/include/turtlesim/srv/detail/set_pen__functions.h
[5.066s] -- Up-to-date: /home/user1/ros2_ws/install/turtlesim/include/turtlesim/srv/spawn.h
[5.067s] -- Up-to-date: /home/user1/ros2_ws/install/turtlesim/include/turtlesim/srv/kill.h
[5.068s] -- Up-to-date: /home/user1/ros2_ws/install/turtlesim/include/turtlesim/srv/set_pen.h
[5.068s] -- Up-to-date: /home/user1/ros2_ws/install/turtlesim/include/turtlesim/srv/teleport_absolute.h
[5.069s] -- Up-to-date: /home/user1/ros2_ws/install/turtlesim/include/turtlesim/srv/teleport_relative.h
[5.069s] -- Up-to-date: /home/user1/ros2_ws/install/turtlesim/include/turtlesim/action
[5.071s] -- Up-to-date: /home/user1/ros2_ws/install/turtlesim/include/turtlesim/action/detail
[5.072s] -- Up-to-date: /home/user1/ros2_ws/install/turtlesim/include/turtlesim/action/detail/rotate_absolute__functions.h
[5.072s] -- Up-to-date: /home/user1/ros2_ws/install/turtlesim/include/turtlesim/action/detail/rotate_absolute__functions.c
[5.072s] -- Up-to-date: /home/user1/ros2_ws/install/turtlesim/include/turtlesim/action/detail/rotate_absolute__type_support.h
[5.072s] -- Up-to-date: /home/user1/ros2_ws/install/turtlesim/include/turtlesim/action/detail/rotate_absolute__struct.h
[5.073s] -- Up-to-date: /home/user1/ros2_ws/install/turtlesim/include/turtlesim/action/rotate_absolute.h
[5.073s] -- Up-to-date: /home/user1/ros2_ws/install/turtlesim/include/turtlesim/msg
[5.074s] -- Up-to-date: /home/user1/ros2_ws/install/turtlesim/include/turtlesim/msg/detail
[5.074s] -- Up-to-date: /home/user1/ros2_ws/install/turtlesim/include/turtlesim/msg/detail/pose__functions.c
[5.074s] -- Up-to-date: /home/user1/ros2_ws/install/turtlesim/include/turtlesim/msg/detail/pose__type_support.h
[5.075s] -- Up-to-date: /home/user1/ros2_ws/install/turtlesim/include/turtlesim/msg/detail/color__struct.h
[5.075s] -- Up-to-date: /home/user1/ros2_ws/install/turtlesim/include/turtlesim/msg/detail/color__functions.h
[5.075s] -- Up-to-date: /home/user1/ros2_ws/install/turtlesim/include/turtlesim/msg/detail/pose__struct.h
[5.077s] -- Up-to-date: /home/user1/ros2_ws/install/turtlesim/include/turtlesim/msg/detail/color__type_support.h
[5.080s] -- Up-to-date: /home/user1/ros2_ws/install/turtlesim/include/turtlesim/msg/detail/color__functions.c
[5.082s] -- Up-to-date: /home/user1/ros2_ws/install/turtlesim/include/turtlesim/msg/detail/pose__functions.h
[5.083s] -- Up-to-date: /home/user1/ros2_ws/install/turtlesim/include/turtlesim/msg/rosidl_generator_c__visibility_control.h
[5.083s] -- Up-to-date: /home/user1/ros2_ws/install/turtlesim/include/turtlesim/msg/pose.h
[5.084s] -- Up-to-date: /home/user1/ros2_ws/install/turtlesim/include/turtlesim/msg/color.h
[5.084s] -- Up-to-date: /home/user1/ros2_ws/install/turtlesim/share/turtlesim/environment/library_path.sh
[5.085s] -- Up-to-date: /home/user1/ros2_ws/install/turtlesim/share/turtlesim/environment/library_path.dsv
[5.088s] -- Up-to-date: /home/user1/ros2_ws/install/turtlesim/lib/libturtlesim__rosidl_generator_c.so
[5.088s] -- Up-to-date: /home/user1/ros2_ws/install/turtlesim/include/turtlesim
[5.089s] -- Up-to-date: /home/user1/ros2_ws/install/turtlesim/include/turtlesim/srv
[5.089s] -- Up-to-date: /home/user1/ros2_ws/install/turtlesim/include/turtlesim/srv/detail
[5.089s] -- Up-to-date: /home/user1/ros2_ws/install/turtlesim/include/turtlesim/srv/detail/teleport_relative__rosidl_typesupport_fastrtps_c.h
[5.089s] -- Up-to-date: /home/user1/ros2_ws/install/turtlesim/include/turtlesim/srv/detail/kill__rosidl_typesupport_fastrtps_c.h
[5.090s] -- Up-to-date: /home/user1/ros2_ws/install/turtlesim/include/turtlesim/srv/detail/teleport_absolute__rosidl_typesupport_fastrtps_c.h
[5.091s] -- Up-to-date: /home/user1/ros2_ws/install/turtlesim/include/turtlesim/srv/detail/spawn__rosidl_typesupport_fastrtps_c.h
[5.091s] -- Up-to-date: /home/user1/ros2_ws/install/turtlesim/include/turtlesim/srv/detail/set_pen__rosidl_typesupport_fastrtps_c.h
[5.091s] -- Up-to-date: /home/user1/ros2_ws/install/turtlesim/include/turtlesim/action
[5.091s] -- Up-to-date: /home/user1/ros2_ws/install/turtlesim/include/turtlesim/action/detail
[5.091s] -- Up-to-date: /home/user1/ros2_ws/install/turtlesim/include/turtlesim/action/detail/rotate_absolute__rosidl_typesupport_fastrtps_c.h
[5.092s] -- Up-to-date: /home/user1/ros2_ws/install/turtlesim/include/turtlesim/msg
[5.093s] -- Up-to-date: /home/user1/ros2_ws/install/turtlesim/include/turtlesim/msg/detail
[5.094s] -- Up-to-date: /home/user1/ros2_ws/install/turtlesim/include/turtlesim/msg/detail/pose__rosidl_typesupport_fastrtps_c.h
[5.095s] -- Up-to-date: /home/user1/ros2_ws/install/turtlesim/include/turtlesim/msg/detail/color__rosidl_typesupport_fastrtps_c.h
[5.095s] -- Up-to-date: /home/user1/ros2_ws/install/turtlesim/include/turtlesim/msg/rosidl_typesupport_fastrtps_c__visibility_control.h
[5.095s] -- Up-to-date: /home/user1/ros2_ws/install/turtlesim/lib/libturtlesim__rosidl_typesupport_fastrtps_c.so
[5.099s] -- Up-to-date: /home/user1/ros2_ws/install/turtlesim/include/turtlesim
[5.099s] -- Up-to-date: /home/user1/ros2_ws/install/turtlesim/include/turtlesim/srv
[5.099s] -- Up-to-date: /home/user1/ros2_ws/install/turtlesim/include/turtlesim/srv/detail
[5.100s] -- Up-to-date: /home/user1/ros2_ws/install/turtlesim/include/turtlesim/srv/detail/spawn__rosidl_typesupport_fastrtps_cpp.hpp
[5.105s] -- Up-to-date: /home/user1/ros2_ws/install/turtlesim/include/turtlesim/srv/detail/kill__rosidl_typesupport_fastrtps_cpp.hpp
[5.105s] -- Up-to-date: /home/user1/ros2_ws/install/turtlesim/include/turtlesim/srv/detail/set_pen__rosidl_typesupport_fastrtps_cpp.hpp
[5.105s] -- Up-to-date: /home/user1/ros2_ws/install/turtlesim/include/turtlesim/srv/detail/teleport_absolute__rosidl_typesupport_fastrtps_cpp.hpp
[5.105s] -- Up-to-date: /home/user1/ros2_ws/install/turtlesim/include/turtlesim/srv/detail/teleport_relative__rosidl_typesupport_fastrtps_cpp.hpp
[5.106s] -- Up-to-date: /home/user1/ros2_ws/install/turtlesim/include/turtlesim/srv/detail/dds_fastrtps
[5.106s] -- Up-to-date: /home/user1/ros2_ws/install/turtlesim/include/turtlesim/action
[5.106s] -- Up-to-date: /home/user1/ros2_ws/install/turtlesim/include/turtlesim/action/detail
[5.106s] -- Up-to-date: /home/user1/ros2_ws/install/turtlesim/include/turtlesim/action/detail/rotate_absolute__rosidl_typesupport_fastrtps_cpp.hpp
[5.106s] -- Up-to-date: /home/user1/ros2_ws/install/turtlesim/include/turtlesim/action/detail/dds_fastrtps
[5.107s] -- Up-to-date: /home/user1/ros2_ws/install/turtlesim/include/turtlesim/msg
[5.107s] -- Up-to-date: /home/user1/ros2_ws/install/turtlesim/include/turtlesim/msg/detail
[5.107s] -- Up-to-date: /home/user1/ros2_ws/install/turtlesim/include/turtlesim/msg/detail/color__rosidl_typesupport_fastrtps_cpp.hpp
[5.107s] -- Up-to-date: /home/user1/ros2_ws/install/turtlesim/include/turtlesim/msg/detail/pose__rosidl_typesupport_fastrtps_cpp.hpp
[5.107s] -- Up-to-date: /home/user1/ros2_ws/install/turtlesim/include/turtlesim/msg/detail/dds_fastrtps
[5.108s] -- Up-to-date: /home/user1/ros2_ws/install/turtlesim/include/turtlesim/msg/rosidl_typesupport_fastrtps_cpp__visibility_control.h
[5.110s] -- Up-to-date: /home/user1/ros2_ws/install/turtlesim/lib/libturtlesim__rosidl_typesupport_fastrtps_cpp.so
[5.113s] -- Up-to-date: /home/user1/ros2_ws/install/turtlesim/include/turtlesim
[5.113s] -- Up-to-date: /home/user1/ros2_ws/install/turtlesim/include/turtlesim/srv
[5.114s] -- Up-to-date: /home/user1/ros2_ws/install/turtlesim/include/turtlesim/srv/detail
[5.115s] -- Up-to-date: /home/user1/ros2_ws/install/turtlesim/include/turtlesim/srv/detail/spawn__type_support.c
[5.116s] -- Up-to-date: /home/user1/ros2_ws/install/turtlesim/include/turtlesim/srv/detail/teleport_relative__rosidl_typesupport_introspection_c.h
[5.116s] -- Up-to-date: /home/user1/ros2_ws/install/turtlesim/include/turtlesim/srv/detail/spawn__rosidl_typesupport_introspection_c.h
[5.116s] -- Up-to-date: /home/user1/ros2_ws/install/turtlesim/include/turtlesim/srv/detail/kill__type_support.c
[5.118s] -- Up-to-date: /home/user1/ros2_ws/install/turtlesim/include/turtlesim/srv/detail/teleport_absolute__type_support.c
[5.120s] -- Up-to-date: /home/user1/ros2_ws/install/turtlesim/include/turtlesim/srv/detail/set_pen__type_support.c
[5.122s] -- Up-to-date: /home/user1/ros2_ws/install/turtlesim/include/turtlesim/srv/detail/teleport_relative__type_support.c
[5.123s] -- Up-to-date: /home/user1/ros2_ws/install/turtlesim/include/turtlesim/srv/detail/set_pen__rosidl_typesupport_introspection_c.h
[5.123s] -- Up-to-date: /home/user1/ros2_ws/install/turtlesim/include/turtlesim/srv/detail/teleport_absolute__rosidl_typesupport_introspection_c.h
[5.124s] -- Up-to-date: /home/user1/ros2_ws/install/turtlesim/include/turtlesim/srv/detail/kill__rosidl_typesupport_introspection_c.h
[5.124s] -- Up-to-date: /home/user1/ros2_ws/install/turtlesim/include/turtlesim/action
[5.124s] -- Up-to-date: /home/user1/ros2_ws/install/turtlesim/include/turtlesim/action/detail
[5.124s] -- Up-to-date: /home/user1/ros2_ws/install/turtlesim/include/turtlesim/action/detail/rotate_absolute__type_support.c
[5.124s] -- Up-to-date: /home/user1/ros2_ws/install/turtlesim/include/turtlesim/action/detail/rotate_absolute__rosidl_typesupport_introspection_c.h
[5.125s] -- Up-to-date: /home/user1/ros2_ws/install/turtlesim/include/turtlesim/msg
[5.126s] -- Up-to-date: /home/user1/ros2_ws/install/turtlesim/include/turtlesim/msg/detail
[5.126s] -- Up-to-date: /home/user1/ros2_ws/install/turtlesim/include/turtlesim/msg/detail/color__rosidl_typesupport_introspection_c.h
[5.127s] -- Up-to-date: /home/user1/ros2_ws/install/turtlesim/include/turtlesim/msg/detail/color__type_support.c
[5.128s] -- Up-to-date: /home/user1/ros2_ws/install/turtlesim/include/turtlesim/msg/detail/pose__type_support.c
[5.128s] -- Up-to-date: /home/user1/ros2_ws/install/turtlesim/include/turtlesim/msg/detail/pose__rosidl_typesupport_introspection_c.h
[5.129s] -- Up-to-date: /home/user1/ros2_ws/install/turtlesim/include/turtlesim/msg/rosidl_typesupport_introspection_c__visibility_control.h
[5.135s] -- Up-to-date: /home/user1/ros2_ws/install/turtlesim/lib/libturtlesim__rosidl_typesupport_introspection_c.so
[5.144s] -- Up-to-date: /home/user1/ros2_ws/install/turtlesim/lib/libturtlesim__rosidl_typesupport_c.so
[5.147s] -- Up-to-date: /home/user1/ros2_ws/install/turtlesim/include/turtlesim
[5.147s] -- Up-to-date: /home/user1/ros2_ws/install/turtlesim/include/turtlesim/srv
[5.148s] -- Up-to-date: /home/user1/ros2_ws/install/turtlesim/include/turtlesim/srv/spawn.hpp
[5.149s] -- Up-to-date: /home/user1/ros2_ws/install/turtlesim/include/turtlesim/srv/detail
[5.150s] -- Up-to-date: /home/user1/ros2_ws/install/turtlesim/include/turtlesim/srv/detail/kill__traits.hpp
[5.153s] -- Up-to-date: /home/user1/ros2_ws/install/turtlesim/include/turtlesim/srv/detail/spawn__struct.hpp
[5.155s] -- Up-to-date: /home/user1/ros2_ws/install/turtlesim/include/turtlesim/srv/detail/spawn__type_support.hpp
[5.155s] -- Up-to-date: /home/user1/ros2_ws/install/turtlesim/include/turtlesim/srv/detail/set_pen__type_support.hpp
[5.158s] -- Up-to-date: /home/user1/ros2_ws/install/turtlesim/include/turtlesim/srv/detail/teleport_relative__type_support.hpp
[5.160s] -- Up-to-date: /home/user1/ros2_ws/install/turtlesim/include/turtlesim/srv/detail/teleport_relative__struct.hpp
[5.161s] -- Up-to-date: /home/user1/ros2_ws/install/turtlesim/include/turtlesim/srv/detail/spawn__traits.hpp
[5.162s] -- Up-to-date: /home/user1/ros2_ws/install/turtlesim/include/turtlesim/srv/detail/kill__builder.hpp
[5.163s] -- Up-to-date: /home/user1/ros2_ws/install/turtlesim/include/turtlesim/srv/detail/teleport_absolute__struct.hpp
[5.164s] -- Up-to-date: /home/user1/ros2_ws/install/turtlesim/include/turtlesim/srv/detail/teleport_relative__builder.hpp
[5.165s] -- Up-to-date: /home/user1/ros2_ws/install/turtlesim/include/turtlesim/srv/detail/set_pen__traits.hpp
[5.165s] -- Up-to-date: /home/user1/ros2_ws/install/turtlesim/include/turtlesim/srv/detail/kill__struct.hpp
[5.165s] -- Up-to-date: /home/user1/ros2_ws/install/turtlesim/include/turtlesim/srv/detail/teleport_absolute__builder.hpp
[5.165s] -- Up-to-date: /home/user1/ros2_ws/install/turtlesim/include/turtlesim/srv/detail/teleport_absolute__type_support.hpp
[5.166s] -- Up-to-date: /home/user1/ros2_ws/install/turtlesim/include/turtlesim/srv/detail/set_pen__builder.hpp
[5.166s] -- Up-to-date: /home/user1/ros2_ws/install/turtlesim/include/turtlesim/srv/detail/kill__type_support.hpp
[5.166s] -- Up-to-date: /home/user1/ros2_ws/install/turtlesim/include/turtlesim/srv/detail/teleport_absolute__traits.hpp
[5.166s] -- Up-to-date: /home/user1/ros2_ws/install/turtlesim/include/turtlesim/srv/detail/teleport_relative__traits.hpp
[5.166s] -- Up-to-date: /home/user1/ros2_ws/install/turtlesim/include/turtlesim/srv/detail/spawn__builder.hpp
[5.167s] -- Up-to-date: /home/user1/ros2_ws/install/turtlesim/include/turtlesim/srv/detail/set_pen__struct.hpp
[5.167s] -- Up-to-date: /home/user1/ros2_ws/install/turtlesim/include/turtlesim/srv/teleport_absolute.hpp
[5.167s] -- Up-to-date: /home/user1/ros2_ws/install/turtlesim/include/turtlesim/srv/kill.hpp
[5.167s] -- Up-to-date: /home/user1/ros2_ws/install/turtlesim/include/turtlesim/srv/set_pen.hpp
[5.167s] -- Up-to-date: /home/user1/ros2_ws/install/turtlesim/include/turtlesim/srv/teleport_relative.hpp
[5.167s] -- Up-to-date: /home/user1/ros2_ws/install/turtlesim/include/turtlesim/action
[5.168s] -- Up-to-date: /home/user1/ros2_ws/install/turtlesim/include/turtlesim/action/rotate_absolute.hpp
[5.168s] -- Up-to-date: /home/user1/ros2_ws/install/turtlesim/include/turtlesim/action/detail
[5.168s] -- Up-to-date: /home/user1/ros2_ws/install/turtlesim/include/turtlesim/action/detail/rotate_absolute__traits.hpp
[5.168s] -- Up-to-date: /home/user1/ros2_ws/install/turtlesim/include/turtlesim/action/detail/rotate_absolute__type_support.hpp
[5.168s] -- Up-to-date: /home/user1/ros2_ws/install/turtlesim/include/turtlesim/action/detail/rotate_absolute__builder.hpp
[5.169s] -- Up-to-date: /home/user1/ros2_ws/install/turtlesim/include/turtlesim/action/detail/rotate_absolute__struct.hpp
[5.169s] -- Up-to-date: /home/user1/ros2_ws/install/turtlesim/include/turtlesim/msg
[5.169s] -- Up-to-date: /home/user1/ros2_ws/install/turtlesim/include/turtlesim/msg/detail
[5.169s] -- Up-to-date: /home/user1/ros2_ws/install/turtlesim/include/turtlesim/msg/detail/pose__struct.hpp
[5.169s] -- Up-to-date: /home/user1/ros2_ws/install/turtlesim/include/turtlesim/msg/detail/pose__builder.hpp
[5.170s] -- Up-to-date: /home/user1/ros2_ws/install/turtlesim/include/turtlesim/msg/detail/pose__traits.hpp
[5.170s] -- Up-to-date: /home/user1/ros2_ws/install/turtlesim/include/turtlesim/msg/detail/color__builder.hpp
[5.170s] -- Up-to-date: /home/user1/ros2_ws/install/turtlesim/include/turtlesim/msg/detail/color__type_support.hpp
[5.171s] -- Up-to-date: /home/user1/ros2_ws/install/turtlesim/include/turtlesim/msg/detail/color__traits.hpp
[5.171s] -- Up-to-date: /home/user1/ros2_ws/install/turtlesim/include/turtlesim/msg/detail/color__struct.hpp
[5.172s] -- Up-to-date: /home/user1/ros2_ws/install/turtlesim/include/turtlesim/msg/detail/pose__type_support.hpp
[5.172s] -- Up-to-date: /home/user1/ros2_ws/install/turtlesim/include/turtlesim/msg/pose.hpp
[5.173s] -- Up-to-date: /home/user1/ros2_ws/install/turtlesim/include/turtlesim/msg/color.hpp
[5.173s] -- Up-to-date: /home/user1/ros2_ws/install/turtlesim/include/turtlesim/msg/rosidl_generator_cpp__visibility_control.hpp
[5.174s] -- Up-to-date: /home/user1/ros2_ws/install/turtlesim/include/turtlesim
[5.174s] -- Up-to-date: /home/user1/ros2_ws/install/turtlesim/include/turtlesim/srv
[5.175s] -- Up-to-date: /home/user1/ros2_ws/install/turtlesim/include/turtlesim/srv/detail
[5.175s] -- Up-to-date: /home/user1/ros2_ws/install/turtlesim/include/turtlesim/srv/detail/teleport_absolute__rosidl_typesupport_introspection_cpp.hpp
[5.175s] -- Up-to-date: /home/user1/ros2_ws/install/turtlesim/include/turtlesim/srv/detail/set_pen__type_support.cpp
[5.176s] -- Up-to-date: /home/user1/ros2_ws/install/turtlesim/include/turtlesim/srv/detail/spawn__rosidl_typesupport_introspection_cpp.hpp
[5.176s] -- Up-to-date: /home/user1/ros2_ws/install/turtlesim/include/turtlesim/srv/detail/set_pen__rosidl_typesupport_introspection_cpp.hpp
[5.176s] -- Up-to-date: /home/user1/ros2_ws/install/turtlesim/include/turtlesim/srv/detail/teleport_absolute__type_support.cpp
[5.176s] -- Up-to-date: /home/user1/ros2_ws/install/turtlesim/include/turtlesim/srv/detail/kill__type_support.cpp
[5.176s] -- Up-to-date: /home/user1/ros2_ws/install/turtlesim/include/turtlesim/srv/detail/teleport_relative__type_support.cpp
[5.176s] -- Up-to-date: /home/user1/ros2_ws/install/turtlesim/include/turtlesim/srv/detail/spawn__type_support.cpp
[5.177s] -- Up-to-date: /home/user1/ros2_ws/install/turtlesim/include/turtlesim/srv/detail/kill__rosidl_typesupport_introspection_cpp.hpp
[5.177s] -- Up-to-date: /home/user1/ros2_ws/install/turtlesim/include/turtlesim/srv/detail/teleport_relative__rosidl_typesupport_introspection_cpp.hpp
[5.177s] -- Up-to-date: /home/user1/ros2_ws/install/turtlesim/include/turtlesim/action
[5.177s] -- Up-to-date: /home/user1/ros2_ws/install/turtlesim/include/turtlesim/action/detail
[5.178s] -- Up-to-date: /home/user1/ros2_ws/install/turtlesim/include/turtlesim/action/detail/rotate_absolute__rosidl_typesupport_introspection_cpp.hpp
[5.178s] -- Up-to-date: /home/user1/ros2_ws/install/turtlesim/include/turtlesim/action/detail/rotate_absolute__type_support.cpp
[5.178s] -- Up-to-date: /home/user1/ros2_ws/install/turtlesim/include/turtlesim/msg
[5.178s] -- Up-to-date: /home/user1/ros2_ws/install/turtlesim/include/turtlesim/msg/detail
[5.178s] -- Up-to-date: /home/user1/ros2_ws/install/turtlesim/include/turtlesim/msg/detail/pose__type_support.cpp
[5.179s] -- Up-to-date: /home/user1/ros2_ws/install/turtlesim/include/turtlesim/msg/detail/color__rosidl_typesupport_introspection_cpp.hpp
[5.179s] -- Up-to-date: /home/user1/ros2_ws/install/turtlesim/include/turtlesim/msg/detail/color__type_support.cpp
[5.179s] -- Up-to-date: /home/user1/ros2_ws/install/turtlesim/include/turtlesim/msg/detail/pose__rosidl_typesupport_introspection_cpp.hpp
[5.180s] -- Up-to-date: /home/user1/ros2_ws/install/turtlesim/lib/libturtlesim__rosidl_typesupport_introspection_cpp.so
[5.182s] -- Up-to-date: /home/user1/ros2_ws/install/turtlesim/lib/libturtlesim__rosidl_typesupport_cpp.so
[5.184s] -- Up-to-date: /home/user1/ros2_ws/install/turtlesim/share/turtlesim/environment/pythonpath.sh
[5.184s] -- Up-to-date: /home/user1/ros2_ws/install/turtlesim/share/turtlesim/environment/pythonpath.dsv
[5.185s] -- Up-to-date: /home/user1/ros2_ws/install/turtlesim/lib/python3.8/site-packages/turtlesim/__init__.py
[5.371s] -- Up-to-date: /home/user1/ros2_ws/install/turtlesim/lib/python3.8/site-packages/turtlesim/action
[5.374s] -- Up-to-date: /home/user1/ros2_ws/install/turtlesim/lib/python3.8/site-packages/turtlesim/action/_rotate_absolute.py
[5.375s] -- Up-to-date: /home/user1/ros2_ws/install/turtlesim/lib/python3.8/site-packages/turtlesim/action/_rotate_absolute_s.c
[5.375s] -- Up-to-date: /home/user1/ros2_ws/install/turtlesim/lib/python3.8/site-packages/turtlesim/action/__init__.py
[5.377s] -- Up-to-date: /home/user1/ros2_ws/install/turtlesim/lib/python3.8/site-packages/turtlesim/msg
[5.378s] -- Up-to-date: /home/user1/ros2_ws/install/turtlesim/lib/python3.8/site-packages/turtlesim/msg/_color.py
[5.380s] -- Up-to-date: /home/user1/ros2_ws/install/turtlesim/lib/python3.8/site-packages/turtlesim/msg/_pose.py
[5.381s] -- Up-to-date: /home/user1/ros2_ws/install/turtlesim/lib/python3.8/site-packages/turtlesim/msg/__init__.py
[5.382s] -- Up-to-date: /home/user1/ros2_ws/install/turtlesim/lib/python3.8/site-packages/turtlesim/msg/_pose_s.c
[5.383s] -- Up-to-date: /home/user1/ros2_ws/install/turtlesim/lib/python3.8/site-packages/turtlesim/msg/_color_s.c
[5.384s] -- Up-to-date: /home/user1/ros2_ws/install/turtlesim/lib/python3.8/site-packages/turtlesim/srv
[5.387s] -- Up-to-date: /home/user1/ros2_ws/install/turtlesim/lib/python3.8/site-packages/turtlesim/srv/_kill.py
[5.390s] -- Up-to-date: /home/user1/ros2_ws/install/turtlesim/lib/python3.8/site-packages/turtlesim/srv/_set_pen_s.c
[5.391s] -- Up-to-date: /home/user1/ros2_ws/install/turtlesim/lib/python3.8/site-packages/turtlesim/srv/_teleport_absolute.py
[5.392s] -- Up-to-date: /home/user1/ros2_ws/install/turtlesim/lib/python3.8/site-packages/turtlesim/srv/_teleport_relative_s.c
[5.392s] -- Up-to-date: /home/user1/ros2_ws/install/turtlesim/lib/python3.8/site-packages/turtlesim/srv/_teleport_absolute_s.c
[5.394s] -- Up-to-date: /home/user1/ros2_ws/install/turtlesim/lib/python3.8/site-packages/turtlesim/srv/_teleport_relative.py
[5.395s] -- Up-to-date: /home/user1/ros2_ws/install/turtlesim/lib/python3.8/site-packages/turtlesim/srv/_spawn.py
[5.397s] -- Up-to-date: /home/user1/ros2_ws/install/turtlesim/lib/python3.8/site-packages/turtlesim/srv/_kill_s.c
[5.398s] -- Up-to-date: /home/user1/ros2_ws/install/turtlesim/lib/python3.8/site-packages/turtlesim/srv/_set_pen.py
[5.400s] -- Up-to-date: /home/user1/ros2_ws/install/turtlesim/lib/python3.8/site-packages/turtlesim/srv/_spawn_s.c
[5.401s] -- Up-to-date: /home/user1/ros2_ws/install/turtlesim/lib/python3.8/site-packages/turtlesim/srv/__init__.py
[5.410s] -- Up-to-date: /home/user1/ros2_ws/install/turtlesim/lib/python3.8/site-packages/turtlesim/turtlesim_s__rosidl_typesupport_fastrtps_c.cpython-38-x86_64-linux-gnu.so
[5.430s] -- Up-to-date: /home/user1/ros2_ws/install/turtlesim/lib/python3.8/site-packages/turtlesim/turtlesim_s__rosidl_typesupport_introspection_c.cpython-38-x86_64-linux-gnu.so
[5.448s] -- Up-to-date: /home/user1/ros2_ws/install/turtlesim/lib/python3.8/site-packages/turtlesim/turtlesim_s__rosidl_typesupport_c.cpython-38-x86_64-linux-gnu.so
[5.458s] -- Up-to-date: /home/user1/ros2_ws/install/turtlesim/lib/libturtlesim__python.so
[5.462s] -- Up-to-date: /home/user1/ros2_ws/install/turtlesim/share/turtlesim/action/RotateAbsolute.idl
[5.463s] -- Up-to-date: /home/user1/ros2_ws/install/turtlesim/share/turtlesim/msg/Color.idl
[5.465s] -- Up-to-date: /home/user1/ros2_ws/install/turtlesim/share/turtlesim/msg/Pose.idl
[5.467s] -- Up-to-date: /home/user1/ros2_ws/install/turtlesim/share/turtlesim/srv/Kill.idl
[5.468s] -- Up-to-date: /home/user1/ros2_ws/install/turtlesim/share/turtlesim/srv/SetPen.idl
[5.469s] -- Up-to-date: /home/user1/ros2_ws/install/turtlesim/share/turtlesim/srv/Spawn.idl
[5.471s] -- Up-to-date: /home/user1/ros2_ws/install/turtlesim/share/turtlesim/srv/TeleportAbsolute.idl
[5.473s] -- Up-to-date: /home/user1/ros2_ws/install/turtlesim/share/turtlesim/srv/TeleportRelative.idl
[5.474s] -- Up-to-date: /home/user1/ros2_ws/install/turtlesim/share/turtlesim/action/RotateAbsolute.action
[5.475s] -- Up-to-date: /home/user1/ros2_ws/install/turtlesim/share/turtlesim/msg/Color.msg
[5.475s] -- Up-to-date: /home/user1/ros2_ws/install/turtlesim/share/turtlesim/msg/Pose.msg
[5.475s] -- Up-to-date: /home/user1/ros2_ws/install/turtlesim/share/turtlesim/srv/Kill.srv
[5.476s] -- Up-to-date: /home/user1/ros2_ws/install/turtlesim/share/turtlesim/srv/Kill_Request.msg
[5.476s] -- Up-to-date: /home/user1/ros2_ws/install/turtlesim/share/turtlesim/srv/Kill_Response.msg
[5.476s] -- Up-to-date: /home/user1/ros2_ws/install/turtlesim/share/turtlesim/srv/SetPen.srv
[5.477s] -- Up-to-date: /home/user1/ros2_ws/install/turtlesim/share/turtlesim/srv/SetPen_Request.msg
[5.477s] -- Up-to-date: /home/user1/ros2_ws/install/turtlesim/share/turtlesim/srv/SetPen_Response.msg
[5.478s] -- Up-to-date: /home/user1/ros2_ws/install/turtlesim/share/turtlesim/srv/Spawn.srv
[5.478s] -- Up-to-date: /home/user1/ros2_ws/install/turtlesim/share/turtlesim/srv/Spawn_Request.msg
[5.479s] -- Up-to-date: /home/user1/ros2_ws/install/turtlesim/share/turtlesim/srv/Spawn_Response.msg
[5.479s] -- Up-to-date: /home/user1/ros2_ws/install/turtlesim/share/turtlesim/srv/TeleportAbsolute.srv
[5.479s] -- Up-to-date: /home/user1/ros2_ws/install/turtlesim/share/turtlesim/srv/TeleportAbsolute_Request.msg
[5.480s] -- Up-to-date: /home/user1/ros2_ws/install/turtlesim/share/turtlesim/srv/TeleportAbsolute_Response.msg
[5.480s] -- Up-to-date: /home/user1/ros2_ws/install/turtlesim/share/turtlesim/srv/TeleportRelative.srv
[5.480s] -- Up-to-date: /home/user1/ros2_ws/install/turtlesim/share/turtlesim/srv/TeleportRelative_Request.msg
[5.481s] -- Up-to-date: /home/user1/ros2_ws/install/turtlesim/share/turtlesim/srv/TeleportRelative_Response.msg
[5.482s] -- Up-to-date: /home/user1/ros2_ws/install/turtlesim/lib/turtlesim/turtlesim_node
[5.493s] -- Up-to-date: /home/user1/ros2_ws/install/turtlesim/lib/turtlesim/turtle_teleop_key
[5.502s] -- Up-to-date: /home/user1/ros2_ws/install/turtlesim/lib/turtlesim/draw_square
[5.510s] -- Up-to-date: /home/user1/ros2_ws/install/turtlesim/lib/turtlesim/mimic
[5.513s] -- Up-to-date: /home/user1/ros2_ws/install/turtlesim/share/turtlesim/images
[5.519s] -- Up-to-date: /home/user1/ros2_ws/install/turtlesim/share/turtlesim/images/ardent.png
[5.519s] -- Up-to-date: /home/user1/ros2_ws/install/turtlesim/share/turtlesim/images/dashing.png
[5.519s] -- Up-to-date: /home/user1/ros2_ws/install/turtlesim/share/turtlesim/images/bouncy.png
[5.520s] -- Up-to-date: /home/user1/ros2_ws/install/turtlesim/share/turtlesim/images/crystal.png
[5.520s] -- Up-to-date: /home/user1/ros2_ws/install/turtlesim/share/turtlesim/images/foxy.png
[5.520s] -- Up-to-date: /home/user1/ros2_ws/install/turtlesim/share/turtlesim/images/eloquent.png
[5.522s] -- Up-to-date: /home/user1/ros2_ws/install/turtlesim/share/turtlesim/launch
[5.523s] -- Up-to-date: /home/user1/ros2_ws/install/turtlesim/share/turtlesim/launch/multisim.launch.py
[5.524s] -- Up-to-date: /home/user1/ros2_ws/install/turtlesim/share/ament_index/resource_index/package_run_dependencies/turtlesim
[5.524s] -- Up-to-date: /home/user1/ros2_ws/install/turtlesim/share/ament_index/resource_index/parent_prefix_path/turtlesim
[5.525s] -- Up-to-date: /home/user1/ros2_ws/install/turtlesim/share/turtlesim/environment/ament_prefix_path.sh
[5.526s] -- Up-to-date: /home/user1/ros2_ws/install/turtlesim/share/turtlesim/environment/ament_prefix_path.dsv
[5.529s] -- Up-to-date: /home/user1/ros2_ws/install/turtlesim/share/turtlesim/environment/path.sh
[5.530s] -- Up-to-date: /home/user1/ros2_ws/install/turtlesim/share/turtlesim/environment/path.dsv
[5.530s] -- Up-to-date: /home/user1/ros2_ws/install/turtlesim/share/turtlesim/local_setup.bash
[5.531s] -- Up-to-date: /home/user1/ros2_ws/install/turtlesim/share/turtlesim/local_setup.sh
[5.531s] -- Up-to-date: /home/user1/ros2_ws/install/turtlesim/share/turtlesim/local_setup.zsh
[5.532s] -- Up-to-date: /home/user1/ros2_ws/install/turtlesim/share/turtlesim/local_setup.dsv
[5.532s] -- Installing: /home/user1/ros2_ws/install/turtlesim/share/turtlesim/package.dsv
[5.534s] -- Up-to-date: /home/user1/ros2_ws/install/turtlesim/share/ament_index/resource_index/packages/turtlesim
[5.543s] -- Up-to-date: /home/user1/ros2_ws/install/turtlesim/share/turtlesim/cmake/turtlesim__rosidl_generator_cExport.cmake
[5.544s] -- Up-to-date: /home/user1/ros2_ws/install/turtlesim/share/turtlesim/cmake/turtlesim__rosidl_generator_cExport-noconfig.cmake
[5.547s] -- Up-to-date: /home/user1/ros2_ws/install/turtlesim/share/turtlesim/cmake/turtlesim__rosidl_typesupport_introspection_cExport.cmake
[5.547s] -- Up-to-date: /home/user1/ros2_ws/install/turtlesim/share/turtlesim/cmake/turtlesim__rosidl_typesupport_introspection_cExport-noconfig.cmake
[5.551s] -- Up-to-date: /home/user1/ros2_ws/install/turtlesim/share/turtlesim/cmake/turtlesim__rosidl_typesupport_cExport.cmake
[5.551s] -- Up-to-date: /home/user1/ros2_ws/install/turtlesim/share/turtlesim/cmake/turtlesim__rosidl_typesupport_cExport-noconfig.cmake
[5.554s] -- Up-to-date: /home/user1/ros2_ws/install/turtlesim/share/turtlesim/cmake/turtlesim__rosidl_generator_cppExport.cmake
[5.556s] -- Up-to-date: /home/user1/ros2_ws/install/turtlesim/share/turtlesim/cmake/turtlesim__rosidl_typesupport_introspection_cppExport.cmake
[5.557s] -- Up-to-date: /home/user1/ros2_ws/install/turtlesim/share/turtlesim/cmake/turtlesim__rosidl_typesupport_introspection_cppExport-noconfig.cmake
[5.561s] -- Up-to-date: /home/user1/ros2_ws/install/turtlesim/share/turtlesim/cmake/turtlesim__rosidl_typesupport_cppExport.cmake
[5.564s] -- Up-to-date: /home/user1/ros2_ws/install/turtlesim/share/turtlesim/cmake/turtlesim__rosidl_typesupport_cppExport-noconfig.cmake
[5.564s] -- Up-to-date: /home/user1/ros2_ws/install/turtlesim/share/turtlesim/cmake/rosidl_cmake-extras.cmake
[5.566s] -- Up-to-date: /home/user1/ros2_ws/install/turtlesim/share/turtlesim/cmake/ament_cmake_export_dependencies-extras.cmake
[5.566s] -- Up-to-date: /home/user1/ros2_ws/install/turtlesim/share/turtlesim/cmake/ament_cmake_export_libraries-extras.cmake
[5.568s] -- Up-to-date: /home/user1/ros2_ws/install/turtlesim/share/turtlesim/cmake/ament_cmake_export_targets-extras.cmake
[5.570s] -- Up-to-date: /home/user1/ros2_ws/install/turtlesim/share/turtlesim/cmake/ament_cmake_export_include_directories-extras.cmake
[5.570s] -- Up-to-date: /home/user1/ros2_ws/install/turtlesim/share/turtlesim/cmake/rosidl_cmake_export_typesupport_libraries-extras.cmake
[5.571s] -- Up-to-date: /home/user1/ros2_ws/install/turtlesim/share/turtlesim/cmake/rosidl_cmake_export_typesupport_targets-extras.cmake
[5.572s] -- Up-to-date: /home/user1/ros2_ws/install/turtlesim/share/turtlesim/cmake/turtlesimConfig.cmake
[5.572s] -- Up-to-date: /home/user1/ros2_ws/install/turtlesim/share/turtlesim/cmake/turtlesimConfig-version.cmake
[5.572s] -- Up-to-date: /home/user1/ros2_ws/install/turtlesim/share/turtlesim/package.xml
[5.590s] Invoked command in '/home/user1/ros2_ws/build/turtlesim' returned '0': CMAKE_PREFIX_PATH=${CMAKE_PREFIX_PATH}:/home/user1/ros2_ws/install/py_srvcli:/home/user1/ros2_ws/install/python_parameters:/home/user1/ros2_ws/install/py_pubsub:/home/user1/ros2_ws/install/my_package:/home/user1/ros2_ws/install/examples_rclpy_minimal_subscriber:/home/user1/ros2_ws/install/examples_rclpy_minimal_service:/home/user1/ros2_ws/install/examples_rclpy_minimal_publisher:/home/user1/ros2_ws/install/examples_rclpy_minimal_client:/home/user1/ros2_ws/install/examples_rclpy_minimal_action_server:/home/user1/ros2_ws/install/examples_rclpy_minimal_action_client:/home/user1/ros2_ws/install/examples_rclpy_executors:/opt/ros/foxy /usr/bin/cmake --install /home/user1/ros2_ws/build/turtlesim
