[1.037s] Invoking command in '/home/user1/ros2_ws/src/examples/rclpy/executors': PYTHONPATH=/home/user1/ros2_ws/build/examples_rclpy_executors/prefix_override:/usr/lib/python3/dist-packages/colcon_core/task/python/colcon_distutils_commands:/home/user1/ros2_ws/install/examples_rclpy_executors/lib/python3.8/site-packages:${PYTHONPATH} /usr/bin/python3 -W ignore:setup.py install is deprecated setup.py egg_info --egg-base ../../../../build/examples_rclpy_executors build --build-base /home/user1/ros2_ws/build/examples_rclpy_executors/build install --record /home/user1/ros2_ws/build/examples_rclpy_executors/install.log --install-scripts $base/lib/examples_rclpy_executors --single-version-externally-managed install_data
[1.339s] running egg_info
[1.341s] writing ../../../../build/examples_rclpy_executors/examples_rclpy_executors.egg-info/PKG-INFO
[1.342s] writing dependency_links to ../../../../build/examples_rclpy_executors/examples_rclpy_executors.egg-info/dependency_links.txt
[1.343s] writing entry points to ../../../../build/examples_rclpy_executors/examples_rclpy_executors.egg-info/entry_points.txt
[1.343s] writing requirements to ../../../../build/examples_rclpy_executors/examples_rclpy_executors.egg-info/requires.txt
[1.344s] writing top-level names to ../../../../build/examples_rclpy_executors/examples_rclpy_executors.egg-info/top_level.txt
[1.396s] reading manifest file '../../../../build/examples_rclpy_executors/examples_rclpy_executors.egg-info/SOURCES.txt'
[1.398s] writing manifest file '../../../../build/examples_rclpy_executors/examples_rclpy_executors.egg-info/SOURCES.txt'
[1.399s] running build
[1.399s] running build_py
[1.400s] running install
[1.401s] running install_lib
[1.404s] running install_data
[1.404s] running install_egg_info
[1.406s] removing '/home/user1/ros2_ws/install/examples_rclpy_executors/lib/python3.8/site-packages/examples_rclpy_executors-0.9.4-py3.8.egg-info' (and everything under it)
[1.407s] Copying ../../../../build/examples_rclpy_executors/examples_rclpy_executors.egg-info to /home/user1/ros2_ws/install/examples_rclpy_executors/lib/python3.8/site-packages/examples_rclpy_executors-0.9.4-py3.8.egg-info
[1.409s] running install_scripts
[1.434s] Installing callback_group script to /home/user1/ros2_ws/install/examples_rclpy_executors/lib/examples_rclpy_executors
[1.434s] Installing composed script to /home/user1/ros2_ws/install/examples_rclpy_executors/lib/examples_rclpy_executors
[1.435s] Installing custom_callback_group script to /home/user1/ros2_ws/install/examples_rclpy_executors/lib/examples_rclpy_executors
[1.435s] Installing custom_executor script to /home/user1/ros2_ws/install/examples_rclpy_executors/lib/examples_rclpy_executors
[1.435s] Installing listener script to /home/user1/ros2_ws/install/examples_rclpy_executors/lib/examples_rclpy_executors
[1.436s] Installing talker script to /home/user1/ros2_ws/install/examples_rclpy_executors/lib/examples_rclpy_executors
[1.437s] writing list of installed files to '/home/user1/ros2_ws/build/examples_rclpy_executors/install.log'
[1.474s] Invoked command in '/home/user1/ros2_ws/src/examples/rclpy/executors' returned '0': PYTHONPATH=/home/user1/ros2_ws/build/examples_rclpy_executors/prefix_override:/usr/lib/python3/dist-packages/colcon_core/task/python/colcon_distutils_commands:/home/user1/ros2_ws/install/examples_rclpy_executors/lib/python3.8/site-packages:${PYTHONPATH} /usr/bin/python3 -W ignore:setup.py install is deprecated setup.py egg_info --egg-base ../../../../build/examples_rclpy_executors build --build-base /home/user1/ros2_ws/build/examples_rclpy_executors/build install --record /home/user1/ros2_ws/build/examples_rclpy_executors/install.log --install-scripts $base/lib/examples_rclpy_executors --single-version-externally-managed install_data
