[0.000000] (-) TimerEvent: {}
[0.003301] (-) JobUnselected: {'identifier': 'examples_rclcpp_minimal_action_client'}
[0.003453] (-) JobUnselected: {'identifier': 'examples_rclcpp_minimal_action_server'}
[0.003538] (-) JobUnselected: {'identifier': 'examples_rclcpp_minimal_client'}
[0.003612] (-) JobUnselected: {'identifier': 'examples_rclcpp_minimal_composition'}
[0.003682] (-) JobUnselected: {'identifier': 'examples_rclcpp_minimal_publisher'}
[0.003750] (-) JobUnselected: {'identifier': 'examples_rclcpp_minimal_service'}
[0.003817] (-) JobUnselected: {'identifier': 'examples_rclcpp_minimal_subscriber'}
[0.004227] (-) JobUnselected: {'identifier': 'examples_rclcpp_minimal_timer'}
[0.004329] (-) JobUnselected: {'identifier': 'examples_rclcpp_multithreaded_executor'}
[0.004410] (-) JobUnselected: {'identifier': 'examples_rclpy_executors'}
[0.004482] (-) JobUnselected: {'identifier': 'examples_rclpy_minimal_action_client'}
[0.004960] (-) JobUnselected: {'identifier': 'examples_rclpy_minimal_action_server'}
[0.005140] (-) JobUnselected: {'identifier': 'examples_rclpy_minimal_client'}
[0.005306] (-) JobUnselected: {'identifier': 'examples_rclpy_minimal_publisher'}
[0.005638] (-) JobUnselected: {'identifier': 'examples_rclpy_minimal_service'}
[0.005831] (-) JobUnselected: {'identifier': 'examples_rclpy_minimal_subscriber'}
[0.006004] (-) JobUnselected: {'identifier': 'my_package'}
[0.006111] (-) JobUnselected: {'identifier': 'py_pubsub'}
[0.006269] (-) JobUnselected: {'identifier': 'turtlesim'}
[0.007012] (py_srvcli) JobQueued: {'identifier': 'py_srvcli', 'dependencies': OrderedDict()}
[0.007153] (py_srvcli) JobStarted: {'identifier': 'py_srvcli'}
[0.098818] (-) TimerEvent: {}
[0.200269] (-) TimerEvent: {}
[0.301051] (-) TimerEvent: {}
[0.401937] (-) TimerEvent: {}
[0.502806] (-) TimerEvent: {}
[0.603734] (-) TimerEvent: {}
[0.704453] (-) TimerEvent: {}
[0.805770] (-) TimerEvent: {}
[0.906908] (-) TimerEvent: {}
[1.008413] (-) TimerEvent: {}
[1.110376] (-) TimerEvent: {}
[1.211357] (-) TimerEvent: {}
[1.312630] (-) TimerEvent: {}
[1.413487] (-) TimerEvent: {}
[1.514313] (-) TimerEvent: {}
[1.615829] (-) TimerEvent: {}
[1.716796] (-) TimerEvent: {}
[1.817593] (-) TimerEvent: {}
[1.918431] (-) TimerEvent: {}
[2.020094] (-) TimerEvent: {}
[2.121439] (-) TimerEvent: {}
[2.222518] (-) TimerEvent: {}
[2.323306] (-) TimerEvent: {}
[2.424208] (-) TimerEvent: {}
[2.524921] (-) TimerEvent: {}
[2.625726] (-) TimerEvent: {}
[2.726641] (-) TimerEvent: {}
[2.827694] (-) TimerEvent: {}
[2.928620] (-) TimerEvent: {}
[3.029488] (-) TimerEvent: {}
[3.128323] (py_srvcli) Command: {'cmd': ['/usr/bin/python3', '-W', 'ignore:setup.py install is deprecated', 'setup.py', 'egg_info', '--egg-base', '../../build/py_srvcli', 'build', '--build-base', '/home/user1/ros2_ws/build/py_srvcli/build', 'install', '--record', '/home/user1/ros2_ws/build/py_srvcli/install.log', '--install-scripts', '$base/lib/py_srvcli', '--single-version-externally-managed', 'install_data'], 'cwd': '/home/user1/ros2_ws/src/py_srvcli', 'env': {'USER': 'user1', 'SSH_AGENT_PID': '1152', 'XDG_SESSION_TYPE': 'x11', 'SHLVL': '1', 'LD_LIBRARY_PATH': '/opt/ros/foxy/opt/yaml_cpp_vendor/lib:/opt/ros/foxy/opt/rviz_ogre_vendor/lib:/opt/ros/foxy/lib/x86_64-linux-gnu:/opt/ros/foxy/lib', 'HOME': '/home/user1', 'OLDPWD': '/home/user1/ros2_ws/src', 'DESKTOP_SESSION': 'ubuntu', 'ROS_PYTHON_VERSION': '3', 'GNOME_SHELL_SESSION_MODE': 'ubuntu', 'GTK_MODULES': 'gail:atk-bridge', 'MANAGERPID': '946', 'DBUS_STARTER_BUS_TYPE': 'session', 'DBUS_SESSION_BUS_ADDRESS': 'unix:path=/run/user/1000/bus,guid=56d22877fd9aa08b4b4af8a166f35f1b', 'COLORTERM': 'truecolor', '_colcon_cd_root': '/opt/ros/foxy/', 'IM_CONFIG_PHASE': '1', 'ROS_DISTRO': 'foxy', 'LOGNAME': 'user1', 'JOURNAL_STREAM': '8:47070', '_': '/usr/bin/colcon', 'ROS_VERSION': '2', 'XDG_SESSION_CLASS': 'user', 'USERNAME': 'user1', 'TERM': 'xterm-256color', 'GNOME_DESKTOP_SESSION_ID': 'this-is-deprecated', 'ROS_LOCALHOST_ONLY': '1', 'WINDOWPATH': '2', 'PATH': '/opt/ros/foxy/bin:/usr/local/sbin:/usr/local/bin:/usr/sbin:/usr/bin:/sbin:/bin:/usr/games:/usr/local/games:/snap/bin', 'SESSION_MANAGER': 'local/ubuntu:@/tmp/.ICE-unix/1187,unix/ubuntu:/tmp/.ICE-unix/1187', 'INVOCATION_ID': '72236d3330d24cd49c3398f5dfa8954b', 'XDG_MENU_PREFIX': 'gnome-', 'GNOME_TERMINAL_SCREEN': '/org/gnome/Terminal/screen/aaa2407b_d525_4ea1_a7bf_f5d527c4d54c', 'XDG_RUNTIME_DIR': '/run/user/1000', 'DISPLAY': ':0', 'LANG': 'en_US.UTF-8', 'XDG_CURRENT_DESKTOP': 'ubuntu:GNOME', 'XMODIFIERS': '@im=ibus', 'XDG_SESSION_DESKTOP': 'ubuntu', 'XAUTHORITY': '/run/user/1000/gdm/Xauthority', 'GNOME_TERMINAL_SERVICE': ':1.89', 'SSH_AUTH_SOCK': '/run/user/1000/keyring/ssh', 'ROS_DOMAIN_ID': '1', 'AMENT_PREFIX_PATH': '/opt/ros/foxy', 'SHELL': '/bin/bash', 'QT_ACCESSIBILITY': '1', 'GDMSESSION': 'ubuntu', 'GPG_AGENT_INFO': '/run/user/1000/gnupg/S.gpg-agent:0:1', 'QT_IM_MODULE': 'ibus', 'PWD': '/home/user1/ros2_ws/build/py_srvcli', 'LC_ALL': 'en_US.UTF-8', 'XDG_CONFIG_DIRS': '/etc/xdg/xdg-ubuntu:/etc/xdg', 'DBUS_STARTER_ADDRESS': 'unix:path=/run/user/1000/bus,guid=56d22877fd9aa08b4b4af8a166f35f1b', 'XDG_DATA_DIRS': '/usr/share/ubuntu:/usr/local/share/:/usr/share/:/var/lib/snapd/desktop', 'PYTHONPATH': '/home/user1/ros2_ws/build/py_srvcli/prefix_override:/usr/lib/python3/dist-packages/colcon_core/task/python/colcon_distutils_commands:/home/user1/ros2_ws/install/py_srvcli/lib/python3.8/site-packages:/opt/ros/foxy/lib/python3.8/site-packages', 'COLCON': '1', 'VTE_VERSION': '6003'}, 'shell': False}
[3.132585] (-) TimerEvent: {}
[3.233300] (-) TimerEvent: {}
[3.334605] (-) TimerEvent: {}
[3.435529] (-) TimerEvent: {}
[3.536701] (-) TimerEvent: {}
[3.637645] (-) TimerEvent: {}
[3.738573] (-) TimerEvent: {}
[3.839985] (-) TimerEvent: {}
[3.940848] (-) TimerEvent: {}
[4.027839] (py_srvcli) StdoutLine: {'line': b'running egg_info\n'}
[4.032155] (py_srvcli) StdoutLine: {'line': b'creating ../../build/py_srvcli/py_srvcli.egg-info\n'}
[4.033528] (py_srvcli) StdoutLine: {'line': b'writing ../../build/py_srvcli/py_srvcli.egg-info/PKG-INFO\n'}
[4.036615] (py_srvcli) StdoutLine: {'line': b'writing dependency_links to ../../build/py_srvcli/py_srvcli.egg-info/dependency_links.txt\n'}
[4.037977] (py_srvcli) StdoutLine: {'line': b'writing entry points to ../../build/py_srvcli/py_srvcli.egg-info/entry_points.txt\n'}
[4.039305] (py_srvcli) StdoutLine: {'line': b'writing requirements to ../../build/py_srvcli/py_srvcli.egg-info/requires.txt\n'}
[4.040425] (py_srvcli) StdoutLine: {'line': b'writing top-level names to ../../build/py_srvcli/py_srvcli.egg-info/top_level.txt\n'}
[4.040955] (-) TimerEvent: {}
[4.069937] (py_srvcli) StdoutLine: {'line': b"writing manifest file '../../build/py_srvcli/py_srvcli.egg-info/SOURCES.txt'\n"}
[4.141229] (-) TimerEvent: {}
[4.242156] (-) TimerEvent: {}
[4.248207] (py_srvcli) StdoutLine: {'line': b"reading manifest file '../../build/py_srvcli/py_srvcli.egg-info/SOURCES.txt'\n"}
[4.251491] (py_srvcli) StdoutLine: {'line': b"writing manifest file '../../build/py_srvcli/py_srvcli.egg-info/SOURCES.txt'\n"}
[4.252758] (py_srvcli) StdoutLine: {'line': b'running build\n'}
[4.253493] (py_srvcli) StdoutLine: {'line': b'running build_py\n'}
[4.254077] (py_srvcli) StdoutLine: {'line': b'creating /home/user1/ros2_ws/build/py_srvcli/build\n'}
[4.254575] (py_srvcli) StdoutLine: {'line': b'creating /home/user1/ros2_ws/build/py_srvcli/build/lib\n'}
[4.254771] (py_srvcli) StdoutLine: {'line': b'creating /home/user1/ros2_ws/build/py_srvcli/build/lib/py_srvcli\n'}
[4.255027] (py_srvcli) StdoutLine: {'line': b'copying py_srvcli/service_member_function.py -> /home/user1/ros2_ws/build/py_srvcli/build/lib/py_srvcli\n'}
[4.255600] (py_srvcli) StdoutLine: {'line': b'copying py_srvcli/client_member_function.py -> /home/user1/ros2_ws/build/py_srvcli/build/lib/py_srvcli\n'}
[4.256828] (py_srvcli) StdoutLine: {'line': b'copying py_srvcli/__init__.py -> /home/user1/ros2_ws/build/py_srvcli/build/lib/py_srvcli\n'}
[4.258269] (py_srvcli) StdoutLine: {'line': b'running install\n'}
[4.262563] (py_srvcli) StdoutLine: {'line': b'running install_lib\n'}
[4.268270] (py_srvcli) StdoutLine: {'line': b'creating /home/user1/ros2_ws/install/py_srvcli/lib/python3.8/site-packages/py_srvcli\n'}
[4.271508] (py_srvcli) StdoutLine: {'line': b'copying /home/user1/ros2_ws/build/py_srvcli/build/lib/py_srvcli/service_member_function.py -> /home/user1/ros2_ws/install/py_srvcli/lib/python3.8/site-packages/py_srvcli\n'}
[4.272116] (py_srvcli) StdoutLine: {'line': b'copying /home/user1/ros2_ws/build/py_srvcli/build/lib/py_srvcli/client_member_function.py -> /home/user1/ros2_ws/install/py_srvcli/lib/python3.8/site-packages/py_srvcli\n'}
[4.272425] (py_srvcli) StdoutLine: {'line': b'copying /home/user1/ros2_ws/build/py_srvcli/build/lib/py_srvcli/__init__.py -> /home/user1/ros2_ws/install/py_srvcli/lib/python3.8/site-packages/py_srvcli\n'}
[4.272691] (py_srvcli) StdoutLine: {'line': b'byte-compiling /home/user1/ros2_ws/install/py_srvcli/lib/python3.8/site-packages/py_srvcli/service_member_function.py to service_member_function.cpython-38.pyc\n'}
[4.279165] (py_srvcli) StdoutLine: {'line': b'byte-compiling /home/user1/ros2_ws/install/py_srvcli/lib/python3.8/site-packages/py_srvcli/client_member_function.py to client_member_function.cpython-38.pyc\n'}
[4.279804] (py_srvcli) StdoutLine: {'line': b'byte-compiling /home/user1/ros2_ws/install/py_srvcli/lib/python3.8/site-packages/py_srvcli/__init__.py to __init__.cpython-38.pyc\n'}
[4.283522] (py_srvcli) StdoutLine: {'line': b'running install_data\n'}
[4.283912] (py_srvcli) StdoutLine: {'line': b'creating /home/user1/ros2_ws/install/py_srvcli/share/ament_index\n'}
[4.284242] (py_srvcli) StdoutLine: {'line': b'creating /home/user1/ros2_ws/install/py_srvcli/share/ament_index/resource_index\n'}
[4.284538] (py_srvcli) StdoutLine: {'line': b'creating /home/user1/ros2_ws/install/py_srvcli/share/ament_index/resource_index/packages\n'}
[4.284831] (py_srvcli) StdoutLine: {'line': b'copying resource/py_srvcli -> /home/user1/ros2_ws/install/py_srvcli/share/ament_index/resource_index/packages\n'}
[4.285122] (py_srvcli) StdoutLine: {'line': b'copying package.xml -> /home/user1/ros2_ws/install/py_srvcli/share/py_srvcli\n'}
[4.285425] (py_srvcli) StdoutLine: {'line': b'running install_egg_info\n'}
[4.292342] (py_srvcli) StdoutLine: {'line': b'Copying ../../build/py_srvcli/py_srvcli.egg-info to /home/user1/ros2_ws/install/py_srvcli/lib/python3.8/site-packages/py_srvcli-0.0.0-py3.8.egg-info\n'}
[4.296568] (py_srvcli) StdoutLine: {'line': b'running install_scripts\n'}
[4.342624] (-) TimerEvent: {}
[4.385183] (py_srvcli) StdoutLine: {'line': b'Installing client script to /home/user1/ros2_ws/install/py_srvcli/lib/py_srvcli\n'}
[4.385851] (py_srvcli) StdoutLine: {'line': b'Installing service script to /home/user1/ros2_ws/install/py_srvcli/lib/py_srvcli\n'}
[4.386705] (py_srvcli) StdoutLine: {'line': b"writing list of installed files to '/home/user1/ros2_ws/build/py_srvcli/install.log'\n"}
[4.444319] (-) TimerEvent: {}
[4.447043] (py_srvcli) CommandEnded: {'returncode': 0}
[4.534965] (py_srvcli) JobEnded: {'identifier': 'py_srvcli', 'rc': 0}
[4.539309] (-) EventReactorShutdown: {}
