[0.090s] Invoking command in '/home/user1/ros2_ws/build/examples_rclcpp_minimal_timer': CMAKE_PREFIX_PATH=/opt/ros/foxy /usr/bin/cmake /home/user1/ros2_ws/src/examples/rclcpp/timers/minimal_timer -DAMENT_CMAKE_SYMLINK_INSTALL=1 -DCMAKE_INSTALL_PREFIX=/home/user1/ros2_ws/install/examples_rclcpp_minimal_timer
[0.341s] -- The C compiler identification is GNU 9.4.0
[0.551s] -- The CXX compiler identification is GNU 9.4.0
[0.567s] -- Check for working C compiler: /usr/bin/cc
[0.918s] -- Check for working C compiler: /usr/bin/cc -- works
[0.922s] -- Detecting C compiler ABI info
[1.259s] -- Detecting C compiler ABI info - done
[1.316s] -- Detecting C compile features
[1.317s] -- Detecting C compile features - done
[1.330s] -- Check for working CXX compiler: /usr/bin/c++
[1.679s] -- Check for working CXX compiler: /usr/bin/c++ -- works
[1.687s] -- Detecting CXX compiler ABI info
[2.071s] -- Detecting CXX compiler ABI info - done
[2.123s] -- Detecting CXX compile features
[2.125s] -- Detecting CXX compile features - done
[2.134s] -- Found ament_cmake: 0.9.12 (/opt/ros/foxy/share/ament_cmake/cmake)
[2.219s] -- Found PythonInterp: /usr/bin/python3 (found suitable version "3.8.10", minimum required is "3") 
[2.220s] -- Using PYTHON_EXECUTABLE: /usr/bin/python3
[2.857s] -- Override CMake install command with custom implementation using symlinks instead of copying resources
[2.942s] -- Found rclcpp: 2.4.3 (/opt/ros/foxy/share/rclcpp/cmake)
[3.107s] -- Using all available rosidl_typesupport_c: rosidl_typesupport_fastrtps_c;rosidl_typesupport_introspection_c
[3.126s] -- Found rosidl_adapter: 1.3.1 (/opt/ros/foxy/share/rosidl_adapter/cmake)
[3.477s] -- Found OpenSSL: /usr/lib/x86_64-linux-gnu/libcrypto.so (found version "1.1.1f")  
[3.597s] -- Found FastRTPS: /opt/ros/foxy/include  
[3.891s] -- Using all available rosidl_typesupport_cpp: rosidl_typesupport_fastrtps_cpp;rosidl_typesupport_introspection_cpp
[4.128s] -- Found rmw_implementation_cmake: 1.0.4 (/opt/ros/foxy/share/rmw_implementation_cmake/cmake)
[4.134s] -- Using RMW implementation 'rmw_fastrtps_cpp' as default
[4.139s] -- Looking for pthread.h
[4.460s] -- Looking for pthread.h - found
[4.461s] -- Performing Test CMAKE_HAVE_LIBC_PTHREAD
[4.813s] -- Performing Test CMAKE_HAVE_LIBC_PTHREAD - Failed
[4.813s] -- Looking for pthread_create in pthreads
[5.062s] -- Looking for pthread_create in pthreads - not found
[5.062s] -- Looking for pthread_create in pthread
[5.387s] -- Looking for pthread_create in pthread - found
[5.393s] -- Found Threads: TRUE  
[6.083s] -- Found ament_lint_auto: 0.9.8 (/opt/ros/foxy/share/ament_lint_auto/cmake)
[6.380s] -- Added test 'copyright' to check source files copyright and LICENSE
[6.383s] -- Added test 'cppcheck' to perform static code analysis on C / C++ code
[6.384s] -- Configured cppcheck include dirs: 
[6.385s] -- Configured cppcheck exclude dirs and/or files: 
[6.388s] -- Added test 'cpplint' to check C / C++ code against the Google style
[6.388s] -- Configured cpplint exclude dirs and/or files: 
[6.390s] -- Added test 'lint_cmake' to check CMake code style
[6.393s] -- Added test 'uncrustify' to check C / C++ code style
[6.394s] -- Configured uncrustify additional arguments: 
[6.396s] -- Added test 'xmllint' to check XML markup files
[6.407s] -- Configuring done
[6.448s] -- Generating done
[6.457s] -- Build files have been written to: /home/user1/ros2_ws/build/examples_rclcpp_minimal_timer
[6.486s] Invoked command in '/home/user1/ros2_ws/build/examples_rclcpp_minimal_timer' returned '0': CMAKE_PREFIX_PATH=/opt/ros/foxy /usr/bin/cmake /home/user1/ros2_ws/src/examples/rclcpp/timers/minimal_timer -DAMENT_CMAKE_SYMLINK_INSTALL=1 -DCMAKE_INSTALL_PREFIX=/home/user1/ros2_ws/install/examples_rclcpp_minimal_timer
[6.490s] Invoking command in '/home/user1/ros2_ws/build/examples_rclcpp_minimal_timer': CMAKE_PREFIX_PATH=/opt/ros/foxy /usr/bin/cmake --build /home/user1/ros2_ws/build/examples_rclcpp_minimal_timer -- -j2 -l2
[6.678s] [35m[1mScanning dependencies of target timer_member_function[0m
[6.849s] [ 25%] [32mBuilding CXX object CMakeFiles/timer_member_function.dir/member_function.cpp.o[0m
[14.953s] [ 50%] [32m[1mLinking CXX executable timer_member_function[0m
[15.410s] [ 50%] Built target timer_member_function
[15.456s] [35m[1mScanning dependencies of target timer_lambda[0m
[15.639s] [ 75%] [32mBuilding CXX object CMakeFiles/timer_lambda.dir/lambda.cpp.o[0m
[23.113s] [100%] [32m[1mLinking CXX executable timer_lambda[0m
[23.632s] [100%] Built target timer_lambda
[23.681s] Invoked command in '/home/user1/ros2_ws/build/examples_rclcpp_minimal_timer' returned '0': CMAKE_PREFIX_PATH=/opt/ros/foxy /usr/bin/cmake --build /home/user1/ros2_ws/build/examples_rclcpp_minimal_timer -- -j2 -l2
[23.854s] Invoking command in '/home/user1/ros2_ws/build/examples_rclcpp_minimal_timer': CMAKE_PREFIX_PATH=/opt/ros/foxy /usr/bin/cmake --install /home/user1/ros2_ws/build/examples_rclcpp_minimal_timer
[23.907s] -- Install configuration: ""
[23.909s] -- Execute custom install script
[23.914s] -- Symlinking: /home/user1/ros2_ws/install/examples_rclcpp_minimal_timer/lib/examples_rclcpp_minimal_timer/timer_lambda
[23.951s] -- Symlinking: /home/user1/ros2_ws/install/examples_rclcpp_minimal_timer/lib/examples_rclcpp_minimal_timer/timer_member_function
[24.001s] -- Symlinking: /home/user1/ros2_ws/install/examples_rclcpp_minimal_timer/share/ament_index/resource_index/package_run_dependencies/examples_rclcpp_minimal_timer
[24.043s] -- Symlinking: /home/user1/ros2_ws/install/examples_rclcpp_minimal_timer/share/ament_index/resource_index/parent_prefix_path/examples_rclcpp_minimal_timer
[24.084s] -- Symlinking: /home/user1/ros2_ws/install/examples_rclcpp_minimal_timer/share/examples_rclcpp_minimal_timer/environment/ament_prefix_path.sh
[24.127s] -- Symlinking: /home/user1/ros2_ws/install/examples_rclcpp_minimal_timer/share/examples_rclcpp_minimal_timer/environment/ament_prefix_path.dsv
[24.166s] -- Symlinking: /home/user1/ros2_ws/install/examples_rclcpp_minimal_timer/share/examples_rclcpp_minimal_timer/environment/path.sh
[24.213s] -- Symlinking: /home/user1/ros2_ws/install/examples_rclcpp_minimal_timer/share/examples_rclcpp_minimal_timer/environment/path.dsv
[24.249s] -- Symlinking: /home/user1/ros2_ws/install/examples_rclcpp_minimal_timer/share/examples_rclcpp_minimal_timer/local_setup.bash
[24.299s] -- Symlinking: /home/user1/ros2_ws/install/examples_rclcpp_minimal_timer/share/examples_rclcpp_minimal_timer/local_setup.sh
[24.337s] -- Symlinking: /home/user1/ros2_ws/install/examples_rclcpp_minimal_timer/share/examples_rclcpp_minimal_timer/local_setup.zsh
[24.378s] -- Symlinking: /home/user1/ros2_ws/install/examples_rclcpp_minimal_timer/share/examples_rclcpp_minimal_timer/local_setup.dsv
[24.421s] -- Symlinking: /home/user1/ros2_ws/install/examples_rclcpp_minimal_timer/share/examples_rclcpp_minimal_timer/package.dsv
[24.463s] -- Symlinking: /home/user1/ros2_ws/install/examples_rclcpp_minimal_timer/share/ament_index/resource_index/packages/examples_rclcpp_minimal_timer
[24.503s] -- Symlinking: /home/user1/ros2_ws/install/examples_rclcpp_minimal_timer/share/examples_rclcpp_minimal_timer/cmake/examples_rclcpp_minimal_timerConfig.cmake
[24.542s] -- Symlinking: /home/user1/ros2_ws/install/examples_rclcpp_minimal_timer/share/examples_rclcpp_minimal_timer/cmake/examples_rclcpp_minimal_timerConfig-version.cmake
[24.578s] -- Symlinking: /home/user1/ros2_ws/install/examples_rclcpp_minimal_timer/share/examples_rclcpp_minimal_timer/package.xml
[24.634s] Invoked command in '/home/user1/ros2_ws/build/examples_rclcpp_minimal_timer' returned '0': CMAKE_PREFIX_PATH=/opt/ros/foxy /usr/bin/cmake --install /home/user1/ros2_ws/build/examples_rclcpp_minimal_timer
