[2.130s] Invoking command in '/home/user1/ros2_ws/src/py_srvcli': PYTHONPATH=/home/user1/ros2_ws/build/py_srvcli/prefix_override:/usr/lib/python3/dist-packages/colcon_core/task/python/colcon_distutils_commands:/home/user1/ros2_ws/install/py_srvcli/lib/python3.8/site-packages:${PYTHONPATH} /usr/bin/python3 -W ignore:setup.py install is deprecated setup.py egg_info --egg-base ../../build/py_srvcli build --build-base /home/user1/ros2_ws/build/py_srvcli/build install --record /home/user1/ros2_ws/build/py_srvcli/install.log --install-scripts $base/lib/py_srvcli --single-version-externally-managed install_data
[2.812s] running egg_info
[2.813s] writing ../../build/py_srvcli/py_srvcli.egg-info/PKG-INFO
[2.815s] writing dependency_links to ../../build/py_srvcli/py_srvcli.egg-info/dependency_links.txt
[2.816s] writing entry points to ../../build/py_srvcli/py_srvcli.egg-info/entry_points.txt
[2.817s] writing requirements to ../../build/py_srvcli/py_srvcli.egg-info/requires.txt
[2.818s] writing top-level names to ../../build/py_srvcli/py_srvcli.egg-info/top_level.txt
[2.939s] reading manifest file '../../build/py_srvcli/py_srvcli.egg-info/SOURCES.txt'
[2.941s] writing manifest file '../../build/py_srvcli/py_srvcli.egg-info/SOURCES.txt'
[2.942s] running build
[2.943s] running build_py
[2.943s] running install
[2.946s] running install_lib
[2.952s] running install_data
[2.952s] running install_egg_info
[2.959s] removing '/home/user1/ros2_ws/install/py_srvcli/lib/python3.8/site-packages/py_srvcli-0.0.0-py3.8.egg-info' (and everything under it)
[2.960s] Copying ../../build/py_srvcli/py_srvcli.egg-info to /home/user1/ros2_ws/install/py_srvcli/lib/python3.8/site-packages/py_srvcli-0.0.0-py3.8.egg-info
[2.964s] running install_scripts
[3.043s] Installing client script to /home/user1/ros2_ws/install/py_srvcli/lib/py_srvcli
[3.044s] Installing service script to /home/user1/ros2_ws/install/py_srvcli/lib/py_srvcli
[3.045s] writing list of installed files to '/home/user1/ros2_ws/build/py_srvcli/install.log'
[3.097s] Invoked command in '/home/user1/ros2_ws/src/py_srvcli' returned '0': PYTHONPATH=/home/user1/ros2_ws/build/py_srvcli/prefix_override:/usr/lib/python3/dist-packages/colcon_core/task/python/colcon_distutils_commands:/home/user1/ros2_ws/install/py_srvcli/lib/python3.8/site-packages:${PYTHONPATH} /usr/bin/python3 -W ignore:setup.py install is deprecated setup.py egg_info --egg-base ../../build/py_srvcli build --build-base /home/user1/ros2_ws/build/py_srvcli/build install --record /home/user1/ros2_ws/build/py_srvcli/install.log --install-scripts $base/lib/py_srvcli --single-version-externally-managed install_data
