[0.127s] Invoking command in '/home/user1/ros2_ws/build/more_interfaces': CMAKE_PREFIX_PATH=${CMAKE_PREFIX_PATH}:/home/user1/ros2_ws/install/py_srvcli:/home/user1/ros2_ws/install/python_parameters:/home/user1/ros2_ws/install/py_pubsub:/home/user1/ros2_ws/install/my_package:/home/user1/ros2_ws/install/examples_rclpy_minimal_subscriber:/home/user1/ros2_ws/install/examples_rclpy_minimal_service:/home/user1/ros2_ws/install/examples_rclpy_minimal_publisher:/home/user1/ros2_ws/install/examples_rclpy_minimal_client:/home/user1/ros2_ws/install/examples_rclpy_minimal_action_server:/home/user1/ros2_ws/install/examples_rclpy_minimal_action_client:/home/user1/ros2_ws/install/examples_rclpy_executors:/opt/ros/foxy /usr/bin/cmake --build /home/user1/ros2_ws/build/more_interfaces -- -j2 -l2
[0.514s] [  3%] Built target more_interfaces__cpp
[0.553s] [ 12%] Built target more_interfaces__rosidl_generator_c
[0.679s] [ 21%] Built target more_interfaces__rosidl_typesupport_cpp
[0.736s] [ 30%] Built target more_interfaces__rosidl_typesupport_introspection_cpp
[0.879s] [ 39%] Built target more_interfaces__rosidl_typesupport_fastrtps_cpp
[0.909s] [ 48%] Built target more_interfaces__rosidl_typesupport_c
[1.043s] [ 57%] Built target more_interfaces__rosidl_typesupport_introspection_c
[1.071s] [ 66%] Built target more_interfaces__rosidl_typesupport_fastrtps_c
[1.192s] [ 66%] Built target more_interfaces
[1.399s] [ 72%] Built target publish_address_book
[1.443s] [ 75%] Built target more_interfaces__py
[1.651s] [ 81%] Built target more_interfaces__python
[1.798s] [ 87%] Built target more_interfaces__rosidl_typesupport_c__pyext
[1.901s] [ 93%] Built target more_interfaces__rosidl_typesupport_introspection_c__pyext
[1.996s] [100%] Built target more_interfaces__rosidl_typesupport_fastrtps_c__pyext
[2.051s] Invoked command in '/home/user1/ros2_ws/build/more_interfaces' returned '0': CMAKE_PREFIX_PATH=${CMAKE_PREFIX_PATH}:/home/user1/ros2_ws/install/py_srvcli:/home/user1/ros2_ws/install/python_parameters:/home/user1/ros2_ws/install/py_pubsub:/home/user1/ros2_ws/install/my_package:/home/user1/ros2_ws/install/examples_rclpy_minimal_subscriber:/home/user1/ros2_ws/install/examples_rclpy_minimal_service:/home/user1/ros2_ws/install/examples_rclpy_minimal_publisher:/home/user1/ros2_ws/install/examples_rclpy_minimal_client:/home/user1/ros2_ws/install/examples_rclpy_minimal_action_server:/home/user1/ros2_ws/install/examples_rclpy_minimal_action_client:/home/user1/ros2_ws/install/examples_rclpy_executors:/opt/ros/foxy /usr/bin/cmake --build /home/user1/ros2_ws/build/more_interfaces -- -j2 -l2
[3.570s] Invoking command in '/home/user1/ros2_ws/build/more_interfaces': CMAKE_PREFIX_PATH=${CMAKE_PREFIX_PATH}:/home/user1/ros2_ws/install/py_srvcli:/home/user1/ros2_ws/install/python_parameters:/home/user1/ros2_ws/install/py_pubsub:/home/user1/ros2_ws/install/my_package:/home/user1/ros2_ws/install/examples_rclpy_minimal_subscriber:/home/user1/ros2_ws/install/examples_rclpy_minimal_service:/home/user1/ros2_ws/install/examples_rclpy_minimal_publisher:/home/user1/ros2_ws/install/examples_rclpy_minimal_client:/home/user1/ros2_ws/install/examples_rclpy_minimal_action_server:/home/user1/ros2_ws/install/examples_rclpy_minimal_action_client:/home/user1/ros2_ws/install/examples_rclpy_executors:/opt/ros/foxy /usr/bin/cmake --install /home/user1/ros2_ws/build/more_interfaces
[3.637s] -- Install configuration: ""
[3.640s] -- Up-to-date: /home/user1/ros2_ws/install/more_interfaces/share/ament_index/resource_index/rosidl_interfaces/more_interfaces
[3.641s] -- Up-to-date: /home/user1/ros2_ws/install/more_interfaces/include/more_interfaces
[3.646s] -- Up-to-date: /home/user1/ros2_ws/install/more_interfaces/include/more_interfaces/msg
[3.647s] -- Up-to-date: /home/user1/ros2_ws/install/more_interfaces/include/more_interfaces/msg/detail
[3.648s] -- Up-to-date: /home/user1/ros2_ws/install/more_interfaces/include/more_interfaces/msg/detail/address_book__struct.h
[3.650s] -- Up-to-date: /home/user1/ros2_ws/install/more_interfaces/include/more_interfaces/msg/detail/address_book__type_support.h
[3.650s] -- Up-to-date: /home/user1/ros2_ws/install/more_interfaces/include/more_interfaces/msg/detail/address_book__functions.c
[3.651s] -- Up-to-date: /home/user1/ros2_ws/install/more_interfaces/include/more_interfaces/msg/detail/address_book__functions.h
[3.651s] -- Up-to-date: /home/user1/ros2_ws/install/more_interfaces/include/more_interfaces/msg/rosidl_generator_c__visibility_control.h
[3.652s] -- Up-to-date: /home/user1/ros2_ws/install/more_interfaces/include/more_interfaces/msg/address_book.h
[3.652s] -- Up-to-date: /home/user1/ros2_ws/install/more_interfaces/share/more_interfaces/environment/library_path.sh
[3.653s] -- Up-to-date: /home/user1/ros2_ws/install/more_interfaces/share/more_interfaces/environment/library_path.dsv
[3.660s] -- Up-to-date: /home/user1/ros2_ws/install/more_interfaces/lib/libmore_interfaces__rosidl_generator_c.so
[3.663s] -- Up-to-date: /home/user1/ros2_ws/install/more_interfaces/include/more_interfaces
[3.664s] -- Up-to-date: /home/user1/ros2_ws/install/more_interfaces/include/more_interfaces/msg
[3.666s] -- Up-to-date: /home/user1/ros2_ws/install/more_interfaces/include/more_interfaces/msg/detail
[3.668s] -- Up-to-date: /home/user1/ros2_ws/install/more_interfaces/include/more_interfaces/msg/detail/address_book__rosidl_typesupport_fastrtps_c.h
[3.668s] -- Up-to-date: /home/user1/ros2_ws/install/more_interfaces/include/more_interfaces/msg/rosidl_typesupport_fastrtps_c__visibility_control.h
[3.676s] -- Up-to-date: /home/user1/ros2_ws/install/more_interfaces/lib/libmore_interfaces__rosidl_typesupport_fastrtps_c.so
[3.679s] -- Up-to-date: /home/user1/ros2_ws/install/more_interfaces/include/more_interfaces
[3.680s] -- Up-to-date: /home/user1/ros2_ws/install/more_interfaces/include/more_interfaces/msg
[3.680s] -- Up-to-date: /home/user1/ros2_ws/install/more_interfaces/include/more_interfaces/msg/detail
[3.681s] -- Up-to-date: /home/user1/ros2_ws/install/more_interfaces/include/more_interfaces/msg/detail/address_book__rosidl_typesupport_fastrtps_cpp.hpp
[3.682s] -- Up-to-date: /home/user1/ros2_ws/install/more_interfaces/include/more_interfaces/msg/detail/dds_fastrtps
[3.683s] -- Up-to-date: /home/user1/ros2_ws/install/more_interfaces/include/more_interfaces/msg/rosidl_typesupport_fastrtps_cpp__visibility_control.h
[3.690s] -- Up-to-date: /home/user1/ros2_ws/install/more_interfaces/lib/libmore_interfaces__rosidl_typesupport_fastrtps_cpp.so
[3.693s] -- Up-to-date: /home/user1/ros2_ws/install/more_interfaces/include/more_interfaces
[3.694s] -- Up-to-date: /home/user1/ros2_ws/install/more_interfaces/include/more_interfaces/msg
[3.695s] -- Up-to-date: /home/user1/ros2_ws/install/more_interfaces/include/more_interfaces/msg/detail
[3.696s] -- Up-to-date: /home/user1/ros2_ws/install/more_interfaces/include/more_interfaces/msg/detail/address_book__rosidl_typesupport_introspection_c.h
[3.696s] -- Up-to-date: /home/user1/ros2_ws/install/more_interfaces/include/more_interfaces/msg/detail/address_book__type_support.c
[3.697s] -- Up-to-date: /home/user1/ros2_ws/install/more_interfaces/include/more_interfaces/msg/rosidl_typesupport_introspection_c__visibility_control.h
[3.704s] -- Up-to-date: /home/user1/ros2_ws/install/more_interfaces/lib/libmore_interfaces__rosidl_typesupport_introspection_c.so
[3.713s] -- Up-to-date: /home/user1/ros2_ws/install/more_interfaces/lib/libmore_interfaces__rosidl_typesupport_c.so
[3.716s] -- Up-to-date: /home/user1/ros2_ws/install/more_interfaces/include/more_interfaces
[3.718s] -- Up-to-date: /home/user1/ros2_ws/install/more_interfaces/include/more_interfaces/msg
[3.720s] -- Up-to-date: /home/user1/ros2_ws/install/more_interfaces/include/more_interfaces/msg/detail
[3.722s] -- Up-to-date: /home/user1/ros2_ws/install/more_interfaces/include/more_interfaces/msg/detail/address_book__builder.hpp
[3.723s] -- Up-to-date: /home/user1/ros2_ws/install/more_interfaces/include/more_interfaces/msg/detail/address_book__traits.hpp
[3.723s] -- Up-to-date: /home/user1/ros2_ws/install/more_interfaces/include/more_interfaces/msg/detail/address_book__struct.hpp
[3.724s] -- Up-to-date: /home/user1/ros2_ws/install/more_interfaces/include/more_interfaces/msg/detail/address_book__type_support.hpp
[3.727s] -- Up-to-date: /home/user1/ros2_ws/install/more_interfaces/include/more_interfaces/msg/address_book.hpp
[3.727s] -- Up-to-date: /home/user1/ros2_ws/install/more_interfaces/include/more_interfaces/msg/rosidl_generator_cpp__visibility_control.hpp
[3.728s] -- Up-to-date: /home/user1/ros2_ws/install/more_interfaces/include/more_interfaces
[3.729s] -- Up-to-date: /home/user1/ros2_ws/install/more_interfaces/include/more_interfaces/msg
[3.730s] -- Up-to-date: /home/user1/ros2_ws/install/more_interfaces/include/more_interfaces/msg/detail
[3.731s] -- Up-to-date: /home/user1/ros2_ws/install/more_interfaces/include/more_interfaces/msg/detail/address_book__type_support.cpp
[3.731s] -- Up-to-date: /home/user1/ros2_ws/install/more_interfaces/include/more_interfaces/msg/detail/address_book__rosidl_typesupport_introspection_cpp.hpp
[3.742s] -- Up-to-date: /home/user1/ros2_ws/install/more_interfaces/lib/libmore_interfaces__rosidl_typesupport_introspection_cpp.so
[3.754s] -- Up-to-date: /home/user1/ros2_ws/install/more_interfaces/lib/libmore_interfaces__rosidl_typesupport_cpp.so
[3.760s] -- Up-to-date: /home/user1/ros2_ws/install/more_interfaces/share/more_interfaces/environment/pythonpath.sh
[3.760s] -- Up-to-date: /home/user1/ros2_ws/install/more_interfaces/share/more_interfaces/environment/pythonpath.dsv
[3.764s] -- Up-to-date: /home/user1/ros2_ws/install/more_interfaces/lib/python3.8/site-packages/more_interfaces/__init__.py
[3.900s] -- Up-to-date: /home/user1/ros2_ws/install/more_interfaces/lib/python3.8/site-packages/more_interfaces/msg
[3.901s] -- Up-to-date: /home/user1/ros2_ws/install/more_interfaces/lib/python3.8/site-packages/more_interfaces/msg/_address_book.py
[3.902s] -- Up-to-date: /home/user1/ros2_ws/install/more_interfaces/lib/python3.8/site-packages/more_interfaces/msg/_address_book_s.c
[3.903s] -- Up-to-date: /home/user1/ros2_ws/install/more_interfaces/lib/python3.8/site-packages/more_interfaces/msg/__init__.py
[3.906s] -- Up-to-date: /home/user1/ros2_ws/install/more_interfaces/lib/python3.8/site-packages/more_interfaces/more_interfaces_s__rosidl_typesupport_fastrtps_c.cpython-38-x86_64-linux-gnu.so
[3.912s] -- Up-to-date: /home/user1/ros2_ws/install/more_interfaces/lib/python3.8/site-packages/more_interfaces/more_interfaces_s__rosidl_typesupport_introspection_c.cpython-38-x86_64-linux-gnu.so
[3.917s] -- Up-to-date: /home/user1/ros2_ws/install/more_interfaces/lib/python3.8/site-packages/more_interfaces/more_interfaces_s__rosidl_typesupport_c.cpython-38-x86_64-linux-gnu.so
[3.922s] -- Up-to-date: /home/user1/ros2_ws/install/more_interfaces/lib/libmore_interfaces__python.so
[3.924s] -- Up-to-date: /home/user1/ros2_ws/install/more_interfaces/share/more_interfaces/msg/AddressBook.idl
[3.925s] -- Up-to-date: /home/user1/ros2_ws/install/more_interfaces/share/more_interfaces/msg/AddressBook.msg
[3.931s] -- Up-to-date: /home/user1/ros2_ws/install/more_interfaces/lib/more_interfaces/publish_address_book
[3.934s] -- Up-to-date: /home/user1/ros2_ws/install/more_interfaces/share/ament_index/resource_index/package_run_dependencies/more_interfaces
[3.936s] -- Up-to-date: /home/user1/ros2_ws/install/more_interfaces/share/ament_index/resource_index/parent_prefix_path/more_interfaces
[3.938s] -- Up-to-date: /home/user1/ros2_ws/install/more_interfaces/share/more_interfaces/environment/ament_prefix_path.sh
[3.940s] -- Up-to-date: /home/user1/ros2_ws/install/more_interfaces/share/more_interfaces/environment/ament_prefix_path.dsv
[3.941s] -- Up-to-date: /home/user1/ros2_ws/install/more_interfaces/share/more_interfaces/environment/path.sh
[3.942s] -- Up-to-date: /home/user1/ros2_ws/install/more_interfaces/share/more_interfaces/environment/path.dsv
[3.944s] -- Up-to-date: /home/user1/ros2_ws/install/more_interfaces/share/more_interfaces/local_setup.bash
[3.946s] -- Up-to-date: /home/user1/ros2_ws/install/more_interfaces/share/more_interfaces/local_setup.sh
[3.949s] -- Up-to-date: /home/user1/ros2_ws/install/more_interfaces/share/more_interfaces/local_setup.zsh
[3.950s] -- Up-to-date: /home/user1/ros2_ws/install/more_interfaces/share/more_interfaces/local_setup.dsv
[3.951s] -- Installing: /home/user1/ros2_ws/install/more_interfaces/share/more_interfaces/package.dsv
[3.954s] -- Up-to-date: /home/user1/ros2_ws/install/more_interfaces/share/ament_index/resource_index/packages/more_interfaces
[3.959s] -- Up-to-date: /home/user1/ros2_ws/install/more_interfaces/share/more_interfaces/cmake/more_interfaces__rosidl_generator_cExport.cmake
[3.959s] -- Up-to-date: /home/user1/ros2_ws/install/more_interfaces/share/more_interfaces/cmake/more_interfaces__rosidl_generator_cExport-noconfig.cmake
[3.962s] -- Up-to-date: /home/user1/ros2_ws/install/more_interfaces/share/more_interfaces/cmake/more_interfaces__rosidl_typesupport_introspection_cExport.cmake
[3.962s] -- Up-to-date: /home/user1/ros2_ws/install/more_interfaces/share/more_interfaces/cmake/more_interfaces__rosidl_typesupport_introspection_cExport-noconfig.cmake
[3.966s] -- Up-to-date: /home/user1/ros2_ws/install/more_interfaces/share/more_interfaces/cmake/more_interfaces__rosidl_typesupport_cExport.cmake
[3.968s] -- Up-to-date: /home/user1/ros2_ws/install/more_interfaces/share/more_interfaces/cmake/more_interfaces__rosidl_typesupport_cExport-noconfig.cmake
[3.971s] -- Up-to-date: /home/user1/ros2_ws/install/more_interfaces/share/more_interfaces/cmake/more_interfaces__rosidl_generator_cppExport.cmake
[3.973s] -- Up-to-date: /home/user1/ros2_ws/install/more_interfaces/share/more_interfaces/cmake/more_interfaces__rosidl_typesupport_introspection_cppExport.cmake
[3.974s] -- Up-to-date: /home/user1/ros2_ws/install/more_interfaces/share/more_interfaces/cmake/more_interfaces__rosidl_typesupport_introspection_cppExport-noconfig.cmake
[3.977s] -- Up-to-date: /home/user1/ros2_ws/install/more_interfaces/share/more_interfaces/cmake/more_interfaces__rosidl_typesupport_cppExport.cmake
[3.978s] -- Up-to-date: /home/user1/ros2_ws/install/more_interfaces/share/more_interfaces/cmake/more_interfaces__rosidl_typesupport_cppExport-noconfig.cmake
[3.979s] -- Up-to-date: /home/user1/ros2_ws/install/more_interfaces/share/more_interfaces/cmake/rosidl_cmake-extras.cmake
[3.980s] -- Up-to-date: /home/user1/ros2_ws/install/more_interfaces/share/more_interfaces/cmake/ament_cmake_export_dependencies-extras.cmake
[3.981s] -- Up-to-date: /home/user1/ros2_ws/install/more_interfaces/share/more_interfaces/cmake/ament_cmake_export_libraries-extras.cmake
[3.982s] -- Up-to-date: /home/user1/ros2_ws/install/more_interfaces/share/more_interfaces/cmake/ament_cmake_export_targets-extras.cmake
[3.983s] -- Up-to-date: /home/user1/ros2_ws/install/more_interfaces/share/more_interfaces/cmake/ament_cmake_export_include_directories-extras.cmake
[3.984s] -- Up-to-date: /home/user1/ros2_ws/install/more_interfaces/share/more_interfaces/cmake/rosidl_cmake_export_typesupport_libraries-extras.cmake
[3.984s] -- Up-to-date: /home/user1/ros2_ws/install/more_interfaces/share/more_interfaces/cmake/rosidl_cmake_export_typesupport_targets-extras.cmake
[3.985s] -- Up-to-date: /home/user1/ros2_ws/install/more_interfaces/share/more_interfaces/cmake/more_interfacesConfig.cmake
[3.985s] -- Up-to-date: /home/user1/ros2_ws/install/more_interfaces/share/more_interfaces/cmake/more_interfacesConfig-version.cmake
[3.986s] -- Up-to-date: /home/user1/ros2_ws/install/more_interfaces/share/more_interfaces/package.xml
[3.997s] Invoked command in '/home/user1/ros2_ws/build/more_interfaces' returned '0': CMAKE_PREFIX_PATH=${CMAKE_PREFIX_PATH}:/home/user1/ros2_ws/install/py_srvcli:/home/user1/ros2_ws/install/python_parameters:/home/user1/ros2_ws/install/py_pubsub:/home/user1/ros2_ws/install/my_package:/home/user1/ros2_ws/install/examples_rclpy_minimal_subscriber:/home/user1/ros2_ws/install/examples_rclpy_minimal_service:/home/user1/ros2_ws/install/examples_rclpy_minimal_publisher:/home/user1/ros2_ws/install/examples_rclpy_minimal_client:/home/user1/ros2_ws/install/examples_rclpy_minimal_action_server:/home/user1/ros2_ws/install/examples_rclpy_minimal_action_client:/home/user1/ros2_ws/install/examples_rclpy_executors:/opt/ros/foxy /usr/bin/cmake --install /home/user1/ros2_ws/build/more_interfaces
