[0.000000] (-) TimerEvent: {}
[0.001405] (-) JobUnselected: {'identifier': 'examples_rclcpp_minimal_action_client'}
[0.001874] (-) JobUnselected: {'identifier': 'examples_rclcpp_minimal_action_server'}
[0.001934] (-) JobUnselected: {'identifier': 'examples_rclcpp_minimal_client'}
[0.001981] (-) JobUnselected: {'identifier': 'examples_rclcpp_minimal_composition'}
[0.002026] (-) JobUnselected: {'identifier': 'examples_rclcpp_minimal_publisher'}
[0.002073] (-) JobUnselected: {'identifier': 'examples_rclcpp_minimal_service'}
[0.002140] (-) JobUnselected: {'identifier': 'examples_rclcpp_minimal_subscriber'}
[0.002160] (-) JobUnselected: {'identifier': 'examples_rclcpp_minimal_timer'}
[0.002179] (-) JobUnselected: {'identifier': 'examples_rclcpp_multithreaded_executor'}
[0.002197] (-) JobUnselected: {'identifier': 'examples_rclpy_executors'}
[0.002217] (-) JobUnselected: {'identifier': 'examples_rclpy_minimal_action_client'}
[0.002236] (-) JobUnselected: {'identifier': 'examples_rclpy_minimal_action_server'}
[0.002253] (-) JobUnselected: {'identifier': 'examples_rclpy_minimal_client'}
[0.002544] (-) JobUnselected: {'identifier': 'examples_rclpy_minimal_publisher'}
[0.002627] (-) JobUnselected: {'identifier': 'examples_rclpy_minimal_service'}
[0.002671] (-) JobUnselected: {'identifier': 'examples_rclpy_minimal_subscriber'}
[0.002711] (-) JobUnselected: {'identifier': 'turtlesim'}
[0.002760] (my_package) JobQueued: {'identifier': 'my_package', 'dependencies': OrderedDict()}
[0.002805] (my_package) JobStarted: {'identifier': 'my_package'}
[0.099488] (-) TimerEvent: {}
[0.200154] (-) TimerEvent: {}
[0.300687] (-) TimerEvent: {}
[0.401156] (-) TimerEvent: {}
[0.501696] (-) TimerEvent: {}
[0.602219] (-) TimerEvent: {}
[0.702782] (-) TimerEvent: {}
[0.803203] (-) TimerEvent: {}
[0.890354] (my_package) Command: {'cmd': ['/usr/bin/python3', '-W', 'ignore:setup.py install is deprecated', 'setup.py', 'egg_info', '--egg-base', '../../build/my_package', 'build', '--build-base', '/home/user1/ros2_ws/build/my_package/build', 'install', '--record', '/home/user1/ros2_ws/build/my_package/install.log', '--install-scripts', '$base/lib/my_package', '--single-version-externally-managed', 'install_data'], 'cwd': '/home/user1/ros2_ws/src/my_package', 'env': {'GJS_DEBUG_TOPICS': 'JS ERROR;JS LOG', 'USER': 'user1', 'SSH_AGENT_PID': '1160', 'XDG_SESSION_TYPE': 'x11', 'SHLVL': '1', 'LD_LIBRARY_PATH': '/home/user1/ros2_ws/install/turtlesim/lib:/home/user1/ros2_ws/install/examples_rclcpp_minimal_composition/lib:/opt/ros/foxy/opt/yaml_cpp_vendor/lib:/opt/ros/foxy/opt/rviz_ogre_vendor/lib:/opt/ros/foxy/lib/x86_64-linux-gnu:/opt/ros/foxy/lib', 'HOME': '/home/user1', 'OLDPWD': '/home/user1/ros2_ws/src', 'DESKTOP_SESSION': 'ubuntu', 'ROS_PYTHON_VERSION': '3', 'GNOME_SHELL_SESSION_MODE': 'ubuntu', 'GTK_MODULES': 'gail:atk-bridge', 'MANAGERPID': '950', 'DBUS_SESSION_BUS_ADDRESS': 'unix:path=/run/user/1000/bus', 'COLORTERM': 'truecolor', '_colcon_cd_root': '/opt/ros/foxy/', 'IM_CONFIG_PHASE': '1', 'COLCON_PREFIX_PATH': '/home/user1/ros2_ws/install', 'ROS_DISTRO': 'foxy', 'LOGNAME': 'user1', 'JOURNAL_STREAM': '8:44631', '_': '/usr/bin/colcon', 'ROS_VERSION': '2', 'XDG_SESSION_CLASS': 'user', 'USERNAME': 'user1', 'TERM': 'xterm-256color', 'GNOME_DESKTOP_SESSION_ID': 'this-is-deprecated', 'ROS_LOCALHOST_ONLY': '1', 'WINDOWPATH': '2', 'PATH': '/opt/ros/foxy/bin:/usr/local/sbin:/usr/local/bin:/usr/sbin:/usr/bin:/sbin:/bin:/usr/games:/usr/local/games:/snap/bin', 'SESSION_MANAGER': 'local/ubuntu:@/tmp/.ICE-unix/1195,unix/ubuntu:/tmp/.ICE-unix/1195', 'INVOCATION_ID': 'd5266f7609fc4b4f9de06cbe549e72f4', 'XDG_MENU_PREFIX': 'gnome-', 'GNOME_TERMINAL_SCREEN': '/org/gnome/Terminal/screen/0a261afa_83a7_4919_8a41_1de3f7755d2e', 'XDG_RUNTIME_DIR': '/run/user/1000', 'DISPLAY': ':0', 'LANG': 'en_US.UTF-8', 'XDG_CURRENT_DESKTOP': 'ubuntu:GNOME', 'XMODIFIERS': '@im=ibus', 'XDG_SESSION_DESKTOP': 'ubuntu', 'XAUTHORITY': '/run/user/1000/gdm/Xauthority', 'GNOME_TERMINAL_SERVICE': ':1.77', 'SSH_AUTH_SOCK': '/run/user/1000/keyring/ssh', 'ROS_DOMAIN_ID': '1', 'AMENT_PREFIX_PATH': '/home/user1/ros2_ws/install/turtlesim:/home/user1/ros2_ws/install/examples_rclpy_minimal_subscriber:/home/user1/ros2_ws/install/examples_rclpy_minimal_service:/home/user1/ros2_ws/install/examples_rclpy_minimal_publisher:/home/user1/ros2_ws/install/examples_rclpy_minimal_client:/home/user1/ros2_ws/install/examples_rclpy_minimal_action_server:/home/user1/ros2_ws/install/examples_rclpy_minimal_action_client:/home/user1/ros2_ws/install/examples_rclpy_executors:/home/user1/ros2_ws/install/examples_rclcpp_multithreaded_executor:/home/user1/ros2_ws/install/examples_rclcpp_minimal_timer:/home/user1/ros2_ws/install/examples_rclcpp_minimal_subscriber:/home/user1/ros2_ws/install/examples_rclcpp_minimal_service:/home/user1/ros2_ws/install/examples_rclcpp_minimal_publisher:/home/user1/ros2_ws/install/examples_rclcpp_minimal_composition:/home/user1/ros2_ws/install/examples_rclcpp_minimal_client:/home/user1/ros2_ws/install/examples_rclcpp_minimal_action_server:/home/user1/ros2_ws/install/examples_rclcpp_minimal_action_client:/opt/ros/foxy', 'SHELL': '/bin/bash', 'QT_ACCESSIBILITY': '1', 'GDMSESSION': 'ubuntu', 'GPG_AGENT_INFO': '/run/user/1000/gnupg/S.gpg-agent:0:1', 'GJS_DEBUG_OUTPUT': 'stderr', 'QT_IM_MODULE': 'ibus', 'PWD': '/home/user1/ros2_ws/build/my_package', 'LC_ALL': 'en_US.UTF-8', 'XDG_CONFIG_DIRS': '/etc/xdg/xdg-ubuntu:/etc/xdg', 'XDG_DATA_DIRS': '/usr/share/ubuntu:/usr/local/share/:/usr/share/:/var/lib/snapd/desktop', 'PYTHONPATH': '/home/user1/ros2_ws/build/my_package/prefix_override:/usr/lib/python3/dist-packages/colcon_core/task/python/colcon_distutils_commands:/home/user1/ros2_ws/install/my_package/lib/python3.8/site-packages:/home/user1/ros2_ws/install/turtlesim/lib/python3.8/site-packages:/home/user1/ros2_ws/install/examples_rclpy_minimal_subscriber/lib/python3.8/site-packages:/home/user1/ros2_ws/install/examples_rclpy_minimal_service/lib/python3.8/site-packages:/home/user1/ros2_ws/install/examples_rclpy_minimal_publisher/lib/python3.8/site-packages:/home/user1/ros2_ws/install/examples_rclpy_minimal_client/lib/python3.8/site-packages:/home/user1/ros2_ws/install/examples_rclpy_minimal_action_server/lib/python3.8/site-packages:/home/user1/ros2_ws/install/examples_rclpy_minimal_action_client/lib/python3.8/site-packages:/home/user1/ros2_ws/install/examples_rclpy_executors/lib/python3.8/site-packages:/opt/ros/foxy/lib/python3.8/site-packages', 'COLCON': '1', 'VTE_VERSION': '6003', 'CMAKE_PREFIX_PATH': '/home/user1/ros2_ws/install/turtlesim:/home/user1/ros2_ws/install/examples_rclcpp_multithreaded_executor:/home/user1/ros2_ws/install/examples_rclcpp_minimal_timer:/home/user1/ros2_ws/install/examples_rclcpp_minimal_subscriber:/home/user1/ros2_ws/install/examples_rclcpp_minimal_service:/home/user1/ros2_ws/install/examples_rclcpp_minimal_publisher:/home/user1/ros2_ws/install/examples_rclcpp_minimal_composition:/home/user1/ros2_ws/install/examples_rclcpp_minimal_client:/home/user1/ros2_ws/install/examples_rclcpp_minimal_action_server:/home/user1/ros2_ws/install/examples_rclcpp_minimal_action_client'}, 'shell': False}
[0.903391] (-) TimerEvent: {}
[1.003936] (-) TimerEvent: {}
[1.104410] (-) TimerEvent: {}
[1.172780] (my_package) StdoutLine: {'line': b'running egg_info\n'}
[1.173470] (my_package) StdoutLine: {'line': b'writing ../../build/my_package/my_package.egg-info/PKG-INFO\n'}
[1.174142] (my_package) StdoutLine: {'line': b'writing dependency_links to ../../build/my_package/my_package.egg-info/dependency_links.txt\n'}
[1.174481] (my_package) StdoutLine: {'line': b'writing entry points to ../../build/my_package/my_package.egg-info/entry_points.txt\n'}
[1.174749] (my_package) StdoutLine: {'line': b'writing requirements to ../../build/my_package/my_package.egg-info/requires.txt\n'}
[1.174999] (my_package) StdoutLine: {'line': b'writing top-level names to ../../build/my_package/my_package.egg-info/top_level.txt\n'}
[1.204945] (-) TimerEvent: {}
[1.224462] (my_package) StdoutLine: {'line': b"reading manifest file '../../build/my_package/my_package.egg-info/SOURCES.txt'\n"}
[1.225704] (my_package) StdoutLine: {'line': b"writing manifest file '../../build/my_package/my_package.egg-info/SOURCES.txt'\n"}
[1.226195] (my_package) StdoutLine: {'line': b'running build\n'}
[1.226346] (my_package) StdoutLine: {'line': b'running build_py\n'}
[1.226571] (my_package) StdoutLine: {'line': b'running install\n'}
[1.227838] (my_package) StdoutLine: {'line': b'running install_lib\n'}
[1.229996] (my_package) StdoutLine: {'line': b'running install_data\n'}
[1.230219] (my_package) StdoutLine: {'line': b'running install_egg_info\n'}
[1.233293] (my_package) StdoutLine: {'line': b"removing '/home/user1/ros2_ws/install/my_package/lib/python3.8/site-packages/my_package-0.0.0-py3.8.egg-info' (and everything under it)\n"}
[1.233550] (my_package) StdoutLine: {'line': b'Copying ../../build/my_package/my_package.egg-info to /home/user1/ros2_ws/install/my_package/lib/python3.8/site-packages/my_package-0.0.0-py3.8.egg-info\n'}
[1.235039] (my_package) StdoutLine: {'line': b'running install_scripts\n'}
[1.255202] (my_package) StdoutLine: {'line': b'Installing my_node script to /home/user1/ros2_ws/install/my_package/lib/my_package\n'}
[1.256006] (my_package) StdoutLine: {'line': b"writing list of installed files to '/home/user1/ros2_ws/build/my_package/install.log'\n"}
[1.294493] (my_package) CommandEnded: {'returncode': 0}
[1.307740] (-) TimerEvent: {}
[1.317365] (my_package) JobEnded: {'identifier': 'my_package', 'rc': 0}
[1.324217] (-) EventReactorShutdown: {}
