[1.347s] Invoking command in '/home/user1/ros2_ws/src/examples/rclpy/services/minimal_service': PYTHONPATH=/home/user1/ros2_ws/build/examples_rclpy_minimal_service/prefix_override:/usr/lib/python3/dist-packages/colcon_core/task/python/colcon_distutils_commands:/home/user1/ros2_ws/install/examples_rclpy_minimal_service/lib/python3.8/site-packages:${PYTHONPATH} /usr/bin/python3 -W ignore:setup.py install is deprecated setup.py egg_info --egg-base ../../../../../build/examples_rclpy_minimal_service build --build-base /home/user1/ros2_ws/build/examples_rclpy_minimal_service/build install --record /home/user1/ros2_ws/build/examples_rclpy_minimal_service/install.log --install-scripts $base/lib/examples_rclpy_minimal_service --single-version-externally-managed install_data
[1.770s] running egg_info
[1.772s] creating ../../../../../build/examples_rclpy_minimal_service/examples_rclpy_minimal_service.egg-info
[1.773s] writing ../../../../../build/examples_rclpy_minimal_service/examples_rclpy_minimal_service.egg-info/PKG-INFO
[1.773s] writing dependency_links to ../../../../../build/examples_rclpy_minimal_service/examples_rclpy_minimal_service.egg-info/dependency_links.txt
[1.774s] writing entry points to ../../../../../build/examples_rclpy_minimal_service/examples_rclpy_minimal_service.egg-info/entry_points.txt
[1.774s] writing requirements to ../../../../../build/examples_rclpy_minimal_service/examples_rclpy_minimal_service.egg-info/requires.txt
[1.774s] writing top-level names to ../../../../../build/examples_rclpy_minimal_service/examples_rclpy_minimal_service.egg-info/top_level.txt
[1.778s] writing manifest file '../../../../../build/examples_rclpy_minimal_service/examples_rclpy_minimal_service.egg-info/SOURCES.txt'
[1.863s] reading manifest file '../../../../../build/examples_rclpy_minimal_service/examples_rclpy_minimal_service.egg-info/SOURCES.txt'
[1.865s] writing manifest file '../../../../../build/examples_rclpy_minimal_service/examples_rclpy_minimal_service.egg-info/SOURCES.txt'
[1.866s] running build
[1.866s] running build_py
[1.867s] creating /home/user1/ros2_ws/build/examples_rclpy_minimal_service/build
[1.867s] creating /home/user1/ros2_ws/build/examples_rclpy_minimal_service/build/lib
[1.867s] creating /home/user1/ros2_ws/build/examples_rclpy_minimal_service/build/lib/examples_rclpy_minimal_service
[1.867s] copying examples_rclpy_minimal_service/service.py -> /home/user1/ros2_ws/build/examples_rclpy_minimal_service/build/lib/examples_rclpy_minimal_service
[1.867s] copying examples_rclpy_minimal_service/service_member_function.py -> /home/user1/ros2_ws/build/examples_rclpy_minimal_service/build/lib/examples_rclpy_minimal_service
[1.868s] copying examples_rclpy_minimal_service/__init__.py -> /home/user1/ros2_ws/build/examples_rclpy_minimal_service/build/lib/examples_rclpy_minimal_service
[1.868s] running install
[1.871s] running install_lib
[1.874s] creating /home/user1/ros2_ws/install/examples_rclpy_minimal_service/lib/python3.8/site-packages/examples_rclpy_minimal_service
[1.875s] copying /home/user1/ros2_ws/build/examples_rclpy_minimal_service/build/lib/examples_rclpy_minimal_service/service.py -> /home/user1/ros2_ws/install/examples_rclpy_minimal_service/lib/python3.8/site-packages/examples_rclpy_minimal_service
[1.876s] copying /home/user1/ros2_ws/build/examples_rclpy_minimal_service/build/lib/examples_rclpy_minimal_service/service_member_function.py -> /home/user1/ros2_ws/install/examples_rclpy_minimal_service/lib/python3.8/site-packages/examples_rclpy_minimal_service
[1.876s] copying /home/user1/ros2_ws/build/examples_rclpy_minimal_service/build/lib/examples_rclpy_minimal_service/__init__.py -> /home/user1/ros2_ws/install/examples_rclpy_minimal_service/lib/python3.8/site-packages/examples_rclpy_minimal_service
[1.877s] byte-compiling /home/user1/ros2_ws/install/examples_rclpy_minimal_service/lib/python3.8/site-packages/examples_rclpy_minimal_service/service.py to service.cpython-38.pyc
[1.881s] byte-compiling /home/user1/ros2_ws/install/examples_rclpy_minimal_service/lib/python3.8/site-packages/examples_rclpy_minimal_service/service_member_function.py to service_member_function.cpython-38.pyc
[1.881s] byte-compiling /home/user1/ros2_ws/install/examples_rclpy_minimal_service/lib/python3.8/site-packages/examples_rclpy_minimal_service/__init__.py to __init__.cpython-38.pyc
[1.882s] running install_data
[1.882s] creating /home/user1/ros2_ws/install/examples_rclpy_minimal_service/share/ament_index
[1.882s] creating /home/user1/ros2_ws/install/examples_rclpy_minimal_service/share/ament_index/resource_index
[1.882s] creating /home/user1/ros2_ws/install/examples_rclpy_minimal_service/share/ament_index/resource_index/packages
[1.883s] copying resource/examples_rclpy_minimal_service -> /home/user1/ros2_ws/install/examples_rclpy_minimal_service/share/ament_index/resource_index/packages
[1.883s] copying package.xml -> /home/user1/ros2_ws/install/examples_rclpy_minimal_service/share/examples_rclpy_minimal_service
[1.884s] running install_egg_info
[1.888s] Copying ../../../../../build/examples_rclpy_minimal_service/examples_rclpy_minimal_service.egg-info to /home/user1/ros2_ws/install/examples_rclpy_minimal_service/lib/python3.8/site-packages/examples_rclpy_minimal_service-0.9.4-py3.8.egg-info
[1.892s] running install_scripts
[1.939s] Installing service script to /home/user1/ros2_ws/install/examples_rclpy_minimal_service/lib/examples_rclpy_minimal_service
[1.939s] Installing service_member_function script to /home/user1/ros2_ws/install/examples_rclpy_minimal_service/lib/examples_rclpy_minimal_service
[1.941s] writing list of installed files to '/home/user1/ros2_ws/build/examples_rclpy_minimal_service/install.log'
[1.989s] Invoked command in '/home/user1/ros2_ws/src/examples/rclpy/services/minimal_service' returned '0': PYTHONPATH=/home/user1/ros2_ws/build/examples_rclpy_minimal_service/prefix_override:/usr/lib/python3/dist-packages/colcon_core/task/python/colcon_distutils_commands:/home/user1/ros2_ws/install/examples_rclpy_minimal_service/lib/python3.8/site-packages:${PYTHONPATH} /usr/bin/python3 -W ignore:setup.py install is deprecated setup.py egg_info --egg-base ../../../../../build/examples_rclpy_minimal_service build --build-base /home/user1/ros2_ws/build/examples_rclpy_minimal_service/build install --record /home/user1/ros2_ws/build/examples_rclpy_minimal_service/install.log --install-scripts $base/lib/examples_rclpy_minimal_service --single-version-externally-managed install_data
