[0.033s] Invoking command in '/home/user1/ros2_ws/build/examples_rclcpp_minimal_publisher': CMAKE_PREFIX_PATH=${CMAKE_PREFIX_PATH}:/home/user1/ros2_ws/install/examples_rclpy_minimal_subscriber:/home/user1/ros2_ws/install/examples_rclpy_minimal_service:/home/user1/ros2_ws/install/examples_rclpy_minimal_publisher:/home/user1/ros2_ws/install/examples_rclpy_minimal_client:/home/user1/ros2_ws/install/examples_rclpy_minimal_action_server:/home/user1/ros2_ws/install/examples_rclpy_minimal_action_client:/home/user1/ros2_ws/install/examples_rclpy_executors:/opt/ros/foxy /usr/bin/cmake --build /home/user1/ros2_ws/build/examples_rclcpp_minimal_publisher -- -j2 -l2
[0.177s] [ 33%] Built target publisher_member_function
[0.179s] [ 66%] Built target publisher_not_composable
[0.234s] [100%] Built target publisher_lambda
[0.283s] Invoked command in '/home/user1/ros2_ws/build/examples_rclcpp_minimal_publisher' returned '0': CMAKE_PREFIX_PATH=${CMAKE_PREFIX_PATH}:/home/user1/ros2_ws/install/examples_rclpy_minimal_subscriber:/home/user1/ros2_ws/install/examples_rclpy_minimal_service:/home/user1/ros2_ws/install/examples_rclpy_minimal_publisher:/home/user1/ros2_ws/install/examples_rclpy_minimal_client:/home/user1/ros2_ws/install/examples_rclpy_minimal_action_server:/home/user1/ros2_ws/install/examples_rclpy_minimal_action_client:/home/user1/ros2_ws/install/examples_rclpy_executors:/opt/ros/foxy /usr/bin/cmake --build /home/user1/ros2_ws/build/examples_rclcpp_minimal_publisher -- -j2 -l2
[0.382s] Invoking command in '/home/user1/ros2_ws/build/examples_rclcpp_minimal_publisher': CMAKE_PREFIX_PATH=${CMAKE_PREFIX_PATH}:/home/user1/ros2_ws/install/examples_rclpy_minimal_subscriber:/home/user1/ros2_ws/install/examples_rclpy_minimal_service:/home/user1/ros2_ws/install/examples_rclpy_minimal_publisher:/home/user1/ros2_ws/install/examples_rclpy_minimal_client:/home/user1/ros2_ws/install/examples_rclpy_minimal_action_server:/home/user1/ros2_ws/install/examples_rclpy_minimal_action_client:/home/user1/ros2_ws/install/examples_rclpy_executors:/opt/ros/foxy /usr/bin/cmake --install /home/user1/ros2_ws/build/examples_rclcpp_minimal_publisher
[0.396s] -- Install configuration: ""
[0.397s] -- Execute custom install script
[0.399s] -- Up-to-date symlink: /home/user1/ros2_ws/install/examples_rclcpp_minimal_publisher/lib/examples_rclcpp_minimal_publisher/publisher_lambda
[0.400s] -- Up-to-date symlink: /home/user1/ros2_ws/install/examples_rclcpp_minimal_publisher/lib/examples_rclcpp_minimal_publisher/publisher_member_function
[0.401s] -- Up-to-date symlink: /home/user1/ros2_ws/install/examples_rclcpp_minimal_publisher/lib/examples_rclcpp_minimal_publisher/publisher_not_composable
[0.403s] -- Up-to-date symlink: /home/user1/ros2_ws/install/examples_rclcpp_minimal_publisher/share/ament_index/resource_index/package_run_dependencies/examples_rclcpp_minimal_publisher
[0.403s] -- Up-to-date symlink: /home/user1/ros2_ws/install/examples_rclcpp_minimal_publisher/share/ament_index/resource_index/parent_prefix_path/examples_rclcpp_minimal_publisher
[0.404s] -- Up-to-date symlink: /home/user1/ros2_ws/install/examples_rclcpp_minimal_publisher/share/examples_rclcpp_minimal_publisher/environment/ament_prefix_path.sh
[0.404s] -- Up-to-date symlink: /home/user1/ros2_ws/install/examples_rclcpp_minimal_publisher/share/examples_rclcpp_minimal_publisher/environment/ament_prefix_path.dsv
[0.405s] -- Up-to-date symlink: /home/user1/ros2_ws/install/examples_rclcpp_minimal_publisher/share/examples_rclcpp_minimal_publisher/environment/path.sh
[0.405s] -- Up-to-date symlink: /home/user1/ros2_ws/install/examples_rclcpp_minimal_publisher/share/examples_rclcpp_minimal_publisher/environment/path.dsv
[0.406s] -- Up-to-date symlink: /home/user1/ros2_ws/install/examples_rclcpp_minimal_publisher/share/examples_rclcpp_minimal_publisher/local_setup.bash
[0.406s] -- Up-to-date symlink: /home/user1/ros2_ws/install/examples_rclcpp_minimal_publisher/share/examples_rclcpp_minimal_publisher/local_setup.sh
[0.407s] -- Up-to-date symlink: /home/user1/ros2_ws/install/examples_rclcpp_minimal_publisher/share/examples_rclcpp_minimal_publisher/local_setup.zsh
[0.407s] -- Up-to-date symlink: /home/user1/ros2_ws/install/examples_rclcpp_minimal_publisher/share/examples_rclcpp_minimal_publisher/local_setup.dsv
[0.407s] -- Symlinking: /home/user1/ros2_ws/install/examples_rclcpp_minimal_publisher/share/examples_rclcpp_minimal_publisher/package.dsv
[0.441s] -- Up-to-date symlink: /home/user1/ros2_ws/install/examples_rclcpp_minimal_publisher/share/ament_index/resource_index/packages/examples_rclcpp_minimal_publisher
[0.443s] -- Up-to-date symlink: /home/user1/ros2_ws/install/examples_rclcpp_minimal_publisher/share/examples_rclcpp_minimal_publisher/cmake/examples_rclcpp_minimal_publisherConfig.cmake
[0.445s] -- Up-to-date symlink: /home/user1/ros2_ws/install/examples_rclcpp_minimal_publisher/share/examples_rclcpp_minimal_publisher/cmake/examples_rclcpp_minimal_publisherConfig-version.cmake
[0.448s] -- Up-to-date symlink: /home/user1/ros2_ws/install/examples_rclcpp_minimal_publisher/share/examples_rclcpp_minimal_publisher/package.xml
[0.453s] Invoked command in '/home/user1/ros2_ws/build/examples_rclcpp_minimal_publisher' returned '0': CMAKE_PREFIX_PATH=${CMAKE_PREFIX_PATH}:/home/user1/ros2_ws/install/examples_rclpy_minimal_subscriber:/home/user1/ros2_ws/install/examples_rclpy_minimal_service:/home/user1/ros2_ws/install/examples_rclpy_minimal_publisher:/home/user1/ros2_ws/install/examples_rclpy_minimal_client:/home/user1/ros2_ws/install/examples_rclpy_minimal_action_server:/home/user1/ros2_ws/install/examples_rclpy_minimal_action_client:/home/user1/ros2_ws/install/examples_rclpy_executors:/opt/ros/foxy /usr/bin/cmake --install /home/user1/ros2_ws/build/examples_rclcpp_minimal_publisher
