[2.393s] Invoking command in '/home/user1/ros2_ws/src/python_parameters': PYTHONPATH=/home/user1/ros2_ws/build/python_parameters/prefix_override:/usr/lib/python3/dist-packages/colcon_core/task/python/colcon_distutils_commands:/home/user1/ros2_ws/install/python_parameters/lib/python3.8/site-packages:${PYTHONPATH} /usr/bin/python3 -W ignore:setup.py install is deprecated setup.py egg_info --egg-base ../../build/python_parameters build --build-base /home/user1/ros2_ws/build/python_parameters/build install --record /home/user1/ros2_ws/build/python_parameters/install.log --install-scripts $base/lib/python_parameters --single-version-externally-managed install_data
[3.501s] running egg_info
[3.503s] writing ../../build/python_parameters/python_parameters.egg-info/PKG-INFO
[3.506s] writing dependency_links to ../../build/python_parameters/python_parameters.egg-info/dependency_links.txt
[3.507s] writing entry points to ../../build/python_parameters/python_parameters.egg-info/entry_points.txt
[3.510s] writing requirements to ../../build/python_parameters/python_parameters.egg-info/requires.txt
[3.511s] writing top-level names to ../../build/python_parameters/python_parameters.egg-info/top_level.txt
[3.589s] reading manifest file '../../build/python_parameters/python_parameters.egg-info/SOURCES.txt'
[3.594s] writing manifest file '../../build/python_parameters/python_parameters.egg-info/SOURCES.txt'
[3.594s] running build
[3.595s] running build_py
[3.597s] running install
[3.600s] running install_lib
[3.612s] running install_data
[3.615s] running install_egg_info
[3.624s] removing '/home/user1/ros2_ws/install/python_parameters/lib/python3.8/site-packages/python_parameters-0.0.0-py3.8.egg-info' (and everything under it)
[3.627s] Copying ../../build/python_parameters/python_parameters.egg-info to /home/user1/ros2_ws/install/python_parameters/lib/python3.8/site-packages/python_parameters-0.0.0-py3.8.egg-info
[3.636s] running install_scripts
[3.702s] Installing minimal_param_node script to /home/user1/ros2_ws/install/python_parameters/lib/python_parameters
[3.708s] writing list of installed files to '/home/user1/ros2_ws/build/python_parameters/install.log'
[3.752s] Invoked command in '/home/user1/ros2_ws/src/python_parameters' returned '0': PYTHONPATH=/home/user1/ros2_ws/build/python_parameters/prefix_override:/usr/lib/python3/dist-packages/colcon_core/task/python/colcon_distutils_commands:/home/user1/ros2_ws/install/python_parameters/lib/python3.8/site-packages:${PYTHONPATH} /usr/bin/python3 -W ignore:setup.py install is deprecated setup.py egg_info --egg-base ../../build/python_parameters build --build-base /home/user1/ros2_ws/build/python_parameters/build install --record /home/user1/ros2_ws/build/python_parameters/install.log --install-scripts $base/lib/python_parameters --single-version-externally-managed install_data
