[1.622s] Invoking command in '/home/user1/ros2_ws/src/examples/rclpy/services/minimal_client': PYTHONPATH=/home/user1/ros2_ws/build/examples_rclpy_minimal_client/prefix_override:/usr/lib/python3/dist-packages/colcon_core/task/python/colcon_distutils_commands:/home/user1/ros2_ws/install/examples_rclpy_minimal_client/lib/python3.8/site-packages:${PYTHONPATH} /usr/bin/python3 -W ignore:setup.py install is deprecated setup.py egg_info --egg-base ../../../../../build/examples_rclpy_minimal_client build --build-base /home/user1/ros2_ws/build/examples_rclpy_minimal_client/build install --record /home/user1/ros2_ws/build/examples_rclpy_minimal_client/install.log --install-scripts $base/lib/examples_rclpy_minimal_client --single-version-externally-managed install_data
[1.978s] running egg_info
[1.979s] creating ../../../../../build/examples_rclpy_minimal_client/examples_rclpy_minimal_client.egg-info
[1.979s] writing ../../../../../build/examples_rclpy_minimal_client/examples_rclpy_minimal_client.egg-info/PKG-INFO
[1.980s] writing dependency_links to ../../../../../build/examples_rclpy_minimal_client/examples_rclpy_minimal_client.egg-info/dependency_links.txt
[1.980s] writing entry points to ../../../../../build/examples_rclpy_minimal_client/examples_rclpy_minimal_client.egg-info/entry_points.txt
[1.980s] writing requirements to ../../../../../build/examples_rclpy_minimal_client/examples_rclpy_minimal_client.egg-info/requires.txt
[1.980s] writing top-level names to ../../../../../build/examples_rclpy_minimal_client/examples_rclpy_minimal_client.egg-info/top_level.txt
[1.982s] writing manifest file '../../../../../build/examples_rclpy_minimal_client/examples_rclpy_minimal_client.egg-info/SOURCES.txt'
[2.029s] reading manifest file '../../../../../build/examples_rclpy_minimal_client/examples_rclpy_minimal_client.egg-info/SOURCES.txt'
[2.030s] writing manifest file '../../../../../build/examples_rclpy_minimal_client/examples_rclpy_minimal_client.egg-info/SOURCES.txt'
[2.031s] running build
[2.031s] running build_py
[2.031s] creating /home/user1/ros2_ws/build/examples_rclpy_minimal_client/build
[2.031s] creating /home/user1/ros2_ws/build/examples_rclpy_minimal_client/build/lib
[2.032s] creating /home/user1/ros2_ws/build/examples_rclpy_minimal_client/build/lib/examples_rclpy_minimal_client
[2.032s] copying examples_rclpy_minimal_client/client.py -> /home/user1/ros2_ws/build/examples_rclpy_minimal_client/build/lib/examples_rclpy_minimal_client
[2.032s] copying examples_rclpy_minimal_client/client_async_callback.py -> /home/user1/ros2_ws/build/examples_rclpy_minimal_client/build/lib/examples_rclpy_minimal_client
[2.032s] copying examples_rclpy_minimal_client/client_async.py -> /home/user1/ros2_ws/build/examples_rclpy_minimal_client/build/lib/examples_rclpy_minimal_client
[2.032s] copying examples_rclpy_minimal_client/client_async_member_function.py -> /home/user1/ros2_ws/build/examples_rclpy_minimal_client/build/lib/examples_rclpy_minimal_client
[2.032s] copying examples_rclpy_minimal_client/__init__.py -> /home/user1/ros2_ws/build/examples_rclpy_minimal_client/build/lib/examples_rclpy_minimal_client
[2.032s] running install
[2.033s] running install_lib
[2.035s] creating /home/user1/ros2_ws/install/examples_rclpy_minimal_client/lib/python3.8/site-packages/examples_rclpy_minimal_client
[2.035s] copying /home/user1/ros2_ws/build/examples_rclpy_minimal_client/build/lib/examples_rclpy_minimal_client/client.py -> /home/user1/ros2_ws/install/examples_rclpy_minimal_client/lib/python3.8/site-packages/examples_rclpy_minimal_client
[2.035s] copying /home/user1/ros2_ws/build/examples_rclpy_minimal_client/build/lib/examples_rclpy_minimal_client/client_async_callback.py -> /home/user1/ros2_ws/install/examples_rclpy_minimal_client/lib/python3.8/site-packages/examples_rclpy_minimal_client
[2.035s] copying /home/user1/ros2_ws/build/examples_rclpy_minimal_client/build/lib/examples_rclpy_minimal_client/client_async.py -> /home/user1/ros2_ws/install/examples_rclpy_minimal_client/lib/python3.8/site-packages/examples_rclpy_minimal_client
[2.035s] copying /home/user1/ros2_ws/build/examples_rclpy_minimal_client/build/lib/examples_rclpy_minimal_client/client_async_member_function.py -> /home/user1/ros2_ws/install/examples_rclpy_minimal_client/lib/python3.8/site-packages/examples_rclpy_minimal_client
[2.035s] copying /home/user1/ros2_ws/build/examples_rclpy_minimal_client/build/lib/examples_rclpy_minimal_client/__init__.py -> /home/user1/ros2_ws/install/examples_rclpy_minimal_client/lib/python3.8/site-packages/examples_rclpy_minimal_client
[2.036s] byte-compiling /home/user1/ros2_ws/install/examples_rclpy_minimal_client/lib/python3.8/site-packages/examples_rclpy_minimal_client/client.py to client.cpython-38.pyc
[2.037s] byte-compiling /home/user1/ros2_ws/install/examples_rclpy_minimal_client/lib/python3.8/site-packages/examples_rclpy_minimal_client/client_async_callback.py to client_async_callback.cpython-38.pyc
[2.038s] byte-compiling /home/user1/ros2_ws/install/examples_rclpy_minimal_client/lib/python3.8/site-packages/examples_rclpy_minimal_client/client_async.py to client_async.cpython-38.pyc
[2.038s] byte-compiling /home/user1/ros2_ws/install/examples_rclpy_minimal_client/lib/python3.8/site-packages/examples_rclpy_minimal_client/client_async_member_function.py to client_async_member_function.cpython-38.pyc
[2.039s] byte-compiling /home/user1/ros2_ws/install/examples_rclpy_minimal_client/lib/python3.8/site-packages/examples_rclpy_minimal_client/__init__.py to __init__.cpython-38.pyc
[2.039s] running install_data
[2.040s] creating /home/user1/ros2_ws/install/examples_rclpy_minimal_client/share/ament_index
[2.040s] creating /home/user1/ros2_ws/install/examples_rclpy_minimal_client/share/ament_index/resource_index
[2.040s] creating /home/user1/ros2_ws/install/examples_rclpy_minimal_client/share/ament_index/resource_index/packages
[2.040s] copying resource/examples_rclpy_minimal_client -> /home/user1/ros2_ws/install/examples_rclpy_minimal_client/share/ament_index/resource_index/packages
[2.041s] copying package.xml -> /home/user1/ros2_ws/install/examples_rclpy_minimal_client/share/examples_rclpy_minimal_client
[2.041s] running install_egg_info
[2.045s] Copying ../../../../../build/examples_rclpy_minimal_client/examples_rclpy_minimal_client.egg-info to /home/user1/ros2_ws/install/examples_rclpy_minimal_client/lib/python3.8/site-packages/examples_rclpy_minimal_client-0.9.4-py3.8.egg-info
[2.046s] running install_scripts
[2.087s] Installing client script to /home/user1/ros2_ws/install/examples_rclpy_minimal_client/lib/examples_rclpy_minimal_client
[2.087s] Installing client_async script to /home/user1/ros2_ws/install/examples_rclpy_minimal_client/lib/examples_rclpy_minimal_client
[2.087s] Installing client_async_callback script to /home/user1/ros2_ws/install/examples_rclpy_minimal_client/lib/examples_rclpy_minimal_client
[2.087s] Installing client_async_member_function script to /home/user1/ros2_ws/install/examples_rclpy_minimal_client/lib/examples_rclpy_minimal_client
[2.088s] writing list of installed files to '/home/user1/ros2_ws/build/examples_rclpy_minimal_client/install.log'
[2.119s] Invoked command in '/home/user1/ros2_ws/src/examples/rclpy/services/minimal_client' returned '0': PYTHONPATH=/home/user1/ros2_ws/build/examples_rclpy_minimal_client/prefix_override:/usr/lib/python3/dist-packages/colcon_core/task/python/colcon_distutils_commands:/home/user1/ros2_ws/install/examples_rclpy_minimal_client/lib/python3.8/site-packages:${PYTHONPATH} /usr/bin/python3 -W ignore:setup.py install is deprecated setup.py egg_info --egg-base ../../../../../build/examples_rclpy_minimal_client build --build-base /home/user1/ros2_ws/build/examples_rclpy_minimal_client/build install --record /home/user1/ros2_ws/build/examples_rclpy_minimal_client/install.log --install-scripts $base/lib/examples_rclpy_minimal_client --single-version-externally-managed install_data
