[1.196s] Invoking command in '/home/user1/ros2_ws/src/my_package': PYTHONPATH=/home/user1/ros2_ws/build/my_package/prefix_override:/usr/lib/python3/dist-packages/colcon_core/task/python/colcon_distutils_commands:/home/user1/ros2_ws/install/my_package/lib/python3.8/site-packages:${PYTHONPATH} /usr/bin/python3 -W ignore:setup.py install is deprecated setup.py egg_info --egg-base ../../build/my_package build --build-base /home/user1/ros2_ws/build/my_package/build install --record /home/user1/ros2_ws/build/my_package/install.log --install-scripts $base/lib/my_package --single-version-externally-managed install_data
[1.595s] running egg_info
[1.597s] creating ../../build/my_package/my_package.egg-info
[1.597s] writing ../../build/my_package/my_package.egg-info/PKG-INFO
[1.598s] writing dependency_links to ../../build/my_package/my_package.egg-info/dependency_links.txt
[1.598s] writing entry points to ../../build/my_package/my_package.egg-info/entry_points.txt
[1.599s] writing requirements to ../../build/my_package/my_package.egg-info/requires.txt
[1.599s] writing top-level names to ../../build/my_package/my_package.egg-info/top_level.txt
[1.601s] writing manifest file '../../build/my_package/my_package.egg-info/SOURCES.txt'
[1.661s] reading manifest file '../../build/my_package/my_package.egg-info/SOURCES.txt'
[1.662s] writing manifest file '../../build/my_package/my_package.egg-info/SOURCES.txt'
[1.663s] running build
[1.663s] running build_py
[1.663s] creating /home/user1/ros2_ws/build/my_package/build
[1.663s] creating /home/user1/ros2_ws/build/my_package/build/lib
[1.663s] creating /home/user1/ros2_ws/build/my_package/build/lib/my_package
[1.664s] copying my_package/my_node.py -> /home/user1/ros2_ws/build/my_package/build/lib/my_package
[1.664s] copying my_package/__init__.py -> /home/user1/ros2_ws/build/my_package/build/lib/my_package
[1.664s] running install
[1.665s] running install_lib
[1.667s] creating /home/user1/ros2_ws/install/my_package/lib/python3.8/site-packages/my_package
[1.667s] copying /home/user1/ros2_ws/build/my_package/build/lib/my_package/my_node.py -> /home/user1/ros2_ws/install/my_package/lib/python3.8/site-packages/my_package
[1.667s] copying /home/user1/ros2_ws/build/my_package/build/lib/my_package/__init__.py -> /home/user1/ros2_ws/install/my_package/lib/python3.8/site-packages/my_package
[1.668s] byte-compiling /home/user1/ros2_ws/install/my_package/lib/python3.8/site-packages/my_package/my_node.py to my_node.cpython-38.pyc
[1.669s] byte-compiling /home/user1/ros2_ws/install/my_package/lib/python3.8/site-packages/my_package/__init__.py to __init__.cpython-38.pyc
[1.669s] running install_data
[1.670s] creating /home/user1/ros2_ws/install/my_package/share/ament_index
[1.670s] creating /home/user1/ros2_ws/install/my_package/share/ament_index/resource_index
[1.670s] creating /home/user1/ros2_ws/install/my_package/share/ament_index/resource_index/packages
[1.670s] copying resource/my_package -> /home/user1/ros2_ws/install/my_package/share/ament_index/resource_index/packages
[1.670s] copying package.xml -> /home/user1/ros2_ws/install/my_package/share/my_package
[1.670s] running install_egg_info
[1.673s] Copying ../../build/my_package/my_package.egg-info to /home/user1/ros2_ws/install/my_package/lib/python3.8/site-packages/my_package-0.0.0-py3.8.egg-info
[1.674s] running install_scripts
[1.692s] Installing my_node script to /home/user1/ros2_ws/install/my_package/lib/my_package
[1.692s] writing list of installed files to '/home/user1/ros2_ws/build/my_package/install.log'
[1.730s] Invoked command in '/home/user1/ros2_ws/src/my_package' returned '0': PYTHONPATH=/home/user1/ros2_ws/build/my_package/prefix_override:/usr/lib/python3/dist-packages/colcon_core/task/python/colcon_distutils_commands:/home/user1/ros2_ws/install/my_package/lib/python3.8/site-packages:${PYTHONPATH} /usr/bin/python3 -W ignore:setup.py install is deprecated setup.py egg_info --egg-base ../../build/my_package build --build-base /home/user1/ros2_ws/build/my_package/build install --record /home/user1/ros2_ws/build/my_package/install.log --install-scripts $base/lib/my_package --single-version-externally-managed install_data
