[1.184s] Invoking command in '/home/user1/ros2_ws/src/examples/rclpy/services/minimal_client': PYTHONPATH=/home/user1/ros2_ws/build/examples_rclpy_minimal_client/prefix_override:/usr/lib/python3/dist-packages/colcon_core/task/python/colcon_distutils_commands:/home/user1/ros2_ws/install/examples_rclpy_minimal_client/lib/python3.8/site-packages:${PYTHONPATH} /usr/bin/python3 -W ignore:setup.py install is deprecated setup.py egg_info --egg-base ../../../../../build/examples_rclpy_minimal_client build --build-base /home/user1/ros2_ws/build/examples_rclpy_minimal_client/build install --record /home/user1/ros2_ws/build/examples_rclpy_minimal_client/install.log --install-scripts $base/lib/examples_rclpy_minimal_client --single-version-externally-managed install_data
[1.543s] running egg_info
[1.544s] writing ../../../../../build/examples_rclpy_minimal_client/examples_rclpy_minimal_client.egg-info/PKG-INFO
[1.545s] writing dependency_links to ../../../../../build/examples_rclpy_minimal_client/examples_rclpy_minimal_client.egg-info/dependency_links.txt
[1.546s] writing entry points to ../../../../../build/examples_rclpy_minimal_client/examples_rclpy_minimal_client.egg-info/entry_points.txt
[1.546s] writing requirements to ../../../../../build/examples_rclpy_minimal_client/examples_rclpy_minimal_client.egg-info/requires.txt
[1.547s] writing top-level names to ../../../../../build/examples_rclpy_minimal_client/examples_rclpy_minimal_client.egg-info/top_level.txt
[1.601s] reading manifest file '../../../../../build/examples_rclpy_minimal_client/examples_rclpy_minimal_client.egg-info/SOURCES.txt'
[1.603s] writing manifest file '../../../../../build/examples_rclpy_minimal_client/examples_rclpy_minimal_client.egg-info/SOURCES.txt'
[1.603s] running build
[1.604s] running build_py
[1.604s] running install
[1.606s] running install_lib
[1.608s] running install_data
[1.609s] running install_egg_info
[1.611s] removing '/home/user1/ros2_ws/install/examples_rclpy_minimal_client/lib/python3.8/site-packages/examples_rclpy_minimal_client-0.9.4-py3.8.egg-info' (and everything under it)
[1.612s] Copying ../../../../../build/examples_rclpy_minimal_client/examples_rclpy_minimal_client.egg-info to /home/user1/ros2_ws/install/examples_rclpy_minimal_client/lib/python3.8/site-packages/examples_rclpy_minimal_client-0.9.4-py3.8.egg-info
[1.614s] running install_scripts
[1.648s] Installing client script to /home/user1/ros2_ws/install/examples_rclpy_minimal_client/lib/examples_rclpy_minimal_client
[1.649s] Installing client_async script to /home/user1/ros2_ws/install/examples_rclpy_minimal_client/lib/examples_rclpy_minimal_client
[1.649s] Installing client_async_callback script to /home/user1/ros2_ws/install/examples_rclpy_minimal_client/lib/examples_rclpy_minimal_client
[1.649s] Installing client_async_member_function script to /home/user1/ros2_ws/install/examples_rclpy_minimal_client/lib/examples_rclpy_minimal_client
[1.650s] writing list of installed files to '/home/user1/ros2_ws/build/examples_rclpy_minimal_client/install.log'
[1.675s] Invoked command in '/home/user1/ros2_ws/src/examples/rclpy/services/minimal_client' returned '0': PYTHONPATH=/home/user1/ros2_ws/build/examples_rclpy_minimal_client/prefix_override:/usr/lib/python3/dist-packages/colcon_core/task/python/colcon_distutils_commands:/home/user1/ros2_ws/install/examples_rclpy_minimal_client/lib/python3.8/site-packages:${PYTHONPATH} /usr/bin/python3 -W ignore:setup.py install is deprecated setup.py egg_info --egg-base ../../../../../build/examples_rclpy_minimal_client build --build-base /home/user1/ros2_ws/build/examples_rclpy_minimal_client/build install --record /home/user1/ros2_ws/build/examples_rclpy_minimal_client/install.log --install-scripts $base/lib/examples_rclpy_minimal_client --single-version-externally-managed install_data
