[0.053s] Invoking command in '/home/user1/ros2_ws/build/turtlesim': CMAKE_PREFIX_PATH=${CMAKE_PREFIX_PATH}:/home/user1/install/py_srvcli:/home/user1/install/py_pubsub:/home/user1/install/my_package:/home/user1/install/examples_rclpy_minimal_subscriber:/home/user1/install/examples_rclpy_minimal_service:/home/user1/install/examples_rclpy_minimal_publisher:/home/user1/install/examples_rclpy_minimal_client:/home/user1/install/examples_rclpy_minimal_action_server:/home/user1/install/examples_rclpy_minimal_action_client:/home/user1/install/examples_rclpy_executors:/opt/ros/foxy /usr/bin/cmake /home/user1/ros2_ws/src/ros_tutorials/turtlesim -DCMAKE_INSTALL_PREFIX=/home/user1/ros2_ws/install/turtlesim
[0.274s] -- The C compiler identification is GNU 9.4.0
[0.404s] -- The CXX compiler identification is GNU 9.4.0
[0.420s] -- Check for working C compiler: /usr/bin/cc
[0.621s] -- Check for working C compiler: /usr/bin/cc -- works
[0.623s] -- Detecting C compiler ABI info
[0.751s] -- Detecting C compiler ABI info - done
[0.768s] -- Detecting C compile features
[0.768s] -- Detecting C compile features - done
[0.770s] -- Check for working CXX compiler: /usr/bin/c++
[0.964s] -- Check for working CXX compiler: /usr/bin/c++ -- works
[0.965s] -- Detecting CXX compiler ABI info
[1.112s] -- Detecting CXX compiler ABI info - done
[1.124s] -- Detecting CXX compile features
[1.125s] -- Detecting CXX compile features - done
[1.130s] -- Found ament_cmake: 0.9.12 (/opt/ros/foxy/share/ament_cmake/cmake)
[1.171s] -- Found PythonInterp: /usr/bin/python3 (found suitable version "3.8.10", minimum required is "3") 
[1.172s] -- Using PYTHON_EXECUTABLE: /usr/bin/python3
[1.626s] -- Found ament_index_cpp: 1.1.0 (/opt/ros/foxy/share/ament_index_cpp/cmake)
[1.634s] -- Found geometry_msgs: 2.0.5 (/opt/ros/foxy/share/geometry_msgs/cmake)
[1.686s] -- Using all available rosidl_typesupport_c: rosidl_typesupport_fastrtps_c;rosidl_typesupport_introspection_c
[1.705s] -- Found rosidl_adapter: 1.3.1 (/opt/ros/foxy/share/rosidl_adapter/cmake)
[1.907s] -- Found OpenSSL: /usr/lib/x86_64-linux-gnu/libcrypto.so (found version "1.1.1f")  
[1.996s] -- Found FastRTPS: /opt/ros/foxy/include  
[2.191s] -- Using all available rosidl_typesupport_cpp: rosidl_typesupport_fastrtps_cpp;rosidl_typesupport_introspection_cpp
[2.331s] -- Found rclcpp: 2.4.3 (/opt/ros/foxy/share/rclcpp/cmake)
[2.418s] -- Found rmw_implementation_cmake: 1.0.4 (/opt/ros/foxy/share/rmw_implementation_cmake/cmake)
[2.427s] -- Using RMW implementation 'rmw_fastrtps_cpp' as default
[2.430s] -- Looking for pthread.h
[2.677s] -- Looking for pthread.h - found
[2.678s] -- Performing Test CMAKE_HAVE_LIBC_PTHREAD
[2.848s] -- Performing Test CMAKE_HAVE_LIBC_PTHREAD - Failed
[2.849s] -- Looking for pthread_create in pthreads
[2.950s] -- Looking for pthread_create in pthreads - not found
[2.950s] -- Looking for pthread_create in pthread
[3.109s] -- Looking for pthread_create in pthread - found
[3.113s] -- Found Threads: TRUE  
[3.508s] -- Found rclcpp_action: 2.4.3 (/opt/ros/foxy/share/rclcpp_action/cmake)
[3.776s] -- Found rosidl_default_generators: 1.0.1 (/opt/ros/foxy/share/rosidl_default_generators/cmake)
[3.832s] -- Found std_srvs: 2.0.5 (/opt/ros/foxy/share/std_srvs/cmake)
[3.933s] -- Found PythonInterp: /usr/bin/python3 (found version "3.8.10") 
[4.314s] -- Found ament_cmake_ros: 0.9.2 (/opt/ros/foxy/share/ament_cmake_ros/cmake)
[4.712s] -- Using all available rosidl_typesupport_c: rosidl_typesupport_fastrtps_c;rosidl_typesupport_introspection_c
[4.813s] -- Using all available rosidl_typesupport_cpp: rosidl_typesupport_fastrtps_cpp;rosidl_typesupport_introspection_cpp
[4.904s] -- Found PythonInterp: /usr/bin/python3 (found suitable version "3.8.10", minimum required is "3.5") 
[4.913s] -- Found python_cmake_module: 0.8.1 (/opt/ros/foxy/share/python_cmake_module/cmake)
[4.970s] -- Found PythonLibs: /usr/lib/x86_64-linux-gnu/libpython3.8.so (found suitable version "3.8.10", minimum required is "3.5") 
[4.970s] -- Using PYTHON_EXECUTABLE: /usr/bin/python3
[4.971s] -- Using PYTHON_INCLUDE_DIRS: /usr/include/python3.8
[4.971s] -- Using PYTHON_LIBRARIES: /usr/lib/x86_64-linux-gnu/libpython3.8.so
[5.016s] -- Found PythonExtra: .so  
[5.226s] -- Configuring done
[5.479s] -- Generating done
[5.489s] -- Build files have been written to: /home/user1/ros2_ws/build/turtlesim
[5.511s] Invoked command in '/home/user1/ros2_ws/build/turtlesim' returned '0': CMAKE_PREFIX_PATH=${CMAKE_PREFIX_PATH}:/home/user1/install/py_srvcli:/home/user1/install/py_pubsub:/home/user1/install/my_package:/home/user1/install/examples_rclpy_minimal_subscriber:/home/user1/install/examples_rclpy_minimal_service:/home/user1/install/examples_rclpy_minimal_publisher:/home/user1/install/examples_rclpy_minimal_client:/home/user1/install/examples_rclpy_minimal_action_server:/home/user1/install/examples_rclpy_minimal_action_client:/home/user1/install/examples_rclpy_executors:/opt/ros/foxy /usr/bin/cmake /home/user1/ros2_ws/src/ros_tutorials/turtlesim -DCMAKE_INSTALL_PREFIX=/home/user1/ros2_ws/install/turtlesim
[5.515s] Invoking command in '/home/user1/ros2_ws/build/turtlesim': CMAKE_PREFIX_PATH=${CMAKE_PREFIX_PATH}:/home/user1/install/py_srvcli:/home/user1/install/py_pubsub:/home/user1/install/my_package:/home/user1/install/examples_rclpy_minimal_subscriber:/home/user1/install/examples_rclpy_minimal_service:/home/user1/install/examples_rclpy_minimal_publisher:/home/user1/install/examples_rclpy_minimal_client:/home/user1/install/examples_rclpy_minimal_action_server:/home/user1/install/examples_rclpy_minimal_action_client:/home/user1/install/examples_rclpy_executors:/opt/ros/foxy /usr/bin/cmake --build /home/user1/ros2_ws/build/turtlesim -- -j2 -l2
[5.655s] [35m[1mScanning dependencies of target turtlesim__cpp[0m
[5.690s] [  1%] [34m[1mGenerating C++ code for ROS interfaces[0m
[7.674s] [  1%] Built target turtlesim__cpp
[7.697s] [  2%] [34m[1mGenerating C code for ROS interfaces[0m
[9.822s] [35m[1mScanning dependencies of target turtlesim__rosidl_generator_c[0m
[9.848s] [  3%] [32mBuilding C object CMakeFiles/turtlesim__rosidl_generator_c.dir/rosidl_generator_c/turtlesim/action/detail/rotate_absolute__functions.c.o[0m
[10.033s] [  4%] [32mBuilding C object CMakeFiles/turtlesim__rosidl_generator_c.dir/rosidl_generator_c/turtlesim/msg/detail/color__functions.c.o[0m
[10.112s] [  5%] [32mBuilding C object CMakeFiles/turtlesim__rosidl_generator_c.dir/rosidl_generator_c/turtlesim/msg/detail/pose__functions.c.o[0m
[10.210s] [  6%] [32mBuilding C object CMakeFiles/turtlesim__rosidl_generator_c.dir/rosidl_generator_c/turtlesim/srv/detail/kill__functions.c.o[0m
[10.315s] [  7%] [32mBuilding C object CMakeFiles/turtlesim__rosidl_generator_c.dir/rosidl_generator_c/turtlesim/srv/detail/set_pen__functions.c.o[0m
[10.472s] [  8%] [32mBuilding C object CMakeFiles/turtlesim__rosidl_generator_c.dir/rosidl_generator_c/turtlesim/srv/detail/spawn__functions.c.o[0m
[10.575s] [  9%] [32mBuilding C object CMakeFiles/turtlesim__rosidl_generator_c.dir/rosidl_generator_c/turtlesim/srv/detail/teleport_absolute__functions.c.o[0m
[10.673s] [ 10%] [32mBuilding C object CMakeFiles/turtlesim__rosidl_generator_c.dir/rosidl_generator_c/turtlesim/srv/detail/teleport_relative__functions.c.o[0m
[10.780s] [ 11%] [32m[1mLinking C shared library libturtlesim__rosidl_generator_c.so[0m
[10.900s] [ 11%] Built target turtlesim__rosidl_generator_c
[10.917s] [ 12%] [34m[1mGenerating C++ type support dispatch for ROS interfaces[0m
[11.870s] [35m[1mScanning dependencies of target turtlesim__rosidl_typesupport_cpp[0m
[11.927s] [ 13%] [32mBuilding CXX object CMakeFiles/turtlesim__rosidl_typesupport_cpp.dir/rosidl_typesupport_cpp/turtlesim/action/rotate_absolute__type_support.cpp.o[0m
[12.535s] [ 14%] [32mBuilding CXX object CMakeFiles/turtlesim__rosidl_typesupport_cpp.dir/rosidl_typesupport_cpp/turtlesim/msg/color__type_support.cpp.o[0m
[13.004s] [ 15%] [32mBuilding CXX object CMakeFiles/turtlesim__rosidl_typesupport_cpp.dir/rosidl_typesupport_cpp/turtlesim/msg/pose__type_support.cpp.o[0m
[13.377s] [ 16%] [32mBuilding CXX object CMakeFiles/turtlesim__rosidl_typesupport_cpp.dir/rosidl_typesupport_cpp/turtlesim/srv/kill__type_support.cpp.o[0m
[14.071s] [ 17%] [32mBuilding CXX object CMakeFiles/turtlesim__rosidl_typesupport_cpp.dir/rosidl_typesupport_cpp/turtlesim/srv/set_pen__type_support.cpp.o[0m
[14.475s] [ 18%] [32mBuilding CXX object CMakeFiles/turtlesim__rosidl_typesupport_cpp.dir/rosidl_typesupport_cpp/turtlesim/srv/spawn__type_support.cpp.o[0m
[14.946s] [ 19%] [32mBuilding CXX object CMakeFiles/turtlesim__rosidl_typesupport_cpp.dir/rosidl_typesupport_cpp/turtlesim/srv/teleport_absolute__type_support.cpp.o[0m
[15.579s] [ 20%] [32mBuilding CXX object CMakeFiles/turtlesim__rosidl_typesupport_cpp.dir/rosidl_typesupport_cpp/turtlesim/srv/teleport_relative__type_support.cpp.o[0m
[15.998s] [ 21%] [32m[1mLinking CXX shared library libturtlesim__rosidl_typesupport_cpp.so[0m
[16.081s] [ 21%] Built target turtlesim__rosidl_typesupport_cpp
[16.104s] [ 22%] [34m[1mGenerating C++ introspection for ROS interfaces[0m
[17.218s] [35m[1mScanning dependencies of target turtlesim__rosidl_typesupport_introspection_cpp[0m
[17.256s] [ 23%] [32mBuilding CXX object CMakeFiles/turtlesim__rosidl_typesupport_introspection_cpp.dir/rosidl_typesupport_introspection_cpp/turtlesim/action/detail/rotate_absolute__type_support.cpp.o[0m
[17.795s] [ 24%] [32mBuilding CXX object CMakeFiles/turtlesim__rosidl_typesupport_introspection_cpp.dir/rosidl_typesupport_introspection_cpp/turtlesim/msg/detail/color__type_support.cpp.o[0m
[18.304s] [ 25%] [32mBuilding CXX object CMakeFiles/turtlesim__rosidl_typesupport_introspection_cpp.dir/rosidl_typesupport_introspection_cpp/turtlesim/msg/detail/pose__type_support.cpp.o[0m
[18.792s] [ 26%] [32mBuilding CXX object CMakeFiles/turtlesim__rosidl_typesupport_introspection_cpp.dir/rosidl_typesupport_introspection_cpp/turtlesim/srv/detail/kill__type_support.cpp.o[0m
[19.194s] [ 27%] [32mBuilding CXX object CMakeFiles/turtlesim__rosidl_typesupport_introspection_cpp.dir/rosidl_typesupport_introspection_cpp/turtlesim/srv/detail/set_pen__type_support.cpp.o[0m
[19.749s] [ 28%] [32mBuilding CXX object CMakeFiles/turtlesim__rosidl_typesupport_introspection_cpp.dir/rosidl_typesupport_introspection_cpp/turtlesim/srv/detail/spawn__type_support.cpp.o[0m
[20.193s] [ 29%] [32mBuilding CXX object CMakeFiles/turtlesim__rosidl_typesupport_introspection_cpp.dir/rosidl_typesupport_introspection_cpp/turtlesim/srv/detail/teleport_absolute__type_support.cpp.o[0m
[20.611s] [ 30%] [32mBuilding CXX object CMakeFiles/turtlesim__rosidl_typesupport_introspection_cpp.dir/rosidl_typesupport_introspection_cpp/turtlesim/srv/detail/teleport_relative__type_support.cpp.o[0m
[21.223s] [ 31%] [32m[1mLinking CXX shared library libturtlesim__rosidl_typesupport_introspection_cpp.so[0m
[21.421s] [ 31%] Built target turtlesim__rosidl_typesupport_introspection_cpp
[21.445s] [ 32%] [34m[1mGenerating C++ type support for eProsima Fast-RTPS[0m
[22.876s] [35m[1mScanning dependencies of target turtlesim__rosidl_typesupport_fastrtps_cpp[0m
[22.949s] [ 33%] [32mBuilding CXX object CMakeFiles/turtlesim__rosidl_typesupport_fastrtps_cpp.dir/rosidl_typesupport_fastrtps_cpp/turtlesim/action/detail/dds_fastrtps/rotate_absolute__type_support.cpp.o[0m
[23.583s] [ 34%] [32mBuilding CXX object CMakeFiles/turtlesim__rosidl_typesupport_fastrtps_cpp.dir/rosidl_typesupport_fastrtps_cpp/turtlesim/msg/detail/dds_fastrtps/color__type_support.cpp.o[0m
[24.155s] [ 35%] [32mBuilding CXX object CMakeFiles/turtlesim__rosidl_typesupport_fastrtps_cpp.dir/rosidl_typesupport_fastrtps_cpp/turtlesim/msg/detail/dds_fastrtps/pose__type_support.cpp.o[0m
[24.695s] [ 36%] [32mBuilding CXX object CMakeFiles/turtlesim__rosidl_typesupport_fastrtps_cpp.dir/rosidl_typesupport_fastrtps_cpp/turtlesim/srv/detail/dds_fastrtps/kill__type_support.cpp.o[0m
[25.334s] [ 37%] [32mBuilding CXX object CMakeFiles/turtlesim__rosidl_typesupport_fastrtps_cpp.dir/rosidl_typesupport_fastrtps_cpp/turtlesim/srv/detail/dds_fastrtps/set_pen__type_support.cpp.o[0m
[25.932s] [ 38%] [32mBuilding CXX object CMakeFiles/turtlesim__rosidl_typesupport_fastrtps_cpp.dir/rosidl_typesupport_fastrtps_cpp/turtlesim/srv/detail/dds_fastrtps/spawn__type_support.cpp.o[0m
[26.576s] [ 39%] [32mBuilding CXX object CMakeFiles/turtlesim__rosidl_typesupport_fastrtps_cpp.dir/rosidl_typesupport_fastrtps_cpp/turtlesim/srv/detail/dds_fastrtps/teleport_absolute__type_support.cpp.o[0m
[27.218s] [ 40%] [32mBuilding CXX object CMakeFiles/turtlesim__rosidl_typesupport_fastrtps_cpp.dir/rosidl_typesupport_fastrtps_cpp/turtlesim/srv/detail/dds_fastrtps/teleport_relative__type_support.cpp.o[0m
[27.745s] [ 41%] [32m[1mLinking CXX shared library libturtlesim__rosidl_typesupport_fastrtps_cpp.so[0m
[27.910s] [ 41%] Built target turtlesim__rosidl_typesupport_fastrtps_cpp
[27.937s] [ 42%] [34m[1mGenerating C introspection for ROS interfaces[0m
[29.046s] [35m[1mScanning dependencies of target turtlesim__rosidl_typesupport_introspection_c[0m
[29.084s] [ 43%] [32mBuilding C object CMakeFiles/turtlesim__rosidl_typesupport_introspection_c.dir/rosidl_typesupport_introspection_c/turtlesim/action/detail/rotate_absolute__type_support.c.o[0m
[29.153s] [ 44%] [32mBuilding C object CMakeFiles/turtlesim__rosidl_typesupport_introspection_c.dir/rosidl_typesupport_introspection_c/turtlesim/msg/detail/color__type_support.c.o[0m
[29.206s] [ 45%] [32mBuilding C object CMakeFiles/turtlesim__rosidl_typesupport_introspection_c.dir/rosidl_typesupport_introspection_c/turtlesim/msg/detail/pose__type_support.c.o[0m
[29.260s] [ 46%] [32mBuilding C object CMakeFiles/turtlesim__rosidl_typesupport_introspection_c.dir/rosidl_typesupport_introspection_c/turtlesim/srv/detail/kill__type_support.c.o[0m
[29.315s] [ 47%] [32mBuilding C object CMakeFiles/turtlesim__rosidl_typesupport_introspection_c.dir/rosidl_typesupport_introspection_c/turtlesim/srv/detail/set_pen__type_support.c.o[0m
[29.383s] [ 48%] [32mBuilding C object CMakeFiles/turtlesim__rosidl_typesupport_introspection_c.dir/rosidl_typesupport_introspection_c/turtlesim/srv/detail/spawn__type_support.c.o[0m
[29.460s] [ 49%] [32mBuilding C object CMakeFiles/turtlesim__rosidl_typesupport_introspection_c.dir/rosidl_typesupport_introspection_c/turtlesim/srv/detail/teleport_absolute__type_support.c.o[0m
[29.520s] [ 50%] [32mBuilding C object CMakeFiles/turtlesim__rosidl_typesupport_introspection_c.dir/rosidl_typesupport_introspection_c/turtlesim/srv/detail/teleport_relative__type_support.c.o[0m
[29.577s] [ 51%] [32m[1mLinking C shared library libturtlesim__rosidl_typesupport_introspection_c.so[0m
[29.642s] [ 51%] Built target turtlesim__rosidl_typesupport_introspection_c
[29.658s] [ 52%] [34m[1mGenerating C type support dispatch for ROS interfaces[0m
[30.349s] [35m[1mScanning dependencies of target turtlesim__rosidl_typesupport_c[0m
[30.372s] [ 53%] [32mBuilding CXX object CMakeFiles/turtlesim__rosidl_typesupport_c.dir/rosidl_typesupport_c/turtlesim/action/rotate_absolute__type_support.cpp.o[0m
[30.444s] [ 54%] [32mBuilding CXX object CMakeFiles/turtlesim__rosidl_typesupport_c.dir/rosidl_typesupport_c/turtlesim/msg/color__type_support.cpp.o[0m
[30.505s] [ 55%] [32mBuilding CXX object CMakeFiles/turtlesim__rosidl_typesupport_c.dir/rosidl_typesupport_c/turtlesim/msg/pose__type_support.cpp.o[0m
[30.556s] [ 56%] [32mBuilding CXX object CMakeFiles/turtlesim__rosidl_typesupport_c.dir/rosidl_typesupport_c/turtlesim/srv/kill__type_support.cpp.o[0m
[30.611s] [ 57%] [32mBuilding CXX object CMakeFiles/turtlesim__rosidl_typesupport_c.dir/rosidl_typesupport_c/turtlesim/srv/set_pen__type_support.cpp.o[0m
[30.663s] [ 58%] [32mBuilding CXX object CMakeFiles/turtlesim__rosidl_typesupport_c.dir/rosidl_typesupport_c/turtlesim/srv/spawn__type_support.cpp.o[0m
[30.738s] [ 59%] [32mBuilding CXX object CMakeFiles/turtlesim__rosidl_typesupport_c.dir/rosidl_typesupport_c/turtlesim/srv/teleport_absolute__type_support.cpp.o[0m
[30.829s] [ 60%] [32mBuilding CXX object CMakeFiles/turtlesim__rosidl_typesupport_c.dir/rosidl_typesupport_c/turtlesim/srv/teleport_relative__type_support.cpp.o[0m
[30.891s] [ 61%] [32m[1mLinking CXX shared library libturtlesim__rosidl_typesupport_c.so[0m
[30.961s] [ 61%] Built target turtlesim__rosidl_typesupport_c
[30.977s] [ 62%] [34m[1mGenerating C type support for eProsima Fast-RTPS[0m
[32.021s] [35m[1mScanning dependencies of target turtlesim__rosidl_typesupport_fastrtps_c[0m
[32.073s] [ 63%] [32mBuilding CXX object CMakeFiles/turtlesim__rosidl_typesupport_fastrtps_c.dir/rosidl_typesupport_fastrtps_c/turtlesim/action/detail/rotate_absolute__type_support_c.cpp.o[0m
[32.077s] [ 64%] [32mBuilding CXX object CMakeFiles/turtlesim__rosidl_typesupport_fastrtps_c.dir/rosidl_typesupport_fastrtps_c/turtlesim/msg/detail/color__type_support_c.cpp.o[0m
[32.603s] [ 65%] [32mBuilding CXX object CMakeFiles/turtlesim__rosidl_typesupport_fastrtps_c.dir/rosidl_typesupport_fastrtps_c/turtlesim/msg/detail/pose__type_support_c.cpp.o[0m
[32.633s] [ 66%] [32mBuilding CXX object CMakeFiles/turtlesim__rosidl_typesupport_fastrtps_c.dir/rosidl_typesupport_fastrtps_c/turtlesim/srv/detail/kill__type_support_c.cpp.o[0m
[33.251s] [ 67%] [32mBuilding CXX object CMakeFiles/turtlesim__rosidl_typesupport_fastrtps_c.dir/rosidl_typesupport_fastrtps_c/turtlesim/srv/detail/set_pen__type_support_c.cpp.o[0m
[33.275s] [ 68%] [32mBuilding CXX object CMakeFiles/turtlesim__rosidl_typesupport_fastrtps_c.dir/rosidl_typesupport_fastrtps_c/turtlesim/srv/detail/spawn__type_support_c.cpp.o[0m
[33.698s] [ 69%] [32mBuilding CXX object CMakeFiles/turtlesim__rosidl_typesupport_fastrtps_c.dir/rosidl_typesupport_fastrtps_c/turtlesim/srv/detail/teleport_absolute__type_support_c.cpp.o[0m
[33.763s] [ 70%] [32mBuilding CXX object CMakeFiles/turtlesim__rosidl_typesupport_fastrtps_c.dir/rosidl_typesupport_fastrtps_c/turtlesim/srv/detail/teleport_relative__type_support_c.cpp.o[0m
[34.459s] [ 71%] [32m[1mLinking CXX shared library libturtlesim__rosidl_typesupport_fastrtps_c.so[0m
[34.630s] [ 71%] Built target turtlesim__rosidl_typesupport_fastrtps_c
[34.650s] [35m[1mScanning dependencies of target turtlesim[0m
[34.670s] [ 71%] Built target turtlesim
[34.686s] [35m[1mScanning dependencies of target draw_square[0m
[34.688s] [35m[1mScanning dependencies of target mimic[0m
[34.755s] [ 72%] [32mBuilding CXX object CMakeFiles/mimic.dir/tutorials/mimic.cpp.o[0m
[34.758s] [ 73%] [32mBuilding CXX object CMakeFiles/draw_square.dir/tutorials/draw_square.cpp.o[0m
[43.845s] [ 74%] [32m[1mLinking CXX executable mimic[0m
[44.376s] [ 74%] Built target mimic
[44.407s] [35m[1mScanning dependencies of target turtlesim__py[0m
[44.446s] [ 75%] [34m[1mGenerating Python code for ROS interfaces[0m
[45.445s] [ 76%] [32m[1mLinking CXX executable draw_square[0m
[45.945s] [ 76%] Built target draw_square
[45.978s] [35m[1mScanning dependencies of target turtle_teleop_key[0m
[46.065s] [ 77%] [32mBuilding CXX object CMakeFiles/turtle_teleop_key.dir/tutorials/teleop_turtle_key.cpp.o[0m
[47.639s] [ 77%] Built target turtlesim__py
[47.654s] [ 78%] [34m[1mGenerating include/turtlesim/moc_turtle_frame.cpp[0m
[47.734s] [35m[1mScanning dependencies of target turtlesim_node[0m
[47.861s] [ 79%] [32mBuilding CXX object CMakeFiles/turtlesim_node.dir/src/turtlesim.cpp.o[0m
[52.668s] [ 80%] [32mBuilding CXX object CMakeFiles/turtlesim_node.dir/src/turtle.cpp.o[0m
[52.996s] [ 81%] [32m[1mLinking CXX executable turtle_teleop_key[0m
[53.349s] [ 81%] Built target turtle_teleop_key
[53.415s] [ 82%] [32mBuilding CXX object CMakeFiles/turtlesim_node.dir/src/turtle_frame.cpp.o[0m
[66.048s] [ 83%] [32mBuilding CXX object CMakeFiles/turtlesim_node.dir/include/turtlesim/moc_turtle_frame.cpp.o[0m
[66.786s] [35m[1mScanning dependencies of target turtlesim__python[0m
[66.881s] [ 84%] [32mBuilding C object CMakeFiles/turtlesim__python.dir/rosidl_generator_py/turtlesim/action/_rotate_absolute_s.c.o[0m
[67.108s] [ 85%] [32mBuilding C object CMakeFiles/turtlesim__python.dir/rosidl_generator_py/turtlesim/msg/_color_s.c.o[0m
[67.231s] [ 86%] [32mBuilding C object CMakeFiles/turtlesim__python.dir/rosidl_generator_py/turtlesim/msg/_pose_s.c.o[0m
[67.384s] [ 87%] [32mBuilding C object CMakeFiles/turtlesim__python.dir/rosidl_generator_py/turtlesim/srv/_kill_s.c.o[0m
[67.653s] [ 88%] [32mBuilding C object CMakeFiles/turtlesim__python.dir/rosidl_generator_py/turtlesim/srv/_set_pen_s.c.o[0m
[67.875s] [ 89%] [32mBuilding C object CMakeFiles/turtlesim__python.dir/rosidl_generator_py/turtlesim/srv/_spawn_s.c.o[0m
[68.032s] [ 90%] [32mBuilding C object CMakeFiles/turtlesim__python.dir/rosidl_generator_py/turtlesim/srv/_teleport_absolute_s.c.o[0m
[68.326s] [ 91%] [32mBuilding C object CMakeFiles/turtlesim__python.dir/rosidl_generator_py/turtlesim/srv/_teleport_relative_s.c.o[0m
[68.504s] [ 92%] [32m[1mLinking C shared library rosidl_generator_py/turtlesim/libturtlesim__python.so[0m
[68.662s] [ 92%] Built target turtlesim__python
[68.697s] [35m[1mScanning dependencies of target turtlesim__rosidl_typesupport_introspection_c__pyext[0m
[68.779s] [ 93%] [32mBuilding C object CMakeFiles/turtlesim__rosidl_typesupport_introspection_c__pyext.dir/rosidl_generator_py/turtlesim/_turtlesim_s.ep.rosidl_typesupport_introspection_c.c.o[0m
[69.051s] [ 94%] [32m[1mLinking C shared library rosidl_generator_py/turtlesim/turtlesim_s__rosidl_typesupport_introspection_c.cpython-38-x86_64-linux-gnu.so[0m
[69.199s] [ 94%] Built target turtlesim__rosidl_typesupport_introspection_c__pyext
[70.559s] [ 95%] [32m[1mLinking CXX executable turtlesim_node[0m
[72.949s] [ 95%] Built target turtlesim_node
[72.973s] [35m[1mScanning dependencies of target turtlesim__rosidl_typesupport_fastrtps_c__pyext[0m
[73.030s] [ 96%] [32mBuilding C object CMakeFiles/turtlesim__rosidl_typesupport_fastrtps_c__pyext.dir/rosidl_generator_py/turtlesim/_turtlesim_s.ep.rosidl_typesupport_fastrtps_c.c.o[0m
[73.331s] [ 97%] [32m[1mLinking CXX shared library rosidl_generator_py/turtlesim/turtlesim_s__rosidl_typesupport_fastrtps_c.cpython-38-x86_64-linux-gnu.so[0m
[73.444s] [ 97%] Built target turtlesim__rosidl_typesupport_fastrtps_c__pyext
[73.470s] [35m[1mScanning dependencies of target turtlesim__rosidl_typesupport_c__pyext[0m
[73.534s] [ 98%] [32mBuilding C object CMakeFiles/turtlesim__rosidl_typesupport_c__pyext.dir/rosidl_generator_py/turtlesim/_turtlesim_s.ep.rosidl_typesupport_c.c.o[0m
[73.779s] [100%] [32m[1mLinking C shared library rosidl_generator_py/turtlesim/turtlesim_s__rosidl_typesupport_c.cpython-38-x86_64-linux-gnu.so[0m
[73.865s] [100%] Built target turtlesim__rosidl_typesupport_c__pyext
[73.885s] Invoked command in '/home/user1/ros2_ws/build/turtlesim' returned '0': CMAKE_PREFIX_PATH=${CMAKE_PREFIX_PATH}:/home/user1/install/py_srvcli:/home/user1/install/py_pubsub:/home/user1/install/my_package:/home/user1/install/examples_rclpy_minimal_subscriber:/home/user1/install/examples_rclpy_minimal_service:/home/user1/install/examples_rclpy_minimal_publisher:/home/user1/install/examples_rclpy_minimal_client:/home/user1/install/examples_rclpy_minimal_action_server:/home/user1/install/examples_rclpy_minimal_action_client:/home/user1/install/examples_rclpy_executors:/opt/ros/foxy /usr/bin/cmake --build /home/user1/ros2_ws/build/turtlesim -- -j2 -l2
[74.693s] Invoking command in '/home/user1/ros2_ws/build/turtlesim': CMAKE_PREFIX_PATH=${CMAKE_PREFIX_PATH}:/home/user1/install/py_srvcli:/home/user1/install/py_pubsub:/home/user1/install/my_package:/home/user1/install/examples_rclpy_minimal_subscriber:/home/user1/install/examples_rclpy_minimal_service:/home/user1/install/examples_rclpy_minimal_publisher:/home/user1/install/examples_rclpy_minimal_client:/home/user1/install/examples_rclpy_minimal_action_server:/home/user1/install/examples_rclpy_minimal_action_client:/home/user1/install/examples_rclpy_executors:/opt/ros/foxy /usr/bin/cmake --install /home/user1/ros2_ws/build/turtlesim
[74.714s] -- Install configuration: ""
[74.714s] -- Installing: /home/user1/ros2_ws/install/turtlesim/share/ament_index/resource_index/rosidl_interfaces/turtlesim
[74.714s] -- Installing: /home/user1/ros2_ws/install/turtlesim/include/turtlesim
[74.714s] -- Installing: /home/user1/ros2_ws/install/turtlesim/include/turtlesim/srv
[74.715s] -- Installing: /home/user1/ros2_ws/install/turtlesim/include/turtlesim/srv/detail
[74.715s] -- Installing: /home/user1/ros2_ws/install/turtlesim/include/turtlesim/srv/detail/teleport_relative__functions.h
[74.715s] -- Installing: /home/user1/ros2_ws/install/turtlesim/include/turtlesim/srv/detail/teleport_absolute__type_support.h
[74.715s] -- Installing: /home/user1/ros2_ws/install/turtlesim/include/turtlesim/srv/detail/teleport_relative__type_support.h
[74.715s] -- Installing: /home/user1/ros2_ws/install/turtlesim/include/turtlesim/srv/detail/teleport_relative__struct.h
[74.716s] -- Installing: /home/user1/ros2_ws/install/turtlesim/include/turtlesim/srv/detail/teleport_relative__functions.c
[74.716s] -- Installing: /home/user1/ros2_ws/install/turtlesim/include/turtlesim/srv/detail/set_pen__functions.c
[74.716s] -- Installing: /home/user1/ros2_ws/install/turtlesim/include/turtlesim/srv/detail/spawn__type_support.h
[74.716s] -- Installing: /home/user1/ros2_ws/install/turtlesim/include/turtlesim/srv/detail/kill__struct.h
[74.716s] -- Installing: /home/user1/ros2_ws/install/turtlesim/include/turtlesim/srv/detail/spawn__struct.h
[74.717s] -- Installing: /home/user1/ros2_ws/install/turtlesim/include/turtlesim/srv/detail/teleport_absolute__functions.c
[74.717s] -- Installing: /home/user1/ros2_ws/install/turtlesim/include/turtlesim/srv/detail/kill__functions.h
[74.717s] -- Installing: /home/user1/ros2_ws/install/turtlesim/include/turtlesim/srv/detail/spawn__functions.h
[74.717s] -- Installing: /home/user1/ros2_ws/install/turtlesim/include/turtlesim/srv/detail/teleport_absolute__struct.h
[74.717s] -- Installing: /home/user1/ros2_ws/install/turtlesim/include/turtlesim/srv/detail/set_pen__struct.h
[74.718s] -- Installing: /home/user1/ros2_ws/install/turtlesim/include/turtlesim/srv/detail/teleport_absolute__functions.h
[74.718s] -- Installing: /home/user1/ros2_ws/install/turtlesim/include/turtlesim/srv/detail/kill__functions.c
[74.718s] -- Installing: /home/user1/ros2_ws/install/turtlesim/include/turtlesim/srv/detail/set_pen__type_support.h
[74.718s] -- Installing: /home/user1/ros2_ws/install/turtlesim/include/turtlesim/srv/detail/kill__type_support.h
[74.719s] -- Installing: /home/user1/ros2_ws/install/turtlesim/include/turtlesim/srv/detail/spawn__functions.c
[74.719s] -- Installing: /home/user1/ros2_ws/install/turtlesim/include/turtlesim/srv/detail/set_pen__functions.h
[74.719s] -- Installing: /home/user1/ros2_ws/install/turtlesim/include/turtlesim/srv/spawn.h
[74.719s] -- Installing: /home/user1/ros2_ws/install/turtlesim/include/turtlesim/srv/kill.h
[74.719s] -- Installing: /home/user1/ros2_ws/install/turtlesim/include/turtlesim/srv/set_pen.h
[74.719s] -- Installing: /home/user1/ros2_ws/install/turtlesim/include/turtlesim/srv/teleport_absolute.h
[74.720s] -- Installing: /home/user1/ros2_ws/install/turtlesim/include/turtlesim/srv/teleport_relative.h
[74.720s] -- Installing: /home/user1/ros2_ws/install/turtlesim/include/turtlesim/action
[74.720s] -- Installing: /home/user1/ros2_ws/install/turtlesim/include/turtlesim/action/detail
[74.720s] -- Installing: /home/user1/ros2_ws/install/turtlesim/include/turtlesim/action/detail/rotate_absolute__functions.h
[74.720s] -- Installing: /home/user1/ros2_ws/install/turtlesim/include/turtlesim/action/detail/rotate_absolute__functions.c
[74.720s] -- Installing: /home/user1/ros2_ws/install/turtlesim/include/turtlesim/action/detail/rotate_absolute__type_support.h
[74.721s] -- Installing: /home/user1/ros2_ws/install/turtlesim/include/turtlesim/action/detail/rotate_absolute__struct.h
[74.721s] -- Installing: /home/user1/ros2_ws/install/turtlesim/include/turtlesim/action/rotate_absolute.h
[74.721s] -- Installing: /home/user1/ros2_ws/install/turtlesim/include/turtlesim/msg
[74.721s] -- Installing: /home/user1/ros2_ws/install/turtlesim/include/turtlesim/msg/detail
[74.721s] -- Installing: /home/user1/ros2_ws/install/turtlesim/include/turtlesim/msg/detail/pose__functions.c
[74.722s] -- Installing: /home/user1/ros2_ws/install/turtlesim/include/turtlesim/msg/detail/pose__type_support.h
[74.722s] -- Installing: /home/user1/ros2_ws/install/turtlesim/include/turtlesim/msg/detail/color__struct.h
[74.722s] -- Installing: /home/user1/ros2_ws/install/turtlesim/include/turtlesim/msg/detail/color__functions.h
[74.722s] -- Installing: /home/user1/ros2_ws/install/turtlesim/include/turtlesim/msg/detail/pose__struct.h
[74.722s] -- Installing: /home/user1/ros2_ws/install/turtlesim/include/turtlesim/msg/detail/color__type_support.h
[74.722s] -- Installing: /home/user1/ros2_ws/install/turtlesim/include/turtlesim/msg/detail/color__functions.c
[74.723s] -- Installing: /home/user1/ros2_ws/install/turtlesim/include/turtlesim/msg/detail/pose__functions.h
[74.723s] -- Installing: /home/user1/ros2_ws/install/turtlesim/include/turtlesim/msg/rosidl_generator_c__visibility_control.h
[74.723s] -- Installing: /home/user1/ros2_ws/install/turtlesim/include/turtlesim/msg/pose.h
[74.723s] -- Installing: /home/user1/ros2_ws/install/turtlesim/include/turtlesim/msg/color.h
[74.723s] -- Installing: /home/user1/ros2_ws/install/turtlesim/share/turtlesim/environment/library_path.sh
[74.724s] -- Installing: /home/user1/ros2_ws/install/turtlesim/share/turtlesim/environment/library_path.dsv
[74.724s] -- Installing: /home/user1/ros2_ws/install/turtlesim/lib/libturtlesim__rosidl_generator_c.so
[74.724s] -- Set runtime path of "/home/user1/ros2_ws/install/turtlesim/lib/libturtlesim__rosidl_generator_c.so" to ""
[74.724s] -- Up-to-date: /home/user1/ros2_ws/install/turtlesim/include/turtlesim
[74.724s] -- Up-to-date: /home/user1/ros2_ws/install/turtlesim/include/turtlesim/srv
[74.724s] -- Up-to-date: /home/user1/ros2_ws/install/turtlesim/include/turtlesim/srv/detail
[74.724s] -- Installing: /home/user1/ros2_ws/install/turtlesim/include/turtlesim/srv/detail/teleport_relative__rosidl_typesupport_fastrtps_c.h
[74.724s] -- Installing: /home/user1/ros2_ws/install/turtlesim/include/turtlesim/srv/detail/kill__rosidl_typesupport_fastrtps_c.h
[74.725s] -- Installing: /home/user1/ros2_ws/install/turtlesim/include/turtlesim/srv/detail/teleport_absolute__rosidl_typesupport_fastrtps_c.h
[74.725s] -- Installing: /home/user1/ros2_ws/install/turtlesim/include/turtlesim/srv/detail/spawn__rosidl_typesupport_fastrtps_c.h
[74.725s] -- Installing: /home/user1/ros2_ws/install/turtlesim/include/turtlesim/srv/detail/set_pen__rosidl_typesupport_fastrtps_c.h
[74.725s] -- Up-to-date: /home/user1/ros2_ws/install/turtlesim/include/turtlesim/action
[74.725s] -- Up-to-date: /home/user1/ros2_ws/install/turtlesim/include/turtlesim/action/detail
[74.726s] -- Installing: /home/user1/ros2_ws/install/turtlesim/include/turtlesim/action/detail/rotate_absolute__rosidl_typesupport_fastrtps_c.h
[74.726s] -- Up-to-date: /home/user1/ros2_ws/install/turtlesim/include/turtlesim/msg
[74.726s] -- Up-to-date: /home/user1/ros2_ws/install/turtlesim/include/turtlesim/msg/detail
[74.726s] -- Installing: /home/user1/ros2_ws/install/turtlesim/include/turtlesim/msg/detail/pose__rosidl_typesupport_fastrtps_c.h
[74.726s] -- Installing: /home/user1/ros2_ws/install/turtlesim/include/turtlesim/msg/detail/color__rosidl_typesupport_fastrtps_c.h
[74.727s] -- Installing: /home/user1/ros2_ws/install/turtlesim/include/turtlesim/msg/rosidl_typesupport_fastrtps_c__visibility_control.h
[74.727s] -- Installing: /home/user1/ros2_ws/install/turtlesim/lib/libturtlesim__rosidl_typesupport_fastrtps_c.so
[74.727s] -- Set runtime path of "/home/user1/ros2_ws/install/turtlesim/lib/libturtlesim__rosidl_typesupport_fastrtps_c.so" to ""
[74.727s] -- Up-to-date: /home/user1/ros2_ws/install/turtlesim/include/turtlesim
[74.727s] -- Up-to-date: /home/user1/ros2_ws/install/turtlesim/include/turtlesim/srv
[74.727s] -- Up-to-date: /home/user1/ros2_ws/install/turtlesim/include/turtlesim/srv/detail
[74.728s] -- Installing: /home/user1/ros2_ws/install/turtlesim/include/turtlesim/srv/detail/spawn__rosidl_typesupport_fastrtps_cpp.hpp
[74.728s] -- Installing: /home/user1/ros2_ws/install/turtlesim/include/turtlesim/srv/detail/kill__rosidl_typesupport_fastrtps_cpp.hpp
[74.728s] -- Installing: /home/user1/ros2_ws/install/turtlesim/include/turtlesim/srv/detail/set_pen__rosidl_typesupport_fastrtps_cpp.hpp
[74.728s] -- Installing: /home/user1/ros2_ws/install/turtlesim/include/turtlesim/srv/detail/teleport_absolute__rosidl_typesupport_fastrtps_cpp.hpp
[74.728s] -- Installing: /home/user1/ros2_ws/install/turtlesim/include/turtlesim/srv/detail/teleport_relative__rosidl_typesupport_fastrtps_cpp.hpp
[74.728s] -- Installing: /home/user1/ros2_ws/install/turtlesim/include/turtlesim/srv/detail/dds_fastrtps
[74.728s] -- Up-to-date: /home/user1/ros2_ws/install/turtlesim/include/turtlesim/action
[74.728s] -- Up-to-date: /home/user1/ros2_ws/install/turtlesim/include/turtlesim/action/detail
[74.728s] -- Installing: /home/user1/ros2_ws/install/turtlesim/include/turtlesim/action/detail/rotate_absolute__rosidl_typesupport_fastrtps_cpp.hpp
[74.728s] -- Installing: /home/user1/ros2_ws/install/turtlesim/include/turtlesim/action/detail/dds_fastrtps
[74.728s] -- Up-to-date: /home/user1/ros2_ws/install/turtlesim/include/turtlesim/msg
[74.728s] -- Up-to-date: /home/user1/ros2_ws/install/turtlesim/include/turtlesim/msg/detail
[74.728s] -- Installing: /home/user1/ros2_ws/install/turtlesim/include/turtlesim/msg/detail/color__rosidl_typesupport_fastrtps_cpp.hpp
[74.729s] -- Installing: /home/user1/ros2_ws/install/turtlesim/include/turtlesim/msg/detail/pose__rosidl_typesupport_fastrtps_cpp.hpp
[74.729s] -- Installing: /home/user1/ros2_ws/install/turtlesim/include/turtlesim/msg/detail/dds_fastrtps
[74.729s] -- Installing: /home/user1/ros2_ws/install/turtlesim/include/turtlesim/msg/rosidl_typesupport_fastrtps_cpp__visibility_control.h
[74.729s] -- Installing: /home/user1/ros2_ws/install/turtlesim/lib/libturtlesim__rosidl_typesupport_fastrtps_cpp.so
[74.729s] -- Set runtime path of "/home/user1/ros2_ws/install/turtlesim/lib/libturtlesim__rosidl_typesupport_fastrtps_cpp.so" to ""
[74.729s] -- Up-to-date: /home/user1/ros2_ws/install/turtlesim/include/turtlesim
[74.729s] -- Up-to-date: /home/user1/ros2_ws/install/turtlesim/include/turtlesim/srv
[74.729s] -- Up-to-date: /home/user1/ros2_ws/install/turtlesim/include/turtlesim/srv/detail
[74.729s] -- Installing: /home/user1/ros2_ws/install/turtlesim/include/turtlesim/srv/detail/spawn__type_support.c
[74.729s] -- Installing: /home/user1/ros2_ws/install/turtlesim/include/turtlesim/srv/detail/teleport_relative__rosidl_typesupport_introspection_c.h
[74.730s] -- Installing: /home/user1/ros2_ws/install/turtlesim/include/turtlesim/srv/detail/spawn__rosidl_typesupport_introspection_c.h
[74.730s] -- Installing: /home/user1/ros2_ws/install/turtlesim/include/turtlesim/srv/detail/kill__type_support.c
[74.730s] -- Installing: /home/user1/ros2_ws/install/turtlesim/include/turtlesim/srv/detail/teleport_absolute__type_support.c
[74.730s] -- Installing: /home/user1/ros2_ws/install/turtlesim/include/turtlesim/srv/detail/set_pen__type_support.c
[74.730s] -- Installing: /home/user1/ros2_ws/install/turtlesim/include/turtlesim/srv/detail/teleport_relative__type_support.c
[74.730s] -- Installing: /home/user1/ros2_ws/install/turtlesim/include/turtlesim/srv/detail/set_pen__rosidl_typesupport_introspection_c.h
[74.730s] -- Installing: /home/user1/ros2_ws/install/turtlesim/include/turtlesim/srv/detail/teleport_absolute__rosidl_typesupport_introspection_c.h
[74.730s] -- Installing: /home/user1/ros2_ws/install/turtlesim/include/turtlesim/srv/detail/kill__rosidl_typesupport_introspection_c.h
[74.731s] -- Up-to-date: /home/user1/ros2_ws/install/turtlesim/include/turtlesim/action
[74.731s] -- Up-to-date: /home/user1/ros2_ws/install/turtlesim/include/turtlesim/action/detail
[74.731s] -- Installing: /home/user1/ros2_ws/install/turtlesim/include/turtlesim/action/detail/rotate_absolute__type_support.c
[74.731s] -- Installing: /home/user1/ros2_ws/install/turtlesim/include/turtlesim/action/detail/rotate_absolute__rosidl_typesupport_introspection_c.h
[74.731s] -- Up-to-date: /home/user1/ros2_ws/install/turtlesim/include/turtlesim/msg
[74.731s] -- Up-to-date: /home/user1/ros2_ws/install/turtlesim/include/turtlesim/msg/detail
[74.731s] -- Installing: /home/user1/ros2_ws/install/turtlesim/include/turtlesim/msg/detail/color__rosidl_typesupport_introspection_c.h
[74.731s] -- Installing: /home/user1/ros2_ws/install/turtlesim/include/turtlesim/msg/detail/color__type_support.c
[74.732s] -- Installing: /home/user1/ros2_ws/install/turtlesim/include/turtlesim/msg/detail/pose__type_support.c
[74.732s] -- Installing: /home/user1/ros2_ws/install/turtlesim/include/turtlesim/msg/detail/pose__rosidl_typesupport_introspection_c.h
[74.732s] -- Installing: /home/user1/ros2_ws/install/turtlesim/include/turtlesim/msg/rosidl_typesupport_introspection_c__visibility_control.h
[74.732s] -- Installing: /home/user1/ros2_ws/install/turtlesim/lib/libturtlesim__rosidl_typesupport_introspection_c.so
[74.733s] -- Set runtime path of "/home/user1/ros2_ws/install/turtlesim/lib/libturtlesim__rosidl_typesupport_introspection_c.so" to ""
[74.733s] -- Installing: /home/user1/ros2_ws/install/turtlesim/lib/libturtlesim__rosidl_typesupport_c.so
[74.735s] -- Set runtime path of "/home/user1/ros2_ws/install/turtlesim/lib/libturtlesim__rosidl_typesupport_c.so" to ""
[74.735s] -- Up-to-date: /home/user1/ros2_ws/install/turtlesim/include/turtlesim
[74.735s] -- Up-to-date: /home/user1/ros2_ws/install/turtlesim/include/turtlesim/srv
[74.735s] -- Installing: /home/user1/ros2_ws/install/turtlesim/include/turtlesim/srv/spawn.hpp
[74.736s] -- Up-to-date: /home/user1/ros2_ws/install/turtlesim/include/turtlesim/srv/detail
[74.736s] -- Installing: /home/user1/ros2_ws/install/turtlesim/include/turtlesim/srv/detail/kill__traits.hpp
[74.736s] -- Installing: /home/user1/ros2_ws/install/turtlesim/include/turtlesim/srv/detail/spawn__struct.hpp
[74.736s] -- Installing: /home/user1/ros2_ws/install/turtlesim/include/turtlesim/srv/detail/spawn__type_support.hpp
[74.737s] -- Installing: /home/user1/ros2_ws/install/turtlesim/include/turtlesim/srv/detail/set_pen__type_support.hpp
[74.737s] -- Installing: /home/user1/ros2_ws/install/turtlesim/include/turtlesim/srv/detail/teleport_relative__type_support.hpp
[74.737s] -- Installing: /home/user1/ros2_ws/install/turtlesim/include/turtlesim/srv/detail/teleport_relative__struct.hpp
[74.738s] -- Installing: /home/user1/ros2_ws/install/turtlesim/include/turtlesim/srv/detail/spawn__traits.hpp
[74.738s] -- Installing: /home/user1/ros2_ws/install/turtlesim/include/turtlesim/srv/detail/kill__builder.hpp
[74.738s] -- Installing: /home/user1/ros2_ws/install/turtlesim/include/turtlesim/srv/detail/teleport_absolute__struct.hpp
[74.739s] -- Installing: /home/user1/ros2_ws/install/turtlesim/include/turtlesim/srv/detail/teleport_relative__builder.hpp
[74.739s] -- Installing: /home/user1/ros2_ws/install/turtlesim/include/turtlesim/srv/detail/set_pen__traits.hpp
[74.739s] -- Installing: /home/user1/ros2_ws/install/turtlesim/include/turtlesim/srv/detail/kill__struct.hpp
[74.740s] -- Installing: /home/user1/ros2_ws/install/turtlesim/include/turtlesim/srv/detail/teleport_absolute__builder.hpp
[74.740s] -- Installing: /home/user1/ros2_ws/install/turtlesim/include/turtlesim/srv/detail/teleport_absolute__type_support.hpp
[74.741s] -- Installing: /home/user1/ros2_ws/install/turtlesim/include/turtlesim/srv/detail/set_pen__builder.hpp
[74.741s] -- Installing: /home/user1/ros2_ws/install/turtlesim/include/turtlesim/srv/detail/kill__type_support.hpp
[74.741s] -- Installing: /home/user1/ros2_ws/install/turtlesim/include/turtlesim/srv/detail/teleport_absolute__traits.hpp
[74.741s] -- Installing: /home/user1/ros2_ws/install/turtlesim/include/turtlesim/srv/detail/teleport_relative__traits.hpp
[74.742s] -- Installing: /home/user1/ros2_ws/install/turtlesim/include/turtlesim/srv/detail/spawn__builder.hpp
[74.742s] -- Installing: /home/user1/ros2_ws/install/turtlesim/include/turtlesim/srv/detail/set_pen__struct.hpp
[74.743s] -- Installing: /home/user1/ros2_ws/install/turtlesim/include/turtlesim/srv/teleport_absolute.hpp
[74.743s] -- Installing: /home/user1/ros2_ws/install/turtlesim/include/turtlesim/srv/kill.hpp
[74.743s] -- Installing: /home/user1/ros2_ws/install/turtlesim/include/turtlesim/srv/set_pen.hpp
[74.744s] -- Installing: /home/user1/ros2_ws/install/turtlesim/include/turtlesim/srv/teleport_relative.hpp
[74.744s] -- Up-to-date: /home/user1/ros2_ws/install/turtlesim/include/turtlesim/action
[74.744s] -- Installing: /home/user1/ros2_ws/install/turtlesim/include/turtlesim/action/rotate_absolute.hpp
[74.744s] -- Up-to-date: /home/user1/ros2_ws/install/turtlesim/include/turtlesim/action/detail
[74.745s] -- Installing: /home/user1/ros2_ws/install/turtlesim/include/turtlesim/action/detail/rotate_absolute__traits.hpp
[74.745s] -- Installing: /home/user1/ros2_ws/install/turtlesim/include/turtlesim/action/detail/rotate_absolute__type_support.hpp
[74.745s] -- Installing: /home/user1/ros2_ws/install/turtlesim/include/turtlesim/action/detail/rotate_absolute__builder.hpp
[74.746s] -- Installing: /home/user1/ros2_ws/install/turtlesim/include/turtlesim/action/detail/rotate_absolute__struct.hpp
[74.746s] -- Up-to-date: /home/user1/ros2_ws/install/turtlesim/include/turtlesim/msg
[74.747s] -- Up-to-date: /home/user1/ros2_ws/install/turtlesim/include/turtlesim/msg/detail
[74.747s] -- Installing: /home/user1/ros2_ws/install/turtlesim/include/turtlesim/msg/detail/pose__struct.hpp
[74.747s] -- Installing: /home/user1/ros2_ws/install/turtlesim/include/turtlesim/msg/detail/pose__builder.hpp
[74.747s] -- Installing: /home/user1/ros2_ws/install/turtlesim/include/turtlesim/msg/detail/pose__traits.hpp
[74.748s] -- Installing: /home/user1/ros2_ws/install/turtlesim/include/turtlesim/msg/detail/color__builder.hpp
[74.748s] -- Installing: /home/user1/ros2_ws/install/turtlesim/include/turtlesim/msg/detail/color__type_support.hpp
[74.748s] -- Installing: /home/user1/ros2_ws/install/turtlesim/include/turtlesim/msg/detail/color__traits.hpp
[74.749s] -- Installing: /home/user1/ros2_ws/install/turtlesim/include/turtlesim/msg/detail/color__struct.hpp
[74.749s] -- Installing: /home/user1/ros2_ws/install/turtlesim/include/turtlesim/msg/detail/pose__type_support.hpp
[74.749s] -- Installing: /home/user1/ros2_ws/install/turtlesim/include/turtlesim/msg/pose.hpp
[74.750s] -- Installing: /home/user1/ros2_ws/install/turtlesim/include/turtlesim/msg/color.hpp
[74.750s] -- Installing: /home/user1/ros2_ws/install/turtlesim/include/turtlesim/msg/rosidl_generator_cpp__visibility_control.hpp
[74.751s] -- Up-to-date: /home/user1/ros2_ws/install/turtlesim/include/turtlesim
[74.751s] -- Up-to-date: /home/user1/ros2_ws/install/turtlesim/include/turtlesim/srv
[74.752s] -- Up-to-date: /home/user1/ros2_ws/install/turtlesim/include/turtlesim/srv/detail
[74.752s] -- Installing: /home/user1/ros2_ws/install/turtlesim/include/turtlesim/srv/detail/teleport_absolute__rosidl_typesupport_introspection_cpp.hpp
[74.752s] -- Installing: /home/user1/ros2_ws/install/turtlesim/include/turtlesim/srv/detail/set_pen__type_support.cpp
[74.753s] -- Installing: /home/user1/ros2_ws/install/turtlesim/include/turtlesim/srv/detail/spawn__rosidl_typesupport_introspection_cpp.hpp
[74.753s] -- Installing: /home/user1/ros2_ws/install/turtlesim/include/turtlesim/srv/detail/set_pen__rosidl_typesupport_introspection_cpp.hpp
[74.753s] -- Installing: /home/user1/ros2_ws/install/turtlesim/include/turtlesim/srv/detail/teleport_absolute__type_support.cpp
[74.753s] -- Installing: /home/user1/ros2_ws/install/turtlesim/include/turtlesim/srv/detail/kill__type_support.cpp
[74.754s] -- Installing: /home/user1/ros2_ws/install/turtlesim/include/turtlesim/srv/detail/teleport_relative__type_support.cpp
[74.754s] -- Installing: /home/user1/ros2_ws/install/turtlesim/include/turtlesim/srv/detail/spawn__type_support.cpp
[74.755s] -- Installing: /home/user1/ros2_ws/install/turtlesim/include/turtlesim/srv/detail/kill__rosidl_typesupport_introspection_cpp.hpp
[74.755s] -- Installing: /home/user1/ros2_ws/install/turtlesim/include/turtlesim/srv/detail/teleport_relative__rosidl_typesupport_introspection_cpp.hpp
[74.756s] -- Up-to-date: /home/user1/ros2_ws/install/turtlesim/include/turtlesim/action
[74.756s] -- Up-to-date: /home/user1/ros2_ws/install/turtlesim/include/turtlesim/action/detail
[74.756s] -- Installing: /home/user1/ros2_ws/install/turtlesim/include/turtlesim/action/detail/rotate_absolute__rosidl_typesupport_introspection_cpp.hpp
[74.756s] -- Installing: /home/user1/ros2_ws/install/turtlesim/include/turtlesim/action/detail/rotate_absolute__type_support.cpp
[74.757s] -- Up-to-date: /home/user1/ros2_ws/install/turtlesim/include/turtlesim/msg
[74.757s] -- Up-to-date: /home/user1/ros2_ws/install/turtlesim/include/turtlesim/msg/detail
[74.757s] -- Installing: /home/user1/ros2_ws/install/turtlesim/include/turtlesim/msg/detail/pose__type_support.cpp
[74.757s] -- Installing: /home/user1/ros2_ws/install/turtlesim/include/turtlesim/msg/detail/color__rosidl_typesupport_introspection_cpp.hpp
[74.758s] -- Installing: /home/user1/ros2_ws/install/turtlesim/include/turtlesim/msg/detail/color__type_support.cpp
[74.758s] -- Installing: /home/user1/ros2_ws/install/turtlesim/include/turtlesim/msg/detail/pose__rosidl_typesupport_introspection_cpp.hpp
[74.759s] -- Installing: /home/user1/ros2_ws/install/turtlesim/lib/libturtlesim__rosidl_typesupport_introspection_cpp.so
[74.760s] -- Set runtime path of "/home/user1/ros2_ws/install/turtlesim/lib/libturtlesim__rosidl_typesupport_introspection_cpp.so" to ""
[74.760s] -- Installing: /home/user1/ros2_ws/install/turtlesim/lib/libturtlesim__rosidl_typesupport_cpp.so
[74.761s] -- Set runtime path of "/home/user1/ros2_ws/install/turtlesim/lib/libturtlesim__rosidl_typesupport_cpp.so" to ""
[74.761s] -- Installing: /home/user1/ros2_ws/install/turtlesim/share/turtlesim/environment/pythonpath.sh
[74.761s] -- Installing: /home/user1/ros2_ws/install/turtlesim/share/turtlesim/environment/pythonpath.dsv
[74.762s] -- Installing: /home/user1/ros2_ws/install/turtlesim/lib/python3.8/site-packages/turtlesim/__init__.py
[74.829s] Compiling '/home/user1/ros2_ws/install/turtlesim/lib/python3.8/site-packages/turtlesim/__init__.py'...
[74.834s] -- Installing: /home/user1/ros2_ws/install/turtlesim/lib/python3.8/site-packages/turtlesim/action
[74.834s] -- Installing: /home/user1/ros2_ws/install/turtlesim/lib/python3.8/site-packages/turtlesim/action/_rotate_absolute.py
[74.834s] -- Installing: /home/user1/ros2_ws/install/turtlesim/lib/python3.8/site-packages/turtlesim/action/_rotate_absolute_s.c
[74.835s] -- Installing: /home/user1/ros2_ws/install/turtlesim/lib/python3.8/site-packages/turtlesim/action/__init__.py
[74.835s] -- Installing: /home/user1/ros2_ws/install/turtlesim/lib/python3.8/site-packages/turtlesim/msg
[74.835s] -- Installing: /home/user1/ros2_ws/install/turtlesim/lib/python3.8/site-packages/turtlesim/msg/_color.py
[74.835s] -- Installing: /home/user1/ros2_ws/install/turtlesim/lib/python3.8/site-packages/turtlesim/msg/_pose.py
[74.835s] -- Installing: /home/user1/ros2_ws/install/turtlesim/lib/python3.8/site-packages/turtlesim/msg/__init__.py
[74.835s] -- Installing: /home/user1/ros2_ws/install/turtlesim/lib/python3.8/site-packages/turtlesim/msg/_pose_s.c
[74.835s] -- Installing: /home/user1/ros2_ws/install/turtlesim/lib/python3.8/site-packages/turtlesim/msg/_color_s.c
[74.835s] -- Installing: /home/user1/ros2_ws/install/turtlesim/lib/python3.8/site-packages/turtlesim/srv
[74.836s] -- Installing: /home/user1/ros2_ws/install/turtlesim/lib/python3.8/site-packages/turtlesim/srv/_kill.py
[74.836s] -- Installing: /home/user1/ros2_ws/install/turtlesim/lib/python3.8/site-packages/turtlesim/srv/_set_pen_s.c
[74.836s] -- Installing: /home/user1/ros2_ws/install/turtlesim/lib/python3.8/site-packages/turtlesim/srv/_teleport_absolute.py
[74.836s] -- Installing: /home/user1/ros2_ws/install/turtlesim/lib/python3.8/site-packages/turtlesim/srv/_teleport_relative_s.c
[74.837s] -- Installing: /home/user1/ros2_ws/install/turtlesim/lib/python3.8/site-packages/turtlesim/srv/_teleport_absolute_s.c
[74.837s] -- Installing: /home/user1/ros2_ws/install/turtlesim/lib/python3.8/site-packages/turtlesim/srv/_teleport_relative.py
[74.837s] -- Installing: /home/user1/ros2_ws/install/turtlesim/lib/python3.8/site-packages/turtlesim/srv/_spawn.py
[74.838s] -- Installing: /home/user1/ros2_ws/install/turtlesim/lib/python3.8/site-packages/turtlesim/srv/_kill_s.c
[74.838s] -- Installing: /home/user1/ros2_ws/install/turtlesim/lib/python3.8/site-packages/turtlesim/srv/_set_pen.py
[74.838s] -- Installing: /home/user1/ros2_ws/install/turtlesim/lib/python3.8/site-packages/turtlesim/srv/_spawn_s.c
[74.838s] -- Installing: /home/user1/ros2_ws/install/turtlesim/lib/python3.8/site-packages/turtlesim/srv/__init__.py
[74.839s] -- Installing: /home/user1/ros2_ws/install/turtlesim/lib/python3.8/site-packages/turtlesim/turtlesim_s__rosidl_typesupport_fastrtps_c.cpython-38-x86_64-linux-gnu.so
[74.840s] -- Set runtime path of "/home/user1/ros2_ws/install/turtlesim/lib/python3.8/site-packages/turtlesim/turtlesim_s__rosidl_typesupport_fastrtps_c.cpython-38-x86_64-linux-gnu.so" to ""
[74.841s] -- Installing: /home/user1/ros2_ws/install/turtlesim/lib/python3.8/site-packages/turtlesim/turtlesim_s__rosidl_typesupport_introspection_c.cpython-38-x86_64-linux-gnu.so
[74.843s] -- Set runtime path of "/home/user1/ros2_ws/install/turtlesim/lib/python3.8/site-packages/turtlesim/turtlesim_s__rosidl_typesupport_introspection_c.cpython-38-x86_64-linux-gnu.so" to ""
[74.843s] -- Installing: /home/user1/ros2_ws/install/turtlesim/lib/python3.8/site-packages/turtlesim/turtlesim_s__rosidl_typesupport_c.cpython-38-x86_64-linux-gnu.so
[74.845s] -- Set runtime path of "/home/user1/ros2_ws/install/turtlesim/lib/python3.8/site-packages/turtlesim/turtlesim_s__rosidl_typesupport_c.cpython-38-x86_64-linux-gnu.so" to ""
[74.846s] -- Installing: /home/user1/ros2_ws/install/turtlesim/lib/libturtlesim__python.so
[74.847s] -- Set runtime path of "/home/user1/ros2_ws/install/turtlesim/lib/libturtlesim__python.so" to ""
[74.847s] -- Installing: /home/user1/ros2_ws/install/turtlesim/share/turtlesim/action/RotateAbsolute.idl
[74.847s] -- Installing: /home/user1/ros2_ws/install/turtlesim/share/turtlesim/msg/Color.idl
[74.847s] -- Installing: /home/user1/ros2_ws/install/turtlesim/share/turtlesim/msg/Pose.idl
[74.848s] -- Installing: /home/user1/ros2_ws/install/turtlesim/share/turtlesim/srv/Kill.idl
[74.848s] -- Installing: /home/user1/ros2_ws/install/turtlesim/share/turtlesim/srv/SetPen.idl
[74.848s] -- Installing: /home/user1/ros2_ws/install/turtlesim/share/turtlesim/srv/Spawn.idl
[74.848s] -- Installing: /home/user1/ros2_ws/install/turtlesim/share/turtlesim/srv/TeleportAbsolute.idl
[74.849s] -- Installing: /home/user1/ros2_ws/install/turtlesim/share/turtlesim/srv/TeleportRelative.idl
[74.849s] -- Installing: /home/user1/ros2_ws/install/turtlesim/share/turtlesim/action/RotateAbsolute.action
[74.849s] -- Installing: /home/user1/ros2_ws/install/turtlesim/share/turtlesim/msg/Color.msg
[74.849s] -- Installing: /home/user1/ros2_ws/install/turtlesim/share/turtlesim/msg/Pose.msg
[74.849s] -- Installing: /home/user1/ros2_ws/install/turtlesim/share/turtlesim/srv/Kill.srv
[74.850s] -- Installing: /home/user1/ros2_ws/install/turtlesim/share/turtlesim/srv/Kill_Request.msg
[74.850s] -- Installing: /home/user1/ros2_ws/install/turtlesim/share/turtlesim/srv/Kill_Response.msg
[74.851s] -- Installing: /home/user1/ros2_ws/install/turtlesim/share/turtlesim/srv/SetPen.srv
[74.851s] -- Installing: /home/user1/ros2_ws/install/turtlesim/share/turtlesim/srv/SetPen_Request.msg
[74.852s] -- Installing: /home/user1/ros2_ws/install/turtlesim/share/turtlesim/srv/SetPen_Response.msg
[74.852s] -- Installing: /home/user1/ros2_ws/install/turtlesim/share/turtlesim/srv/Spawn.srv
[74.853s] -- Installing: /home/user1/ros2_ws/install/turtlesim/share/turtlesim/srv/Spawn_Request.msg
[74.853s] -- Installing: /home/user1/ros2_ws/install/turtlesim/share/turtlesim/srv/Spawn_Response.msg
[74.853s] -- Installing: /home/user1/ros2_ws/install/turtlesim/share/turtlesim/srv/TeleportAbsolute.srv
[74.854s] -- Installing: /home/user1/ros2_ws/install/turtlesim/share/turtlesim/srv/TeleportAbsolute_Request.msg
[74.854s] -- Installing: /home/user1/ros2_ws/install/turtlesim/share/turtlesim/srv/TeleportAbsolute_Response.msg
[74.855s] -- Installing: /home/user1/ros2_ws/install/turtlesim/share/turtlesim/srv/TeleportRelative.srv
[74.855s] -- Installing: /home/user1/ros2_ws/install/turtlesim/share/turtlesim/srv/TeleportRelative_Request.msg
[74.855s] -- Installing: /home/user1/ros2_ws/install/turtlesim/share/turtlesim/srv/TeleportRelative_Response.msg
[74.855s] -- Installing: /home/user1/ros2_ws/install/turtlesim/lib/turtlesim/turtlesim_node
[74.866s] -- Set runtime path of "/home/user1/ros2_ws/install/turtlesim/lib/turtlesim/turtlesim_node" to ""
[74.866s] -- Installing: /home/user1/ros2_ws/install/turtlesim/lib/turtlesim/turtle_teleop_key
[74.871s] -- Set runtime path of "/home/user1/ros2_ws/install/turtlesim/lib/turtlesim/turtle_teleop_key" to ""
[74.871s] -- Installing: /home/user1/ros2_ws/install/turtlesim/lib/turtlesim/draw_square
[74.877s] -- Set runtime path of "/home/user1/ros2_ws/install/turtlesim/lib/turtlesim/draw_square" to ""
[74.878s] -- Installing: /home/user1/ros2_ws/install/turtlesim/lib/turtlesim/mimic
[74.884s] -- Set runtime path of "/home/user1/ros2_ws/install/turtlesim/lib/turtlesim/mimic" to ""
[74.884s] -- Installing: /home/user1/ros2_ws/install/turtlesim/share/turtlesim/images
[74.884s] -- Installing: /home/user1/ros2_ws/install/turtlesim/share/turtlesim/images/ardent.png
[74.884s] -- Installing: /home/user1/ros2_ws/install/turtlesim/share/turtlesim/images/dashing.png
[74.885s] -- Installing: /home/user1/ros2_ws/install/turtlesim/share/turtlesim/images/bouncy.png
[74.885s] -- Installing: /home/user1/ros2_ws/install/turtlesim/share/turtlesim/images/crystal.png
[74.886s] -- Installing: /home/user1/ros2_ws/install/turtlesim/share/turtlesim/images/foxy.png
[74.886s] -- Installing: /home/user1/ros2_ws/install/turtlesim/share/turtlesim/images/eloquent.png
[74.887s] -- Installing: /home/user1/ros2_ws/install/turtlesim/share/turtlesim/launch
[74.887s] -- Installing: /home/user1/ros2_ws/install/turtlesim/share/turtlesim/launch/multisim.launch.py
[74.888s] -- Installing: /home/user1/ros2_ws/install/turtlesim/share/ament_index/resource_index/package_run_dependencies/turtlesim
[74.888s] -- Installing: /home/user1/ros2_ws/install/turtlesim/share/ament_index/resource_index/parent_prefix_path/turtlesim
[74.889s] -- Installing: /home/user1/ros2_ws/install/turtlesim/share/turtlesim/environment/ament_prefix_path.sh
[74.890s] -- Installing: /home/user1/ros2_ws/install/turtlesim/share/turtlesim/environment/ament_prefix_path.dsv
[74.891s] -- Installing: /home/user1/ros2_ws/install/turtlesim/share/turtlesim/environment/path.sh
[74.891s] -- Installing: /home/user1/ros2_ws/install/turtlesim/share/turtlesim/environment/path.dsv
[74.892s] -- Installing: /home/user1/ros2_ws/install/turtlesim/share/turtlesim/local_setup.bash
[74.892s] -- Installing: /home/user1/ros2_ws/install/turtlesim/share/turtlesim/local_setup.sh
[74.892s] -- Installing: /home/user1/ros2_ws/install/turtlesim/share/turtlesim/local_setup.zsh
[74.893s] -- Installing: /home/user1/ros2_ws/install/turtlesim/share/turtlesim/local_setup.dsv
[74.893s] -- Installing: /home/user1/ros2_ws/install/turtlesim/share/turtlesim/package.dsv
[74.893s] -- Installing: /home/user1/ros2_ws/install/turtlesim/share/ament_index/resource_index/packages/turtlesim
[74.894s] -- Installing: /home/user1/ros2_ws/install/turtlesim/share/turtlesim/cmake/turtlesim__rosidl_generator_cExport.cmake
[74.894s] -- Installing: /home/user1/ros2_ws/install/turtlesim/share/turtlesim/cmake/turtlesim__rosidl_generator_cExport-noconfig.cmake
[74.895s] -- Installing: /home/user1/ros2_ws/install/turtlesim/share/turtlesim/cmake/turtlesim__rosidl_typesupport_introspection_cExport.cmake
[74.895s] -- Installing: /home/user1/ros2_ws/install/turtlesim/share/turtlesim/cmake/turtlesim__rosidl_typesupport_introspection_cExport-noconfig.cmake
[74.896s] -- Installing: /home/user1/ros2_ws/install/turtlesim/share/turtlesim/cmake/turtlesim__rosidl_typesupport_cExport.cmake
[74.896s] -- Installing: /home/user1/ros2_ws/install/turtlesim/share/turtlesim/cmake/turtlesim__rosidl_typesupport_cExport-noconfig.cmake
[74.897s] -- Installing: /home/user1/ros2_ws/install/turtlesim/share/turtlesim/cmake/turtlesim__rosidl_generator_cppExport.cmake
[74.897s] -- Installing: /home/user1/ros2_ws/install/turtlesim/share/turtlesim/cmake/turtlesim__rosidl_typesupport_introspection_cppExport.cmake
[74.897s] -- Installing: /home/user1/ros2_ws/install/turtlesim/share/turtlesim/cmake/turtlesim__rosidl_typesupport_introspection_cppExport-noconfig.cmake
[74.898s] -- Installing: /home/user1/ros2_ws/install/turtlesim/share/turtlesim/cmake/turtlesim__rosidl_typesupport_cppExport.cmake
[74.898s] -- Installing: /home/user1/ros2_ws/install/turtlesim/share/turtlesim/cmake/turtlesim__rosidl_typesupport_cppExport-noconfig.cmake
[74.899s] -- Installing: /home/user1/ros2_ws/install/turtlesim/share/turtlesim/cmake/rosidl_cmake-extras.cmake
[74.899s] -- Installing: /home/user1/ros2_ws/install/turtlesim/share/turtlesim/cmake/ament_cmake_export_dependencies-extras.cmake
[74.900s] -- Installing: /home/user1/ros2_ws/install/turtlesim/share/turtlesim/cmake/ament_cmake_export_libraries-extras.cmake
[74.901s] -- Installing: /home/user1/ros2_ws/install/turtlesim/share/turtlesim/cmake/ament_cmake_export_targets-extras.cmake
[74.902s] -- Installing: /home/user1/ros2_ws/install/turtlesim/share/turtlesim/cmake/ament_cmake_export_include_directories-extras.cmake
[74.902s] -- Installing: /home/user1/ros2_ws/install/turtlesim/share/turtlesim/cmake/rosidl_cmake_export_typesupport_libraries-extras.cmake
[74.902s] -- Installing: /home/user1/ros2_ws/install/turtlesim/share/turtlesim/cmake/rosidl_cmake_export_typesupport_targets-extras.cmake
[74.902s] -- Installing: /home/user1/ros2_ws/install/turtlesim/share/turtlesim/cmake/turtlesimConfig.cmake
[74.902s] -- Installing: /home/user1/ros2_ws/install/turtlesim/share/turtlesim/cmake/turtlesimConfig-version.cmake
[74.903s] -- Installing: /home/user1/ros2_ws/install/turtlesim/share/turtlesim/package.xml
[74.906s] Invoked command in '/home/user1/ros2_ws/build/turtlesim' returned '0': CMAKE_PREFIX_PATH=${CMAKE_PREFIX_PATH}:/home/user1/install/py_srvcli:/home/user1/install/py_pubsub:/home/user1/install/my_package:/home/user1/install/examples_rclpy_minimal_subscriber:/home/user1/install/examples_rclpy_minimal_service:/home/user1/install/examples_rclpy_minimal_publisher:/home/user1/install/examples_rclpy_minimal_client:/home/user1/install/examples_rclpy_minimal_action_server:/home/user1/install/examples_rclpy_minimal_action_client:/home/user1/install/examples_rclpy_executors:/opt/ros/foxy /usr/bin/cmake --install /home/user1/ros2_ws/build/turtlesim
