[0.063s] Invoking command in '/home/user1/ros2_ws/build/examples_rclcpp_multithreaded_executor': CMAKE_PREFIX_PATH=/opt/ros/foxy /usr/bin/cmake /home/user1/ros2_ws/src/examples/rclcpp/executors/multithreaded_executor -DAMENT_CMAKE_SYMLINK_INSTALL=1 -DCMAKE_INSTALL_PREFIX=/home/user1/ros2_ws/install/examples_rclcpp_multithreaded_executor
[0.347s] -- The C compiler identification is GNU 9.4.0
[0.564s] -- The CXX compiler identification is GNU 9.4.0
[0.582s] -- Check for working C compiler: /usr/bin/cc
[0.892s] -- Check for working C compiler: /usr/bin/cc -- works
[0.897s] -- Detecting C compiler ABI info
[1.270s] -- Detecting C compiler ABI info - done
[1.320s] -- Detecting C compile features
[1.322s] -- Detecting C compile features - done
[1.340s] -- Check for working CXX compiler: /usr/bin/c++
[1.810s] -- Check for working CXX compiler: /usr/bin/c++ -- works
[1.816s] -- Detecting CXX compiler ABI info
[2.211s] -- Detecting CXX compiler ABI info - done
[2.267s] -- Detecting CXX compile features
[2.271s] -- Detecting CXX compile features - done
[2.280s] -- Found ament_cmake: 0.9.12 (/opt/ros/foxy/share/ament_cmake/cmake)
[2.382s] -- Found PythonInterp: /usr/bin/python3 (found suitable version "3.8.10", minimum required is "3") 
[2.383s] -- Using PYTHON_EXECUTABLE: /usr/bin/python3
[2.998s] -- Override CMake install command with custom implementation using symlinks instead of copying resources
[3.049s] -- Found rclcpp: 2.4.3 (/opt/ros/foxy/share/rclcpp/cmake)
[3.225s] -- Using all available rosidl_typesupport_c: rosidl_typesupport_fastrtps_c;rosidl_typesupport_introspection_c
[3.253s] -- Found rosidl_adapter: 1.3.1 (/opt/ros/foxy/share/rosidl_adapter/cmake)
[3.542s] -- Found OpenSSL: /usr/lib/x86_64-linux-gnu/libcrypto.so (found version "1.1.1f")  
[3.632s] -- Found FastRTPS: /opt/ros/foxy/include  
[3.877s] -- Using all available rosidl_typesupport_cpp: rosidl_typesupport_fastrtps_cpp;rosidl_typesupport_introspection_cpp
[4.016s] -- Found rmw_implementation_cmake: 1.0.4 (/opt/ros/foxy/share/rmw_implementation_cmake/cmake)
[4.018s] -- Using RMW implementation 'rmw_fastrtps_cpp' as default
[4.020s] -- Looking for pthread.h
[4.358s] -- Looking for pthread.h - found
[4.359s] -- Performing Test CMAKE_HAVE_LIBC_PTHREAD
[4.707s] -- Performing Test CMAKE_HAVE_LIBC_PTHREAD - Failed
[4.709s] -- Looking for pthread_create in pthreads
[4.989s] -- Looking for pthread_create in pthreads - not found
[4.990s] -- Looking for pthread_create in pthread
[5.218s] -- Looking for pthread_create in pthread - found
[5.225s] -- Found Threads: TRUE  
[5.892s] -- Found ament_lint_auto: 0.9.8 (/opt/ros/foxy/share/ament_lint_auto/cmake)
[6.233s] -- Added test 'copyright' to check source files copyright and LICENSE
[6.236s] -- Added test 'cppcheck' to perform static code analysis on C / C++ code
[6.238s] -- Configured cppcheck include dirs: 
[6.238s] -- Configured cppcheck exclude dirs and/or files: 
[6.242s] -- Added test 'cpplint' to check C / C++ code against the Google style
[6.243s] -- Configured cpplint exclude dirs and/or files: 
[6.247s] -- Added test 'lint_cmake' to check CMake code style
[6.251s] -- Added test 'uncrustify' to check C / C++ code style
[6.251s] -- Configured uncrustify additional arguments: 
[6.254s] -- Added test 'xmllint' to check XML markup files
[6.275s] -- Configuring done
[6.299s] -- Generating done
[6.305s] -- Build files have been written to: /home/user1/ros2_ws/build/examples_rclcpp_multithreaded_executor
[6.343s] Invoked command in '/home/user1/ros2_ws/build/examples_rclcpp_multithreaded_executor' returned '0': CMAKE_PREFIX_PATH=/opt/ros/foxy /usr/bin/cmake /home/user1/ros2_ws/src/examples/rclcpp/executors/multithreaded_executor -DAMENT_CMAKE_SYMLINK_INSTALL=1 -DCMAKE_INSTALL_PREFIX=/home/user1/ros2_ws/install/examples_rclcpp_multithreaded_executor
[6.345s] Invoking command in '/home/user1/ros2_ws/build/examples_rclcpp_multithreaded_executor': CMAKE_PREFIX_PATH=/opt/ros/foxy /usr/bin/cmake --build /home/user1/ros2_ws/build/examples_rclcpp_multithreaded_executor -- -j2 -l2
[6.565s] [35m[1mScanning dependencies of target multithreaded_executor[0m
[6.790s] [ 50%] [32mBuilding CXX object CMakeFiles/multithreaded_executor.dir/multithreaded_executor.cpp.o[0m
[26.865s] [100%] [32m[1mLinking CXX executable multithreaded_executor[0m
[27.901s] [100%] Built target multithreaded_executor
[27.973s] Invoked command in '/home/user1/ros2_ws/build/examples_rclcpp_multithreaded_executor' returned '0': CMAKE_PREFIX_PATH=/opt/ros/foxy /usr/bin/cmake --build /home/user1/ros2_ws/build/examples_rclcpp_multithreaded_executor -- -j2 -l2
[28.117s] Invoking command in '/home/user1/ros2_ws/build/examples_rclcpp_multithreaded_executor': CMAKE_PREFIX_PATH=/opt/ros/foxy /usr/bin/cmake --install /home/user1/ros2_ws/build/examples_rclcpp_multithreaded_executor
[28.186s] -- Install configuration: ""
[28.189s] -- Execute custom install script
[28.190s] -- Symlinking: /home/user1/ros2_ws/install/examples_rclcpp_multithreaded_executor/lib/examples_rclcpp_multithreaded_executor/multithreaded_executor
[28.218s] -- Symlinking: /home/user1/ros2_ws/install/examples_rclcpp_multithreaded_executor/share/ament_index/resource_index/package_run_dependencies/examples_rclcpp_multithreaded_executor
[28.257s] -- Symlinking: /home/user1/ros2_ws/install/examples_rclcpp_multithreaded_executor/share/ament_index/resource_index/parent_prefix_path/examples_rclcpp_multithreaded_executor
[28.298s] -- Symlinking: /home/user1/ros2_ws/install/examples_rclcpp_multithreaded_executor/share/examples_rclcpp_multithreaded_executor/environment/ament_prefix_path.sh
[28.330s] -- Symlinking: /home/user1/ros2_ws/install/examples_rclcpp_multithreaded_executor/share/examples_rclcpp_multithreaded_executor/environment/ament_prefix_path.dsv
[28.375s] -- Symlinking: /home/user1/ros2_ws/install/examples_rclcpp_multithreaded_executor/share/examples_rclcpp_multithreaded_executor/environment/path.sh
[28.402s] -- Symlinking: /home/user1/ros2_ws/install/examples_rclcpp_multithreaded_executor/share/examples_rclcpp_multithreaded_executor/environment/path.dsv
[28.436s] -- Symlinking: /home/user1/ros2_ws/install/examples_rclcpp_multithreaded_executor/share/examples_rclcpp_multithreaded_executor/local_setup.bash
[28.484s] -- Symlinking: /home/user1/ros2_ws/install/examples_rclcpp_multithreaded_executor/share/examples_rclcpp_multithreaded_executor/local_setup.sh
[28.517s] -- Symlinking: /home/user1/ros2_ws/install/examples_rclcpp_multithreaded_executor/share/examples_rclcpp_multithreaded_executor/local_setup.zsh
[28.555s] -- Symlinking: /home/user1/ros2_ws/install/examples_rclcpp_multithreaded_executor/share/examples_rclcpp_multithreaded_executor/local_setup.dsv
[28.602s] -- Symlinking: /home/user1/ros2_ws/install/examples_rclcpp_multithreaded_executor/share/examples_rclcpp_multithreaded_executor/package.dsv
[28.643s] -- Symlinking: /home/user1/ros2_ws/install/examples_rclcpp_multithreaded_executor/share/ament_index/resource_index/packages/examples_rclcpp_multithreaded_executor
[28.693s] -- Symlinking: /home/user1/ros2_ws/install/examples_rclcpp_multithreaded_executor/share/examples_rclcpp_multithreaded_executor/cmake/examples_rclcpp_multithreaded_executorConfig.cmake
[28.725s] -- Symlinking: /home/user1/ros2_ws/install/examples_rclcpp_multithreaded_executor/share/examples_rclcpp_multithreaded_executor/cmake/examples_rclcpp_multithreaded_executorConfig-version.cmake
[28.765s] -- Symlinking: /home/user1/ros2_ws/install/examples_rclcpp_multithreaded_executor/share/examples_rclcpp_multithreaded_executor/package.xml
[28.885s] Invoked command in '/home/user1/ros2_ws/build/examples_rclcpp_multithreaded_executor' returned '0': CMAKE_PREFIX_PATH=/opt/ros/foxy /usr/bin/cmake --install /home/user1/ros2_ws/build/examples_rclcpp_multithreaded_executor
