[1.228s] Invoking command in '/home/user1/ros2_ws/src/py_pubsub': PYTHONPATH=/home/user1/ros2_ws/build/py_pubsub/prefix_override:/usr/lib/python3/dist-packages/colcon_core/task/python/colcon_distutils_commands:/home/user1/ros2_ws/install/py_pubsub/lib/python3.8/site-packages:${PYTHONPATH} /usr/bin/python3 -W ignore:setup.py install is deprecated setup.py egg_info --egg-base ../../build/py_pubsub build --build-base /home/user1/ros2_ws/build/py_pubsub/build install --record /home/user1/ros2_ws/build/py_pubsub/install.log --install-scripts $base/lib/py_pubsub --single-version-externally-managed install_data
[1.532s] running egg_info
[1.533s] creating ../../build/py_pubsub/py_pubsub.egg-info
[1.533s] writing ../../build/py_pubsub/py_pubsub.egg-info/PKG-INFO
[1.533s] writing dependency_links to ../../build/py_pubsub/py_pubsub.egg-info/dependency_links.txt
[1.533s] writing entry points to ../../build/py_pubsub/py_pubsub.egg-info/entry_points.txt
[1.533s] writing requirements to ../../build/py_pubsub/py_pubsub.egg-info/requires.txt
[1.534s] writing top-level names to ../../build/py_pubsub/py_pubsub.egg-info/top_level.txt
[1.535s] writing manifest file '../../build/py_pubsub/py_pubsub.egg-info/SOURCES.txt'
[1.577s] reading manifest file '../../build/py_pubsub/py_pubsub.egg-info/SOURCES.txt'
[1.578s] writing manifest file '../../build/py_pubsub/py_pubsub.egg-info/SOURCES.txt'
[1.579s] running build
[1.579s] running build_py
[1.579s] creating /home/user1/ros2_ws/build/py_pubsub/build
[1.580s] creating /home/user1/ros2_ws/build/py_pubsub/build/lib
[1.580s] creating /home/user1/ros2_ws/build/py_pubsub/build/lib/py_pubsub
[1.580s] copying py_pubsub/subscriber_member_function.py -> /home/user1/ros2_ws/build/py_pubsub/build/lib/py_pubsub
[1.580s] copying py_pubsub/publisher_member_function.py -> /home/user1/ros2_ws/build/py_pubsub/build/lib/py_pubsub
[1.581s] copying py_pubsub/__init__.py -> /home/user1/ros2_ws/build/py_pubsub/build/lib/py_pubsub
[1.581s] running install
[1.583s] running install_lib
[1.584s] creating /home/user1/ros2_ws/install/py_pubsub/lib/python3.8/site-packages/py_pubsub
[1.585s] copying /home/user1/ros2_ws/build/py_pubsub/build/lib/py_pubsub/subscriber_member_function.py -> /home/user1/ros2_ws/install/py_pubsub/lib/python3.8/site-packages/py_pubsub
[1.585s] copying /home/user1/ros2_ws/build/py_pubsub/build/lib/py_pubsub/publisher_member_function.py -> /home/user1/ros2_ws/install/py_pubsub/lib/python3.8/site-packages/py_pubsub
[1.585s] copying /home/user1/ros2_ws/build/py_pubsub/build/lib/py_pubsub/__init__.py -> /home/user1/ros2_ws/install/py_pubsub/lib/python3.8/site-packages/py_pubsub
[1.586s] byte-compiling /home/user1/ros2_ws/install/py_pubsub/lib/python3.8/site-packages/py_pubsub/subscriber_member_function.py to subscriber_member_function.cpython-38.pyc
[1.589s] byte-compiling /home/user1/ros2_ws/install/py_pubsub/lib/python3.8/site-packages/py_pubsub/publisher_member_function.py to publisher_member_function.cpython-38.pyc
[1.590s] byte-compiling /home/user1/ros2_ws/install/py_pubsub/lib/python3.8/site-packages/py_pubsub/__init__.py to __init__.cpython-38.pyc
[1.590s] running install_data
[1.590s] creating /home/user1/ros2_ws/install/py_pubsub/share/ament_index
[1.591s] creating /home/user1/ros2_ws/install/py_pubsub/share/ament_index/resource_index
[1.591s] creating /home/user1/ros2_ws/install/py_pubsub/share/ament_index/resource_index/packages
[1.591s] copying resource/py_pubsub -> /home/user1/ros2_ws/install/py_pubsub/share/ament_index/resource_index/packages
[1.591s] copying package.xml -> /home/user1/ros2_ws/install/py_pubsub/share/py_pubsub
[1.591s] running install_egg_info
[1.596s] Copying ../../build/py_pubsub/py_pubsub.egg-info to /home/user1/ros2_ws/install/py_pubsub/lib/python3.8/site-packages/py_pubsub-0.0.0-py3.8.egg-info
[1.598s] running install_scripts
[1.649s] Installing listener script to /home/user1/ros2_ws/install/py_pubsub/lib/py_pubsub
[1.650s] Installing talker script to /home/user1/ros2_ws/install/py_pubsub/lib/py_pubsub
[1.650s] writing list of installed files to '/home/user1/ros2_ws/build/py_pubsub/install.log'
[1.702s] Invoked command in '/home/user1/ros2_ws/src/py_pubsub' returned '0': PYTHONPATH=/home/user1/ros2_ws/build/py_pubsub/prefix_override:/usr/lib/python3/dist-packages/colcon_core/task/python/colcon_distutils_commands:/home/user1/ros2_ws/install/py_pubsub/lib/python3.8/site-packages:${PYTHONPATH} /usr/bin/python3 -W ignore:setup.py install is deprecated setup.py egg_info --egg-base ../../build/py_pubsub build --build-base /home/user1/ros2_ws/build/py_pubsub/build install --record /home/user1/ros2_ws/build/py_pubsub/install.log --install-scripts $base/lib/py_pubsub --single-version-externally-managed install_data
