[0.000000] (-) TimerEvent: {}
[0.001429] (-) JobUnselected: {'identifier': 'examples_rclcpp_minimal_action_client'}
[0.001662] (-) JobUnselected: {'identifier': 'examples_rclcpp_minimal_action_server'}
[0.001722] (-) JobUnselected: {'identifier': 'examples_rclcpp_minimal_client'}
[0.002171] (-) JobUnselected: {'identifier': 'examples_rclcpp_minimal_composition'}
[0.002278] (-) JobUnselected: {'identifier': 'examples_rclcpp_minimal_publisher'}
[0.002351] (-) JobUnselected: {'identifier': 'examples_rclcpp_minimal_service'}
[0.002575] (-) JobUnselected: {'identifier': 'examples_rclcpp_minimal_subscriber'}
[0.002739] (-) JobUnselected: {'identifier': 'examples_rclcpp_minimal_timer'}
[0.002912] (-) JobUnselected: {'identifier': 'examples_rclcpp_multithreaded_executor'}
[0.003048] (-) JobUnselected: {'identifier': 'examples_rclpy_executors'}
[0.003105] (-) JobUnselected: {'identifier': 'examples_rclpy_minimal_action_client'}
[0.003225] (-) JobUnselected: {'identifier': 'examples_rclpy_minimal_action_server'}
[0.003352] (-) JobUnselected: {'identifier': 'examples_rclpy_minimal_client'}
[0.003479] (-) JobUnselected: {'identifier': 'examples_rclpy_minimal_publisher'}
[0.003606] (-) JobUnselected: {'identifier': 'examples_rclpy_minimal_service'}
[0.003733] (-) JobUnselected: {'identifier': 'examples_rclpy_minimal_subscriber'}
[0.003860] (-) JobUnselected: {'identifier': 'my_package'}
[0.003989] (-) JobUnselected: {'identifier': 'py_pubsub'}
[0.004123] (-) JobUnselected: {'identifier': 'turtlesim'}
[0.004277] (py_srvcli) JobQueued: {'identifier': 'py_srvcli', 'dependencies': OrderedDict()}
[0.007050] (py_srvcli) JobStarted: {'identifier': 'py_srvcli'}
[0.099048] (-) TimerEvent: {}
[0.200477] (-) TimerEvent: {}
[0.301304] (-) TimerEvent: {}
[0.402300] (-) TimerEvent: {}
[0.503675] (-) TimerEvent: {}
[0.604525] (-) TimerEvent: {}
[0.705517] (-) TimerEvent: {}
[0.806143] (-) TimerEvent: {}
[0.906922] (-) TimerEvent: {}
[1.007920] (-) TimerEvent: {}
[1.108593] (-) TimerEvent: {}
[1.209255] (-) TimerEvent: {}
[1.309980] (-) TimerEvent: {}
[1.410663] (-) TimerEvent: {}
[1.511328] (-) TimerEvent: {}
[1.612302] (-) TimerEvent: {}
[1.713106] (-) TimerEvent: {}
[1.814049] (-) TimerEvent: {}
[1.915018] (-) TimerEvent: {}
[2.015818] (-) TimerEvent: {}
[2.116404] (-) TimerEvent: {}
[2.133540] (py_srvcli) Command: {'cmd': ['/usr/bin/python3', '-W', 'ignore:setup.py install is deprecated', 'setup.py', 'egg_info', '--egg-base', '../../build/py_srvcli', 'build', '--build-base', '/home/user1/ros2_ws/build/py_srvcli/build', 'install', '--record', '/home/user1/ros2_ws/build/py_srvcli/install.log', '--install-scripts', '$base/lib/py_srvcli', '--single-version-externally-managed', 'install_data'], 'cwd': '/home/user1/ros2_ws/src/py_srvcli', 'env': {'USER': 'user1', 'SSH_AGENT_PID': '1152', 'XDG_SESSION_TYPE': 'x11', 'SHLVL': '1', 'LD_LIBRARY_PATH': '/opt/ros/foxy/opt/yaml_cpp_vendor/lib:/opt/ros/foxy/opt/rviz_ogre_vendor/lib:/opt/ros/foxy/lib/x86_64-linux-gnu:/opt/ros/foxy/lib', 'HOME': '/home/user1', 'OLDPWD': '/home/user1', 'DESKTOP_SESSION': 'ubuntu', 'ROS_PYTHON_VERSION': '3', 'GNOME_SHELL_SESSION_MODE': 'ubuntu', 'GTK_MODULES': 'gail:atk-bridge', 'MANAGERPID': '946', 'DBUS_STARTER_BUS_TYPE': 'session', 'DBUS_SESSION_BUS_ADDRESS': 'unix:path=/run/user/1000/bus,guid=56d22877fd9aa08b4b4af8a166f35f1b', 'COLORTERM': 'truecolor', '_colcon_cd_root': '/opt/ros/foxy/', 'IM_CONFIG_PHASE': '1', 'ROS_DISTRO': 'foxy', 'LOGNAME': 'user1', 'JOURNAL_STREAM': '8:47070', '_': '/usr/bin/colcon', 'ROS_VERSION': '2', 'XDG_SESSION_CLASS': 'user', 'USERNAME': 'user1', 'TERM': 'xterm-256color', 'GNOME_DESKTOP_SESSION_ID': 'this-is-deprecated', 'ROS_LOCALHOST_ONLY': '1', 'WINDOWPATH': '2', 'PATH': '/opt/ros/foxy/bin:/usr/local/sbin:/usr/local/bin:/usr/sbin:/usr/bin:/sbin:/bin:/usr/games:/usr/local/games:/snap/bin', 'SESSION_MANAGER': 'local/ubuntu:@/tmp/.ICE-unix/1187,unix/ubuntu:/tmp/.ICE-unix/1187', 'INVOCATION_ID': '72236d3330d24cd49c3398f5dfa8954b', 'XDG_MENU_PREFIX': 'gnome-', 'GNOME_TERMINAL_SCREEN': '/org/gnome/Terminal/screen/d421abe4_6dac_4b85_aea5_69b63c4f6ceb', 'XDG_RUNTIME_DIR': '/run/user/1000', 'DISPLAY': ':0', 'LANG': 'en_US.UTF-8', 'XDG_CURRENT_DESKTOP': 'ubuntu:GNOME', 'XMODIFIERS': '@im=ibus', 'XDG_SESSION_DESKTOP': 'ubuntu', 'XAUTHORITY': '/run/user/1000/gdm/Xauthority', 'GNOME_TERMINAL_SERVICE': ':1.89', 'SSH_AUTH_SOCK': '/run/user/1000/keyring/ssh', 'ROS_DOMAIN_ID': '1', 'AMENT_PREFIX_PATH': '/opt/ros/foxy', 'SHELL': '/bin/bash', 'QT_ACCESSIBILITY': '1', 'GDMSESSION': 'ubuntu', 'GPG_AGENT_INFO': '/run/user/1000/gnupg/S.gpg-agent:0:1', 'QT_IM_MODULE': 'ibus', 'PWD': '/home/user1/ros2_ws/build/py_srvcli', 'LC_ALL': 'en_US.UTF-8', 'XDG_CONFIG_DIRS': '/etc/xdg/xdg-ubuntu:/etc/xdg', 'DBUS_STARTER_ADDRESS': 'unix:path=/run/user/1000/bus,guid=56d22877fd9aa08b4b4af8a166f35f1b', 'XDG_DATA_DIRS': '/usr/share/ubuntu:/usr/local/share/:/usr/share/:/var/lib/snapd/desktop', 'PYTHONPATH': '/home/user1/ros2_ws/build/py_srvcli/prefix_override:/usr/lib/python3/dist-packages/colcon_core/task/python/colcon_distutils_commands:/home/user1/ros2_ws/install/py_srvcli/lib/python3.8/site-packages:/opt/ros/foxy/lib/python3.8/site-packages', 'COLCON': '1', 'VTE_VERSION': '6003'}, 'shell': False}
[2.216849] (-) TimerEvent: {}
[2.317655] (-) TimerEvent: {}
[2.418399] (-) TimerEvent: {}
[2.519233] (-) TimerEvent: {}
[2.619832] (-) TimerEvent: {}
[2.720370] (-) TimerEvent: {}
[2.818537] (py_srvcli) StdoutLine: {'line': b'running egg_info\n'}
[2.820206] (py_srvcli) StdoutLine: {'line': b'writing ../../build/py_srvcli/py_srvcli.egg-info/PKG-INFO\n'}
[2.820578] (-) TimerEvent: {}
[2.822155] (py_srvcli) StdoutLine: {'line': b'writing dependency_links to ../../build/py_srvcli/py_srvcli.egg-info/dependency_links.txt\n'}
[2.823135] (py_srvcli) StdoutLine: {'line': b'writing entry points to ../../build/py_srvcli/py_srvcli.egg-info/entry_points.txt\n'}
[2.823961] (py_srvcli) StdoutLine: {'line': b'writing requirements to ../../build/py_srvcli/py_srvcli.egg-info/requires.txt\n'}
[2.824716] (py_srvcli) StdoutLine: {'line': b'writing top-level names to ../../build/py_srvcli/py_srvcli.egg-info/top_level.txt\n'}
[2.920882] (-) TimerEvent: {}
[2.945682] (py_srvcli) StdoutLine: {'line': b"reading manifest file '../../build/py_srvcli/py_srvcli.egg-info/SOURCES.txt'\n"}
[2.947959] (py_srvcli) StdoutLine: {'line': b"writing manifest file '../../build/py_srvcli/py_srvcli.egg-info/SOURCES.txt'\n"}
[2.948774] (py_srvcli) StdoutLine: {'line': b'running build\n'}
[2.949503] (py_srvcli) StdoutLine: {'line': b'running build_py\n'}
[2.950305] (py_srvcli) StdoutLine: {'line': b'running install\n'}
[2.952905] (py_srvcli) StdoutLine: {'line': b'running install_lib\n'}
[2.958542] (py_srvcli) StdoutLine: {'line': b'running install_data\n'}
[2.959084] (py_srvcli) StdoutLine: {'line': b'running install_egg_info\n'}
[2.966043] (py_srvcli) StdoutLine: {'line': b"removing '/home/user1/ros2_ws/install/py_srvcli/lib/python3.8/site-packages/py_srvcli-0.0.0-py3.8.egg-info' (and everything under it)\n"}
[2.967227] (py_srvcli) StdoutLine: {'line': b'Copying ../../build/py_srvcli/py_srvcli.egg-info to /home/user1/ros2_ws/install/py_srvcli/lib/python3.8/site-packages/py_srvcli-0.0.0-py3.8.egg-info\n'}
[2.970788] (py_srvcli) StdoutLine: {'line': b'running install_scripts\n'}
[3.021284] (-) TimerEvent: {}
[3.050057] (py_srvcli) StdoutLine: {'line': b'Installing client script to /home/user1/ros2_ws/install/py_srvcli/lib/py_srvcli\n'}
[3.051027] (py_srvcli) StdoutLine: {'line': b'Installing service script to /home/user1/ros2_ws/install/py_srvcli/lib/py_srvcli\n'}
[3.052465] (py_srvcli) StdoutLine: {'line': b"writing list of installed files to '/home/user1/ros2_ws/build/py_srvcli/install.log'\n"}
[3.103408] (py_srvcli) CommandEnded: {'returncode': 0}
[3.122484] (-) TimerEvent: {}
[3.141372] (py_srvcli) JobEnded: {'identifier': 'py_srvcli', 'rc': 0}
[3.145556] (-) EventReactorShutdown: {}
