[0.044s] Invoking command in '/home/user1/ros2_ws/build/turtlesim': CMAKE_PREFIX_PATH=/opt/ros/foxy /usr/bin/cmake --build /home/user1/ros2_ws/build/turtlesim -- -j2 -l2
[0.236s] [ 10%] Built target turtlesim__rosidl_generator_c
[0.249s] [ 11%] Built target turtlesim__cpp
[0.317s] [ 21%] Built target turtlesim__rosidl_typesupport_c
[0.329s] [ 31%] Built target turtlesim__rosidl_typesupport_introspection_c
[0.389s] [ 41%] Built target turtlesim__rosidl_typesupport_cpp
[0.404s] [ 51%] Built target turtlesim__rosidl_typesupport_introspection_cpp
[0.450s] [ 61%] Built target turtlesim__rosidl_typesupport_fastrtps_cpp
[0.510s] [ 71%] Built target turtlesim__rosidl_typesupport_fastrtps_c
[0.546s] [ 71%] Built target turtlesim
[0.638s] [ 73%] Built target draw_square
[0.656s] [ 75%] Built target mimic
[0.686s] [ 76%] Built target turtlesim__py
[0.724s] [ 78%] Built target turtle_teleop_key
[0.746s] [35m[1mScanning dependencies of target turtlesim_node[0m
[0.809s] [ 87%] Built target turtlesim__python
[0.858s] [ 89%] Built target turtlesim__rosidl_typesupport_introspection_c__pyext
[0.879s] [ 90%] [32mBuilding CXX object CMakeFiles/turtlesim_node.dir/src/turtle_frame.cpp.o[0m
[0.924s] [ 92%] Built target turtlesim__rosidl_typesupport_fastrtps_c__pyext
[0.959s] [ 94%] Built target turtlesim__rosidl_typesupport_c__pyext
[10.726s] [ 95%] [32m[1mLinking CXX executable turtlesim_node[0m
[12.844s] [100%] Built target turtlesim_node
[12.860s] Invoked command in '/home/user1/ros2_ws/build/turtlesim' returned '0': CMAKE_PREFIX_PATH=/opt/ros/foxy /usr/bin/cmake --build /home/user1/ros2_ws/build/turtlesim -- -j2 -l2
[13.507s] Invoking command in '/home/user1/ros2_ws/build/turtlesim': CMAKE_PREFIX_PATH=/opt/ros/foxy /usr/bin/cmake --install /home/user1/ros2_ws/build/turtlesim
[13.538s] -- Install configuration: ""
[13.538s] -- Up-to-date: /home/user1/ros2_ws/install/turtlesim/share/ament_index/resource_index/rosidl_interfaces/turtlesim
[13.539s] -- Up-to-date: /home/user1/ros2_ws/install/turtlesim/include/turtlesim
[13.539s] -- Up-to-date: /home/user1/ros2_ws/install/turtlesim/include/turtlesim/srv
[13.539s] -- Up-to-date: /home/user1/ros2_ws/install/turtlesim/include/turtlesim/srv/detail
[13.540s] -- Up-to-date: /home/user1/ros2_ws/install/turtlesim/include/turtlesim/srv/detail/teleport_relative__functions.h
[13.540s] -- Up-to-date: /home/user1/ros2_ws/install/turtlesim/include/turtlesim/srv/detail/teleport_absolute__type_support.h
[13.540s] -- Up-to-date: /home/user1/ros2_ws/install/turtlesim/include/turtlesim/srv/detail/teleport_relative__type_support.h
[13.540s] -- Up-to-date: /home/user1/ros2_ws/install/turtlesim/include/turtlesim/srv/detail/teleport_relative__struct.h
[13.540s] -- Up-to-date: /home/user1/ros2_ws/install/turtlesim/include/turtlesim/srv/detail/teleport_relative__functions.c
[13.541s] -- Up-to-date: /home/user1/ros2_ws/install/turtlesim/include/turtlesim/srv/detail/set_pen__functions.c
[13.541s] -- Up-to-date: /home/user1/ros2_ws/install/turtlesim/include/turtlesim/srv/detail/spawn__type_support.h
[13.541s] -- Up-to-date: /home/user1/ros2_ws/install/turtlesim/include/turtlesim/srv/detail/kill__struct.h
[13.541s] -- Up-to-date: /home/user1/ros2_ws/install/turtlesim/include/turtlesim/srv/detail/spawn__struct.h
[13.541s] -- Up-to-date: /home/user1/ros2_ws/install/turtlesim/include/turtlesim/srv/detail/teleport_absolute__functions.c
[13.542s] -- Up-to-date: /home/user1/ros2_ws/install/turtlesim/include/turtlesim/srv/detail/kill__functions.h
[13.542s] -- Up-to-date: /home/user1/ros2_ws/install/turtlesim/include/turtlesim/srv/detail/spawn__functions.h
[13.542s] -- Up-to-date: /home/user1/ros2_ws/install/turtlesim/include/turtlesim/srv/detail/teleport_absolute__struct.h
[13.542s] -- Up-to-date: /home/user1/ros2_ws/install/turtlesim/include/turtlesim/srv/detail/set_pen__struct.h
[13.542s] -- Up-to-date: /home/user1/ros2_ws/install/turtlesim/include/turtlesim/srv/detail/teleport_absolute__functions.h
[13.543s] -- Up-to-date: /home/user1/ros2_ws/install/turtlesim/include/turtlesim/srv/detail/kill__functions.c
[13.543s] -- Up-to-date: /home/user1/ros2_ws/install/turtlesim/include/turtlesim/srv/detail/set_pen__type_support.h
[13.543s] -- Up-to-date: /home/user1/ros2_ws/install/turtlesim/include/turtlesim/srv/detail/kill__type_support.h
[13.543s] -- Up-to-date: /home/user1/ros2_ws/install/turtlesim/include/turtlesim/srv/detail/spawn__functions.c
[13.544s] -- Up-to-date: /home/user1/ros2_ws/install/turtlesim/include/turtlesim/srv/detail/set_pen__functions.h
[13.544s] -- Up-to-date: /home/user1/ros2_ws/install/turtlesim/include/turtlesim/srv/spawn.h
[13.544s] -- Up-to-date: /home/user1/ros2_ws/install/turtlesim/include/turtlesim/srv/kill.h
[13.544s] -- Up-to-date: /home/user1/ros2_ws/install/turtlesim/include/turtlesim/srv/set_pen.h
[13.544s] -- Up-to-date: /home/user1/ros2_ws/install/turtlesim/include/turtlesim/srv/teleport_absolute.h
[13.544s] -- Up-to-date: /home/user1/ros2_ws/install/turtlesim/include/turtlesim/srv/teleport_relative.h
[13.545s] -- Up-to-date: /home/user1/ros2_ws/install/turtlesim/include/turtlesim/action
[13.546s] -- Up-to-date: /home/user1/ros2_ws/install/turtlesim/include/turtlesim/action/detail
[13.546s] -- Up-to-date: /home/user1/ros2_ws/install/turtlesim/include/turtlesim/action/detail/rotate_absolute__functions.h
[13.546s] -- Up-to-date: /home/user1/ros2_ws/install/turtlesim/include/turtlesim/action/detail/rotate_absolute__functions.c
[13.546s] -- Up-to-date: /home/user1/ros2_ws/install/turtlesim/include/turtlesim/action/detail/rotate_absolute__type_support.h
[13.546s] -- Up-to-date: /home/user1/ros2_ws/install/turtlesim/include/turtlesim/action/detail/rotate_absolute__struct.h
[13.546s] -- Up-to-date: /home/user1/ros2_ws/install/turtlesim/include/turtlesim/action/rotate_absolute.h
[13.546s] -- Up-to-date: /home/user1/ros2_ws/install/turtlesim/include/turtlesim/msg
[13.547s] -- Up-to-date: /home/user1/ros2_ws/install/turtlesim/include/turtlesim/msg/detail
[13.547s] -- Up-to-date: /home/user1/ros2_ws/install/turtlesim/include/turtlesim/msg/detail/pose__functions.c
[13.547s] -- Up-to-date: /home/user1/ros2_ws/install/turtlesim/include/turtlesim/msg/detail/pose__type_support.h
[13.547s] -- Up-to-date: /home/user1/ros2_ws/install/turtlesim/include/turtlesim/msg/detail/color__struct.h
[13.547s] -- Up-to-date: /home/user1/ros2_ws/install/turtlesim/include/turtlesim/msg/detail/color__functions.h
[13.547s] -- Up-to-date: /home/user1/ros2_ws/install/turtlesim/include/turtlesim/msg/detail/pose__struct.h
[13.547s] -- Up-to-date: /home/user1/ros2_ws/install/turtlesim/include/turtlesim/msg/detail/color__type_support.h
[13.547s] -- Up-to-date: /home/user1/ros2_ws/install/turtlesim/include/turtlesim/msg/detail/color__functions.c
[13.548s] -- Up-to-date: /home/user1/ros2_ws/install/turtlesim/include/turtlesim/msg/detail/pose__functions.h
[13.549s] -- Up-to-date: /home/user1/ros2_ws/install/turtlesim/include/turtlesim/msg/rosidl_generator_c__visibility_control.h
[13.549s] -- Up-to-date: /home/user1/ros2_ws/install/turtlesim/include/turtlesim/msg/pose.h
[13.549s] -- Up-to-date: /home/user1/ros2_ws/install/turtlesim/include/turtlesim/msg/color.h
[13.549s] -- Up-to-date: /home/user1/ros2_ws/install/turtlesim/share/turtlesim/environment/library_path.sh
[13.549s] -- Up-to-date: /home/user1/ros2_ws/install/turtlesim/share/turtlesim/environment/library_path.dsv
[13.549s] -- Up-to-date: /home/user1/ros2_ws/install/turtlesim/lib/libturtlesim__rosidl_generator_c.so
[13.550s] -- Up-to-date: /home/user1/ros2_ws/install/turtlesim/include/turtlesim
[13.550s] -- Up-to-date: /home/user1/ros2_ws/install/turtlesim/include/turtlesim/srv
[13.550s] -- Up-to-date: /home/user1/ros2_ws/install/turtlesim/include/turtlesim/srv/detail
[13.550s] -- Up-to-date: /home/user1/ros2_ws/install/turtlesim/include/turtlesim/srv/detail/teleport_relative__rosidl_typesupport_fastrtps_c.h
[13.551s] -- Up-to-date: /home/user1/ros2_ws/install/turtlesim/include/turtlesim/srv/detail/kill__rosidl_typesupport_fastrtps_c.h
[13.551s] -- Up-to-date: /home/user1/ros2_ws/install/turtlesim/include/turtlesim/srv/detail/teleport_absolute__rosidl_typesupport_fastrtps_c.h
[13.551s] -- Up-to-date: /home/user1/ros2_ws/install/turtlesim/include/turtlesim/srv/detail/spawn__rosidl_typesupport_fastrtps_c.h
[13.551s] -- Up-to-date: /home/user1/ros2_ws/install/turtlesim/include/turtlesim/srv/detail/set_pen__rosidl_typesupport_fastrtps_c.h
[13.551s] -- Up-to-date: /home/user1/ros2_ws/install/turtlesim/include/turtlesim/action
[13.551s] -- Up-to-date: /home/user1/ros2_ws/install/turtlesim/include/turtlesim/action/detail
[13.551s] -- Up-to-date: /home/user1/ros2_ws/install/turtlesim/include/turtlesim/action/detail/rotate_absolute__rosidl_typesupport_fastrtps_c.h
[13.552s] -- Up-to-date: /home/user1/ros2_ws/install/turtlesim/include/turtlesim/msg
[13.552s] -- Up-to-date: /home/user1/ros2_ws/install/turtlesim/include/turtlesim/msg/detail
[13.553s] -- Up-to-date: /home/user1/ros2_ws/install/turtlesim/include/turtlesim/msg/detail/pose__rosidl_typesupport_fastrtps_c.h
[13.553s] -- Up-to-date: /home/user1/ros2_ws/install/turtlesim/include/turtlesim/msg/detail/color__rosidl_typesupport_fastrtps_c.h
[13.553s] -- Up-to-date: /home/user1/ros2_ws/install/turtlesim/include/turtlesim/msg/rosidl_typesupport_fastrtps_c__visibility_control.h
[13.553s] -- Up-to-date: /home/user1/ros2_ws/install/turtlesim/lib/libturtlesim__rosidl_typesupport_fastrtps_c.so
[13.554s] -- Up-to-date: /home/user1/ros2_ws/install/turtlesim/include/turtlesim
[13.554s] -- Up-to-date: /home/user1/ros2_ws/install/turtlesim/include/turtlesim/srv
[13.554s] -- Up-to-date: /home/user1/ros2_ws/install/turtlesim/include/turtlesim/srv/detail
[13.554s] -- Up-to-date: /home/user1/ros2_ws/install/turtlesim/include/turtlesim/srv/detail/spawn__rosidl_typesupport_fastrtps_cpp.hpp
[13.554s] -- Up-to-date: /home/user1/ros2_ws/install/turtlesim/include/turtlesim/srv/detail/kill__rosidl_typesupport_fastrtps_cpp.hpp
[13.554s] -- Up-to-date: /home/user1/ros2_ws/install/turtlesim/include/turtlesim/srv/detail/set_pen__rosidl_typesupport_fastrtps_cpp.hpp
[13.554s] -- Up-to-date: /home/user1/ros2_ws/install/turtlesim/include/turtlesim/srv/detail/teleport_absolute__rosidl_typesupport_fastrtps_cpp.hpp
[13.554s] -- Up-to-date: /home/user1/ros2_ws/install/turtlesim/include/turtlesim/srv/detail/teleport_relative__rosidl_typesupport_fastrtps_cpp.hpp
[13.554s] -- Up-to-date: /home/user1/ros2_ws/install/turtlesim/include/turtlesim/srv/detail/dds_fastrtps
[13.555s] -- Up-to-date: /home/user1/ros2_ws/install/turtlesim/include/turtlesim/action
[13.555s] -- Up-to-date: /home/user1/ros2_ws/install/turtlesim/include/turtlesim/action/detail
[13.555s] -- Up-to-date: /home/user1/ros2_ws/install/turtlesim/include/turtlesim/action/detail/rotate_absolute__rosidl_typesupport_fastrtps_cpp.hpp
[13.556s] -- Up-to-date: /home/user1/ros2_ws/install/turtlesim/include/turtlesim/action/detail/dds_fastrtps
[13.556s] -- Up-to-date: /home/user1/ros2_ws/install/turtlesim/include/turtlesim/msg
[13.556s] -- Up-to-date: /home/user1/ros2_ws/install/turtlesim/include/turtlesim/msg/detail
[13.556s] -- Up-to-date: /home/user1/ros2_ws/install/turtlesim/include/turtlesim/msg/detail/color__rosidl_typesupport_fastrtps_cpp.hpp
[13.556s] -- Up-to-date: /home/user1/ros2_ws/install/turtlesim/include/turtlesim/msg/detail/pose__rosidl_typesupport_fastrtps_cpp.hpp
[13.556s] -- Up-to-date: /home/user1/ros2_ws/install/turtlesim/include/turtlesim/msg/detail/dds_fastrtps
[13.556s] -- Up-to-date: /home/user1/ros2_ws/install/turtlesim/include/turtlesim/msg/rosidl_typesupport_fastrtps_cpp__visibility_control.h
[13.556s] -- Up-to-date: /home/user1/ros2_ws/install/turtlesim/lib/libturtlesim__rosidl_typesupport_fastrtps_cpp.so
[13.556s] -- Up-to-date: /home/user1/ros2_ws/install/turtlesim/include/turtlesim
[13.557s] -- Up-to-date: /home/user1/ros2_ws/install/turtlesim/include/turtlesim/srv
[13.557s] -- Up-to-date: /home/user1/ros2_ws/install/turtlesim/include/turtlesim/srv/detail
[13.557s] -- Up-to-date: /home/user1/ros2_ws/install/turtlesim/include/turtlesim/srv/detail/spawn__type_support.c
[13.557s] -- Up-to-date: /home/user1/ros2_ws/install/turtlesim/include/turtlesim/srv/detail/teleport_relative__rosidl_typesupport_introspection_c.h
[13.557s] -- Up-to-date: /home/user1/ros2_ws/install/turtlesim/include/turtlesim/srv/detail/spawn__rosidl_typesupport_introspection_c.h
[13.557s] -- Up-to-date: /home/user1/ros2_ws/install/turtlesim/include/turtlesim/srv/detail/kill__type_support.c
[13.557s] -- Up-to-date: /home/user1/ros2_ws/install/turtlesim/include/turtlesim/srv/detail/teleport_absolute__type_support.c
[13.557s] -- Up-to-date: /home/user1/ros2_ws/install/turtlesim/include/turtlesim/srv/detail/set_pen__type_support.c
[13.557s] -- Up-to-date: /home/user1/ros2_ws/install/turtlesim/include/turtlesim/srv/detail/teleport_relative__type_support.c
[13.557s] -- Up-to-date: /home/user1/ros2_ws/install/turtlesim/include/turtlesim/srv/detail/set_pen__rosidl_typesupport_introspection_c.h
[13.557s] -- Up-to-date: /home/user1/ros2_ws/install/turtlesim/include/turtlesim/srv/detail/teleport_absolute__rosidl_typesupport_introspection_c.h
[13.558s] -- Up-to-date: /home/user1/ros2_ws/install/turtlesim/include/turtlesim/srv/detail/kill__rosidl_typesupport_introspection_c.h
[13.558s] -- Up-to-date: /home/user1/ros2_ws/install/turtlesim/include/turtlesim/action
[13.558s] -- Up-to-date: /home/user1/ros2_ws/install/turtlesim/include/turtlesim/action/detail
[13.558s] -- Up-to-date: /home/user1/ros2_ws/install/turtlesim/include/turtlesim/action/detail/rotate_absolute__type_support.c
[13.558s] -- Up-to-date: /home/user1/ros2_ws/install/turtlesim/include/turtlesim/action/detail/rotate_absolute__rosidl_typesupport_introspection_c.h
[13.558s] -- Up-to-date: /home/user1/ros2_ws/install/turtlesim/include/turtlesim/msg
[13.558s] -- Up-to-date: /home/user1/ros2_ws/install/turtlesim/include/turtlesim/msg/detail
[13.558s] -- Up-to-date: /home/user1/ros2_ws/install/turtlesim/include/turtlesim/msg/detail/color__rosidl_typesupport_introspection_c.h
[13.558s] -- Up-to-date: /home/user1/ros2_ws/install/turtlesim/include/turtlesim/msg/detail/color__type_support.c
[13.558s] -- Up-to-date: /home/user1/ros2_ws/install/turtlesim/include/turtlesim/msg/detail/pose__type_support.c
[13.559s] -- Up-to-date: /home/user1/ros2_ws/install/turtlesim/include/turtlesim/msg/detail/pose__rosidl_typesupport_introspection_c.h
[13.559s] -- Up-to-date: /home/user1/ros2_ws/install/turtlesim/include/turtlesim/msg/rosidl_typesupport_introspection_c__visibility_control.h
[13.559s] -- Up-to-date: /home/user1/ros2_ws/install/turtlesim/lib/libturtlesim__rosidl_typesupport_introspection_c.so
[13.559s] -- Up-to-date: /home/user1/ros2_ws/install/turtlesim/lib/libturtlesim__rosidl_typesupport_c.so
[13.559s] -- Up-to-date: /home/user1/ros2_ws/install/turtlesim/include/turtlesim
[13.559s] -- Up-to-date: /home/user1/ros2_ws/install/turtlesim/include/turtlesim/srv
[13.559s] -- Up-to-date: /home/user1/ros2_ws/install/turtlesim/include/turtlesim/srv/spawn.hpp
[13.559s] -- Up-to-date: /home/user1/ros2_ws/install/turtlesim/include/turtlesim/srv/detail
[13.559s] -- Up-to-date: /home/user1/ros2_ws/install/turtlesim/include/turtlesim/srv/detail/kill__traits.hpp
[13.559s] -- Up-to-date: /home/user1/ros2_ws/install/turtlesim/include/turtlesim/srv/detail/spawn__struct.hpp
[13.559s] -- Up-to-date: /home/user1/ros2_ws/install/turtlesim/include/turtlesim/srv/detail/spawn__type_support.hpp
[13.560s] -- Up-to-date: /home/user1/ros2_ws/install/turtlesim/include/turtlesim/srv/detail/set_pen__type_support.hpp
[13.560s] -- Up-to-date: /home/user1/ros2_ws/install/turtlesim/include/turtlesim/srv/detail/teleport_relative__type_support.hpp
[13.560s] -- Up-to-date: /home/user1/ros2_ws/install/turtlesim/include/turtlesim/srv/detail/teleport_relative__struct.hpp
[13.560s] -- Up-to-date: /home/user1/ros2_ws/install/turtlesim/include/turtlesim/srv/detail/spawn__traits.hpp
[13.560s] -- Up-to-date: /home/user1/ros2_ws/install/turtlesim/include/turtlesim/srv/detail/kill__builder.hpp
[13.560s] -- Up-to-date: /home/user1/ros2_ws/install/turtlesim/include/turtlesim/srv/detail/teleport_absolute__struct.hpp
[13.560s] -- Up-to-date: /home/user1/ros2_ws/install/turtlesim/include/turtlesim/srv/detail/teleport_relative__builder.hpp
[13.560s] -- Up-to-date: /home/user1/ros2_ws/install/turtlesim/include/turtlesim/srv/detail/set_pen__traits.hpp
[13.560s] -- Up-to-date: /home/user1/ros2_ws/install/turtlesim/include/turtlesim/srv/detail/kill__struct.hpp
[13.560s] -- Up-to-date: /home/user1/ros2_ws/install/turtlesim/include/turtlesim/srv/detail/teleport_absolute__builder.hpp
[13.561s] -- Up-to-date: /home/user1/ros2_ws/install/turtlesim/include/turtlesim/srv/detail/teleport_absolute__type_support.hpp
[13.561s] -- Up-to-date: /home/user1/ros2_ws/install/turtlesim/include/turtlesim/srv/detail/set_pen__builder.hpp
[13.561s] -- Up-to-date: /home/user1/ros2_ws/install/turtlesim/include/turtlesim/srv/detail/kill__type_support.hpp
[13.561s] -- Up-to-date: /home/user1/ros2_ws/install/turtlesim/include/turtlesim/srv/detail/teleport_absolute__traits.hpp
[13.561s] -- Up-to-date: /home/user1/ros2_ws/install/turtlesim/include/turtlesim/srv/detail/teleport_relative__traits.hpp
[13.561s] -- Up-to-date: /home/user1/ros2_ws/install/turtlesim/include/turtlesim/srv/detail/spawn__builder.hpp
[13.561s] -- Up-to-date: /home/user1/ros2_ws/install/turtlesim/include/turtlesim/srv/detail/set_pen__struct.hpp
[13.561s] -- Up-to-date: /home/user1/ros2_ws/install/turtlesim/include/turtlesim/srv/teleport_absolute.hpp
[13.561s] -- Up-to-date: /home/user1/ros2_ws/install/turtlesim/include/turtlesim/srv/kill.hpp
[13.561s] -- Up-to-date: /home/user1/ros2_ws/install/turtlesim/include/turtlesim/srv/set_pen.hpp
[13.561s] -- Up-to-date: /home/user1/ros2_ws/install/turtlesim/include/turtlesim/srv/teleport_relative.hpp
[13.562s] -- Up-to-date: /home/user1/ros2_ws/install/turtlesim/include/turtlesim/action
[13.562s] -- Up-to-date: /home/user1/ros2_ws/install/turtlesim/include/turtlesim/action/rotate_absolute.hpp
[13.562s] -- Up-to-date: /home/user1/ros2_ws/install/turtlesim/include/turtlesim/action/detail
[13.562s] -- Up-to-date: /home/user1/ros2_ws/install/turtlesim/include/turtlesim/action/detail/rotate_absolute__traits.hpp
[13.562s] -- Up-to-date: /home/user1/ros2_ws/install/turtlesim/include/turtlesim/action/detail/rotate_absolute__type_support.hpp
[13.562s] -- Up-to-date: /home/user1/ros2_ws/install/turtlesim/include/turtlesim/action/detail/rotate_absolute__builder.hpp
[13.562s] -- Up-to-date: /home/user1/ros2_ws/install/turtlesim/include/turtlesim/action/detail/rotate_absolute__struct.hpp
[13.562s] -- Up-to-date: /home/user1/ros2_ws/install/turtlesim/include/turtlesim/msg
[13.562s] -- Up-to-date: /home/user1/ros2_ws/install/turtlesim/include/turtlesim/msg/detail
[13.562s] -- Up-to-date: /home/user1/ros2_ws/install/turtlesim/include/turtlesim/msg/detail/pose__struct.hpp
[13.562s] -- Up-to-date: /home/user1/ros2_ws/install/turtlesim/include/turtlesim/msg/detail/pose__builder.hpp
[13.562s] -- Up-to-date: /home/user1/ros2_ws/install/turtlesim/include/turtlesim/msg/detail/pose__traits.hpp
[13.562s] -- Up-to-date: /home/user1/ros2_ws/install/turtlesim/include/turtlesim/msg/detail/color__builder.hpp
[13.563s] -- Up-to-date: /home/user1/ros2_ws/install/turtlesim/include/turtlesim/msg/detail/color__type_support.hpp
[13.563s] -- Up-to-date: /home/user1/ros2_ws/install/turtlesim/include/turtlesim/msg/detail/color__traits.hpp
[13.563s] -- Up-to-date: /home/user1/ros2_ws/install/turtlesim/include/turtlesim/msg/detail/color__struct.hpp
[13.563s] -- Up-to-date: /home/user1/ros2_ws/install/turtlesim/include/turtlesim/msg/detail/pose__type_support.hpp
[13.563s] -- Up-to-date: /home/user1/ros2_ws/install/turtlesim/include/turtlesim/msg/pose.hpp
[13.563s] -- Up-to-date: /home/user1/ros2_ws/install/turtlesim/include/turtlesim/msg/color.hpp
[13.563s] -- Up-to-date: /home/user1/ros2_ws/install/turtlesim/include/turtlesim/msg/rosidl_generator_cpp__visibility_control.hpp
[13.563s] -- Up-to-date: /home/user1/ros2_ws/install/turtlesim/include/turtlesim
[13.563s] -- Up-to-date: /home/user1/ros2_ws/install/turtlesim/include/turtlesim/srv
[13.563s] -- Up-to-date: /home/user1/ros2_ws/install/turtlesim/include/turtlesim/srv/detail
[13.563s] -- Up-to-date: /home/user1/ros2_ws/install/turtlesim/include/turtlesim/srv/detail/teleport_absolute__rosidl_typesupport_introspection_cpp.hpp
[13.563s] -- Up-to-date: /home/user1/ros2_ws/install/turtlesim/include/turtlesim/srv/detail/set_pen__type_support.cpp
[13.563s] -- Up-to-date: /home/user1/ros2_ws/install/turtlesim/include/turtlesim/srv/detail/spawn__rosidl_typesupport_introspection_cpp.hpp
[13.564s] -- Up-to-date: /home/user1/ros2_ws/install/turtlesim/include/turtlesim/srv/detail/set_pen__rosidl_typesupport_introspection_cpp.hpp
[13.564s] -- Up-to-date: /home/user1/ros2_ws/install/turtlesim/include/turtlesim/srv/detail/teleport_absolute__type_support.cpp
[13.564s] -- Up-to-date: /home/user1/ros2_ws/install/turtlesim/include/turtlesim/srv/detail/kill__type_support.cpp
[13.564s] -- Up-to-date: /home/user1/ros2_ws/install/turtlesim/include/turtlesim/srv/detail/teleport_relative__type_support.cpp
[13.564s] -- Up-to-date: /home/user1/ros2_ws/install/turtlesim/include/turtlesim/srv/detail/spawn__type_support.cpp
[13.564s] -- Up-to-date: /home/user1/ros2_ws/install/turtlesim/include/turtlesim/srv/detail/kill__rosidl_typesupport_introspection_cpp.hpp
[13.564s] -- Up-to-date: /home/user1/ros2_ws/install/turtlesim/include/turtlesim/srv/detail/teleport_relative__rosidl_typesupport_introspection_cpp.hpp
[13.564s] -- Up-to-date: /home/user1/ros2_ws/install/turtlesim/include/turtlesim/action
[13.564s] -- Up-to-date: /home/user1/ros2_ws/install/turtlesim/include/turtlesim/action/detail
[13.564s] -- Up-to-date: /home/user1/ros2_ws/install/turtlesim/include/turtlesim/action/detail/rotate_absolute__rosidl_typesupport_introspection_cpp.hpp
[13.564s] -- Up-to-date: /home/user1/ros2_ws/install/turtlesim/include/turtlesim/action/detail/rotate_absolute__type_support.cpp
[13.564s] -- Up-to-date: /home/user1/ros2_ws/install/turtlesim/include/turtlesim/msg
[13.564s] -- Up-to-date: /home/user1/ros2_ws/install/turtlesim/include/turtlesim/msg/detail
[13.565s] -- Up-to-date: /home/user1/ros2_ws/install/turtlesim/include/turtlesim/msg/detail/pose__type_support.cpp
[13.565s] -- Up-to-date: /home/user1/ros2_ws/install/turtlesim/include/turtlesim/msg/detail/color__rosidl_typesupport_introspection_cpp.hpp
[13.565s] -- Up-to-date: /home/user1/ros2_ws/install/turtlesim/include/turtlesim/msg/detail/color__type_support.cpp
[13.565s] -- Up-to-date: /home/user1/ros2_ws/install/turtlesim/include/turtlesim/msg/detail/pose__rosidl_typesupport_introspection_cpp.hpp
[13.565s] -- Up-to-date: /home/user1/ros2_ws/install/turtlesim/lib/libturtlesim__rosidl_typesupport_introspection_cpp.so
[13.565s] -- Up-to-date: /home/user1/ros2_ws/install/turtlesim/lib/libturtlesim__rosidl_typesupport_cpp.so
[13.565s] -- Up-to-date: /home/user1/ros2_ws/install/turtlesim/share/turtlesim/environment/pythonpath.sh
[13.565s] -- Up-to-date: /home/user1/ros2_ws/install/turtlesim/share/turtlesim/environment/pythonpath.dsv
[13.565s] -- Up-to-date: /home/user1/ros2_ws/install/turtlesim/lib/python3.8/site-packages/turtlesim/__init__.py
[13.590s] -- Up-to-date: /home/user1/ros2_ws/install/turtlesim/lib/python3.8/site-packages/turtlesim/action
[13.590s] -- Up-to-date: /home/user1/ros2_ws/install/turtlesim/lib/python3.8/site-packages/turtlesim/action/_rotate_absolute.py
[13.590s] -- Up-to-date: /home/user1/ros2_ws/install/turtlesim/lib/python3.8/site-packages/turtlesim/action/_rotate_absolute_s.c
[13.590s] -- Up-to-date: /home/user1/ros2_ws/install/turtlesim/lib/python3.8/site-packages/turtlesim/action/__init__.py
[13.590s] -- Up-to-date: /home/user1/ros2_ws/install/turtlesim/lib/python3.8/site-packages/turtlesim/msg
[13.591s] -- Up-to-date: /home/user1/ros2_ws/install/turtlesim/lib/python3.8/site-packages/turtlesim/msg/_color.py
[13.591s] -- Up-to-date: /home/user1/ros2_ws/install/turtlesim/lib/python3.8/site-packages/turtlesim/msg/_pose.py
[13.591s] -- Up-to-date: /home/user1/ros2_ws/install/turtlesim/lib/python3.8/site-packages/turtlesim/msg/__init__.py
[13.591s] -- Up-to-date: /home/user1/ros2_ws/install/turtlesim/lib/python3.8/site-packages/turtlesim/msg/_pose_s.c
[13.591s] -- Up-to-date: /home/user1/ros2_ws/install/turtlesim/lib/python3.8/site-packages/turtlesim/msg/_color_s.c
[13.591s] -- Up-to-date: /home/user1/ros2_ws/install/turtlesim/lib/python3.8/site-packages/turtlesim/srv
[13.591s] -- Up-to-date: /home/user1/ros2_ws/install/turtlesim/lib/python3.8/site-packages/turtlesim/srv/_kill.py
[13.591s] -- Up-to-date: /home/user1/ros2_ws/install/turtlesim/lib/python3.8/site-packages/turtlesim/srv/_set_pen_s.c
[13.591s] -- Up-to-date: /home/user1/ros2_ws/install/turtlesim/lib/python3.8/site-packages/turtlesim/srv/_teleport_absolute.py
[13.591s] -- Up-to-date: /home/user1/ros2_ws/install/turtlesim/lib/python3.8/site-packages/turtlesim/srv/_teleport_relative_s.c
[13.591s] -- Up-to-date: /home/user1/ros2_ws/install/turtlesim/lib/python3.8/site-packages/turtlesim/srv/_teleport_absolute_s.c
[13.591s] -- Up-to-date: /home/user1/ros2_ws/install/turtlesim/lib/python3.8/site-packages/turtlesim/srv/_teleport_relative.py
[13.592s] -- Up-to-date: /home/user1/ros2_ws/install/turtlesim/lib/python3.8/site-packages/turtlesim/srv/_spawn.py
[13.592s] -- Up-to-date: /home/user1/ros2_ws/install/turtlesim/lib/python3.8/site-packages/turtlesim/srv/_kill_s.c
[13.592s] -- Up-to-date: /home/user1/ros2_ws/install/turtlesim/lib/python3.8/site-packages/turtlesim/srv/_set_pen.py
[13.592s] -- Up-to-date: /home/user1/ros2_ws/install/turtlesim/lib/python3.8/site-packages/turtlesim/srv/_spawn_s.c
[13.592s] -- Up-to-date: /home/user1/ros2_ws/install/turtlesim/lib/python3.8/site-packages/turtlesim/srv/__init__.py
[13.592s] -- Up-to-date: /home/user1/ros2_ws/install/turtlesim/lib/python3.8/site-packages/turtlesim/turtlesim_s__rosidl_typesupport_fastrtps_c.cpython-38-x86_64-linux-gnu.so
[13.592s] -- Up-to-date: /home/user1/ros2_ws/install/turtlesim/lib/python3.8/site-packages/turtlesim/turtlesim_s__rosidl_typesupport_introspection_c.cpython-38-x86_64-linux-gnu.so
[13.592s] -- Up-to-date: /home/user1/ros2_ws/install/turtlesim/lib/python3.8/site-packages/turtlesim/turtlesim_s__rosidl_typesupport_c.cpython-38-x86_64-linux-gnu.so
[13.592s] -- Up-to-date: /home/user1/ros2_ws/install/turtlesim/lib/libturtlesim__python.so
[13.593s] -- Up-to-date: /home/user1/ros2_ws/install/turtlesim/share/turtlesim/action/RotateAbsolute.idl
[13.593s] -- Up-to-date: /home/user1/ros2_ws/install/turtlesim/share/turtlesim/msg/Color.idl
[13.593s] -- Up-to-date: /home/user1/ros2_ws/install/turtlesim/share/turtlesim/msg/Pose.idl
[13.593s] -- Up-to-date: /home/user1/ros2_ws/install/turtlesim/share/turtlesim/srv/Kill.idl
[13.593s] -- Up-to-date: /home/user1/ros2_ws/install/turtlesim/share/turtlesim/srv/SetPen.idl
[13.593s] -- Up-to-date: /home/user1/ros2_ws/install/turtlesim/share/turtlesim/srv/Spawn.idl
[13.593s] -- Up-to-date: /home/user1/ros2_ws/install/turtlesim/share/turtlesim/srv/TeleportAbsolute.idl
[13.594s] -- Up-to-date: /home/user1/ros2_ws/install/turtlesim/share/turtlesim/srv/TeleportRelative.idl
[13.594s] -- Up-to-date: /home/user1/ros2_ws/install/turtlesim/share/turtlesim/action/RotateAbsolute.action
[13.594s] -- Up-to-date: /home/user1/ros2_ws/install/turtlesim/share/turtlesim/msg/Color.msg
[13.594s] -- Up-to-date: /home/user1/ros2_ws/install/turtlesim/share/turtlesim/msg/Pose.msg
[13.594s] -- Up-to-date: /home/user1/ros2_ws/install/turtlesim/share/turtlesim/srv/Kill.srv
[13.594s] -- Up-to-date: /home/user1/ros2_ws/install/turtlesim/share/turtlesim/srv/Kill_Request.msg
[13.594s] -- Up-to-date: /home/user1/ros2_ws/install/turtlesim/share/turtlesim/srv/Kill_Response.msg
[13.594s] -- Up-to-date: /home/user1/ros2_ws/install/turtlesim/share/turtlesim/srv/SetPen.srv
[13.594s] -- Up-to-date: /home/user1/ros2_ws/install/turtlesim/share/turtlesim/srv/SetPen_Request.msg
[13.594s] -- Up-to-date: /home/user1/ros2_ws/install/turtlesim/share/turtlesim/srv/SetPen_Response.msg
[13.594s] -- Up-to-date: /home/user1/ros2_ws/install/turtlesim/share/turtlesim/srv/Spawn.srv
[13.594s] -- Up-to-date: /home/user1/ros2_ws/install/turtlesim/share/turtlesim/srv/Spawn_Request.msg
[13.594s] -- Up-to-date: /home/user1/ros2_ws/install/turtlesim/share/turtlesim/srv/Spawn_Response.msg
[13.595s] -- Up-to-date: /home/user1/ros2_ws/install/turtlesim/share/turtlesim/srv/TeleportAbsolute.srv
[13.595s] -- Up-to-date: /home/user1/ros2_ws/install/turtlesim/share/turtlesim/srv/TeleportAbsolute_Request.msg
[13.595s] -- Up-to-date: /home/user1/ros2_ws/install/turtlesim/share/turtlesim/srv/TeleportAbsolute_Response.msg
[13.595s] -- Up-to-date: /home/user1/ros2_ws/install/turtlesim/share/turtlesim/srv/TeleportRelative.srv
[13.595s] -- Up-to-date: /home/user1/ros2_ws/install/turtlesim/share/turtlesim/srv/TeleportRelative_Request.msg
[13.595s] -- Up-to-date: /home/user1/ros2_ws/install/turtlesim/share/turtlesim/srv/TeleportRelative_Response.msg
[13.595s] -- Installing: /home/user1/ros2_ws/install/turtlesim/lib/turtlesim/turtlesim_node
[13.600s] -- Set runtime path of "/home/user1/ros2_ws/install/turtlesim/lib/turtlesim/turtlesim_node" to ""
[13.601s] -- Up-to-date: /home/user1/ros2_ws/install/turtlesim/lib/turtlesim/turtle_teleop_key
[13.601s] -- Up-to-date: /home/user1/ros2_ws/install/turtlesim/lib/turtlesim/draw_square
[13.602s] -- Up-to-date: /home/user1/ros2_ws/install/turtlesim/lib/turtlesim/mimic
[13.602s] -- Up-to-date: /home/user1/ros2_ws/install/turtlesim/share/turtlesim/images
[13.602s] -- Up-to-date: /home/user1/ros2_ws/install/turtlesim/share/turtlesim/images/ardent.png
[13.603s] -- Up-to-date: /home/user1/ros2_ws/install/turtlesim/share/turtlesim/images/dashing.png
[13.603s] -- Up-to-date: /home/user1/ros2_ws/install/turtlesim/share/turtlesim/images/bouncy.png
[13.603s] -- Up-to-date: /home/user1/ros2_ws/install/turtlesim/share/turtlesim/images/crystal.png
[13.603s] -- Up-to-date: /home/user1/ros2_ws/install/turtlesim/share/turtlesim/images/foxy.png
[13.603s] -- Up-to-date: /home/user1/ros2_ws/install/turtlesim/share/turtlesim/images/eloquent.png
[13.603s] -- Up-to-date: /home/user1/ros2_ws/install/turtlesim/share/turtlesim/launch
[13.603s] -- Up-to-date: /home/user1/ros2_ws/install/turtlesim/share/turtlesim/launch/multisim.launch.py
[13.603s] -- Up-to-date: /home/user1/ros2_ws/install/turtlesim/share/ament_index/resource_index/package_run_dependencies/turtlesim
[13.603s] -- Up-to-date: /home/user1/ros2_ws/install/turtlesim/share/ament_index/resource_index/parent_prefix_path/turtlesim
[13.603s] -- Up-to-date: /home/user1/ros2_ws/install/turtlesim/share/turtlesim/environment/ament_prefix_path.sh
[13.603s] -- Up-to-date: /home/user1/ros2_ws/install/turtlesim/share/turtlesim/environment/ament_prefix_path.dsv
[13.603s] -- Up-to-date: /home/user1/ros2_ws/install/turtlesim/share/turtlesim/environment/path.sh
[13.603s] -- Up-to-date: /home/user1/ros2_ws/install/turtlesim/share/turtlesim/environment/path.dsv
[13.604s] -- Up-to-date: /home/user1/ros2_ws/install/turtlesim/share/turtlesim/local_setup.bash
[13.604s] -- Up-to-date: /home/user1/ros2_ws/install/turtlesim/share/turtlesim/local_setup.sh
[13.604s] -- Up-to-date: /home/user1/ros2_ws/install/turtlesim/share/turtlesim/local_setup.zsh
[13.604s] -- Up-to-date: /home/user1/ros2_ws/install/turtlesim/share/turtlesim/local_setup.dsv
[13.604s] -- Installing: /home/user1/ros2_ws/install/turtlesim/share/turtlesim/package.dsv
[13.604s] -- Up-to-date: /home/user1/ros2_ws/install/turtlesim/share/ament_index/resource_index/packages/turtlesim
[13.604s] -- Up-to-date: /home/user1/ros2_ws/install/turtlesim/share/turtlesim/cmake/turtlesim__rosidl_generator_cExport.cmake
[13.604s] -- Up-to-date: /home/user1/ros2_ws/install/turtlesim/share/turtlesim/cmake/turtlesim__rosidl_generator_cExport-noconfig.cmake
[13.604s] -- Up-to-date: /home/user1/ros2_ws/install/turtlesim/share/turtlesim/cmake/turtlesim__rosidl_typesupport_introspection_cExport.cmake
[13.604s] -- Up-to-date: /home/user1/ros2_ws/install/turtlesim/share/turtlesim/cmake/turtlesim__rosidl_typesupport_introspection_cExport-noconfig.cmake
[13.604s] -- Up-to-date: /home/user1/ros2_ws/install/turtlesim/share/turtlesim/cmake/turtlesim__rosidl_typesupport_cExport.cmake
[13.604s] -- Up-to-date: /home/user1/ros2_ws/install/turtlesim/share/turtlesim/cmake/turtlesim__rosidl_typesupport_cExport-noconfig.cmake
[13.604s] -- Up-to-date: /home/user1/ros2_ws/install/turtlesim/share/turtlesim/cmake/turtlesim__rosidl_generator_cppExport.cmake
[13.604s] -- Up-to-date: /home/user1/ros2_ws/install/turtlesim/share/turtlesim/cmake/turtlesim__rosidl_typesupport_introspection_cppExport.cmake
[13.604s] -- Up-to-date: /home/user1/ros2_ws/install/turtlesim/share/turtlesim/cmake/turtlesim__rosidl_typesupport_introspection_cppExport-noconfig.cmake
[13.605s] -- Up-to-date: /home/user1/ros2_ws/install/turtlesim/share/turtlesim/cmake/turtlesim__rosidl_typesupport_cppExport.cmake
[13.605s] -- Up-to-date: /home/user1/ros2_ws/install/turtlesim/share/turtlesim/cmake/turtlesim__rosidl_typesupport_cppExport-noconfig.cmake
[13.605s] -- Up-to-date: /home/user1/ros2_ws/install/turtlesim/share/turtlesim/cmake/rosidl_cmake-extras.cmake
[13.605s] -- Up-to-date: /home/user1/ros2_ws/install/turtlesim/share/turtlesim/cmake/ament_cmake_export_dependencies-extras.cmake
[13.605s] -- Up-to-date: /home/user1/ros2_ws/install/turtlesim/share/turtlesim/cmake/ament_cmake_export_libraries-extras.cmake
[13.605s] -- Up-to-date: /home/user1/ros2_ws/install/turtlesim/share/turtlesim/cmake/ament_cmake_export_targets-extras.cmake
[13.605s] -- Up-to-date: /home/user1/ros2_ws/install/turtlesim/share/turtlesim/cmake/ament_cmake_export_include_directories-extras.cmake
[13.605s] -- Up-to-date: /home/user1/ros2_ws/install/turtlesim/share/turtlesim/cmake/rosidl_cmake_export_typesupport_libraries-extras.cmake
[13.605s] -- Up-to-date: /home/user1/ros2_ws/install/turtlesim/share/turtlesim/cmake/rosidl_cmake_export_typesupport_targets-extras.cmake
[13.605s] -- Up-to-date: /home/user1/ros2_ws/install/turtlesim/share/turtlesim/cmake/turtlesimConfig.cmake
[13.605s] -- Up-to-date: /home/user1/ros2_ws/install/turtlesim/share/turtlesim/cmake/turtlesimConfig-version.cmake
[13.605s] -- Up-to-date: /home/user1/ros2_ws/install/turtlesim/share/turtlesim/package.xml
[13.610s] Invoked command in '/home/user1/ros2_ws/build/turtlesim' returned '0': CMAKE_PREFIX_PATH=/opt/ros/foxy /usr/bin/cmake --install /home/user1/ros2_ws/build/turtlesim
