[2.734s] Invoking command in '/home/user1/ros2_ws/build/examples_rclpy_executors': PYTHONPATH=/home/user1/ros2_ws/build/examples_rclpy_executors/prefix_override:/usr/lib/python3/dist-packages/colcon_core/task/python/colcon_distutils_commands:/home/user1/ros2_ws/install/examples_rclpy_executors/lib/python3.8/site-packages:${PYTHONPATH} /usr/bin/python3 -W ignore:setup.py install is deprecated setup.py develop --editable --build-directory /home/user1/ros2_ws/build/examples_rclpy_executors/build --no-deps symlink_data
[3.746s] running develop
[4.233s] running egg_info
[4.233s] creating examples_rclpy_executors.egg-info
[4.234s] writing examples_rclpy_executors.egg-info/PKG-INFO
[4.234s] writing dependency_links to examples_rclpy_executors.egg-info/dependency_links.txt
[4.234s] writing entry points to examples_rclpy_executors.egg-info/entry_points.txt
[4.235s] writing requirements to examples_rclpy_executors.egg-info/requires.txt
[4.235s] writing top-level names to examples_rclpy_executors.egg-info/top_level.txt
[4.247s] writing manifest file 'examples_rclpy_executors.egg-info/SOURCES.txt'
[4.380s] reading manifest file 'examples_rclpy_executors.egg-info/SOURCES.txt'
[4.383s] writing manifest file 'examples_rclpy_executors.egg-info/SOURCES.txt'
[4.519s] running build_ext
[4.531s] Creating /home/user1/ros2_ws/install/examples_rclpy_executors/lib/python3.8/site-packages/site.py
[4.535s] Creating /home/user1/ros2_ws/install/examples_rclpy_executors/lib/python3.8/site-packages/examples-rclpy-executors.egg-link (link to .)
[4.537s] Installing callback_group script to /home/user1/ros2_ws/install/examples_rclpy_executors/lib/examples_rclpy_executors
[4.538s] Installing composed script to /home/user1/ros2_ws/install/examples_rclpy_executors/lib/examples_rclpy_executors
[4.538s] Installing custom_callback_group script to /home/user1/ros2_ws/install/examples_rclpy_executors/lib/examples_rclpy_executors
[4.539s] Installing custom_executor script to /home/user1/ros2_ws/install/examples_rclpy_executors/lib/examples_rclpy_executors
[4.539s] Installing listener script to /home/user1/ros2_ws/install/examples_rclpy_executors/lib/examples_rclpy_executors
[4.540s] Installing talker script to /home/user1/ros2_ws/install/examples_rclpy_executors/lib/examples_rclpy_executors
[4.540s] 
[4.540s] Installed /home/user1/ros2_ws/build/examples_rclpy_executors
[4.541s] running symlink_data
[4.541s] creating /home/user1/ros2_ws/install/examples_rclpy_executors/share/ament_index
[4.541s] creating /home/user1/ros2_ws/install/examples_rclpy_executors/share/ament_index/resource_index
[4.542s] creating /home/user1/ros2_ws/install/examples_rclpy_executors/share/ament_index/resource_index/packages
[4.542s] symbolically linking /home/user1/ros2_ws/build/examples_rclpy_executors/resource/examples_rclpy_executors -> /home/user1/ros2_ws/install/examples_rclpy_executors/share/ament_index/resource_index/packages
[4.542s] symbolically linking /home/user1/ros2_ws/build/examples_rclpy_executors/package.xml -> /home/user1/ros2_ws/install/examples_rclpy_executors/share/examples_rclpy_executors
[4.622s] Invoked command in '/home/user1/ros2_ws/build/examples_rclpy_executors' returned '0': PYTHONPATH=/home/user1/ros2_ws/build/examples_rclpy_executors/prefix_override:/usr/lib/python3/dist-packages/colcon_core/task/python/colcon_distutils_commands:/home/user1/ros2_ws/install/examples_rclpy_executors/lib/python3.8/site-packages:${PYTHONPATH} /usr/bin/python3 -W ignore:setup.py install is deprecated setup.py develop --editable --build-directory /home/user1/ros2_ws/build/examples_rclpy_executors/build --no-deps symlink_data
