[2.794s] Invoking command in '/home/user1/ros2_ws/src/examples/rclpy/services/minimal_client': PYTHONPATH=/home/user1/ros2_ws/build/examples_rclpy_minimal_client/prefix_override:/usr/lib/python3/dist-packages/colcon_core/task/python/colcon_distutils_commands:/home/user1/ros2_ws/install/examples_rclpy_minimal_client/lib/python3.8/site-packages:${PYTHONPATH} /usr/bin/python3 -W ignore:setup.py install is deprecated setup.py egg_info --egg-base ../../../../../build/examples_rclpy_minimal_client build --build-base /home/user1/ros2_ws/build/examples_rclpy_minimal_client/build install --record /home/user1/ros2_ws/build/examples_rclpy_minimal_client/install.log --install-scripts $base/lib/examples_rclpy_minimal_client --single-version-externally-managed install_data
[3.568s] running egg_info
[3.570s] writing ../../../../../build/examples_rclpy_minimal_client/examples_rclpy_minimal_client.egg-info/PKG-INFO
[3.572s] writing dependency_links to ../../../../../build/examples_rclpy_minimal_client/examples_rclpy_minimal_client.egg-info/dependency_links.txt
[3.573s] writing entry points to ../../../../../build/examples_rclpy_minimal_client/examples_rclpy_minimal_client.egg-info/entry_points.txt
[3.574s] writing requirements to ../../../../../build/examples_rclpy_minimal_client/examples_rclpy_minimal_client.egg-info/requires.txt
[3.575s] writing top-level names to ../../../../../build/examples_rclpy_minimal_client/examples_rclpy_minimal_client.egg-info/top_level.txt
[3.687s] reading manifest file '../../../../../build/examples_rclpy_minimal_client/examples_rclpy_minimal_client.egg-info/SOURCES.txt'
[3.693s] writing manifest file '../../../../../build/examples_rclpy_minimal_client/examples_rclpy_minimal_client.egg-info/SOURCES.txt'
[3.694s] running build
[3.694s] running build_py
[3.697s] running install
[3.699s] running install_lib
[3.706s] running install_data
[3.707s] running install_egg_info
[3.711s] removing '/home/user1/ros2_ws/install/examples_rclpy_minimal_client/lib/python3.8/site-packages/examples_rclpy_minimal_client-0.9.4-py3.8.egg-info' (and everything under it)
[3.712s] Copying ../../../../../build/examples_rclpy_minimal_client/examples_rclpy_minimal_client.egg-info to /home/user1/ros2_ws/install/examples_rclpy_minimal_client/lib/python3.8/site-packages/examples_rclpy_minimal_client-0.9.4-py3.8.egg-info
[3.716s] running install_scripts
[3.763s] Installing client script to /home/user1/ros2_ws/install/examples_rclpy_minimal_client/lib/examples_rclpy_minimal_client
[3.764s] Installing client_async script to /home/user1/ros2_ws/install/examples_rclpy_minimal_client/lib/examples_rclpy_minimal_client
[3.765s] Installing client_async_callback script to /home/user1/ros2_ws/install/examples_rclpy_minimal_client/lib/examples_rclpy_minimal_client
[3.766s] Installing client_async_member_function script to /home/user1/ros2_ws/install/examples_rclpy_minimal_client/lib/examples_rclpy_minimal_client
[3.767s] writing list of installed files to '/home/user1/ros2_ws/build/examples_rclpy_minimal_client/install.log'
[3.817s] Invoked command in '/home/user1/ros2_ws/src/examples/rclpy/services/minimal_client' returned '0': PYTHONPATH=/home/user1/ros2_ws/build/examples_rclpy_minimal_client/prefix_override:/usr/lib/python3/dist-packages/colcon_core/task/python/colcon_distutils_commands:/home/user1/ros2_ws/install/examples_rclpy_minimal_client/lib/python3.8/site-packages:${PYTHONPATH} /usr/bin/python3 -W ignore:setup.py install is deprecated setup.py egg_info --egg-base ../../../../../build/examples_rclpy_minimal_client build --build-base /home/user1/ros2_ws/build/examples_rclpy_minimal_client/build install --record /home/user1/ros2_ws/build/examples_rclpy_minimal_client/install.log --install-scripts $base/lib/examples_rclpy_minimal_client --single-version-externally-managed install_data
