[0.042s] Invoking command in '/home/user1/ros2_ws/build/examples_rclcpp_minimal_action_client': CMAKE_PREFIX_PATH=${CMAKE_PREFIX_PATH}:/home/user1/install/py_srvcli:/home/user1/install/py_pubsub:/home/user1/install/my_package:/home/user1/install/examples_rclpy_minimal_subscriber:/home/user1/install/examples_rclpy_minimal_service:/home/user1/install/examples_rclpy_minimal_publisher:/home/user1/install/examples_rclpy_minimal_client:/home/user1/install/examples_rclpy_minimal_action_server:/home/user1/install/examples_rclpy_minimal_action_client:/home/user1/install/examples_rclpy_executors:/opt/ros/foxy /usr/bin/cmake /home/user1/ros2_ws/src/examples/rclcpp/actions/minimal_action_client -DCMAKE_INSTALL_PREFIX=/home/user1/ros2_ws/install/examples_rclcpp_minimal_action_client
[0.215s] -- The C compiler identification is GNU 9.4.0
[0.336s] -- The CXX compiler identification is GNU 9.4.0
[0.350s] -- Check for working C compiler: /usr/bin/cc
[0.488s] -- Check for working C compiler: /usr/bin/cc -- works
[0.489s] -- Detecting C compiler ABI info
[0.609s] -- Detecting C compiler ABI info - done
[0.628s] -- Detecting C compile features
[0.629s] -- Detecting C compile features - done
[0.633s] -- Check for working CXX compiler: /usr/bin/c++
[0.765s] -- Check for working CXX compiler: /usr/bin/c++ -- works
[0.767s] -- Detecting CXX compiler ABI info
[0.907s] -- Detecting CXX compiler ABI info - done
[0.939s] -- Detecting CXX compile features
[0.939s] -- Detecting CXX compile features - done
[0.945s] -- Found ament_cmake: 0.9.12 (/opt/ros/foxy/share/ament_cmake/cmake)
[1.013s] -- Found PythonInterp: /usr/bin/python3 (found suitable version "3.8.10", minimum required is "3") 
[1.013s] -- Using PYTHON_EXECUTABLE: /usr/bin/python3
[1.399s] -- Found example_interfaces: 0.9.1 (/opt/ros/foxy/share/example_interfaces/cmake)
[1.458s] -- Using all available rosidl_typesupport_c: rosidl_typesupport_fastrtps_c;rosidl_typesupport_introspection_c
[1.476s] -- Found rosidl_adapter: 1.3.1 (/opt/ros/foxy/share/rosidl_adapter/cmake)
[1.726s] -- Found OpenSSL: /usr/lib/x86_64-linux-gnu/libcrypto.so (found version "1.1.1f")  
[1.773s] -- Found FastRTPS: /opt/ros/foxy/include  
[1.959s] -- Using all available rosidl_typesupport_cpp: rosidl_typesupport_fastrtps_cpp;rosidl_typesupport_introspection_cpp
[2.198s] -- Found rclcpp: 2.4.3 (/opt/ros/foxy/share/rclcpp/cmake)
[2.285s] -- Found rmw_implementation_cmake: 1.0.4 (/opt/ros/foxy/share/rmw_implementation_cmake/cmake)
[2.293s] -- Using RMW implementation 'rmw_fastrtps_cpp' as default
[2.295s] -- Looking for pthread.h
[2.442s] -- Looking for pthread.h - found
[2.443s] -- Performing Test CMAKE_HAVE_LIBC_PTHREAD
[2.741s] -- Performing Test CMAKE_HAVE_LIBC_PTHREAD - Failed
[2.741s] -- Looking for pthread_create in pthreads
[3.019s] -- Looking for pthread_create in pthreads - not found
[3.023s] -- Looking for pthread_create in pthread
[3.380s] -- Looking for pthread_create in pthread - found
[3.391s] -- Found Threads: TRUE  
[3.795s] -- Found rclcpp_action: 2.4.3 (/opt/ros/foxy/share/rclcpp_action/cmake)
[3.907s] -- Found ament_lint_auto: 0.9.8 (/opt/ros/foxy/share/ament_lint_auto/cmake)
[4.075s] -- Added test 'copyright' to check source files copyright and LICENSE
[4.079s] -- Added test 'cppcheck' to perform static code analysis on C / C++ code
[4.083s] -- Configured cppcheck include dirs: 
[4.090s] -- Configured cppcheck exclude dirs and/or files: 
[4.091s] -- Added test 'cpplint' to check C / C++ code against the Google style
[4.091s] -- Configured cpplint exclude dirs and/or files: 
[4.093s] -- Added test 'lint_cmake' to check CMake code style
[4.095s] -- Added test 'uncrustify' to check C / C++ code style
[4.095s] -- Configured uncrustify additional arguments: 
[4.097s] -- Added test 'xmllint' to check XML markup files
[4.116s] -- Configuring done
[4.150s] -- Generating done
[4.152s] -- Build files have been written to: /home/user1/ros2_ws/build/examples_rclcpp_minimal_action_client
[4.171s] Invoked command in '/home/user1/ros2_ws/build/examples_rclcpp_minimal_action_client' returned '0': CMAKE_PREFIX_PATH=${CMAKE_PREFIX_PATH}:/home/user1/install/py_srvcli:/home/user1/install/py_pubsub:/home/user1/install/my_package:/home/user1/install/examples_rclpy_minimal_subscriber:/home/user1/install/examples_rclpy_minimal_service:/home/user1/install/examples_rclpy_minimal_publisher:/home/user1/install/examples_rclpy_minimal_client:/home/user1/install/examples_rclpy_minimal_action_server:/home/user1/install/examples_rclpy_minimal_action_client:/home/user1/install/examples_rclpy_executors:/opt/ros/foxy /usr/bin/cmake /home/user1/ros2_ws/src/examples/rclcpp/actions/minimal_action_client -DCMAKE_INSTALL_PREFIX=/home/user1/ros2_ws/install/examples_rclcpp_minimal_action_client
[4.172s] Invoking command in '/home/user1/ros2_ws/build/examples_rclcpp_minimal_action_client': CMAKE_PREFIX_PATH=${CMAKE_PREFIX_PATH}:/home/user1/install/py_srvcli:/home/user1/install/py_pubsub:/home/user1/install/my_package:/home/user1/install/examples_rclpy_minimal_subscriber:/home/user1/install/examples_rclpy_minimal_service:/home/user1/install/examples_rclpy_minimal_publisher:/home/user1/install/examples_rclpy_minimal_client:/home/user1/install/examples_rclpy_minimal_action_server:/home/user1/install/examples_rclpy_minimal_action_client:/home/user1/install/examples_rclpy_executors:/opt/ros/foxy /usr/bin/cmake --build /home/user1/ros2_ws/build/examples_rclcpp_minimal_action_client -- -j2 -l2
[4.319s] [35m[1mScanning dependencies of target action_client_not_composable[0m
[4.322s] [35m[1mScanning dependencies of target action_client_not_composable_with_cancel[0m
[4.511s] [ 12%] [32mBuilding CXX object CMakeFiles/action_client_not_composable_with_cancel.dir/not_composable_with_cancel.cpp.o[0m
[4.530s] [ 25%] [32mBuilding CXX object CMakeFiles/action_client_not_composable.dir/not_composable.cpp.o[0m
[14.606s] [ 37%] [32m[1mLinking CXX executable action_client_not_composable[0m
[15.010s] [ 37%] Built target action_client_not_composable
[15.026s] [ 50%] [32m[1mLinking CXX executable action_client_not_composable_with_cancel[0m
[15.062s] [35m[1mScanning dependencies of target action_client_not_composable_with_feedback[0m
[15.241s] [ 62%] [32mBuilding CXX object CMakeFiles/action_client_not_composable_with_feedback.dir/not_composable_with_feedback.cpp.o[0m
[15.332s] [ 62%] Built target action_client_not_composable_with_cancel
[15.351s] [35m[1mScanning dependencies of target action_client_member_functions[0m
[15.446s] [ 75%] [32mBuilding CXX object CMakeFiles/action_client_member_functions.dir/member_functions.cpp.o[0m
[21.858s] [ 87%] [32m[1mLinking CXX executable action_client_not_composable_with_feedback[0m
[22.423s] [ 87%] Built target action_client_not_composable_with_feedback
[22.902s] [100%] [32m[1mLinking CXX executable action_client_member_functions[0m
[23.187s] [100%] Built target action_client_member_functions
[23.228s] Invoked command in '/home/user1/ros2_ws/build/examples_rclcpp_minimal_action_client' returned '0': CMAKE_PREFIX_PATH=${CMAKE_PREFIX_PATH}:/home/user1/install/py_srvcli:/home/user1/install/py_pubsub:/home/user1/install/my_package:/home/user1/install/examples_rclpy_minimal_subscriber:/home/user1/install/examples_rclpy_minimal_service:/home/user1/install/examples_rclpy_minimal_publisher:/home/user1/install/examples_rclpy_minimal_client:/home/user1/install/examples_rclpy_minimal_action_server:/home/user1/install/examples_rclpy_minimal_action_client:/home/user1/install/examples_rclpy_executors:/opt/ros/foxy /usr/bin/cmake --build /home/user1/ros2_ws/build/examples_rclcpp_minimal_action_client -- -j2 -l2
[23.334s] Invoking command in '/home/user1/ros2_ws/build/examples_rclcpp_minimal_action_client': CMAKE_PREFIX_PATH=${CMAKE_PREFIX_PATH}:/home/user1/install/py_srvcli:/home/user1/install/py_pubsub:/home/user1/install/my_package:/home/user1/install/examples_rclpy_minimal_subscriber:/home/user1/install/examples_rclpy_minimal_service:/home/user1/install/examples_rclpy_minimal_publisher:/home/user1/install/examples_rclpy_minimal_client:/home/user1/install/examples_rclpy_minimal_action_server:/home/user1/install/examples_rclpy_minimal_action_client:/home/user1/install/examples_rclpy_executors:/opt/ros/foxy /usr/bin/cmake --install /home/user1/ros2_ws/build/examples_rclcpp_minimal_action_client
[23.349s] -- Install configuration: ""
[23.350s] -- Installing: /home/user1/ros2_ws/install/examples_rclcpp_minimal_action_client/lib/examples_rclcpp_minimal_action_client/action_client_member_functions
[23.352s] -- Set runtime path of "/home/user1/ros2_ws/install/examples_rclcpp_minimal_action_client/lib/examples_rclcpp_minimal_action_client/action_client_member_functions" to ""
[23.352s] -- Installing: /home/user1/ros2_ws/install/examples_rclcpp_minimal_action_client/lib/examples_rclcpp_minimal_action_client/action_client_not_composable
[23.353s] -- Set runtime path of "/home/user1/ros2_ws/install/examples_rclcpp_minimal_action_client/lib/examples_rclcpp_minimal_action_client/action_client_not_composable" to ""
[23.354s] -- Installing: /home/user1/ros2_ws/install/examples_rclcpp_minimal_action_client/lib/examples_rclcpp_minimal_action_client/action_client_not_composable_with_cancel
[23.355s] -- Set runtime path of "/home/user1/ros2_ws/install/examples_rclcpp_minimal_action_client/lib/examples_rclcpp_minimal_action_client/action_client_not_composable_with_cancel" to ""
[23.356s] -- Installing: /home/user1/ros2_ws/install/examples_rclcpp_minimal_action_client/lib/examples_rclcpp_minimal_action_client/action_client_not_composable_with_feedback
[23.357s] -- Set runtime path of "/home/user1/ros2_ws/install/examples_rclcpp_minimal_action_client/lib/examples_rclcpp_minimal_action_client/action_client_not_composable_with_feedback" to ""
[23.357s] -- Installing: /home/user1/ros2_ws/install/examples_rclcpp_minimal_action_client/share/ament_index/resource_index/package_run_dependencies/examples_rclcpp_minimal_action_client
[23.358s] -- Installing: /home/user1/ros2_ws/install/examples_rclcpp_minimal_action_client/share/ament_index/resource_index/parent_prefix_path/examples_rclcpp_minimal_action_client
[23.358s] -- Installing: /home/user1/ros2_ws/install/examples_rclcpp_minimal_action_client/share/examples_rclcpp_minimal_action_client/environment/ament_prefix_path.sh
[23.360s] -- Installing: /home/user1/ros2_ws/install/examples_rclcpp_minimal_action_client/share/examples_rclcpp_minimal_action_client/environment/ament_prefix_path.dsv
[23.360s] -- Installing: /home/user1/ros2_ws/install/examples_rclcpp_minimal_action_client/share/examples_rclcpp_minimal_action_client/environment/path.sh
[23.360s] -- Installing: /home/user1/ros2_ws/install/examples_rclcpp_minimal_action_client/share/examples_rclcpp_minimal_action_client/environment/path.dsv
[23.361s] -- Installing: /home/user1/ros2_ws/install/examples_rclcpp_minimal_action_client/share/examples_rclcpp_minimal_action_client/local_setup.bash
[23.361s] -- Installing: /home/user1/ros2_ws/install/examples_rclcpp_minimal_action_client/share/examples_rclcpp_minimal_action_client/local_setup.sh
[23.361s] -- Installing: /home/user1/ros2_ws/install/examples_rclcpp_minimal_action_client/share/examples_rclcpp_minimal_action_client/local_setup.zsh
[23.361s] -- Installing: /home/user1/ros2_ws/install/examples_rclcpp_minimal_action_client/share/examples_rclcpp_minimal_action_client/local_setup.dsv
[23.362s] -- Installing: /home/user1/ros2_ws/install/examples_rclcpp_minimal_action_client/share/examples_rclcpp_minimal_action_client/package.dsv
[23.362s] -- Installing: /home/user1/ros2_ws/install/examples_rclcpp_minimal_action_client/share/ament_index/resource_index/packages/examples_rclcpp_minimal_action_client
[23.362s] -- Installing: /home/user1/ros2_ws/install/examples_rclcpp_minimal_action_client/share/examples_rclcpp_minimal_action_client/cmake/examples_rclcpp_minimal_action_clientConfig.cmake
[23.363s] -- Installing: /home/user1/ros2_ws/install/examples_rclcpp_minimal_action_client/share/examples_rclcpp_minimal_action_client/cmake/examples_rclcpp_minimal_action_clientConfig-version.cmake
[23.363s] -- Installing: /home/user1/ros2_ws/install/examples_rclcpp_minimal_action_client/share/examples_rclcpp_minimal_action_client/package.xml
[23.369s] Invoked command in '/home/user1/ros2_ws/build/examples_rclcpp_minimal_action_client' returned '0': CMAKE_PREFIX_PATH=${CMAKE_PREFIX_PATH}:/home/user1/install/py_srvcli:/home/user1/install/py_pubsub:/home/user1/install/my_package:/home/user1/install/examples_rclpy_minimal_subscriber:/home/user1/install/examples_rclpy_minimal_service:/home/user1/install/examples_rclpy_minimal_publisher:/home/user1/install/examples_rclpy_minimal_client:/home/user1/install/examples_rclpy_minimal_action_server:/home/user1/install/examples_rclpy_minimal_action_client:/home/user1/install/examples_rclpy_executors:/opt/ros/foxy /usr/bin/cmake --install /home/user1/ros2_ws/build/examples_rclcpp_minimal_action_client
