[0.052s] Invoking command in '/home/user1/ros2_ws/build/examples_rclcpp_multithreaded_executor': CMAKE_PREFIX_PATH=/opt/ros/foxy /usr/bin/cmake --build /home/user1/ros2_ws/build/examples_rclcpp_multithreaded_executor -- -j2 -l2
[0.189s] [100%] Built target multithreaded_executor
[0.233s] Invoked command in '/home/user1/ros2_ws/build/examples_rclcpp_multithreaded_executor' returned '0': CMAKE_PREFIX_PATH=/opt/ros/foxy /usr/bin/cmake --build /home/user1/ros2_ws/build/examples_rclcpp_multithreaded_executor -- -j2 -l2
[0.637s] Invoking command in '/home/user1/ros2_ws/build/examples_rclcpp_multithreaded_executor': CMAKE_PREFIX_PATH=/opt/ros/foxy /usr/bin/cmake --install /home/user1/ros2_ws/build/examples_rclcpp_multithreaded_executor
[0.656s] -- Install configuration: ""
[0.657s] -- Execute custom install script
[0.658s] -- Up-to-date symlink: /home/user1/ros2_ws/install/examples_rclcpp_multithreaded_executor/lib/examples_rclcpp_multithreaded_executor/multithreaded_executor
[0.660s] -- Up-to-date symlink: /home/user1/ros2_ws/install/examples_rclcpp_multithreaded_executor/share/ament_index/resource_index/package_run_dependencies/examples_rclcpp_multithreaded_executor
[0.660s] -- Up-to-date symlink: /home/user1/ros2_ws/install/examples_rclcpp_multithreaded_executor/share/ament_index/resource_index/parent_prefix_path/examples_rclcpp_multithreaded_executor
[0.661s] -- Up-to-date symlink: /home/user1/ros2_ws/install/examples_rclcpp_multithreaded_executor/share/examples_rclcpp_multithreaded_executor/environment/ament_prefix_path.sh
[0.661s] -- Up-to-date symlink: /home/user1/ros2_ws/install/examples_rclcpp_multithreaded_executor/share/examples_rclcpp_multithreaded_executor/environment/ament_prefix_path.dsv
[0.661s] -- Up-to-date symlink: /home/user1/ros2_ws/install/examples_rclcpp_multithreaded_executor/share/examples_rclcpp_multithreaded_executor/environment/path.sh
[0.661s] -- Up-to-date symlink: /home/user1/ros2_ws/install/examples_rclcpp_multithreaded_executor/share/examples_rclcpp_multithreaded_executor/environment/path.dsv
[0.662s] -- Up-to-date symlink: /home/user1/ros2_ws/install/examples_rclcpp_multithreaded_executor/share/examples_rclcpp_multithreaded_executor/local_setup.bash
[0.662s] -- Up-to-date symlink: /home/user1/ros2_ws/install/examples_rclcpp_multithreaded_executor/share/examples_rclcpp_multithreaded_executor/local_setup.sh
[0.662s] -- Up-to-date symlink: /home/user1/ros2_ws/install/examples_rclcpp_multithreaded_executor/share/examples_rclcpp_multithreaded_executor/local_setup.zsh
[0.663s] -- Up-to-date symlink: /home/user1/ros2_ws/install/examples_rclcpp_multithreaded_executor/share/examples_rclcpp_multithreaded_executor/local_setup.dsv
[0.664s] -- Symlinking: /home/user1/ros2_ws/install/examples_rclcpp_multithreaded_executor/share/examples_rclcpp_multithreaded_executor/package.dsv
[0.687s] -- Up-to-date symlink: /home/user1/ros2_ws/install/examples_rclcpp_multithreaded_executor/share/ament_index/resource_index/packages/examples_rclcpp_multithreaded_executor
[0.687s] -- Up-to-date symlink: /home/user1/ros2_ws/install/examples_rclcpp_multithreaded_executor/share/examples_rclcpp_multithreaded_executor/cmake/examples_rclcpp_multithreaded_executorConfig.cmake
[0.687s] -- Up-to-date symlink: /home/user1/ros2_ws/install/examples_rclcpp_multithreaded_executor/share/examples_rclcpp_multithreaded_executor/cmake/examples_rclcpp_multithreaded_executorConfig-version.cmake
[0.687s] -- Up-to-date symlink: /home/user1/ros2_ws/install/examples_rclcpp_multithreaded_executor/share/examples_rclcpp_multithreaded_executor/package.xml
[0.694s] Invoked command in '/home/user1/ros2_ws/build/examples_rclcpp_multithreaded_executor' returned '0': CMAKE_PREFIX_PATH=/opt/ros/foxy /usr/bin/cmake --install /home/user1/ros2_ws/build/examples_rclcpp_multithreaded_executor
